<?xml version="1.0" encoding="UTF-8"?>
<con:soapui-project id="43f9857f-33b8-4b56-b7af-5c941e1b5a75" activeEnvironment="Default" name="TestHighwaySB" resourceRoot="" soapui-version="5.3.0" abortOnError="false" runType="SEQUENTIAL" xmlns:con="http://eviware.com/soapui/config"><con:settings/><con:interface xsi:type="con:WsdlInterface" id="c11ec8d1-1fa3-4d57-ade0-21669148dbbf" wsaVersion="200508" name="SBService" type="wsdl" bindingName="{http://tempuri.org/}SBService" soapVersion="1_2" anonymous="optional" definition="http://rtc-web:7074/HighwaySBWinMSSQLWcfService?wsdl" xmlns:xsi="http://www.w3.org/2001/XMLSchema-instance"><con:settings/><con:definitionCache type="TEXT" rootPart="http://rtc-web:7074/HighwaySBWinMSSQLWcfService?wsdl"><con:part><con:url>http://rtc-web:7074/HighwaySBWinMSSQLWcfService?wsdl</con:url><con:content><![CDATA[<wsdl:definitions name="SBService" targetNamespace="http://tempuri.org/" xmlns:wsdl="http://schemas.xmlsoap.org/wsdl/" xmlns:wsx="http://schemas.xmlsoap.org/ws/2004/09/mex" xmlns:wsu="http://docs.oasis-open.org/wss/2004/01/oasis-200401-wss-wssecurity-utility-1.0.xsd" xmlns:wsa10="http://www.w3.org/2005/08/addressing" xmlns:wsp="http://schemas.xmlsoap.org/ws/2004/09/policy" xmlns:wsap="http://schemas.xmlsoap.org/ws/2004/08/addressing/policy" xmlns:msc="http://schemas.microsoft.com/ws/2005/12/wsdl/contract" xmlns:soap12="http://schemas.xmlsoap.org/wsdl/soap12/" xmlns:wsa="http://schemas.xmlsoap.org/ws/2004/08/addressing" xmlns:wsam="http://www.w3.org/2007/05/addressing/metadata" xmlns:xsd="http://www.w3.org/2001/XMLSchema" xmlns:tns="http://tempuri.org/" xmlns:soap="http://schemas.xmlsoap.org/wsdl/soap/" xmlns:wsaw="http://www.w3.org/2006/05/addressing/wsdl" xmlns:soapenc="http://schemas.xmlsoap.org/soap/encoding/">
  <wsp:Policy wsu:Id="SBService_policy">
    <wsp:ExactlyOne>
      <wsp:All>
        <wsaw:UsingAddressing/>
      </wsp:All>
    </wsp:ExactlyOne>
  </wsp:Policy>
  <wsp:Policy wsu:Id="SBInterop_policy">
    <wsp:ExactlyOne>
      <wsp:All>
        <wsaw:UsingAddressing/>
      </wsp:All>
    </wsp:ExactlyOne>
  </wsp:Policy>
  <wsdl:types>
    <xsd:schema targetNamespace="http://tempuri.org/Imports">
      <xsd:import schemaLocation="http://rtc-web:7074/HighwaySBWinMSSQLWcfService?xsd=xsd0" namespace="http://tempuri.org/"/>
      <xsd:import schemaLocation="http://rtc-web:7074/HighwaySBWinMSSQLWcfService?xsd=xsd1" namespace="http://schemas.microsoft.com/2003/10/Serialization/"/>
      <xsd:import schemaLocation="http://rtc-web:7074/HighwaySBWinMSSQLWcfService?xsd=xsd2" namespace="http://schemas.datacontract.org/2004/07/IIS.Persona.ServiceBus.Objects"/>
      <xsd:import schemaLocation="http://rtc-web:7074/HighwaySBWinMSSQLWcfService?xsd=xsd3" namespace="http://schemas.microsoft.com/2003/10/Serialization/Arrays"/>
    </xsd:schema>
  </wsdl:types>
  <wsdl:message name="IServiceBusService_CreateClient_InputMessage">
    <wsdl:part name="parameters" element="tns:CreateClient"/>
  </wsdl:message>
  <wsdl:message name="IServiceBusService_CreateClient_OutputMessage">
    <wsdl:part name="parameters" element="tns:CreateClientResponse"/>
  </wsdl:message>
  <wsdl:message name="IServiceBusService_DeleteClient_InputMessage">
    <wsdl:part name="parameters" element="tns:DeleteClient"/>
  </wsdl:message>
  <wsdl:message name="IServiceBusService_DeleteClient_OutputMessage">
    <wsdl:part name="parameters" element="tns:DeleteClientResponse"/>
  </wsdl:message>
  <wsdl:message name="IServiceBusService_DoesEventRisen_InputMessage">
    <wsdl:part name="parameters" element="tns:DoesEventRisen"/>
  </wsdl:message>
  <wsdl:message name="IServiceBusService_DoesEventRisen_OutputMessage">
    <wsdl:part name="parameters" element="tns:DoesEventRisenResponse"/>
  </wsdl:message>
  <wsdl:message name="IServiceBusService_GetCurrentMessageCount_InputMessage">
    <wsdl:part name="parameters" element="tns:GetCurrentMessageCount"/>
  </wsdl:message>
  <wsdl:message name="IServiceBusService_GetCurrentMessageCount_OutputMessage">
    <wsdl:part name="parameters" element="tns:GetCurrentMessageCountResponse"/>
  </wsdl:message>
  <wsdl:message name="IServiceBusService_GetCurrentThisTypeMessageCount_InputMessage">
    <wsdl:part name="parameters" element="tns:GetCurrentThisTypeMessageCount"/>
  </wsdl:message>
  <wsdl:message name="IServiceBusService_GetCurrentThisTypeMessageCount_OutputMessage">
    <wsdl:part name="parameters" element="tns:GetCurrentThisTypeMessageCountResponse"/>
  </wsdl:message>
  <wsdl:message name="IServiceBusService_GetMessageFromESB_InputMessage">
    <wsdl:part name="parameters" element="tns:GetMessageFromESB"/>
  </wsdl:message>
  <wsdl:message name="IServiceBusService_GetMessageFromESB_OutputMessage">
    <wsdl:part name="parameters" element="tns:GetMessageFromESBResponse"/>
  </wsdl:message>
  <wsdl:message name="IServiceBusService_GetMessageInfo_InputMessage">
    <wsdl:part name="parameters" element="tns:GetMessageInfo"/>
  </wsdl:message>
  <wsdl:message name="IServiceBusService_GetMessageInfo_OutputMessage">
    <wsdl:part name="parameters" element="tns:GetMessageInfoResponse"/>
  </wsdl:message>
  <wsdl:message name="IServiceBusService_GetMessageWithGroupFromESB_InputMessage">
    <wsdl:part name="parameters" element="tns:GetMessageWithGroupFromESB"/>
  </wsdl:message>
  <wsdl:message name="IServiceBusService_GetMessageWithGroupFromESB_OutputMessage">
    <wsdl:part name="parameters" element="tns:GetMessageWithGroupFromESBResponse"/>
  </wsdl:message>
  <wsdl:message name="IServiceBusService_GetMessageInfoWithGroup_InputMessage">
    <wsdl:part name="parameters" element="tns:GetMessageInfoWithGroup"/>
  </wsdl:message>
  <wsdl:message name="IServiceBusService_GetMessageInfoWithGroup_OutputMessage">
    <wsdl:part name="parameters" element="tns:GetMessageInfoWithGroupResponse"/>
  </wsdl:message>
  <wsdl:message name="IServiceBusService_GetMessageWithTagsFromESB_InputMessage">
    <wsdl:part name="parameters" element="tns:GetMessageWithTagsFromESB"/>
  </wsdl:message>
  <wsdl:message name="IServiceBusService_GetMessageWithTagsFromESB_OutputMessage">
    <wsdl:part name="parameters" element="tns:GetMessageWithTagsFromESBResponse"/>
  </wsdl:message>
  <wsdl:message name="IServiceBusService_GetMessageInfoWithTags_InputMessage">
    <wsdl:part name="parameters" element="tns:GetMessageInfoWithTags"/>
  </wsdl:message>
  <wsdl:message name="IServiceBusService_GetMessageInfoWithTags_OutputMessage">
    <wsdl:part name="parameters" element="tns:GetMessageInfoWithTagsResponse"/>
  </wsdl:message>
  <wsdl:message name="IServiceBusService_RiseEventOnESB_InputMessage">
    <wsdl:part name="parameters" element="tns:RiseEventOnESB"/>
  </wsdl:message>
  <wsdl:message name="IServiceBusService_RiseEventOnESB_OutputMessage">
    <wsdl:part name="parameters" element="tns:RiseEventOnESBResponse"/>
  </wsdl:message>
  <wsdl:message name="IServiceBusService_SendMessageToESB_InputMessage">
    <wsdl:part name="parameters" element="tns:SendMessageToESB"/>
  </wsdl:message>
  <wsdl:message name="IServiceBusService_SendMessageToESB_OutputMessage">
    <wsdl:part name="parameters" element="tns:SendMessageToESBResponse"/>
  </wsdl:message>
  <wsdl:message name="IServiceBusService_SendMessageToESBWithUseGroup_InputMessage">
    <wsdl:part name="parameters" element="tns:SendMessageToESBWithUseGroup"/>
  </wsdl:message>
  <wsdl:message name="IServiceBusService_SendMessageToESBWithUseGroup_OutputMessage">
    <wsdl:part name="parameters" element="tns:SendMessageToESBWithUseGroupResponse"/>
  </wsdl:message>
  <wsdl:message name="IServiceBusService_SubscribeClientForEventCallback_InputMessage">
    <wsdl:part name="parameters" element="tns:SubscribeClientForEventCallback"/>
  </wsdl:message>
  <wsdl:message name="IServiceBusService_SubscribeClientForEventCallback_OutputMessage">
    <wsdl:part name="parameters" element="tns:SubscribeClientForEventCallbackResponse"/>
  </wsdl:message>
  <wsdl:message name="IServiceBusService_SubscribeClientForMessageCallback_InputMessage">
    <wsdl:part name="parameters" element="tns:SubscribeClientForMessageCallback"/>
  </wsdl:message>
  <wsdl:message name="IServiceBusService_SubscribeClientForMessageCallback_OutputMessage">
    <wsdl:part name="parameters" element="tns:SubscribeClientForMessageCallbackResponse"/>
  </wsdl:message>
  <wsdl:message name="IServiceBusService_IsUp_InputMessage">
    <wsdl:part name="parameters" element="tns:IsUp"/>
  </wsdl:message>
  <wsdl:message name="IServiceBusService_IsUp_OutputMessage">
    <wsdl:part name="parameters" element="tns:IsUpResponse"/>
  </wsdl:message>
  <wsdl:message name="IServiceBusInterop_AddNewEvntType_InputMessage">
    <wsdl:part name="parameters" element="tns:AddNewEvntType"/>
  </wsdl:message>
  <wsdl:message name="IServiceBusInterop_AddNewEvntType_OutputMessage">
    <wsdl:part name="parameters" element="tns:AddNewEvntTypeResponse"/>
  </wsdl:message>
  <wsdl:message name="IServiceBusInterop_AddNewMsgType_InputMessage">
    <wsdl:part name="parameters" element="tns:AddNewMsgType"/>
  </wsdl:message>
  <wsdl:message name="IServiceBusInterop_AddNewMsgType_OutputMessage">
    <wsdl:part name="parameters" element="tns:AddNewMsgTypeResponse"/>
  </wsdl:message>
  <wsdl:message name="IServiceBusInterop_GetEvntTypesFromBus_InputMessage">
    <wsdl:part name="parameters" element="tns:GetEvntTypesFromBus"/>
  </wsdl:message>
  <wsdl:message name="IServiceBusInterop_GetEvntTypesFromBus_OutputMessage">
    <wsdl:part name="parameters" element="tns:GetEvntTypesFromBusResponse"/>
  </wsdl:message>
  <wsdl:message name="IServiceBusInterop_GetMsgTypesFromBus_InputMessage">
    <wsdl:part name="parameters" element="tns:GetMsgTypesFromBus"/>
  </wsdl:message>
  <wsdl:message name="IServiceBusInterop_GetMsgTypesFromBus_OutputMessage">
    <wsdl:part name="parameters" element="tns:GetMsgTypesFromBusResponse"/>
  </wsdl:message>
  <wsdl:message name="IServiceBusInterop_UpdateClientSubscribesForEvnts_InputMessage">
    <wsdl:part name="parameters" element="tns:UpdateClientSubscribesForEvnts"/>
  </wsdl:message>
  <wsdl:message name="IServiceBusInterop_UpdateClientSubscribesForEvnts_OutputMessage">
    <wsdl:part name="parameters" element="tns:UpdateClientSubscribesForEvntsResponse"/>
  </wsdl:message>
  <wsdl:message name="IServiceBusInterop_UpdateClientSubscribesForMsgs_InputMessage">
    <wsdl:part name="parameters" element="tns:UpdateClientSubscribesForMsgs"/>
  </wsdl:message>
  <wsdl:message name="IServiceBusInterop_UpdateClientSubscribesForMsgs_OutputMessage">
    <wsdl:part name="parameters" element="tns:UpdateClientSubscribesForMsgsResponse"/>
  </wsdl:message>
  <wsdl:portType name="IServiceBusService">
    <wsdl:operation name="CreateClient">
      <wsdl:input wsaw:Action="http://tempuri.org/IServiceBusService/CreateClient" message="tns:IServiceBusService_CreateClient_InputMessage"/>
      <wsdl:output wsaw:Action="http://tempuri.org/IServiceBusService/CreateClientResponse" message="tns:IServiceBusService_CreateClient_OutputMessage"/>
    </wsdl:operation>
    <wsdl:operation name="DeleteClient">
      <wsdl:input wsaw:Action="http://tempuri.org/IServiceBusService/DeleteClient" message="tns:IServiceBusService_DeleteClient_InputMessage"/>
      <wsdl:output wsaw:Action="http://tempuri.org/IServiceBusService/DeleteClientResponse" message="tns:IServiceBusService_DeleteClient_OutputMessage"/>
    </wsdl:operation>
    <wsdl:operation name="DoesEventRisen">
      <wsdl:input wsaw:Action="http://tempuri.org/IServiceBusService/DoesEventRisen" message="tns:IServiceBusService_DoesEventRisen_InputMessage"/>
      <wsdl:output wsaw:Action="http://tempuri.org/IServiceBusService/DoesEventRisenResponse" message="tns:IServiceBusService_DoesEventRisen_OutputMessage"/>
    </wsdl:operation>
    <wsdl:operation name="GetCurrentMessageCount">
      <wsdl:input wsaw:Action="http://tempuri.org/IServiceBusService/GetCurrentMessageCount" message="tns:IServiceBusService_GetCurrentMessageCount_InputMessage"/>
      <wsdl:output wsaw:Action="http://tempuri.org/IServiceBusService/GetCurrentMessageCountResponse" message="tns:IServiceBusService_GetCurrentMessageCount_OutputMessage"/>
    </wsdl:operation>
    <wsdl:operation name="GetCurrentThisTypeMessageCount">
      <wsdl:input wsaw:Action="http://tempuri.org/IServiceBusService/GetCurrentThisTypeMessageCount" message="tns:IServiceBusService_GetCurrentThisTypeMessageCount_InputMessage"/>
      <wsdl:output wsaw:Action="http://tempuri.org/IServiceBusService/GetCurrentThisTypeMessageCountResponse" message="tns:IServiceBusService_GetCurrentThisTypeMessageCount_OutputMessage"/>
    </wsdl:operation>
    <wsdl:operation name="GetMessageFromESB">
      <wsdl:input wsaw:Action="http://tempuri.org/IServiceBusService/GetMessageFromESB" message="tns:IServiceBusService_GetMessageFromESB_InputMessage"/>
      <wsdl:output wsaw:Action="http://tempuri.org/IServiceBusService/GetMessageFromESBResponse" message="tns:IServiceBusService_GetMessageFromESB_OutputMessage"/>
    </wsdl:operation>
    <wsdl:operation name="GetMessageInfo">
      <wsdl:input wsaw:Action="http://tempuri.org/IServiceBusService/GetMessageInfo" message="tns:IServiceBusService_GetMessageInfo_InputMessage"/>
      <wsdl:output wsaw:Action="http://tempuri.org/IServiceBusService/GetMessageInfoResponse" message="tns:IServiceBusService_GetMessageInfo_OutputMessage"/>
    </wsdl:operation>
    <wsdl:operation name="GetMessageWithGroupFromESB">
      <wsdl:input wsaw:Action="http://tempuri.org/IServiceBusService/GetMessageWithGroupFromESB" message="tns:IServiceBusService_GetMessageWithGroupFromESB_InputMessage"/>
      <wsdl:output wsaw:Action="http://tempuri.org/IServiceBusService/GetMessageWithGroupFromESBResponse" message="tns:IServiceBusService_GetMessageWithGroupFromESB_OutputMessage"/>
    </wsdl:operation>
    <wsdl:operation name="GetMessageInfoWithGroup">
      <wsdl:input wsaw:Action="http://tempuri.org/IServiceBusService/GetMessageInfoWithGroup" message="tns:IServiceBusService_GetMessageInfoWithGroup_InputMessage"/>
      <wsdl:output wsaw:Action="http://tempuri.org/IServiceBusService/GetMessageInfoWithGroupResponse" message="tns:IServiceBusService_GetMessageInfoWithGroup_OutputMessage"/>
    </wsdl:operation>
    <wsdl:operation name="GetMessageWithTagsFromESB">
      <wsdl:input wsaw:Action="http://tempuri.org/IServiceBusService/GetMessageWithTagsFromESB" message="tns:IServiceBusService_GetMessageWithTagsFromESB_InputMessage"/>
      <wsdl:output wsaw:Action="http://tempuri.org/IServiceBusService/GetMessageWithTagsFromESBResponse" message="tns:IServiceBusService_GetMessageWithTagsFromESB_OutputMessage"/>
    </wsdl:operation>
    <wsdl:operation name="GetMessageInfoWithTags">
      <wsdl:input wsaw:Action="http://tempuri.org/IServiceBusService/GetMessageInfoWithTags" message="tns:IServiceBusService_GetMessageInfoWithTags_InputMessage"/>
      <wsdl:output wsaw:Action="http://tempuri.org/IServiceBusService/GetMessageInfoWithTagsResponse" message="tns:IServiceBusService_GetMessageInfoWithTags_OutputMessage"/>
    </wsdl:operation>
    <wsdl:operation name="RiseEventOnESB">
      <wsdl:input wsaw:Action="http://tempuri.org/IServiceBusService/RiseEventOnESB" message="tns:IServiceBusService_RiseEventOnESB_InputMessage"/>
      <wsdl:output wsaw:Action="http://tempuri.org/IServiceBusService/RiseEventOnESBResponse" message="tns:IServiceBusService_RiseEventOnESB_OutputMessage"/>
    </wsdl:operation>
    <wsdl:operation name="SendMessageToESB">
      <wsdl:input wsaw:Action="http://tempuri.org/IServiceBusService/SendMessageToESB" message="tns:IServiceBusService_SendMessageToESB_InputMessage"/>
      <wsdl:output wsaw:Action="http://tempuri.org/IServiceBusService/SendMessageToESBResponse" message="tns:IServiceBusService_SendMessageToESB_OutputMessage"/>
    </wsdl:operation>
    <wsdl:operation name="SendMessageToESBWithUseGroup">
      <wsdl:input wsaw:Action="http://tempuri.org/IServiceBusService/SendMessageToESBWithUseGroup" message="tns:IServiceBusService_SendMessageToESBWithUseGroup_InputMessage"/>
      <wsdl:output wsaw:Action="http://tempuri.org/IServiceBusService/SendMessageToESBWithUseGroupResponse" message="tns:IServiceBusService_SendMessageToESBWithUseGroup_OutputMessage"/>
    </wsdl:operation>
    <wsdl:operation name="SubscribeClientForEventCallback">
      <wsdl:input wsaw:Action="http://tempuri.org/IServiceBusService/SubscribeClientForEventCallback" message="tns:IServiceBusService_SubscribeClientForEventCallback_InputMessage"/>
      <wsdl:output wsaw:Action="http://tempuri.org/IServiceBusService/SubscribeClientForEventCallbackResponse" message="tns:IServiceBusService_SubscribeClientForEventCallback_OutputMessage"/>
    </wsdl:operation>
    <wsdl:operation name="SubscribeClientForMessageCallback">
      <wsdl:input wsaw:Action="http://tempuri.org/IServiceBusService/SubscribeClientForMessageCallback" message="tns:IServiceBusService_SubscribeClientForMessageCallback_InputMessage"/>
      <wsdl:output wsaw:Action="http://tempuri.org/IServiceBusService/SubscribeClientForMessageCallbackResponse" message="tns:IServiceBusService_SubscribeClientForMessageCallback_OutputMessage"/>
    </wsdl:operation>
    <wsdl:operation name="IsUp">
      <wsdl:input wsaw:Action="http://tempuri.org/IServiceBusService/IsUp" message="tns:IServiceBusService_IsUp_InputMessage"/>
      <wsdl:output wsaw:Action="http://tempuri.org/IServiceBusService/IsUpResponse" message="tns:IServiceBusService_IsUp_OutputMessage"/>
    </wsdl:operation>
  </wsdl:portType>
  <wsdl:portType name="IServiceBusInterop">
    <wsdl:operation name="AddNewEvntType">
      <wsdl:input wsaw:Action="http://tempuri.org/IServiceBusInterop/AddNewEvntType" message="tns:IServiceBusInterop_AddNewEvntType_InputMessage"/>
      <wsdl:output wsaw:Action="http://tempuri.org/IServiceBusInterop/AddNewEvntTypeResponse" message="tns:IServiceBusInterop_AddNewEvntType_OutputMessage"/>
    </wsdl:operation>
    <wsdl:operation name="AddNewMsgType">
      <wsdl:input wsaw:Action="http://tempuri.org/IServiceBusInterop/AddNewMsgType" message="tns:IServiceBusInterop_AddNewMsgType_InputMessage"/>
      <wsdl:output wsaw:Action="http://tempuri.org/IServiceBusInterop/AddNewMsgTypeResponse" message="tns:IServiceBusInterop_AddNewMsgType_OutputMessage"/>
    </wsdl:operation>
    <wsdl:operation name="GetEvntTypesFromBus">
      <wsdl:input wsaw:Action="http://tempuri.org/IServiceBusInterop/GetEvntTypesFromBus" message="tns:IServiceBusInterop_GetEvntTypesFromBus_InputMessage"/>
      <wsdl:output wsaw:Action="http://tempuri.org/IServiceBusInterop/GetEvntTypesFromBusResponse" message="tns:IServiceBusInterop_GetEvntTypesFromBus_OutputMessage"/>
    </wsdl:operation>
    <wsdl:operation name="GetMsgTypesFromBus">
      <wsdl:input wsaw:Action="http://tempuri.org/IServiceBusInterop/GetMsgTypesFromBus" message="tns:IServiceBusInterop_GetMsgTypesFromBus_InputMessage"/>
      <wsdl:output wsaw:Action="http://tempuri.org/IServiceBusInterop/GetMsgTypesFromBusResponse" message="tns:IServiceBusInterop_GetMsgTypesFromBus_OutputMessage"/>
    </wsdl:operation>
    <wsdl:operation name="UpdateClientSubscribesForEvnts">
      <wsdl:input wsaw:Action="http://tempuri.org/IServiceBusInterop/UpdateClientSubscribesForEvnts" message="tns:IServiceBusInterop_UpdateClientSubscribesForEvnts_InputMessage"/>
      <wsdl:output wsaw:Action="http://tempuri.org/IServiceBusInterop/UpdateClientSubscribesForEvntsResponse" message="tns:IServiceBusInterop_UpdateClientSubscribesForEvnts_OutputMessage"/>
    </wsdl:operation>
    <wsdl:operation name="UpdateClientSubscribesForMsgs">
      <wsdl:input wsaw:Action="http://tempuri.org/IServiceBusInterop/UpdateClientSubscribesForMsgs" message="tns:IServiceBusInterop_UpdateClientSubscribesForMsgs_InputMessage"/>
      <wsdl:output wsaw:Action="http://tempuri.org/IServiceBusInterop/UpdateClientSubscribesForMsgsResponse" message="tns:IServiceBusInterop_UpdateClientSubscribesForMsgs_OutputMessage"/>
    </wsdl:operation>
  </wsdl:portType>
  <wsdl:binding name="SBService" type="tns:IServiceBusService">
    <wsp:PolicyReference URI="#SBService_policy"/>
    <soap12:binding transport="http://schemas.xmlsoap.org/soap/http"/>
    <wsdl:operation name="CreateClient">
      <soap12:operation soapAction="http://tempuri.org/IServiceBusService/CreateClient" style="document"/>
      <wsdl:input>
        <soap12:body use="literal"/>
      </wsdl:input>
      <wsdl:output>
        <soap12:body use="literal"/>
      </wsdl:output>
    </wsdl:operation>
    <wsdl:operation name="DeleteClient">
      <soap12:operation soapAction="http://tempuri.org/IServiceBusService/DeleteClient" style="document"/>
      <wsdl:input>
        <soap12:body use="literal"/>
      </wsdl:input>
      <wsdl:output>
        <soap12:body use="literal"/>
      </wsdl:output>
    </wsdl:operation>
    <wsdl:operation name="DoesEventRisen">
      <soap12:operation soapAction="http://tempuri.org/IServiceBusService/DoesEventRisen" style="document"/>
      <wsdl:input>
        <soap12:body use="literal"/>
      </wsdl:input>
      <wsdl:output>
        <soap12:body use="literal"/>
      </wsdl:output>
    </wsdl:operation>
    <wsdl:operation name="GetCurrentMessageCount">
      <soap12:operation soapAction="http://tempuri.org/IServiceBusService/GetCurrentMessageCount" style="document"/>
      <wsdl:input>
        <soap12:body use="literal"/>
      </wsdl:input>
      <wsdl:output>
        <soap12:body use="literal"/>
      </wsdl:output>
    </wsdl:operation>
    <wsdl:operation name="GetCurrentThisTypeMessageCount">
      <soap12:operation soapAction="http://tempuri.org/IServiceBusService/GetCurrentThisTypeMessageCount" style="document"/>
      <wsdl:input>
        <soap12:body use="literal"/>
      </wsdl:input>
      <wsdl:output>
        <soap12:body use="literal"/>
      </wsdl:output>
    </wsdl:operation>
    <wsdl:operation name="GetMessageFromESB">
      <soap12:operation soapAction="http://tempuri.org/IServiceBusService/GetMessageFromESB" style="document"/>
      <wsdl:input>
        <soap12:body use="literal"/>
      </wsdl:input>
      <wsdl:output>
        <soap12:body use="literal"/>
      </wsdl:output>
    </wsdl:operation>
    <wsdl:operation name="GetMessageInfo">
      <soap12:operation soapAction="http://tempuri.org/IServiceBusService/GetMessageInfo" style="document"/>
      <wsdl:input>
        <soap12:body use="literal"/>
      </wsdl:input>
      <wsdl:output>
        <soap12:body use="literal"/>
      </wsdl:output>
    </wsdl:operation>
    <wsdl:operation name="GetMessageWithGroupFromESB">
      <soap12:operation soapAction="http://tempuri.org/IServiceBusService/GetMessageWithGroupFromESB" style="document"/>
      <wsdl:input>
        <soap12:body use="literal"/>
      </wsdl:input>
      <wsdl:output>
        <soap12:body use="literal"/>
      </wsdl:output>
    </wsdl:operation>
    <wsdl:operation name="GetMessageInfoWithGroup">
      <soap12:operation soapAction="http://tempuri.org/IServiceBusService/GetMessageInfoWithGroup" style="document"/>
      <wsdl:input>
        <soap12:body use="literal"/>
      </wsdl:input>
      <wsdl:output>
        <soap12:body use="literal"/>
      </wsdl:output>
    </wsdl:operation>
    <wsdl:operation name="GetMessageWithTagsFromESB">
      <soap12:operation soapAction="http://tempuri.org/IServiceBusService/GetMessageWithTagsFromESB" style="document"/>
      <wsdl:input>
        <soap12:body use="literal"/>
      </wsdl:input>
      <wsdl:output>
        <soap12:body use="literal"/>
      </wsdl:output>
    </wsdl:operation>
    <wsdl:operation name="GetMessageInfoWithTags">
      <soap12:operation soapAction="http://tempuri.org/IServiceBusService/GetMessageInfoWithTags" style="document"/>
      <wsdl:input>
        <soap12:body use="literal"/>
      </wsdl:input>
      <wsdl:output>
        <soap12:body use="literal"/>
      </wsdl:output>
    </wsdl:operation>
    <wsdl:operation name="RiseEventOnESB">
      <soap12:operation soapAction="http://tempuri.org/IServiceBusService/RiseEventOnESB" style="document"/>
      <wsdl:input>
        <soap12:body use="literal"/>
      </wsdl:input>
      <wsdl:output>
        <soap12:body use="literal"/>
      </wsdl:output>
    </wsdl:operation>
    <wsdl:operation name="SendMessageToESB">
      <soap12:operation soapAction="http://tempuri.org/IServiceBusService/SendMessageToESB" style="document"/>
      <wsdl:input>
        <soap12:body use="literal"/>
      </wsdl:input>
      <wsdl:output>
        <soap12:body use="literal"/>
      </wsdl:output>
    </wsdl:operation>
    <wsdl:operation name="SendMessageToESBWithUseGroup">
      <soap12:operation soapAction="http://tempuri.org/IServiceBusService/SendMessageToESBWithUseGroup" style="document"/>
      <wsdl:input>
        <soap12:body use="literal"/>
      </wsdl:input>
      <wsdl:output>
        <soap12:body use="literal"/>
      </wsdl:output>
    </wsdl:operation>
    <wsdl:operation name="SubscribeClientForEventCallback">
      <soap12:operation soapAction="http://tempuri.org/IServiceBusService/SubscribeClientForEventCallback" style="document"/>
      <wsdl:input>
        <soap12:body use="literal"/>
      </wsdl:input>
      <wsdl:output>
        <soap12:body use="literal"/>
      </wsdl:output>
    </wsdl:operation>
    <wsdl:operation name="SubscribeClientForMessageCallback">
      <soap12:operation soapAction="http://tempuri.org/IServiceBusService/SubscribeClientForMessageCallback" style="document"/>
      <wsdl:input>
        <soap12:body use="literal"/>
      </wsdl:input>
      <wsdl:output>
        <soap12:body use="literal"/>
      </wsdl:output>
    </wsdl:operation>
    <wsdl:operation name="IsUp">
      <soap12:operation soapAction="http://tempuri.org/IServiceBusService/IsUp" style="document"/>
      <wsdl:input>
        <soap12:body use="literal"/>
      </wsdl:input>
      <wsdl:output>
        <soap12:body use="literal"/>
      </wsdl:output>
    </wsdl:operation>
  </wsdl:binding>
  <wsdl:binding name="SBInterop" type="tns:IServiceBusInterop">
    <wsp:PolicyReference URI="#SBInterop_policy"/>
    <soap12:binding transport="http://schemas.xmlsoap.org/soap/http"/>
    <wsdl:operation name="AddNewEvntType">
      <soap12:operation soapAction="http://tempuri.org/IServiceBusInterop/AddNewEvntType" style="document"/>
      <wsdl:input>
        <soap12:body use="literal"/>
      </wsdl:input>
      <wsdl:output>
        <soap12:body use="literal"/>
      </wsdl:output>
    </wsdl:operation>
    <wsdl:operation name="AddNewMsgType">
      <soap12:operation soapAction="http://tempuri.org/IServiceBusInterop/AddNewMsgType" style="document"/>
      <wsdl:input>
        <soap12:body use="literal"/>
      </wsdl:input>
      <wsdl:output>
        <soap12:body use="literal"/>
      </wsdl:output>
    </wsdl:operation>
    <wsdl:operation name="GetEvntTypesFromBus">
      <soap12:operation soapAction="http://tempuri.org/IServiceBusInterop/GetEvntTypesFromBus" style="document"/>
      <wsdl:input>
        <soap12:body use="literal"/>
      </wsdl:input>
      <wsdl:output>
        <soap12:body use="literal"/>
      </wsdl:output>
    </wsdl:operation>
    <wsdl:operation name="GetMsgTypesFromBus">
      <soap12:operation soapAction="http://tempuri.org/IServiceBusInterop/GetMsgTypesFromBus" style="document"/>
      <wsdl:input>
        <soap12:body use="literal"/>
      </wsdl:input>
      <wsdl:output>
        <soap12:body use="literal"/>
      </wsdl:output>
    </wsdl:operation>
    <wsdl:operation name="UpdateClientSubscribesForEvnts">
      <soap12:operation soapAction="http://tempuri.org/IServiceBusInterop/UpdateClientSubscribesForEvnts" style="document"/>
      <wsdl:input>
        <soap12:body use="literal"/>
      </wsdl:input>
      <wsdl:output>
        <soap12:body use="literal"/>
      </wsdl:output>
    </wsdl:operation>
    <wsdl:operation name="UpdateClientSubscribesForMsgs">
      <soap12:operation soapAction="http://tempuri.org/IServiceBusInterop/UpdateClientSubscribesForMsgs" style="document"/>
      <wsdl:input>
        <soap12:body use="literal"/>
      </wsdl:input>
      <wsdl:output>
        <soap12:body use="literal"/>
      </wsdl:output>
    </wsdl:operation>
  </wsdl:binding>
  <wsdl:service name="SBService">
    <wsdl:port name="SBService" binding="tns:SBService">
      <soap12:address location="http://rtc-web:7074/HighwaySBWinMSSQLWcfService"/>
      <wsa10:EndpointReference>
        <wsa10:Address>http://rtc-web:7074/HighwaySBWinMSSQLWcfService</wsa10:Address>
      </wsa10:EndpointReference>
    </wsdl:port>
    <wsdl:port name="SBInterop" binding="tns:SBInterop">
      <soap12:address location="http://rtc-web:7074/HighwaySBWinMSSQLWcfService"/>
      <wsa10:EndpointReference>
        <wsa10:Address>http://rtc-web:7074/HighwaySBWinMSSQLWcfService</wsa10:Address>
      </wsa10:EndpointReference>
    </wsdl:port>
  </wsdl:service>
</wsdl:definitions>]]></con:content><con:type>http://schemas.xmlsoap.org/wsdl/</con:type></con:part><con:part><con:url>http://rtc-web:7074/HighwaySBWinMSSQLWcfService?xsd=xsd0</con:url><con:content><![CDATA[<xs:schema elementFormDefault="qualified" targetNamespace="http://tempuri.org/" xmlns:xs="http://www.w3.org/2001/XMLSchema" xmlns:tns="http://tempuri.org/">
  <xs:import schemaLocation="http://rtc-web:7074/HighwaySBWinMSSQLWcfService?xsd=xsd2" namespace="http://schemas.datacontract.org/2004/07/IIS.Persona.ServiceBus.Objects"/>
  <xs:import schemaLocation="http://rtc-web:7074/HighwaySBWinMSSQLWcfService?xsd=xsd3" namespace="http://schemas.microsoft.com/2003/10/Serialization/Arrays"/>
  <xs:element name="CreateClient">
    <xs:complexType>
      <xs:sequence>
        <xs:element minOccurs="0" name="clientId" nillable="true" type="xs:string"/>
        <xs:element minOccurs="0" name="name" nillable="true" type="xs:string"/>
        <xs:element minOccurs="0" name="address" nillable="true" type="xs:string"/>
      </xs:sequence>
    </xs:complexType>
  </xs:element>
  <xs:element name="CreateClientResponse">
    <xs:complexType>
      <xs:sequence/>
    </xs:complexType>
  </xs:element>
  <xs:element name="DeleteClient">
    <xs:complexType>
      <xs:sequence>
        <xs:element minOccurs="0" name="clientId" nillable="true" type="xs:string"/>
      </xs:sequence>
    </xs:complexType>
  </xs:element>
  <xs:element name="DeleteClientResponse">
    <xs:complexType>
      <xs:sequence/>
    </xs:complexType>
  </xs:element>
  <xs:element name="DoesEventRisen">
    <xs:complexType>
      <xs:sequence>
        <xs:element minOccurs="0" name="ClientID" nillable="true" type="xs:string"/>
        <xs:element minOccurs="0" name="EventTypeID" nillable="true" type="xs:string"/>
      </xs:sequence>
    </xs:complexType>
  </xs:element>
  <xs:element name="DoesEventRisenResponse">
    <xs:complexType>
      <xs:sequence>
        <xs:element minOccurs="0" name="DoesEventRisenResult" type="xs:boolean"/>
      </xs:sequence>
    </xs:complexType>
  </xs:element>
  <xs:element name="GetCurrentMessageCount">
    <xs:complexType>
      <xs:sequence>
        <xs:element minOccurs="0" name="ClientID" nillable="true" type="xs:string"/>
      </xs:sequence>
    </xs:complexType>
  </xs:element>
  <xs:element name="GetCurrentMessageCountResponse">
    <xs:complexType>
      <xs:sequence>
        <xs:element minOccurs="0" name="GetCurrentMessageCountResult" type="xs:int"/>
      </xs:sequence>
    </xs:complexType>
  </xs:element>
  <xs:element name="GetCurrentThisTypeMessageCount">
    <xs:complexType>
      <xs:sequence>
        <xs:element minOccurs="0" name="ClientID" nillable="true" type="xs:string"/>
        <xs:element minOccurs="0" name="MessageTypeID" nillable="true" type="xs:string"/>
      </xs:sequence>
    </xs:complexType>
  </xs:element>
  <xs:element name="GetCurrentThisTypeMessageCountResponse">
    <xs:complexType>
      <xs:sequence>
        <xs:element minOccurs="0" name="GetCurrentThisTypeMessageCountResult" type="xs:int"/>
      </xs:sequence>
    </xs:complexType>
  </xs:element>
  <xs:element name="GetMessageFromESB">
    <xs:complexType>
      <xs:sequence>
        <xs:element minOccurs="0" name="ClientID" nillable="true" type="xs:string"/>
        <xs:element minOccurs="0" name="MessageTypeID" nillable="true" type="xs:string"/>
      </xs:sequence>
    </xs:complexType>
  </xs:element>
  <xs:element name="GetMessageFromESBResponse">
    <xs:complexType>
      <xs:sequence>
        <xs:element minOccurs="0" name="GetMessageFromESBResult" nillable="true" type="q1:MessageFromESB" xmlns:q1="http://schemas.datacontract.org/2004/07/IIS.Persona.ServiceBus.Objects"/>
      </xs:sequence>
    </xs:complexType>
  </xs:element>
  <xs:element name="GetMessageInfo">
    <xs:complexType>
      <xs:sequence>
        <xs:element minOccurs="0" name="clientId" nillable="true" type="xs:string"/>
        <xs:element minOccurs="0" name="messageTypeId" nillable="true" type="xs:string"/>
      </xs:sequence>
    </xs:complexType>
  </xs:element>
  <xs:element name="GetMessageInfoResponse">
    <xs:complexType>
      <xs:sequence>
        <xs:element minOccurs="0" name="GetMessageInfoResult" nillable="true" type="q2:MessageOrderingInformation" xmlns:q2="http://schemas.datacontract.org/2004/07/IIS.Persona.ServiceBus.Objects"/>
      </xs:sequence>
    </xs:complexType>
  </xs:element>
  <xs:element name="GetMessageWithGroupFromESB">
    <xs:complexType>
      <xs:sequence>
        <xs:element minOccurs="0" name="ClientID" nillable="true" type="xs:string"/>
        <xs:element minOccurs="0" name="MessageTypeID" nillable="true" type="xs:string"/>
        <xs:element minOccurs="0" name="groupName" nillable="true" type="xs:string"/>
      </xs:sequence>
    </xs:complexType>
  </xs:element>
  <xs:element name="GetMessageWithGroupFromESBResponse">
    <xs:complexType>
      <xs:sequence>
        <xs:element minOccurs="0" name="GetMessageWithGroupFromESBResult" nillable="true" type="q3:MessageFromESB" xmlns:q3="http://schemas.datacontract.org/2004/07/IIS.Persona.ServiceBus.Objects"/>
      </xs:sequence>
    </xs:complexType>
  </xs:element>
  <xs:element name="GetMessageInfoWithGroup">
    <xs:complexType>
      <xs:sequence>
        <xs:element minOccurs="0" name="clientId" nillable="true" type="xs:string"/>
        <xs:element minOccurs="0" name="messageTypeId" nillable="true" type="xs:string"/>
        <xs:element minOccurs="0" name="groupName" nillable="true" type="xs:string"/>
      </xs:sequence>
    </xs:complexType>
  </xs:element>
  <xs:element name="GetMessageInfoWithGroupResponse">
    <xs:complexType>
      <xs:sequence>
        <xs:element minOccurs="0" name="GetMessageInfoWithGroupResult" nillable="true" type="q4:MessageOrderingInformation" xmlns:q4="http://schemas.datacontract.org/2004/07/IIS.Persona.ServiceBus.Objects"/>
      </xs:sequence>
    </xs:complexType>
  </xs:element>
  <xs:element name="GetMessageWithTagsFromESB">
    <xs:complexType>
      <xs:sequence>
        <xs:element minOccurs="0" name="clientId" nillable="true" type="xs:string"/>
        <xs:element minOccurs="0" name="messageTypeId" nillable="true" type="xs:string"/>
        <xs:element minOccurs="0" name="tags" nillable="true" type="q5:ArrayOfstring" xmlns:q5="http://schemas.microsoft.com/2003/10/Serialization/Arrays"/>
      </xs:sequence>
    </xs:complexType>
  </xs:element>
  <xs:element name="GetMessageWithTagsFromESBResponse">
    <xs:complexType>
      <xs:sequence>
        <xs:element minOccurs="0" name="GetMessageWithTagsFromESBResult" nillable="true" type="q6:MessageFromESB" xmlns:q6="http://schemas.datacontract.org/2004/07/IIS.Persona.ServiceBus.Objects"/>
      </xs:sequence>
    </xs:complexType>
  </xs:element>
  <xs:element name="GetMessageInfoWithTags">
    <xs:complexType>
      <xs:sequence>
        <xs:element minOccurs="0" name="clientId" nillable="true" type="xs:string"/>
        <xs:element minOccurs="0" name="messageTypeId" nillable="true" type="xs:string"/>
        <xs:element minOccurs="0" name="tags" nillable="true" type="q7:ArrayOfstring" xmlns:q7="http://schemas.microsoft.com/2003/10/Serialization/Arrays"/>
      </xs:sequence>
    </xs:complexType>
  </xs:element>
  <xs:element name="GetMessageInfoWithTagsResponse">
    <xs:complexType>
      <xs:sequence>
        <xs:element minOccurs="0" name="GetMessageInfoWithTagsResult" nillable="true" type="q8:MessageOrderingInformation" xmlns:q8="http://schemas.datacontract.org/2004/07/IIS.Persona.ServiceBus.Objects"/>
      </xs:sequence>
    </xs:complexType>
  </xs:element>
  <xs:element name="RiseEventOnESB">
    <xs:complexType>
      <xs:sequence>
        <xs:element minOccurs="0" name="ClientID" nillable="true" type="xs:string"/>
        <xs:element minOccurs="0" name="EventTypeID" nillable="true" type="xs:string"/>
      </xs:sequence>
    </xs:complexType>
  </xs:element>
  <xs:element name="RiseEventOnESBResponse">
    <xs:complexType>
      <xs:sequence/>
    </xs:complexType>
  </xs:element>
  <xs:element name="SendMessageToESB">
    <xs:complexType>
      <xs:sequence>
        <xs:element minOccurs="0" name="message" nillable="true" type="q9:MessageForESB" xmlns:q9="http://schemas.datacontract.org/2004/07/IIS.Persona.ServiceBus.Objects"/>
      </xs:sequence>
    </xs:complexType>
  </xs:element>
  <xs:element name="SendMessageToESBResponse">
    <xs:complexType>
      <xs:sequence/>
    </xs:complexType>
  </xs:element>
  <xs:element name="SendMessageToESBWithUseGroup">
    <xs:complexType>
      <xs:sequence>
        <xs:element minOccurs="0" name="message" nillable="true" type="q10:MessageForESB" xmlns:q10="http://schemas.datacontract.org/2004/07/IIS.Persona.ServiceBus.Objects"/>
        <xs:element minOccurs="0" name="groupName" nillable="true" type="xs:string"/>
      </xs:sequence>
    </xs:complexType>
  </xs:element>
  <xs:element name="SendMessageToESBWithUseGroupResponse">
    <xs:complexType>
      <xs:sequence/>
    </xs:complexType>
  </xs:element>
  <xs:element name="SubscribeClientForEventCallback">
    <xs:complexType>
      <xs:sequence>
        <xs:element minOccurs="0" name="ClientID" nillable="true" type="xs:string"/>
        <xs:element minOccurs="0" name="EventTypeID" nillable="true" type="xs:string"/>
      </xs:sequence>
    </xs:complexType>
  </xs:element>
  <xs:element name="SubscribeClientForEventCallbackResponse">
    <xs:complexType>
      <xs:sequence/>
    </xs:complexType>
  </xs:element>
  <xs:element name="SubscribeClientForMessageCallback">
    <xs:complexType>
      <xs:sequence>
        <xs:element minOccurs="0" name="ClientID" nillable="true" type="xs:string"/>
        <xs:element minOccurs="0" name="MessageTypeID" nillable="true" type="xs:string"/>
      </xs:sequence>
    </xs:complexType>
  </xs:element>
  <xs:element name="SubscribeClientForMessageCallbackResponse">
    <xs:complexType>
      <xs:sequence/>
    </xs:complexType>
  </xs:element>
  <xs:element name="IsUp">
    <xs:complexType>
      <xs:sequence/>
    </xs:complexType>
  </xs:element>
  <xs:element name="IsUpResponse">
    <xs:complexType>
      <xs:sequence>
        <xs:element minOccurs="0" name="IsUpResult" type="xs:boolean"/>
      </xs:sequence>
    </xs:complexType>
  </xs:element>
  <xs:element name="AddNewEvntType">
    <xs:complexType>
      <xs:sequence>
        <xs:element minOccurs="0" name="evntType" nillable="true" type="q11:NameCommentStruct" xmlns:q11="http://schemas.datacontract.org/2004/07/IIS.Persona.ServiceBus.Objects"/>
      </xs:sequence>
    </xs:complexType>
  </xs:element>
  <xs:element name="AddNewEvntTypeResponse">
    <xs:complexType>
      <xs:sequence/>
    </xs:complexType>
  </xs:element>
  <xs:element name="AddNewMsgType">
    <xs:complexType>
      <xs:sequence>
        <xs:element minOccurs="0" name="msgType" nillable="true" type="q12:NameCommentStruct" xmlns:q12="http://schemas.datacontract.org/2004/07/IIS.Persona.ServiceBus.Objects"/>
      </xs:sequence>
    </xs:complexType>
  </xs:element>
  <xs:element name="AddNewMsgTypeResponse">
    <xs:complexType>
      <xs:sequence/>
    </xs:complexType>
  </xs:element>
  <xs:element name="GetEvntTypesFromBus">
    <xs:complexType>
      <xs:sequence>
        <xs:element minOccurs="0" name="ClientID" nillable="true" type="xs:string"/>
      </xs:sequence>
    </xs:complexType>
  </xs:element>
  <xs:element name="GetEvntTypesFromBusResponse">
    <xs:complexType>
      <xs:sequence>
        <xs:element minOccurs="0" name="GetEvntTypesFromBusResult" nillable="true" type="q13:ArrayOfNameCommentStruct" xmlns:q13="http://schemas.datacontract.org/2004/07/IIS.Persona.ServiceBus.Objects"/>
      </xs:sequence>
    </xs:complexType>
  </xs:element>
  <xs:element name="GetMsgTypesFromBus">
    <xs:complexType>
      <xs:sequence>
        <xs:element minOccurs="0" name="ClientID" nillable="true" type="xs:string"/>
      </xs:sequence>
    </xs:complexType>
  </xs:element>
  <xs:element name="GetMsgTypesFromBusResponse">
    <xs:complexType>
      <xs:sequence>
        <xs:element minOccurs="0" name="GetMsgTypesFromBusResult" nillable="true" type="q14:ArrayOfNameCommentStruct" xmlns:q14="http://schemas.datacontract.org/2004/07/IIS.Persona.ServiceBus.Objects"/>
      </xs:sequence>
    </xs:complexType>
  </xs:element>
  <xs:element name="UpdateClientSubscribesForEvnts">
    <xs:complexType>
      <xs:sequence>
        <xs:element minOccurs="0" name="ClientID" nillable="true" type="xs:string"/>
      </xs:sequence>
    </xs:complexType>
  </xs:element>
  <xs:element name="UpdateClientSubscribesForEvntsResponse">
    <xs:complexType>
      <xs:sequence/>
    </xs:complexType>
  </xs:element>
  <xs:element name="UpdateClientSubscribesForMsgs">
    <xs:complexType>
      <xs:sequence>
        <xs:element minOccurs="0" name="ClientID" nillable="true" type="xs:string"/>
      </xs:sequence>
    </xs:complexType>
  </xs:element>
  <xs:element name="UpdateClientSubscribesForMsgsResponse">
    <xs:complexType>
      <xs:sequence/>
    </xs:complexType>
  </xs:element>
</xs:schema>]]></con:content><con:type>http://www.w3.org/2001/XMLSchema</con:type></con:part><con:part><con:url>http://rtc-web:7074/HighwaySBWinMSSQLWcfService?xsd=xsd2</con:url><con:content><![CDATA[<xs:schema elementFormDefault="qualified" targetNamespace="http://schemas.datacontract.org/2004/07/IIS.Persona.ServiceBus.Objects" xmlns:xs="http://www.w3.org/2001/XMLSchema" xmlns:tns="http://schemas.datacontract.org/2004/07/IIS.Persona.ServiceBus.Objects">
  <xs:import schemaLocation="http://rtc-web:7074/HighwaySBWinMSSQLWcfService?xsd=xsd3" namespace="http://schemas.microsoft.com/2003/10/Serialization/Arrays"/>
  <xs:complexType name="MessageFromESB">
    <xs:sequence>
      <xs:element minOccurs="0" name="Attachment" nillable="true" type="xs:base64Binary"/>
      <xs:element minOccurs="0" name="Body" nillable="true" type="xs:string"/>
      <xs:element minOccurs="0" name="GroupID" nillable="true" type="xs:string"/>
      <xs:element minOccurs="0" name="MessageFormingTime" type="xs:dateTime"/>
      <xs:element minOccurs="0" name="MessageTypeID" nillable="true" type="xs:string"/>
      <xs:element minOccurs="0" name="SenderName" nillable="true" type="xs:string"/>
      <xs:element minOccurs="0" name="Tags" nillable="true" type="q1:ArrayOfKeyValueOfstringstring" xmlns:q1="http://schemas.microsoft.com/2003/10/Serialization/Arrays"/>
    </xs:sequence>
  </xs:complexType>
  <xs:element name="MessageFromESB" nillable="true" type="tns:MessageFromESB"/>
  <xs:complexType name="MessageOrderingInformation">
    <xs:sequence>
      <xs:element minOccurs="0" name="FormingTime" type="xs:dateTime"/>
      <xs:element minOccurs="0" name="Priority" type="xs:int"/>
    </xs:sequence>
  </xs:complexType>
  <xs:element name="MessageOrderingInformation" nillable="true" type="tns:MessageOrderingInformation"/>
  <xs:complexType name="MessageForESB">
    <xs:sequence>
      <xs:element minOccurs="0" name="Attachment" nillable="true" type="xs:base64Binary"/>
      <xs:element minOccurs="0" name="Body" nillable="true" type="xs:string"/>
      <xs:element minOccurs="0" name="ClientID" nillable="true" type="xs:string"/>
      <xs:element minOccurs="0" name="MessageTypeID" nillable="true" type="xs:string"/>
      <xs:element minOccurs="0" name="Priority" type="xs:int"/>
      <xs:element minOccurs="0" name="Tags" nillable="true" type="q2:ArrayOfKeyValueOfstringstring" xmlns:q2="http://schemas.microsoft.com/2003/10/Serialization/Arrays"/>
    </xs:sequence>
  </xs:complexType>
  <xs:element name="MessageForESB" nillable="true" type="tns:MessageForESB"/>
  <xs:complexType name="NameCommentStruct">
    <xs:sequence>
      <xs:element minOccurs="0" name="comment" nillable="true" type="xs:string"/>
      <xs:element minOccurs="0" name="id" nillable="true" type="xs:string"/>
      <xs:element minOccurs="0" name="name" nillable="true" type="xs:string"/>
    </xs:sequence>
  </xs:complexType>
  <xs:element name="NameCommentStruct" nillable="true" type="tns:NameCommentStruct"/>
  <xs:complexType name="ArrayOfNameCommentStruct">
    <xs:sequence>
      <xs:element minOccurs="0" maxOccurs="unbounded" name="NameCommentStruct" nillable="true" type="tns:NameCommentStruct"/>
    </xs:sequence>
  </xs:complexType>
  <xs:element name="ArrayOfNameCommentStruct" nillable="true" type="tns:ArrayOfNameCommentStruct"/>
</xs:schema>]]></con:content><con:type>http://www.w3.org/2001/XMLSchema</con:type></con:part><con:part><con:url>http://rtc-web:7074/HighwaySBWinMSSQLWcfService?xsd=xsd3</con:url><con:content><![CDATA[<xs:schema elementFormDefault="qualified" targetNamespace="http://schemas.microsoft.com/2003/10/Serialization/Arrays" xmlns:xs="http://www.w3.org/2001/XMLSchema" xmlns:tns="http://schemas.microsoft.com/2003/10/Serialization/Arrays">
  <xs:complexType name="ArrayOfKeyValueOfstringstring">
    <xs:annotation>
      <xs:appinfo>
        <IsDictionary xmlns="http://schemas.microsoft.com/2003/10/Serialization/">true</IsDictionary>
      </xs:appinfo>
    </xs:annotation>
    <xs:sequence>
      <xs:element minOccurs="0" maxOccurs="unbounded" name="KeyValueOfstringstring">
        <xs:complexType>
          <xs:sequence>
            <xs:element name="Key" nillable="true" type="xs:string"/>
            <xs:element name="Value" nillable="true" type="xs:string"/>
          </xs:sequence>
        </xs:complexType>
      </xs:element>
    </xs:sequence>
  </xs:complexType>
  <xs:element name="ArrayOfKeyValueOfstringstring" nillable="true" type="tns:ArrayOfKeyValueOfstringstring"/>
  <xs:complexType name="ArrayOfstring">
    <xs:sequence>
      <xs:element minOccurs="0" maxOccurs="unbounded" name="string" nillable="true" type="xs:string"/>
    </xs:sequence>
  </xs:complexType>
  <xs:element name="ArrayOfstring" nillable="true" type="tns:ArrayOfstring"/>
</xs:schema>]]></con:content><con:type>http://www.w3.org/2001/XMLSchema</con:type></con:part><con:part><con:url>http://rtc-web:7074/HighwaySBWinMSSQLWcfService?xsd=xsd1</con:url><con:content><![CDATA[<xs:schema attributeFormDefault="qualified" elementFormDefault="qualified" targetNamespace="http://schemas.microsoft.com/2003/10/Serialization/" xmlns:xs="http://www.w3.org/2001/XMLSchema" xmlns:tns="http://schemas.microsoft.com/2003/10/Serialization/">
  <xs:element name="anyType" nillable="true" type="xs:anyType"/>
  <xs:element name="anyURI" nillable="true" type="xs:anyURI"/>
  <xs:element name="base64Binary" nillable="true" type="xs:base64Binary"/>
  <xs:element name="boolean" nillable="true" type="xs:boolean"/>
  <xs:element name="byte" nillable="true" type="xs:byte"/>
  <xs:element name="dateTime" nillable="true" type="xs:dateTime"/>
  <xs:element name="decimal" nillable="true" type="xs:decimal"/>
  <xs:element name="double" nillable="true" type="xs:double"/>
  <xs:element name="float" nillable="true" type="xs:float"/>
  <xs:element name="int" nillable="true" type="xs:int"/>
  <xs:element name="long" nillable="true" type="xs:long"/>
  <xs:element name="QName" nillable="true" type="xs:QName"/>
  <xs:element name="short" nillable="true" type="xs:short"/>
  <xs:element name="string" nillable="true" type="xs:string"/>
  <xs:element name="unsignedByte" nillable="true" type="xs:unsignedByte"/>
  <xs:element name="unsignedInt" nillable="true" type="xs:unsignedInt"/>
  <xs:element name="unsignedLong" nillable="true" type="xs:unsignedLong"/>
  <xs:element name="unsignedShort" nillable="true" type="xs:unsignedShort"/>
  <xs:element name="char" nillable="true" type="tns:char"/>
  <xs:simpleType name="char">
    <xs:restriction base="xs:int"/>
  </xs:simpleType>
  <xs:element name="duration" nillable="true" type="tns:duration"/>
  <xs:simpleType name="duration">
    <xs:restriction base="xs:duration">
      <xs:pattern value="\-?P(\d*D)?(T(\d*H)?(\d*M)?(\d*(\.\d*)?S)?)?"/>
      <xs:minInclusive value="-P10675199DT2H48M5.4775808S"/>
      <xs:maxInclusive value="P10675199DT2H48M5.4775807S"/>
    </xs:restriction>
  </xs:simpleType>
  <xs:element name="guid" nillable="true" type="tns:guid"/>
  <xs:simpleType name="guid">
    <xs:restriction base="xs:string">
      <xs:pattern value="[\da-fA-F]{8}-[\da-fA-F]{4}-[\da-fA-F]{4}-[\da-fA-F]{4}-[\da-fA-F]{12}"/>
    </xs:restriction>
  </xs:simpleType>
  <xs:attribute name="FactoryType" type="xs:QName"/>
  <xs:attribute name="Id" type="xs:ID"/>
  <xs:attribute name="Ref" type="xs:IDREF"/>
</xs:schema>]]></con:content><con:type>http://www.w3.org/2001/XMLSchema</con:type></con:part></con:definitionCache><con:endpoints><con:endpoint>http://rtc-web:7074/HighwaySBWinMSSQLWcfService</con:endpoint></con:endpoints><con:operation id="e70e610f-7f85-47ee-9abc-dbcf33baaf0e" isOneWay="false" action="http://tempuri.org/IServiceBusService/CreateClient" name="CreateClient" bindingOperationName="CreateClient" type="Request-Response" inputName="" receivesAttachments="false" sendsAttachments="false" anonymous="optional"><con:settings/><con:call id="761ffd9a-bac9-4bd0-bcf3-94360dd18330" name="Request 1" useWsAddressing="true"><con:settings/><con:encoding>UTF-8</con:encoding><con:endpoint>http://rtc-web:7074/HighwaySBWinMSSQLWcfService</con:endpoint><con:request><![CDATA[<soap:Envelope xmlns:soap="http://www.w3.org/2003/05/soap-envelope" xmlns:tem="http://tempuri.org/">\r
   <soap:Header/>\r
   <soap:Body>\r
      <tem:CreateClient>\r
         <!--Optional:-->\r
         <tem:clientId>?</tem:clientId>\r
         <!--Optional:-->\r
         <tem:name>?</tem:name>\r
         <!--Optional:-->\r
         <tem:address>?</tem:address>\r
      </tem:CreateClient>\r
   </soap:Body>\r
</soap:Envelope>]]></con:request><con:wsaConfig mustUnderstand="NONE" version="200508" action="http://tempuri.org/IServiceBusService/CreateClient"/></con:call></con:operation><con:operation id="071f720f-0843-44e1-aba2-0b4387a3c9cd" isOneWay="false" action="http://tempuri.org/IServiceBusService/DeleteClient" name="DeleteClient" bindingOperationName="DeleteClient" type="Request-Response" inputName="" receivesAttachments="false" sendsAttachments="false" anonymous="optional"><con:settings/><con:call id="f103cd22-76a8-419b-8e72-02014772ebbe" name="Request 1" useWsAddressing="true"><con:settings/><con:encoding>UTF-8</con:encoding><con:endpoint>http://rtc-web:7074/HighwaySBWinMSSQLWcfService</con:endpoint><con:request><![CDATA[<soap:Envelope xmlns:soap="http://www.w3.org/2003/05/soap-envelope" xmlns:tem="http://tempuri.org/">\r
   <soap:Header/>\r
   <soap:Body>\r
      <tem:DeleteClient>\r
         <!--Optional:-->\r
         <tem:clientId>?</tem:clientId>\r
      </tem:DeleteClient>\r
   </soap:Body>\r
</soap:Envelope>]]></con:request><con:wsaConfig mustUnderstand="NONE" version="200508" action="http://tempuri.org/IServiceBusService/DeleteClient"/></con:call></con:operation><con:operation id="4e39e120-8d79-4cc1-bb40-5e5ce152f41a" isOneWay="false" action="http://tempuri.org/IServiceBusService/DoesEventRisen" name="DoesEventRisen" bindingOperationName="DoesEventRisen" type="Request-Response" inputName="" receivesAttachments="false" sendsAttachments="false" anonymous="optional"><con:settings/><con:call id="a45621c2-9764-4950-bb37-ba7e3bda2a2e" name="Request 1" useWsAddressing="true"><con:settings/><con:encoding>UTF-8</con:encoding><con:endpoint>http://rtc-web:7074/HighwaySBWinMSSQLWcfService</con:endpoint><con:request><![CDATA[<soap:Envelope xmlns:soap="http://www.w3.org/2003/05/soap-envelope" xmlns:tem="http://tempuri.org/">\r
   <soap:Header/>\r
   <soap:Body>\r
      <tem:DoesEventRisen>\r
         <!--Optional:-->\r
         <tem:ClientID>?</tem:ClientID>\r
         <!--Optional:-->\r
         <tem:EventTypeID>?</tem:EventTypeID>\r
      </tem:DoesEventRisen>\r
   </soap:Body>\r
</soap:Envelope>]]></con:request><con:wsaConfig mustUnderstand="NONE" version="200508" action="http://tempuri.org/IServiceBusService/DoesEventRisen"/></con:call></con:operation><con:operation id="944389fc-f19d-439a-8daf-8d8d5d1e7e20" isOneWay="false" action="http://tempuri.org/IServiceBusService/GetCurrentMessageCount" name="GetCurrentMessageCount" bindingOperationName="GetCurrentMessageCount" type="Request-Response" inputName="" receivesAttachments="false" sendsAttachments="false" anonymous="optional"><con:settings/><con:call id="7b632afe-9233-4d2c-881c-73f2e7d6d7d2" name="Request 1" useWsAddressing="true"><con:settings/><con:encoding>UTF-8</con:encoding><con:endpoint>http://rtc-web:7074/HighwaySBWinMSSQLWcfService</con:endpoint><con:request><![CDATA[<soap:Envelope xmlns:soap="http://www.w3.org/2003/05/soap-envelope" xmlns:tem="http://tempuri.org/">\r
   <soap:Header/>\r
   <soap:Body>\r
      <tem:GetCurrentMessageCount>\r
         <!--Optional:-->\r
         <tem:ClientID>?</tem:ClientID>\r
      </tem:GetCurrentMessageCount>\r
   </soap:Body>\r
</soap:Envelope>]]></con:request><con:wsaConfig mustUnderstand="NONE" version="200508" action="http://tempuri.org/IServiceBusService/GetCurrentMessageCount"/></con:call></con:operation><con:operation id="b9b2969c-1a7a-43e0-9e5f-89a85dcf67da" isOneWay="false" action="http://tempuri.org/IServiceBusService/GetCurrentThisTypeMessageCount" name="GetCurrentThisTypeMessageCount" bindingOperationName="GetCurrentThisTypeMessageCount" type="Request-Response" inputName="" receivesAttachments="false" sendsAttachments="false" anonymous="optional"><con:settings/><con:call id="ef375b78-2610-4c8d-b170-b9a977eed880" name="Request 1" useWsAddressing="true"><con:settings/><con:encoding>UTF-8</con:encoding><con:endpoint>http://rtc-web:7074/HighwaySBWinMSSQLWcfService</con:endpoint><con:request><![CDATA[<soap:Envelope xmlns:soap="http://www.w3.org/2003/05/soap-envelope" xmlns:tem="http://tempuri.org/">\r
   <soap:Header/>\r
   <soap:Body>\r
      <tem:GetCurrentThisTypeMessageCount>\r
         <!--Optional:-->\r
         <tem:ClientID>?</tem:ClientID>\r
         <!--Optional:-->\r
         <tem:MessageTypeID>?</tem:MessageTypeID>\r
      </tem:GetCurrentThisTypeMessageCount>\r
   </soap:Body>\r
</soap:Envelope>]]></con:request><con:wsaConfig mustUnderstand="NONE" version="200508" action="http://tempuri.org/IServiceBusService/GetCurrentThisTypeMessageCount"/></con:call></con:operation><con:operation id="7c865847-d3bf-4a48-a02a-d90a9656f58d" isOneWay="false" action="http://tempuri.org/IServiceBusService/GetMessageFromESB" name="GetMessageFromESB" bindingOperationName="GetMessageFromESB" type="Request-Response" inputName="" receivesAttachments="false" sendsAttachments="false" anonymous="optional"><con:settings/><con:call id="fd3def13-b449-4816-bf3a-cfd96ec034f2" name="Request 1" useWsAddressing="true"><con:settings/><con:encoding>UTF-8</con:encoding><con:endpoint>http://rtc-web:7074/HighwaySBWinMSSQLWcfService</con:endpoint><con:request><![CDATA[<soap:Envelope xmlns:soap="http://www.w3.org/2003/05/soap-envelope" xmlns:tem="http://tempuri.org/">\r
   <soap:Header/>\r
   <soap:Body>\r
      <tem:GetMessageFromESB>\r
         <!--Optional:-->\r
         <tem:ClientID>?</tem:ClientID>\r
         <!--Optional:-->\r
         <tem:MessageTypeID>?</tem:MessageTypeID>\r
      </tem:GetMessageFromESB>\r
   </soap:Body>\r
</soap:Envelope>]]></con:request><con:wsaConfig mustUnderstand="NONE" version="200508" action="http://tempuri.org/IServiceBusService/GetMessageFromESB"/></con:call></con:operation><con:operation id="e5f660d2-352a-4913-8f3c-9bbfcb8abdb7" isOneWay="false" action="http://tempuri.org/IServiceBusService/GetMessageInfo" name="GetMessageInfo" bindingOperationName="GetMessageInfo" type="Request-Response" inputName="" receivesAttachments="false" sendsAttachments="false" anonymous="optional"><con:settings/><con:call id="6c34e31e-af9d-432c-80ee-d1a2ba3c35ae" name="Request 1" useWsAddressing="true"><con:settings/><con:encoding>UTF-8</con:encoding><con:endpoint>http://rtc-web:7074/HighwaySBWinMSSQLWcfService</con:endpoint><con:request><![CDATA[<soap:Envelope xmlns:soap="http://www.w3.org/2003/05/soap-envelope" xmlns:tem="http://tempuri.org/">\r
   <soap:Header/>\r
   <soap:Body>\r
      <tem:GetMessageInfo>\r
         <!--Optional:-->\r
         <tem:clientId>?</tem:clientId>\r
         <!--Optional:-->\r
         <tem:messageTypeId>?</tem:messageTypeId>\r
      </tem:GetMessageInfo>\r
   </soap:Body>\r
</soap:Envelope>]]></con:request><con:wsaConfig mustUnderstand="NONE" version="200508" action="http://tempuri.org/IServiceBusService/GetMessageInfo"/></con:call></con:operation><con:operation id="b73b612c-7c88-460b-af0d-4c5f39a71d2c" isOneWay="false" action="http://tempuri.org/IServiceBusService/GetMessageInfoWithGroup" name="GetMessageInfoWithGroup" bindingOperationName="GetMessageInfoWithGroup" type="Request-Response" inputName="" receivesAttachments="false" sendsAttachments="false" anonymous="optional"><con:settings/><con:call id="9294507a-f837-47ee-aeaf-2116f794c236" name="Request 1" useWsAddressing="true"><con:settings/><con:encoding>UTF-8</con:encoding><con:endpoint>http://rtc-web:7074/HighwaySBWinMSSQLWcfService</con:endpoint><con:request><![CDATA[<soap:Envelope xmlns:soap="http://www.w3.org/2003/05/soap-envelope" xmlns:tem="http://tempuri.org/">\r
   <soap:Header/>\r
   <soap:Body>\r
      <tem:GetMessageInfoWithGroup>\r
         <!--Optional:-->\r
         <tem:clientId>?</tem:clientId>\r
         <!--Optional:-->\r
         <tem:messageTypeId>?</tem:messageTypeId>\r
         <!--Optional:-->\r
         <tem:groupName>?</tem:groupName>\r
      </tem:GetMessageInfoWithGroup>\r
   </soap:Body>\r
</soap:Envelope>]]></con:request><con:wsaConfig mustUnderstand="NONE" version="200508" action="http://tempuri.org/IServiceBusService/GetMessageInfoWithGroup"/></con:call></con:operation><con:operation id="93a29481-5489-4b0d-b6ce-6f8c5b172ca1" isOneWay="false" action="http://tempuri.org/IServiceBusService/GetMessageInfoWithTags" name="GetMessageInfoWithTags" bindingOperationName="GetMessageInfoWithTags" type="Request-Response" inputName="" receivesAttachments="false" sendsAttachments="false" anonymous="optional"><con:settings/><con:call id="f7ed4b71-b923-45a5-b550-e131f9b92f3e" name="Request 1" useWsAddressing="true"><con:settings/><con:encoding>UTF-8</con:encoding><con:endpoint>http://rtc-web:7074/HighwaySBWinMSSQLWcfService</con:endpoint><con:request><![CDATA[<soap:Envelope xmlns:soap="http://www.w3.org/2003/05/soap-envelope" xmlns:tem="http://tempuri.org/" xmlns:arr="http://schemas.microsoft.com/2003/10/Serialization/Arrays">\r
   <soap:Header/>\r
   <soap:Body>\r
      <tem:GetMessageInfoWithTags>\r
         <!--Optional:-->\r
         <tem:clientId>?</tem:clientId>\r
         <!--Optional:-->\r
         <tem:messageTypeId>?</tem:messageTypeId>\r
         <!--Optional:-->\r
         <tem:tags>\r
            <!--Zero or more repetitions:-->\r
            <arr:string>?</arr:string>\r
         </tem:tags>\r
      </tem:GetMessageInfoWithTags>\r
   </soap:Body>\r
</soap:Envelope>]]></con:request><con:wsaConfig mustUnderstand="NONE" version="200508" action="http://tempuri.org/IServiceBusService/GetMessageInfoWithTags"/></con:call></con:operation><con:operation id="49f59e5e-5926-4de8-87d3-88afc8510f24" isOneWay="false" action="http://tempuri.org/IServiceBusService/GetMessageWithGroupFromESB" name="GetMessageWithGroupFromESB" bindingOperationName="GetMessageWithGroupFromESB" type="Request-Response" inputName="" receivesAttachments="false" sendsAttachments="false" anonymous="optional"><con:settings/><con:call id="2a12d9d8-113a-43b0-a572-41080dd58fa3" name="Request 1" useWsAddressing="true"><con:settings/><con:encoding>UTF-8</con:encoding><con:endpoint>http://rtc-web:7074/HighwaySBWinMSSQLWcfService</con:endpoint><con:request><![CDATA[<soap:Envelope xmlns:soap="http://www.w3.org/2003/05/soap-envelope" xmlns:tem="http://tempuri.org/">\r
   <soap:Header/>\r
   <soap:Body>\r
      <tem:GetMessageWithGroupFromESB>\r
         <!--Optional:-->\r
         <tem:ClientID>?</tem:ClientID>\r
         <!--Optional:-->\r
         <tem:MessageTypeID>?</tem:MessageTypeID>\r
         <!--Optional:-->\r
         <tem:groupName>?</tem:groupName>\r
      </tem:GetMessageWithGroupFromESB>\r
   </soap:Body>\r
</soap:Envelope>]]></con:request><con:wsaConfig mustUnderstand="NONE" version="200508" action="http://tempuri.org/IServiceBusService/GetMessageWithGroupFromESB"/></con:call></con:operation><con:operation id="b1fe9d8c-3bcc-48c8-8eaf-daf41a19df51" isOneWay="false" action="http://tempuri.org/IServiceBusService/GetMessageWithTagsFromESB" name="GetMessageWithTagsFromESB" bindingOperationName="GetMessageWithTagsFromESB" type="Request-Response" inputName="" receivesAttachments="false" sendsAttachments="false" anonymous="optional"><con:settings/><con:call id="0d65b7a6-ae50-4353-bba8-8aefd291c583" name="Request 1" useWsAddressing="true"><con:settings/><con:encoding>UTF-8</con:encoding><con:endpoint>http://rtc-web:7074/HighwaySBWinMSSQLWcfService</con:endpoint><con:request><![CDATA[<soap:Envelope xmlns:soap="http://www.w3.org/2003/05/soap-envelope" xmlns:tem="http://tempuri.org/" xmlns:arr="http://schemas.microsoft.com/2003/10/Serialization/Arrays">\r
   <soap:Header/>\r
   <soap:Body>\r
      <tem:GetMessageWithTagsFromESB>\r
         <!--Optional:-->\r
         <tem:clientId>?</tem:clientId>\r
         <!--Optional:-->\r
         <tem:messageTypeId>?</tem:messageTypeId>\r
         <!--Optional:-->\r
         <tem:tags>\r
            <!--Zero or more repetitions:-->\r
            <arr:string>?</arr:string>\r
         </tem:tags>\r
      </tem:GetMessageWithTagsFromESB>\r
   </soap:Body>\r
</soap:Envelope>]]></con:request><con:wsaConfig mustUnderstand="NONE" version="200508" action="http://tempuri.org/IServiceBusService/GetMessageWithTagsFromESB"/></con:call></con:operation><con:operation id="a5004e01-1d8f-4908-8efc-55f98fd8c695" isOneWay="false" action="http://tempuri.org/IServiceBusService/IsUp" name="IsUp" bindingOperationName="IsUp" type="Request-Response" inputName="" receivesAttachments="false" sendsAttachments="false" anonymous="optional"><con:settings/><con:call id="c3a27284-025a-4b01-a077-fe637973a1e6" name="Request 1" useWsAddressing="true"><con:settings/><con:encoding>UTF-8</con:encoding><con:endpoint>http://rtc-web:7074/HighwaySBWinMSSQLWcfService</con:endpoint><con:request><![CDATA[<soap:Envelope xmlns:soap="http://www.w3.org/2003/05/soap-envelope" xmlns:tem="http://tempuri.org/">\r
   <soap:Header/>\r
   <soap:Body>\r
      <tem:IsUp/>\r
   </soap:Body>\r
</soap:Envelope>]]></con:request><con:wsaConfig mustUnderstand="NONE" version="200508" action="http://tempuri.org/IServiceBusService/IsUp"/></con:call></con:operation><con:operation id="72f85878-e075-435e-8a49-6fc1b2d035e8" isOneWay="false" action="http://tempuri.org/IServiceBusService/RiseEventOnESB" name="RiseEventOnESB" bindingOperationName="RiseEventOnESB" type="Request-Response" inputName="" receivesAttachments="false" sendsAttachments="false" anonymous="optional"><con:settings/><con:call id="bc7fee83-2523-44b6-8b10-34222663f19a" name="Request 1" useWsAddressing="true"><con:settings/><con:encoding>UTF-8</con:encoding><con:endpoint>http://rtc-web:7074/HighwaySBWinMSSQLWcfService</con:endpoint><con:request><![CDATA[<soap:Envelope xmlns:soap="http://www.w3.org/2003/05/soap-envelope" xmlns:tem="http://tempuri.org/">\r
   <soap:Header/>\r
   <soap:Body>\r
      <tem:RiseEventOnESB>\r
         <!--Optional:-->\r
         <tem:ClientID>?</tem:ClientID>\r
         <!--Optional:-->\r
         <tem:EventTypeID>?</tem:EventTypeID>\r
      </tem:RiseEventOnESB>\r
   </soap:Body>\r
</soap:Envelope>]]></con:request><con:wsaConfig mustUnderstand="NONE" version="200508" action="http://tempuri.org/IServiceBusService/RiseEventOnESB"/></con:call></con:operation><con:operation id="39e82652-9aeb-4759-9e8f-8f36ff6cf803" isOneWay="false" action="http://tempuri.org/IServiceBusService/SendMessageToESB" name="SendMessageToESB" bindingOperationName="SendMessageToESB" type="Request-Response" inputName="" receivesAttachments="false" sendsAttachments="false" anonymous="optional"><con:settings/><con:call id="1da62c6e-f46d-4318-a317-df389b7a351b" name="Request 1" useWsAddressing="true"><con:settings/><con:encoding>UTF-8</con:encoding><con:endpoint>http://rtc-web:7074/HighwaySBWinMSSQLWcfService</con:endpoint><con:request><![CDATA[<soap:Envelope xmlns:soap="http://www.w3.org/2003/05/soap-envelope" xmlns:tem="http://tempuri.org/" xmlns:iis="http://schemas.datacontract.org/2004/07/IIS.Persona.ServiceBus.Objects" xmlns:arr="http://schemas.microsoft.com/2003/10/Serialization/Arrays">\r
   <soap:Header/>\r
   <soap:Body>\r
      <tem:SendMessageToESB>\r
         <!--Optional:-->\r
         <tem:message>\r
            <!--Optional:-->\r
            <iis:Attachment>cid:1168110820687</iis:Attachment>\r
            <!--Optional:-->\r
            <iis:Body>?</iis:Body>\r
            <!--Optional:-->\r
            <iis:ClientID>?</iis:ClientID>\r
            <!--Optional:-->\r
            <iis:MessageTypeID>?</iis:MessageTypeID>\r
            <!--Optional:-->\r
            <iis:Priority>?</iis:Priority>\r
            <!--Optional:-->\r
            <iis:Tags>\r
               <!--Zero or more repetitions:-->\r
               <arr:KeyValueOfstringstring>\r
                  <arr:Key>?</arr:Key>\r
                  <arr:Value>?</arr:Value>\r
               </arr:KeyValueOfstringstring>\r
            </iis:Tags>\r
         </tem:message>\r
      </tem:SendMessageToESB>\r
   </soap:Body>\r
</soap:Envelope>]]></con:request><con:wsaConfig mustUnderstand="NONE" version="200508" action="http://tempuri.org/IServiceBusService/SendMessageToESB"/></con:call></con:operation><con:operation id="1247a820-6640-4d75-bc30-a1014bf4e826" isOneWay="false" action="http://tempuri.org/IServiceBusService/SendMessageToESBWithUseGroup" name="SendMessageToESBWithUseGroup" bindingOperationName="SendMessageToESBWithUseGroup" type="Request-Response" inputName="" receivesAttachments="false" sendsAttachments="false" anonymous="optional"><con:settings/><con:call id="b811d083-8d39-426e-882f-fb4008d7e394" name="Request 1" useWsAddressing="true"><con:settings/><con:encoding>UTF-8</con:encoding><con:endpoint>http://rtc-web:7074/HighwaySBWinMSSQLWcfService</con:endpoint><con:request><![CDATA[<soap:Envelope xmlns:soap="http://www.w3.org/2003/05/soap-envelope" xmlns:tem="http://tempuri.org/" xmlns:iis="http://schemas.datacontract.org/2004/07/IIS.Persona.ServiceBus.Objects" xmlns:arr="http://schemas.microsoft.com/2003/10/Serialization/Arrays">\r
   <soap:Header/>\r
   <soap:Body>\r
      <tem:SendMessageToESBWithUseGroup>\r
         <!--Optional:-->\r
         <tem:message>\r
            <!--Optional:-->\r
            <iis:Attachment>cid:1421408989076</iis:Attachment>\r
            <!--Optional:-->\r
            <iis:Body>?</iis:Body>\r
            <!--Optional:-->\r
            <iis:ClientID>?</iis:ClientID>\r
            <!--Optional:-->\r
            <iis:MessageTypeID>?</iis:MessageTypeID>\r
            <!--Optional:-->\r
            <iis:Priority>?</iis:Priority>\r
            <!--Optional:-->\r
            <iis:Tags>\r
               <!--Zero or more repetitions:-->\r
               <arr:KeyValueOfstringstring>\r
                  <arr:Key>?</arr:Key>\r
                  <arr:Value>?</arr:Value>\r
               </arr:KeyValueOfstringstring>\r
            </iis:Tags>\r
         </tem:message>\r
         <!--Optional:-->\r
         <tem:groupName>?</tem:groupName>\r
      </tem:SendMessageToESBWithUseGroup>\r
   </soap:Body>\r
</soap:Envelope>]]></con:request><con:wsaConfig mustUnderstand="NONE" version="200508" action="http://tempuri.org/IServiceBusService/SendMessageToESBWithUseGroup"/></con:call></con:operation><con:operation id="a1cb3b8d-5ac6-45bb-b661-17e0ef250bbe" isOneWay="false" action="http://tempuri.org/IServiceBusService/SubscribeClientForEventCallback" name="SubscribeClientForEventCallback" bindingOperationName="SubscribeClientForEventCallback" type="Request-Response" inputName="" receivesAttachments="false" sendsAttachments="false" anonymous="optional"><con:settings/><con:call id="6de36b2a-31aa-48c9-b028-b1f044559563" name="Request 1" useWsAddressing="true"><con:settings/><con:encoding>UTF-8</con:encoding><con:endpoint>http://rtc-web:7074/HighwaySBWinMSSQLWcfService</con:endpoint><con:request><![CDATA[<soap:Envelope xmlns:soap="http://www.w3.org/2003/05/soap-envelope" xmlns:tem="http://tempuri.org/">\r
   <soap:Header/>\r
   <soap:Body>\r
      <tem:SubscribeClientForEventCallback>\r
         <!--Optional:-->\r
         <tem:ClientID>?</tem:ClientID>\r
         <!--Optional:-->\r
         <tem:EventTypeID>?</tem:EventTypeID>\r
      </tem:SubscribeClientForEventCallback>\r
   </soap:Body>\r
</soap:Envelope>]]></con:request><con:wsaConfig mustUnderstand="NONE" version="200508" action="http://tempuri.org/IServiceBusService/SubscribeClientForEventCallback"/></con:call></con:operation><con:operation id="45ef7ca5-b271-487f-b5db-92d59c4f1b12" isOneWay="false" action="http://tempuri.org/IServiceBusService/SubscribeClientForMessageCallback" name="SubscribeClientForMessageCallback" bindingOperationName="SubscribeClientForMessageCallback" type="Request-Response" inputName="" receivesAttachments="false" sendsAttachments="false" anonymous="optional"><con:settings/><con:call id="3f5bae4e-14d0-432c-9af1-d8a9b6627203" name="Request 1" useWsAddressing="true"><con:settings/><con:encoding>UTF-8</con:encoding><con:endpoint>http://rtc-web:7074/HighwaySBWinMSSQLWcfService</con:endpoint><con:request><![CDATA[<soap:Envelope xmlns:soap="http://www.w3.org/2003/05/soap-envelope" xmlns:tem="http://tempuri.org/">\r
   <soap:Header/>\r
   <soap:Body>\r
      <tem:SubscribeClientForMessageCallback>\r
         <!--Optional:-->\r
         <tem:ClientID>?</tem:ClientID>\r
         <!--Optional:-->\r
         <tem:MessageTypeID>?</tem:MessageTypeID>\r
      </tem:SubscribeClientForMessageCallback>\r
   </soap:Body>\r
</soap:Envelope>]]></con:request><con:wsaConfig mustUnderstand="NONE" version="200508" action="http://tempuri.org/IServiceBusService/SubscribeClientForMessageCallback"/></con:call></con:operation></con:interface><con:interface xsi:type="con:WsdlInterface" id="d468bb32-6e4f-4a37-8c72-039cb951ed62" wsaVersion="200508" name="SBInterop" type="wsdl" bindingName="{http://tempuri.org/}SBInterop" soapVersion="1_2" anonymous="optional" definition="http://rtc-web:7074/HighwaySBWinMSSQLWcfService?wsdl" xmlns:xsi="http://www.w3.org/2001/XMLSchema-instance"><con:settings/><con:definitionCache type="TEXT" rootPart="http://rtc-web:7074/HighwaySBWinMSSQLWcfService?wsdl"><con:part><con:url>http://rtc-web:7074/HighwaySBWinMSSQLWcfService?wsdl</con:url><con:content><![CDATA[<wsdl:definitions name="SBService" targetNamespace="http://tempuri.org/" xmlns:wsdl="http://schemas.xmlsoap.org/wsdl/" xmlns:wsx="http://schemas.xmlsoap.org/ws/2004/09/mex" xmlns:wsu="http://docs.oasis-open.org/wss/2004/01/oasis-200401-wss-wssecurity-utility-1.0.xsd" xmlns:wsa10="http://www.w3.org/2005/08/addressing" xmlns:wsp="http://schemas.xmlsoap.org/ws/2004/09/policy" xmlns:wsap="http://schemas.xmlsoap.org/ws/2004/08/addressing/policy" xmlns:msc="http://schemas.microsoft.com/ws/2005/12/wsdl/contract" xmlns:soap12="http://schemas.xmlsoap.org/wsdl/soap12/" xmlns:wsa="http://schemas.xmlsoap.org/ws/2004/08/addressing" xmlns:wsam="http://www.w3.org/2007/05/addressing/metadata" xmlns:xsd="http://www.w3.org/2001/XMLSchema" xmlns:tns="http://tempuri.org/" xmlns:soap="http://schemas.xmlsoap.org/wsdl/soap/" xmlns:wsaw="http://www.w3.org/2006/05/addressing/wsdl" xmlns:soapenc="http://schemas.xmlsoap.org/soap/encoding/">
  <wsp:Policy wsu:Id="SBService_policy">
    <wsp:ExactlyOne>
      <wsp:All>
        <wsaw:UsingAddressing/>
      </wsp:All>
    </wsp:ExactlyOne>
  </wsp:Policy>
  <wsp:Policy wsu:Id="SBInterop_policy">
    <wsp:ExactlyOne>
      <wsp:All>
        <wsaw:UsingAddressing/>
      </wsp:All>
    </wsp:ExactlyOne>
  </wsp:Policy>
  <wsdl:types>
    <xsd:schema targetNamespace="http://tempuri.org/Imports">
      <xsd:import schemaLocation="http://rtc-web:7074/HighwaySBWinMSSQLWcfService?xsd=xsd0" namespace="http://tempuri.org/"/>
      <xsd:import schemaLocation="http://rtc-web:7074/HighwaySBWinMSSQLWcfService?xsd=xsd1" namespace="http://schemas.microsoft.com/2003/10/Serialization/"/>
      <xsd:import schemaLocation="http://rtc-web:7074/HighwaySBWinMSSQLWcfService?xsd=xsd2" namespace="http://schemas.datacontract.org/2004/07/IIS.Persona.ServiceBus.Objects"/>
      <xsd:import schemaLocation="http://rtc-web:7074/HighwaySBWinMSSQLWcfService?xsd=xsd3" namespace="http://schemas.microsoft.com/2003/10/Serialization/Arrays"/>
    </xsd:schema>
  </wsdl:types>
  <wsdl:message name="IServiceBusService_CreateClient_InputMessage">
    <wsdl:part name="parameters" element="tns:CreateClient"/>
  </wsdl:message>
  <wsdl:message name="IServiceBusService_CreateClient_OutputMessage">
    <wsdl:part name="parameters" element="tns:CreateClientResponse"/>
  </wsdl:message>
  <wsdl:message name="IServiceBusService_DeleteClient_InputMessage">
    <wsdl:part name="parameters" element="tns:DeleteClient"/>
  </wsdl:message>
  <wsdl:message name="IServiceBusService_DeleteClient_OutputMessage">
    <wsdl:part name="parameters" element="tns:DeleteClientResponse"/>
  </wsdl:message>
  <wsdl:message name="IServiceBusService_DoesEventRisen_InputMessage">
    <wsdl:part name="parameters" element="tns:DoesEventRisen"/>
  </wsdl:message>
  <wsdl:message name="IServiceBusService_DoesEventRisen_OutputMessage">
    <wsdl:part name="parameters" element="tns:DoesEventRisenResponse"/>
  </wsdl:message>
  <wsdl:message name="IServiceBusService_GetCurrentMessageCount_InputMessage">
    <wsdl:part name="parameters" element="tns:GetCurrentMessageCount"/>
  </wsdl:message>
  <wsdl:message name="IServiceBusService_GetCurrentMessageCount_OutputMessage">
    <wsdl:part name="parameters" element="tns:GetCurrentMessageCountResponse"/>
  </wsdl:message>
  <wsdl:message name="IServiceBusService_GetCurrentThisTypeMessageCount_InputMessage">
    <wsdl:part name="parameters" element="tns:GetCurrentThisTypeMessageCount"/>
  </wsdl:message>
  <wsdl:message name="IServiceBusService_GetCurrentThisTypeMessageCount_OutputMessage">
    <wsdl:part name="parameters" element="tns:GetCurrentThisTypeMessageCountResponse"/>
  </wsdl:message>
  <wsdl:message name="IServiceBusService_GetMessageFromESB_InputMessage">
    <wsdl:part name="parameters" element="tns:GetMessageFromESB"/>
  </wsdl:message>
  <wsdl:message name="IServiceBusService_GetMessageFromESB_OutputMessage">
    <wsdl:part name="parameters" element="tns:GetMessageFromESBResponse"/>
  </wsdl:message>
  <wsdl:message name="IServiceBusService_GetMessageInfo_InputMessage">
    <wsdl:part name="parameters" element="tns:GetMessageInfo"/>
  </wsdl:message>
  <wsdl:message name="IServiceBusService_GetMessageInfo_OutputMessage">
    <wsdl:part name="parameters" element="tns:GetMessageInfoResponse"/>
  </wsdl:message>
  <wsdl:message name="IServiceBusService_GetMessageWithGroupFromESB_InputMessage">
    <wsdl:part name="parameters" element="tns:GetMessageWithGroupFromESB"/>
  </wsdl:message>
  <wsdl:message name="IServiceBusService_GetMessageWithGroupFromESB_OutputMessage">
    <wsdl:part name="parameters" element="tns:GetMessageWithGroupFromESBResponse"/>
  </wsdl:message>
  <wsdl:message name="IServiceBusService_GetMessageInfoWithGroup_InputMessage">
    <wsdl:part name="parameters" element="tns:GetMessageInfoWithGroup"/>
  </wsdl:message>
  <wsdl:message name="IServiceBusService_GetMessageInfoWithGroup_OutputMessage">
    <wsdl:part name="parameters" element="tns:GetMessageInfoWithGroupResponse"/>
  </wsdl:message>
  <wsdl:message name="IServiceBusService_GetMessageWithTagsFromESB_InputMessage">
    <wsdl:part name="parameters" element="tns:GetMessageWithTagsFromESB"/>
  </wsdl:message>
  <wsdl:message name="IServiceBusService_GetMessageWithTagsFromESB_OutputMessage">
    <wsdl:part name="parameters" element="tns:GetMessageWithTagsFromESBResponse"/>
  </wsdl:message>
  <wsdl:message name="IServiceBusService_GetMessageInfoWithTags_InputMessage">
    <wsdl:part name="parameters" element="tns:GetMessageInfoWithTags"/>
  </wsdl:message>
  <wsdl:message name="IServiceBusService_GetMessageInfoWithTags_OutputMessage">
    <wsdl:part name="parameters" element="tns:GetMessageInfoWithTagsResponse"/>
  </wsdl:message>
  <wsdl:message name="IServiceBusService_RiseEventOnESB_InputMessage">
    <wsdl:part name="parameters" element="tns:RiseEventOnESB"/>
  </wsdl:message>
  <wsdl:message name="IServiceBusService_RiseEventOnESB_OutputMessage">
    <wsdl:part name="parameters" element="tns:RiseEventOnESBResponse"/>
  </wsdl:message>
  <wsdl:message name="IServiceBusService_SendMessageToESB_InputMessage">
    <wsdl:part name="parameters" element="tns:SendMessageToESB"/>
  </wsdl:message>
  <wsdl:message name="IServiceBusService_SendMessageToESB_OutputMessage">
    <wsdl:part name="parameters" element="tns:SendMessageToESBResponse"/>
  </wsdl:message>
  <wsdl:message name="IServiceBusService_SendMessageToESBWithUseGroup_InputMessage">
    <wsdl:part name="parameters" element="tns:SendMessageToESBWithUseGroup"/>
  </wsdl:message>
  <wsdl:message name="IServiceBusService_SendMessageToESBWithUseGroup_OutputMessage">
    <wsdl:part name="parameters" element="tns:SendMessageToESBWithUseGroupResponse"/>
  </wsdl:message>
  <wsdl:message name="IServiceBusService_SubscribeClientForEventCallback_InputMessage">
    <wsdl:part name="parameters" element="tns:SubscribeClientForEventCallback"/>
  </wsdl:message>
  <wsdl:message name="IServiceBusService_SubscribeClientForEventCallback_OutputMessage">
    <wsdl:part name="parameters" element="tns:SubscribeClientForEventCallbackResponse"/>
  </wsdl:message>
  <wsdl:message name="IServiceBusService_SubscribeClientForMessageCallback_InputMessage">
    <wsdl:part name="parameters" element="tns:SubscribeClientForMessageCallback"/>
  </wsdl:message>
  <wsdl:message name="IServiceBusService_SubscribeClientForMessageCallback_OutputMessage">
    <wsdl:part name="parameters" element="tns:SubscribeClientForMessageCallbackResponse"/>
  </wsdl:message>
  <wsdl:message name="IServiceBusService_IsUp_InputMessage">
    <wsdl:part name="parameters" element="tns:IsUp"/>
  </wsdl:message>
  <wsdl:message name="IServiceBusService_IsUp_OutputMessage">
    <wsdl:part name="parameters" element="tns:IsUpResponse"/>
  </wsdl:message>
  <wsdl:message name="IServiceBusInterop_AddNewEvntType_InputMessage">
    <wsdl:part name="parameters" element="tns:AddNewEvntType"/>
  </wsdl:message>
  <wsdl:message name="IServiceBusInterop_AddNewEvntType_OutputMessage">
    <wsdl:part name="parameters" element="tns:AddNewEvntTypeResponse"/>
  </wsdl:message>
  <wsdl:message name="IServiceBusInterop_AddNewMsgType_InputMessage">
    <wsdl:part name="parameters" element="tns:AddNewMsgType"/>
  </wsdl:message>
  <wsdl:message name="IServiceBusInterop_AddNewMsgType_OutputMessage">
    <wsdl:part name="parameters" element="tns:AddNewMsgTypeResponse"/>
  </wsdl:message>
  <wsdl:message name="IServiceBusInterop_GetEvntTypesFromBus_InputMessage">
    <wsdl:part name="parameters" element="tns:GetEvntTypesFromBus"/>
  </wsdl:message>
  <wsdl:message name="IServiceBusInterop_GetEvntTypesFromBus_OutputMessage">
    <wsdl:part name="parameters" element="tns:GetEvntTypesFromBusResponse"/>
  </wsdl:message>
  <wsdl:message name="IServiceBusInterop_GetMsgTypesFromBus_InputMessage">
    <wsdl:part name="parameters" element="tns:GetMsgTypesFromBus"/>
  </wsdl:message>
  <wsdl:message name="IServiceBusInterop_GetMsgTypesFromBus_OutputMessage">
    <wsdl:part name="parameters" element="tns:GetMsgTypesFromBusResponse"/>
  </wsdl:message>
  <wsdl:message name="IServiceBusInterop_UpdateClientSubscribesForEvnts_InputMessage">
    <wsdl:part name="parameters" element="tns:UpdateClientSubscribesForEvnts"/>
  </wsdl:message>
  <wsdl:message name="IServiceBusInterop_UpdateClientSubscribesForEvnts_OutputMessage">
    <wsdl:part name="parameters" element="tns:UpdateClientSubscribesForEvntsResponse"/>
  </wsdl:message>
  <wsdl:message name="IServiceBusInterop_UpdateClientSubscribesForMsgs_InputMessage">
    <wsdl:part name="parameters" element="tns:UpdateClientSubscribesForMsgs"/>
  </wsdl:message>
  <wsdl:message name="IServiceBusInterop_UpdateClientSubscribesForMsgs_OutputMessage">
    <wsdl:part name="parameters" element="tns:UpdateClientSubscribesForMsgsResponse"/>
  </wsdl:message>
  <wsdl:portType name="IServiceBusService">
    <wsdl:operation name="CreateClient">
      <wsdl:input wsaw:Action="http://tempuri.org/IServiceBusService/CreateClient" message="tns:IServiceBusService_CreateClient_InputMessage"/>
      <wsdl:output wsaw:Action="http://tempuri.org/IServiceBusService/CreateClientResponse" message="tns:IServiceBusService_CreateClient_OutputMessage"/>
    </wsdl:operation>
    <wsdl:operation name="DeleteClient">
      <wsdl:input wsaw:Action="http://tempuri.org/IServiceBusService/DeleteClient" message="tns:IServiceBusService_DeleteClient_InputMessage"/>
      <wsdl:output wsaw:Action="http://tempuri.org/IServiceBusService/DeleteClientResponse" message="tns:IServiceBusService_DeleteClient_OutputMessage"/>
    </wsdl:operation>
    <wsdl:operation name="DoesEventRisen">
      <wsdl:input wsaw:Action="http://tempuri.org/IServiceBusService/DoesEventRisen" message="tns:IServiceBusService_DoesEventRisen_InputMessage"/>
      <wsdl:output wsaw:Action="http://tempuri.org/IServiceBusService/DoesEventRisenResponse" message="tns:IServiceBusService_DoesEventRisen_OutputMessage"/>
    </wsdl:operation>
    <wsdl:operation name="GetCurrentMessageCount">
      <wsdl:input wsaw:Action="http://tempuri.org/IServiceBusService/GetCurrentMessageCount" message="tns:IServiceBusService_GetCurrentMessageCount_InputMessage"/>
      <wsdl:output wsaw:Action="http://tempuri.org/IServiceBusService/GetCurrentMessageCountResponse" message="tns:IServiceBusService_GetCurrentMessageCount_OutputMessage"/>
    </wsdl:operation>
    <wsdl:operation name="GetCurrentThisTypeMessageCount">
      <wsdl:input wsaw:Action="http://tempuri.org/IServiceBusService/GetCurrentThisTypeMessageCount" message="tns:IServiceBusService_GetCurrentThisTypeMessageCount_InputMessage"/>
      <wsdl:output wsaw:Action="http://tempuri.org/IServiceBusService/GetCurrentThisTypeMessageCountResponse" message="tns:IServiceBusService_GetCurrentThisTypeMessageCount_OutputMessage"/>
    </wsdl:operation>
    <wsdl:operation name="GetMessageFromESB">
      <wsdl:input wsaw:Action="http://tempuri.org/IServiceBusService/GetMessageFromESB" message="tns:IServiceBusService_GetMessageFromESB_InputMessage"/>
      <wsdl:output wsaw:Action="http://tempuri.org/IServiceBusService/GetMessageFromESBResponse" message="tns:IServiceBusService_GetMessageFromESB_OutputMessage"/>
    </wsdl:operation>
    <wsdl:operation name="GetMessageInfo">
      <wsdl:input wsaw:Action="http://tempuri.org/IServiceBusService/GetMessageInfo" message="tns:IServiceBusService_GetMessageInfo_InputMessage"/>
      <wsdl:output wsaw:Action="http://tempuri.org/IServiceBusService/GetMessageInfoResponse" message="tns:IServiceBusService_GetMessageInfo_OutputMessage"/>
    </wsdl:operation>
    <wsdl:operation name="GetMessageWithGroupFromESB">
      <wsdl:input wsaw:Action="http://tempuri.org/IServiceBusService/GetMessageWithGroupFromESB" message="tns:IServiceBusService_GetMessageWithGroupFromESB_InputMessage"/>
      <wsdl:output wsaw:Action="http://tempuri.org/IServiceBusService/GetMessageWithGroupFromESBResponse" message="tns:IServiceBusService_GetMessageWithGroupFromESB_OutputMessage"/>
    </wsdl:operation>
    <wsdl:operation name="GetMessageInfoWithGroup">
      <wsdl:input wsaw:Action="http://tempuri.org/IServiceBusService/GetMessageInfoWithGroup" message="tns:IServiceBusService_GetMessageInfoWithGroup_InputMessage"/>
      <wsdl:output wsaw:Action="http://tempuri.org/IServiceBusService/GetMessageInfoWithGroupResponse" message="tns:IServiceBusService_GetMessageInfoWithGroup_OutputMessage"/>
    </wsdl:operation>
    <wsdl:operation name="GetMessageWithTagsFromESB">
      <wsdl:input wsaw:Action="http://tempuri.org/IServiceBusService/GetMessageWithTagsFromESB" message="tns:IServiceBusService_GetMessageWithTagsFromESB_InputMessage"/>
      <wsdl:output wsaw:Action="http://tempuri.org/IServiceBusService/GetMessageWithTagsFromESBResponse" message="tns:IServiceBusService_GetMessageWithTagsFromESB_OutputMessage"/>
    </wsdl:operation>
    <wsdl:operation name="GetMessageInfoWithTags">
      <wsdl:input wsaw:Action="http://tempuri.org/IServiceBusService/GetMessageInfoWithTags" message="tns:IServiceBusService_GetMessageInfoWithTags_InputMessage"/>
      <wsdl:output wsaw:Action="http://tempuri.org/IServiceBusService/GetMessageInfoWithTagsResponse" message="tns:IServiceBusService_GetMessageInfoWithTags_OutputMessage"/>
    </wsdl:operation>
    <wsdl:operation name="RiseEventOnESB">
      <wsdl:input wsaw:Action="http://tempuri.org/IServiceBusService/RiseEventOnESB" message="tns:IServiceBusService_RiseEventOnESB_InputMessage"/>
      <wsdl:output wsaw:Action="http://tempuri.org/IServiceBusService/RiseEventOnESBResponse" message="tns:IServiceBusService_RiseEventOnESB_OutputMessage"/>
    </wsdl:operation>
    <wsdl:operation name="SendMessageToESB">
      <wsdl:input wsaw:Action="http://tempuri.org/IServiceBusService/SendMessageToESB" message="tns:IServiceBusService_SendMessageToESB_InputMessage"/>
      <wsdl:output wsaw:Action="http://tempuri.org/IServiceBusService/SendMessageToESBResponse" message="tns:IServiceBusService_SendMessageToESB_OutputMessage"/>
    </wsdl:operation>
    <wsdl:operation name="SendMessageToESBWithUseGroup">
      <wsdl:input wsaw:Action="http://tempuri.org/IServiceBusService/SendMessageToESBWithUseGroup" message="tns:IServiceBusService_SendMessageToESBWithUseGroup_InputMessage"/>
      <wsdl:output wsaw:Action="http://tempuri.org/IServiceBusService/SendMessageToESBWithUseGroupResponse" message="tns:IServiceBusService_SendMessageToESBWithUseGroup_OutputMessage"/>
    </wsdl:operation>
    <wsdl:operation name="SubscribeClientForEventCallback">
      <wsdl:input wsaw:Action="http://tempuri.org/IServiceBusService/SubscribeClientForEventCallback" message="tns:IServiceBusService_SubscribeClientForEventCallback_InputMessage"/>
      <wsdl:output wsaw:Action="http://tempuri.org/IServiceBusService/SubscribeClientForEventCallbackResponse" message="tns:IServiceBusService_SubscribeClientForEventCallback_OutputMessage"/>
    </wsdl:operation>
    <wsdl:operation name="SubscribeClientForMessageCallback">
      <wsdl:input wsaw:Action="http://tempuri.org/IServiceBusService/SubscribeClientForMessageCallback" message="tns:IServiceBusService_SubscribeClientForMessageCallback_InputMessage"/>
      <wsdl:output wsaw:Action="http://tempuri.org/IServiceBusService/SubscribeClientForMessageCallbackResponse" message="tns:IServiceBusService_SubscribeClientForMessageCallback_OutputMessage"/>
    </wsdl:operation>
    <wsdl:operation name="IsUp">
      <wsdl:input wsaw:Action="http://tempuri.org/IServiceBusService/IsUp" message="tns:IServiceBusService_IsUp_InputMessage"/>
      <wsdl:output wsaw:Action="http://tempuri.org/IServiceBusService/IsUpResponse" message="tns:IServiceBusService_IsUp_OutputMessage"/>
    </wsdl:operation>
  </wsdl:portType>
  <wsdl:portType name="IServiceBusInterop">
    <wsdl:operation name="AddNewEvntType">
      <wsdl:input wsaw:Action="http://tempuri.org/IServiceBusInterop/AddNewEvntType" message="tns:IServiceBusInterop_AddNewEvntType_InputMessage"/>
      <wsdl:output wsaw:Action="http://tempuri.org/IServiceBusInterop/AddNewEvntTypeResponse" message="tns:IServiceBusInterop_AddNewEvntType_OutputMessage"/>
    </wsdl:operation>
    <wsdl:operation name="AddNewMsgType">
      <wsdl:input wsaw:Action="http://tempuri.org/IServiceBusInterop/AddNewMsgType" message="tns:IServiceBusInterop_AddNewMsgType_InputMessage"/>
      <wsdl:output wsaw:Action="http://tempuri.org/IServiceBusInterop/AddNewMsgTypeResponse" message="tns:IServiceBusInterop_AddNewMsgType_OutputMessage"/>
    </wsdl:operation>
    <wsdl:operation name="GetEvntTypesFromBus">
      <wsdl:input wsaw:Action="http://tempuri.org/IServiceBusInterop/GetEvntTypesFromBus" message="tns:IServiceBusInterop_GetEvntTypesFromBus_InputMessage"/>
      <wsdl:output wsaw:Action="http://tempuri.org/IServiceBusInterop/GetEvntTypesFromBusResponse" message="tns:IServiceBusInterop_GetEvntTypesFromBus_OutputMessage"/>
    </wsdl:operation>
    <wsdl:operation name="GetMsgTypesFromBus">
      <wsdl:input wsaw:Action="http://tempuri.org/IServiceBusInterop/GetMsgTypesFromBus" message="tns:IServiceBusInterop_GetMsgTypesFromBus_InputMessage"/>
      <wsdl:output wsaw:Action="http://tempuri.org/IServiceBusInterop/GetMsgTypesFromBusResponse" message="tns:IServiceBusInterop_GetMsgTypesFromBus_OutputMessage"/>
    </wsdl:operation>
    <wsdl:operation name="UpdateClientSubscribesForEvnts">
      <wsdl:input wsaw:Action="http://tempuri.org/IServiceBusInterop/UpdateClientSubscribesForEvnts" message="tns:IServiceBusInterop_UpdateClientSubscribesForEvnts_InputMessage"/>
      <wsdl:output wsaw:Action="http://tempuri.org/IServiceBusInterop/UpdateClientSubscribesForEvntsResponse" message="tns:IServiceBusInterop_UpdateClientSubscribesForEvnts_OutputMessage"/>
    </wsdl:operation>
    <wsdl:operation name="UpdateClientSubscribesForMsgs">
      <wsdl:input wsaw:Action="http://tempuri.org/IServiceBusInterop/UpdateClientSubscribesForMsgs" message="tns:IServiceBusInterop_UpdateClientSubscribesForMsgs_InputMessage"/>
      <wsdl:output wsaw:Action="http://tempuri.org/IServiceBusInterop/UpdateClientSubscribesForMsgsResponse" message="tns:IServiceBusInterop_UpdateClientSubscribesForMsgs_OutputMessage"/>
    </wsdl:operation>
  </wsdl:portType>
  <wsdl:binding name="SBService" type="tns:IServiceBusService">
    <wsp:PolicyReference URI="#SBService_policy"/>
    <soap12:binding transport="http://schemas.xmlsoap.org/soap/http"/>
    <wsdl:operation name="CreateClient">
      <soap12:operation soapAction="http://tempuri.org/IServiceBusService/CreateClient" style="document"/>
      <wsdl:input>
        <soap12:body use="literal"/>
      </wsdl:input>
      <wsdl:output>
        <soap12:body use="literal"/>
      </wsdl:output>
    </wsdl:operation>
    <wsdl:operation name="DeleteClient">
      <soap12:operation soapAction="http://tempuri.org/IServiceBusService/DeleteClient" style="document"/>
      <wsdl:input>
        <soap12:body use="literal"/>
      </wsdl:input>
      <wsdl:output>
        <soap12:body use="literal"/>
      </wsdl:output>
    </wsdl:operation>
    <wsdl:operation name="DoesEventRisen">
      <soap12:operation soapAction="http://tempuri.org/IServiceBusService/DoesEventRisen" style="document"/>
      <wsdl:input>
        <soap12:body use="literal"/>
      </wsdl:input>
      <wsdl:output>
        <soap12:body use="literal"/>
      </wsdl:output>
    </wsdl:operation>
    <wsdl:operation name="GetCurrentMessageCount">
      <soap12:operation soapAction="http://tempuri.org/IServiceBusService/GetCurrentMessageCount" style="document"/>
      <wsdl:input>
        <soap12:body use="literal"/>
      </wsdl:input>
      <wsdl:output>
        <soap12:body use="literal"/>
      </wsdl:output>
    </wsdl:operation>
    <wsdl:operation name="GetCurrentThisTypeMessageCount">
      <soap12:operation soapAction="http://tempuri.org/IServiceBusService/GetCurrentThisTypeMessageCount" style="document"/>
      <wsdl:input>
        <soap12:body use="literal"/>
      </wsdl:input>
      <wsdl:output>
        <soap12:body use="literal"/>
      </wsdl:output>
    </wsdl:operation>
    <wsdl:operation name="GetMessageFromESB">
      <soap12:operation soapAction="http://tempuri.org/IServiceBusService/GetMessageFromESB" style="document"/>
      <wsdl:input>
        <soap12:body use="literal"/>
      </wsdl:input>
      <wsdl:output>
        <soap12:body use="literal"/>
      </wsdl:output>
    </wsdl:operation>
    <wsdl:operation name="GetMessageInfo">
      <soap12:operation soapAction="http://tempuri.org/IServiceBusService/GetMessageInfo" style="document"/>
      <wsdl:input>
        <soap12:body use="literal"/>
      </wsdl:input>
      <wsdl:output>
        <soap12:body use="literal"/>
      </wsdl:output>
    </wsdl:operation>
    <wsdl:operation name="GetMessageWithGroupFromESB">
      <soap12:operation soapAction="http://tempuri.org/IServiceBusService/GetMessageWithGroupFromESB" style="document"/>
      <wsdl:input>
        <soap12:body use="literal"/>
      </wsdl:input>
      <wsdl:output>
        <soap12:body use="literal"/>
      </wsdl:output>
    </wsdl:operation>
    <wsdl:operation name="GetMessageInfoWithGroup">
      <soap12:operation soapAction="http://tempuri.org/IServiceBusService/GetMessageInfoWithGroup" style="document"/>
      <wsdl:input>
        <soap12:body use="literal"/>
      </wsdl:input>
      <wsdl:output>
        <soap12:body use="literal"/>
      </wsdl:output>
    </wsdl:operation>
    <wsdl:operation name="GetMessageWithTagsFromESB">
      <soap12:operation soapAction="http://tempuri.org/IServiceBusService/GetMessageWithTagsFromESB" style="document"/>
      <wsdl:input>
        <soap12:body use="literal"/>
      </wsdl:input>
      <wsdl:output>
        <soap12:body use="literal"/>
      </wsdl:output>
    </wsdl:operation>
    <wsdl:operation name="GetMessageInfoWithTags">
      <soap12:operation soapAction="http://tempuri.org/IServiceBusService/GetMessageInfoWithTags" style="document"/>
      <wsdl:input>
        <soap12:body use="literal"/>
      </wsdl:input>
      <wsdl:output>
        <soap12:body use="literal"/>
      </wsdl:output>
    </wsdl:operation>
    <wsdl:operation name="RiseEventOnESB">
      <soap12:operation soapAction="http://tempuri.org/IServiceBusService/RiseEventOnESB" style="document"/>
      <wsdl:input>
        <soap12:body use="literal"/>
      </wsdl:input>
      <wsdl:output>
        <soap12:body use="literal"/>
      </wsdl:output>
    </wsdl:operation>
    <wsdl:operation name="SendMessageToESB">
      <soap12:operation soapAction="http://tempuri.org/IServiceBusService/SendMessageToESB" style="document"/>
      <wsdl:input>
        <soap12:body use="literal"/>
      </wsdl:input>
      <wsdl:output>
        <soap12:body use="literal"/>
      </wsdl:output>
    </wsdl:operation>
    <wsdl:operation name="SendMessageToESBWithUseGroup">
      <soap12:operation soapAction="http://tempuri.org/IServiceBusService/SendMessageToESBWithUseGroup" style="document"/>
      <wsdl:input>
        <soap12:body use="literal"/>
      </wsdl:input>
      <wsdl:output>
        <soap12:body use="literal"/>
      </wsdl:output>
    </wsdl:operation>
    <wsdl:operation name="SubscribeClientForEventCallback">
      <soap12:operation soapAction="http://tempuri.org/IServiceBusService/SubscribeClientForEventCallback" style="document"/>
      <wsdl:input>
        <soap12:body use="literal"/>
      </wsdl:input>
      <wsdl:output>
        <soap12:body use="literal"/>
      </wsdl:output>
    </wsdl:operation>
    <wsdl:operation name="SubscribeClientForMessageCallback">
      <soap12:operation soapAction="http://tempuri.org/IServiceBusService/SubscribeClientForMessageCallback" style="document"/>
      <wsdl:input>
        <soap12:body use="literal"/>
      </wsdl:input>
      <wsdl:output>
        <soap12:body use="literal"/>
      </wsdl:output>
    </wsdl:operation>
    <wsdl:operation name="IsUp">
      <soap12:operation soapAction="http://tempuri.org/IServiceBusService/IsUp" style="document"/>
      <wsdl:input>
        <soap12:body use="literal"/>
      </wsdl:input>
      <wsdl:output>
        <soap12:body use="literal"/>
      </wsdl:output>
    </wsdl:operation>
  </wsdl:binding>
  <wsdl:binding name="SBInterop" type="tns:IServiceBusInterop">
    <wsp:PolicyReference URI="#SBInterop_policy"/>
    <soap12:binding transport="http://schemas.xmlsoap.org/soap/http"/>
    <wsdl:operation name="AddNewEvntType">
      <soap12:operation soapAction="http://tempuri.org/IServiceBusInterop/AddNewEvntType" style="document"/>
      <wsdl:input>
        <soap12:body use="literal"/>
      </wsdl:input>
      <wsdl:output>
        <soap12:body use="literal"/>
      </wsdl:output>
    </wsdl:operation>
    <wsdl:operation name="AddNewMsgType">
      <soap12:operation soapAction="http://tempuri.org/IServiceBusInterop/AddNewMsgType" style="document"/>
      <wsdl:input>
        <soap12:body use="literal"/>
      </wsdl:input>
      <wsdl:output>
        <soap12:body use="literal"/>
      </wsdl:output>
    </wsdl:operation>
    <wsdl:operation name="GetEvntTypesFromBus">
      <soap12:operation soapAction="http://tempuri.org/IServiceBusInterop/GetEvntTypesFromBus" style="document"/>
      <wsdl:input>
        <soap12:body use="literal"/>
      </wsdl:input>
      <wsdl:output>
        <soap12:body use="literal"/>
      </wsdl:output>
    </wsdl:operation>
    <wsdl:operation name="GetMsgTypesFromBus">
      <soap12:operation soapAction="http://tempuri.org/IServiceBusInterop/GetMsgTypesFromBus" style="document"/>
      <wsdl:input>
        <soap12:body use="literal"/>
      </wsdl:input>
      <wsdl:output>
        <soap12:body use="literal"/>
      </wsdl:output>
    </wsdl:operation>
    <wsdl:operation name="UpdateClientSubscribesForEvnts">
      <soap12:operation soapAction="http://tempuri.org/IServiceBusInterop/UpdateClientSubscribesForEvnts" style="document"/>
      <wsdl:input>
        <soap12:body use="literal"/>
      </wsdl:input>
      <wsdl:output>
        <soap12:body use="literal"/>
      </wsdl:output>
    </wsdl:operation>
    <wsdl:operation name="UpdateClientSubscribesForMsgs">
      <soap12:operation soapAction="http://tempuri.org/IServiceBusInterop/UpdateClientSubscribesForMsgs" style="document"/>
      <wsdl:input>
        <soap12:body use="literal"/>
      </wsdl:input>
      <wsdl:output>
        <soap12:body use="literal"/>
      </wsdl:output>
    </wsdl:operation>
  </wsdl:binding>
  <wsdl:service name="SBService">
    <wsdl:port name="SBService" binding="tns:SBService">
      <soap12:address location="http://rtc-web:7074/HighwaySBWinMSSQLWcfService"/>
      <wsa10:EndpointReference>
        <wsa10:Address>http://rtc-web:7074/HighwaySBWinMSSQLWcfService</wsa10:Address>
      </wsa10:EndpointReference>
    </wsdl:port>
    <wsdl:port name="SBInterop" binding="tns:SBInterop">
      <soap12:address location="http://rtc-web:7074/HighwaySBWinMSSQLWcfService"/>
      <wsa10:EndpointReference>
        <wsa10:Address>http://rtc-web:7074/HighwaySBWinMSSQLWcfService</wsa10:Address>
      </wsa10:EndpointReference>
    </wsdl:port>
  </wsdl:service>
</wsdl:definitions>]]></con:content><con:type>http://schemas.xmlsoap.org/wsdl/</con:type></con:part><con:part><con:url>http://rtc-web:7074/HighwaySBWinMSSQLWcfService?xsd=xsd0</con:url><con:content><![CDATA[<xs:schema elementFormDefault="qualified" targetNamespace="http://tempuri.org/" xmlns:xs="http://www.w3.org/2001/XMLSchema" xmlns:tns="http://tempuri.org/">
  <xs:import schemaLocation="http://rtc-web:7074/HighwaySBWinMSSQLWcfService?xsd=xsd2" namespace="http://schemas.datacontract.org/2004/07/IIS.Persona.ServiceBus.Objects"/>
  <xs:import schemaLocation="http://rtc-web:7074/HighwaySBWinMSSQLWcfService?xsd=xsd3" namespace="http://schemas.microsoft.com/2003/10/Serialization/Arrays"/>
  <xs:element name="CreateClient">
    <xs:complexType>
      <xs:sequence>
        <xs:element minOccurs="0" name="clientId" nillable="true" type="xs:string"/>
        <xs:element minOccurs="0" name="name" nillable="true" type="xs:string"/>
        <xs:element minOccurs="0" name="address" nillable="true" type="xs:string"/>
      </xs:sequence>
    </xs:complexType>
  </xs:element>
  <xs:element name="CreateClientResponse">
    <xs:complexType>
      <xs:sequence/>
    </xs:complexType>
  </xs:element>
  <xs:element name="DeleteClient">
    <xs:complexType>
      <xs:sequence>
        <xs:element minOccurs="0" name="clientId" nillable="true" type="xs:string"/>
      </xs:sequence>
    </xs:complexType>
  </xs:element>
  <xs:element name="DeleteClientResponse">
    <xs:complexType>
      <xs:sequence/>
    </xs:complexType>
  </xs:element>
  <xs:element name="DoesEventRisen">
    <xs:complexType>
      <xs:sequence>
        <xs:element minOccurs="0" name="ClientID" nillable="true" type="xs:string"/>
        <xs:element minOccurs="0" name="EventTypeID" nillable="true" type="xs:string"/>
      </xs:sequence>
    </xs:complexType>
  </xs:element>
  <xs:element name="DoesEventRisenResponse">
    <xs:complexType>
      <xs:sequence>
        <xs:element minOccurs="0" name="DoesEventRisenResult" type="xs:boolean"/>
      </xs:sequence>
    </xs:complexType>
  </xs:element>
  <xs:element name="GetCurrentMessageCount">
    <xs:complexType>
      <xs:sequence>
        <xs:element minOccurs="0" name="ClientID" nillable="true" type="xs:string"/>
      </xs:sequence>
    </xs:complexType>
  </xs:element>
  <xs:element name="GetCurrentMessageCountResponse">
    <xs:complexType>
      <xs:sequence>
        <xs:element minOccurs="0" name="GetCurrentMessageCountResult" type="xs:int"/>
      </xs:sequence>
    </xs:complexType>
  </xs:element>
  <xs:element name="GetCurrentThisTypeMessageCount">
    <xs:complexType>
      <xs:sequence>
        <xs:element minOccurs="0" name="ClientID" nillable="true" type="xs:string"/>
        <xs:element minOccurs="0" name="MessageTypeID" nillable="true" type="xs:string"/>
      </xs:sequence>
    </xs:complexType>
  </xs:element>
  <xs:element name="GetCurrentThisTypeMessageCountResponse">
    <xs:complexType>
      <xs:sequence>
        <xs:element minOccurs="0" name="GetCurrentThisTypeMessageCountResult" type="xs:int"/>
      </xs:sequence>
    </xs:complexType>
  </xs:element>
  <xs:element name="GetMessageFromESB">
    <xs:complexType>
      <xs:sequence>
        <xs:element minOccurs="0" name="ClientID" nillable="true" type="xs:string"/>
        <xs:element minOccurs="0" name="MessageTypeID" nillable="true" type="xs:string"/>
      </xs:sequence>
    </xs:complexType>
  </xs:element>
  <xs:element name="GetMessageFromESBResponse">
    <xs:complexType>
      <xs:sequence>
        <xs:element minOccurs="0" name="GetMessageFromESBResult" nillable="true" type="q1:MessageFromESB" xmlns:q1="http://schemas.datacontract.org/2004/07/IIS.Persona.ServiceBus.Objects"/>
      </xs:sequence>
    </xs:complexType>
  </xs:element>
  <xs:element name="GetMessageInfo">
    <xs:complexType>
      <xs:sequence>
        <xs:element minOccurs="0" name="clientId" nillable="true" type="xs:string"/>
        <xs:element minOccurs="0" name="messageTypeId" nillable="true" type="xs:string"/>
      </xs:sequence>
    </xs:complexType>
  </xs:element>
  <xs:element name="GetMessageInfoResponse">
    <xs:complexType>
      <xs:sequence>
        <xs:element minOccurs="0" name="GetMessageInfoResult" nillable="true" type="q2:MessageOrderingInformation" xmlns:q2="http://schemas.datacontract.org/2004/07/IIS.Persona.ServiceBus.Objects"/>
      </xs:sequence>
    </xs:complexType>
  </xs:element>
  <xs:element name="GetMessageWithGroupFromESB">
    <xs:complexType>
      <xs:sequence>
        <xs:element minOccurs="0" name="ClientID" nillable="true" type="xs:string"/>
        <xs:element minOccurs="0" name="MessageTypeID" nillable="true" type="xs:string"/>
        <xs:element minOccurs="0" name="groupName" nillable="true" type="xs:string"/>
      </xs:sequence>
    </xs:complexType>
  </xs:element>
  <xs:element name="GetMessageWithGroupFromESBResponse">
    <xs:complexType>
      <xs:sequence>
        <xs:element minOccurs="0" name="GetMessageWithGroupFromESBResult" nillable="true" type="q3:MessageFromESB" xmlns:q3="http://schemas.datacontract.org/2004/07/IIS.Persona.ServiceBus.Objects"/>
      </xs:sequence>
    </xs:complexType>
  </xs:element>
  <xs:element name="GetMessageInfoWithGroup">
    <xs:complexType>
      <xs:sequence>
        <xs:element minOccurs="0" name="clientId" nillable="true" type="xs:string"/>
        <xs:element minOccurs="0" name="messageTypeId" nillable="true" type="xs:string"/>
        <xs:element minOccurs="0" name="groupName" nillable="true" type="xs:string"/>
      </xs:sequence>
    </xs:complexType>
  </xs:element>
  <xs:element name="GetMessageInfoWithGroupResponse">
    <xs:complexType>
      <xs:sequence>
        <xs:element minOccurs="0" name="GetMessageInfoWithGroupResult" nillable="true" type="q4:MessageOrderingInformation" xmlns:q4="http://schemas.datacontract.org/2004/07/IIS.Persona.ServiceBus.Objects"/>
      </xs:sequence>
    </xs:complexType>
  </xs:element>
  <xs:element name="GetMessageWithTagsFromESB">
    <xs:complexType>
      <xs:sequence>
        <xs:element minOccurs="0" name="clientId" nillable="true" type="xs:string"/>
        <xs:element minOccurs="0" name="messageTypeId" nillable="true" type="xs:string"/>
        <xs:element minOccurs="0" name="tags" nillable="true" type="q5:ArrayOfstring" xmlns:q5="http://schemas.microsoft.com/2003/10/Serialization/Arrays"/>
      </xs:sequence>
    </xs:complexType>
  </xs:element>
  <xs:element name="GetMessageWithTagsFromESBResponse">
    <xs:complexType>
      <xs:sequence>
        <xs:element minOccurs="0" name="GetMessageWithTagsFromESBResult" nillable="true" type="q6:MessageFromESB" xmlns:q6="http://schemas.datacontract.org/2004/07/IIS.Persona.ServiceBus.Objects"/>
      </xs:sequence>
    </xs:complexType>
  </xs:element>
  <xs:element name="GetMessageInfoWithTags">
    <xs:complexType>
      <xs:sequence>
        <xs:element minOccurs="0" name="clientId" nillable="true" type="xs:string"/>
        <xs:element minOccurs="0" name="messageTypeId" nillable="true" type="xs:string"/>
        <xs:element minOccurs="0" name="tags" nillable="true" type="q7:ArrayOfstring" xmlns:q7="http://schemas.microsoft.com/2003/10/Serialization/Arrays"/>
      </xs:sequence>
    </xs:complexType>
  </xs:element>
  <xs:element name="GetMessageInfoWithTagsResponse">
    <xs:complexType>
      <xs:sequence>
        <xs:element minOccurs="0" name="GetMessageInfoWithTagsResult" nillable="true" type="q8:MessageOrderingInformation" xmlns:q8="http://schemas.datacontract.org/2004/07/IIS.Persona.ServiceBus.Objects"/>
      </xs:sequence>
    </xs:complexType>
  </xs:element>
  <xs:element name="RiseEventOnESB">
    <xs:complexType>
      <xs:sequence>
        <xs:element minOccurs="0" name="ClientID" nillable="true" type="xs:string"/>
        <xs:element minOccurs="0" name="EventTypeID" nillable="true" type="xs:string"/>
      </xs:sequence>
    </xs:complexType>
  </xs:element>
  <xs:element name="RiseEventOnESBResponse">
    <xs:complexType>
      <xs:sequence/>
    </xs:complexType>
  </xs:element>
  <xs:element name="SendMessageToESB">
    <xs:complexType>
      <xs:sequence>
        <xs:element minOccurs="0" name="message" nillable="true" type="q9:MessageForESB" xmlns:q9="http://schemas.datacontract.org/2004/07/IIS.Persona.ServiceBus.Objects"/>
      </xs:sequence>
    </xs:complexType>
  </xs:element>
  <xs:element name="SendMessageToESBResponse">
    <xs:complexType>
      <xs:sequence/>
    </xs:complexType>
  </xs:element>
  <xs:element name="SendMessageToESBWithUseGroup">
    <xs:complexType>
      <xs:sequence>
        <xs:element minOccurs="0" name="message" nillable="true" type="q10:MessageForESB" xmlns:q10="http://schemas.datacontract.org/2004/07/IIS.Persona.ServiceBus.Objects"/>
        <xs:element minOccurs="0" name="groupName" nillable="true" type="xs:string"/>
      </xs:sequence>
    </xs:complexType>
  </xs:element>
  <xs:element name="SendMessageToESBWithUseGroupResponse">
    <xs:complexType>
      <xs:sequence/>
    </xs:complexType>
  </xs:element>
  <xs:element name="SubscribeClientForEventCallback">
    <xs:complexType>
      <xs:sequence>
        <xs:element minOccurs="0" name="ClientID" nillable="true" type="xs:string"/>
        <xs:element minOccurs="0" name="EventTypeID" nillable="true" type="xs:string"/>
      </xs:sequence>
    </xs:complexType>
  </xs:element>
  <xs:element name="SubscribeClientForEventCallbackResponse">
    <xs:complexType>
      <xs:sequence/>
    </xs:complexType>
  </xs:element>
  <xs:element name="SubscribeClientForMessageCallback">
    <xs:complexType>
      <xs:sequence>
        <xs:element minOccurs="0" name="ClientID" nillable="true" type="xs:string"/>
        <xs:element minOccurs="0" name="MessageTypeID" nillable="true" type="xs:string"/>
      </xs:sequence>
    </xs:complexType>
  </xs:element>
  <xs:element name="SubscribeClientForMessageCallbackResponse">
    <xs:complexType>
      <xs:sequence/>
    </xs:complexType>
  </xs:element>
  <xs:element name="IsUp">
    <xs:complexType>
      <xs:sequence/>
    </xs:complexType>
  </xs:element>
  <xs:element name="IsUpResponse">
    <xs:complexType>
      <xs:sequence>
        <xs:element minOccurs="0" name="IsUpResult" type="xs:boolean"/>
      </xs:sequence>
    </xs:complexType>
  </xs:element>
  <xs:element name="AddNewEvntType">
    <xs:complexType>
      <xs:sequence>
        <xs:element minOccurs="0" name="evntType" nillable="true" type="q11:NameCommentStruct" xmlns:q11="http://schemas.datacontract.org/2004/07/IIS.Persona.ServiceBus.Objects"/>
      </xs:sequence>
    </xs:complexType>
  </xs:element>
  <xs:element name="AddNewEvntTypeResponse">
    <xs:complexType>
      <xs:sequence/>
    </xs:complexType>
  </xs:element>
  <xs:element name="AddNewMsgType">
    <xs:complexType>
      <xs:sequence>
        <xs:element minOccurs="0" name="msgType" nillable="true" type="q12:NameCommentStruct" xmlns:q12="http://schemas.datacontract.org/2004/07/IIS.Persona.ServiceBus.Objects"/>
      </xs:sequence>
    </xs:complexType>
  </xs:element>
  <xs:element name="AddNewMsgTypeResponse">
    <xs:complexType>
      <xs:sequence/>
    </xs:complexType>
  </xs:element>
  <xs:element name="GetEvntTypesFromBus">
    <xs:complexType>
      <xs:sequence>
        <xs:element minOccurs="0" name="ClientID" nillable="true" type="xs:string"/>
      </xs:sequence>
    </xs:complexType>
  </xs:element>
  <xs:element name="GetEvntTypesFromBusResponse">
    <xs:complexType>
      <xs:sequence>
        <xs:element minOccurs="0" name="GetEvntTypesFromBusResult" nillable="true" type="q13:ArrayOfNameCommentStruct" xmlns:q13="http://schemas.datacontract.org/2004/07/IIS.Persona.ServiceBus.Objects"/>
      </xs:sequence>
    </xs:complexType>
  </xs:element>
  <xs:element name="GetMsgTypesFromBus">
    <xs:complexType>
      <xs:sequence>
        <xs:element minOccurs="0" name="ClientID" nillable="true" type="xs:string"/>
      </xs:sequence>
    </xs:complexType>
  </xs:element>
  <xs:element name="GetMsgTypesFromBusResponse">
    <xs:complexType>
      <xs:sequence>
        <xs:element minOccurs="0" name="GetMsgTypesFromBusResult" nillable="true" type="q14:ArrayOfNameCommentStruct" xmlns:q14="http://schemas.datacontract.org/2004/07/IIS.Persona.ServiceBus.Objects"/>
      </xs:sequence>
    </xs:complexType>
  </xs:element>
  <xs:element name="UpdateClientSubscribesForEvnts">
    <xs:complexType>
      <xs:sequence>
        <xs:element minOccurs="0" name="ClientID" nillable="true" type="xs:string"/>
      </xs:sequence>
    </xs:complexType>
  </xs:element>
  <xs:element name="UpdateClientSubscribesForEvntsResponse">
    <xs:complexType>
      <xs:sequence/>
    </xs:complexType>
  </xs:element>
  <xs:element name="UpdateClientSubscribesForMsgs">
    <xs:complexType>
      <xs:sequence>
        <xs:element minOccurs="0" name="ClientID" nillable="true" type="xs:string"/>
      </xs:sequence>
    </xs:complexType>
  </xs:element>
  <xs:element name="UpdateClientSubscribesForMsgsResponse">
    <xs:complexType>
      <xs:sequence/>
    </xs:complexType>
  </xs:element>
</xs:schema>]]></con:content><con:type>http://www.w3.org/2001/XMLSchema</con:type></con:part><con:part><con:url>http://rtc-web:7074/HighwaySBWinMSSQLWcfService?xsd=xsd2</con:url><con:content><![CDATA[<xs:schema elementFormDefault="qualified" targetNamespace="http://schemas.datacontract.org/2004/07/IIS.Persona.ServiceBus.Objects" xmlns:xs="http://www.w3.org/2001/XMLSchema" xmlns:tns="http://schemas.datacontract.org/2004/07/IIS.Persona.ServiceBus.Objects">
  <xs:import schemaLocation="http://rtc-web:7074/HighwaySBWinMSSQLWcfService?xsd=xsd3" namespace="http://schemas.microsoft.com/2003/10/Serialization/Arrays"/>
  <xs:complexType name="MessageFromESB">
    <xs:sequence>
      <xs:element minOccurs="0" name="Attachment" nillable="true" type="xs:base64Binary"/>
      <xs:element minOccurs="0" name="Body" nillable="true" type="xs:string"/>
      <xs:element minOccurs="0" name="GroupID" nillable="true" type="xs:string"/>
      <xs:element minOccurs="0" name="MessageFormingTime" type="xs:dateTime"/>
      <xs:element minOccurs="0" name="MessageTypeID" nillable="true" type="xs:string"/>
      <xs:element minOccurs="0" name="SenderName" nillable="true" type="xs:string"/>
      <xs:element minOccurs="0" name="Tags" nillable="true" type="q1:ArrayOfKeyValueOfstringstring" xmlns:q1="http://schemas.microsoft.com/2003/10/Serialization/Arrays"/>
    </xs:sequence>
  </xs:complexType>
  <xs:element name="MessageFromESB" nillable="true" type="tns:MessageFromESB"/>
  <xs:complexType name="MessageOrderingInformation">
    <xs:sequence>
      <xs:element minOccurs="0" name="FormingTime" type="xs:dateTime"/>
      <xs:element minOccurs="0" name="Priority" type="xs:int"/>
    </xs:sequence>
  </xs:complexType>
  <xs:element name="MessageOrderingInformation" nillable="true" type="tns:MessageOrderingInformation"/>
  <xs:complexType name="MessageForESB">
    <xs:sequence>
      <xs:element minOccurs="0" name="Attachment" nillable="true" type="xs:base64Binary"/>
      <xs:element minOccurs="0" name="Body" nillable="true" type="xs:string"/>
      <xs:element minOccurs="0" name="ClientID" nillable="true" type="xs:string"/>
      <xs:element minOccurs="0" name="MessageTypeID" nillable="true" type="xs:string"/>
      <xs:element minOccurs="0" name="Priority" type="xs:int"/>
      <xs:element minOccurs="0" name="Tags" nillable="true" type="q2:ArrayOfKeyValueOfstringstring" xmlns:q2="http://schemas.microsoft.com/2003/10/Serialization/Arrays"/>
    </xs:sequence>
  </xs:complexType>
  <xs:element name="MessageForESB" nillable="true" type="tns:MessageForESB"/>
  <xs:complexType name="NameCommentStruct">
    <xs:sequence>
      <xs:element minOccurs="0" name="comment" nillable="true" type="xs:string"/>
      <xs:element minOccurs="0" name="id" nillable="true" type="xs:string"/>
      <xs:element minOccurs="0" name="name" nillable="true" type="xs:string"/>
    </xs:sequence>
  </xs:complexType>
  <xs:element name="NameCommentStruct" nillable="true" type="tns:NameCommentStruct"/>
  <xs:complexType name="ArrayOfNameCommentStruct">
    <xs:sequence>
      <xs:element minOccurs="0" maxOccurs="unbounded" name="NameCommentStruct" nillable="true" type="tns:NameCommentStruct"/>
    </xs:sequence>
  </xs:complexType>
  <xs:element name="ArrayOfNameCommentStruct" nillable="true" type="tns:ArrayOfNameCommentStruct"/>
</xs:schema>]]></con:content><con:type>http://www.w3.org/2001/XMLSchema</con:type></con:part><con:part><con:url>http://rtc-web:7074/HighwaySBWinMSSQLWcfService?xsd=xsd3</con:url><con:content><![CDATA[<xs:schema elementFormDefault="qualified" targetNamespace="http://schemas.microsoft.com/2003/10/Serialization/Arrays" xmlns:xs="http://www.w3.org/2001/XMLSchema" xmlns:tns="http://schemas.microsoft.com/2003/10/Serialization/Arrays">
  <xs:complexType name="ArrayOfKeyValueOfstringstring">
    <xs:annotation>
      <xs:appinfo>
        <IsDictionary xmlns="http://schemas.microsoft.com/2003/10/Serialization/">true</IsDictionary>
      </xs:appinfo>
    </xs:annotation>
    <xs:sequence>
      <xs:element minOccurs="0" maxOccurs="unbounded" name="KeyValueOfstringstring">
        <xs:complexType>
          <xs:sequence>
            <xs:element name="Key" nillable="true" type="xs:string"/>
            <xs:element name="Value" nillable="true" type="xs:string"/>
          </xs:sequence>
        </xs:complexType>
      </xs:element>
    </xs:sequence>
  </xs:complexType>
  <xs:element name="ArrayOfKeyValueOfstringstring" nillable="true" type="tns:ArrayOfKeyValueOfstringstring"/>
  <xs:complexType name="ArrayOfstring">
    <xs:sequence>
      <xs:element minOccurs="0" maxOccurs="unbounded" name="string" nillable="true" type="xs:string"/>
    </xs:sequence>
  </xs:complexType>
  <xs:element name="ArrayOfstring" nillable="true" type="tns:ArrayOfstring"/>
</xs:schema>]]></con:content><con:type>http://www.w3.org/2001/XMLSchema</con:type></con:part><con:part><con:url>http://rtc-web:7074/HighwaySBWinMSSQLWcfService?xsd=xsd1</con:url><con:content><![CDATA[<xs:schema attributeFormDefault="qualified" elementFormDefault="qualified" targetNamespace="http://schemas.microsoft.com/2003/10/Serialization/" xmlns:xs="http://www.w3.org/2001/XMLSchema" xmlns:tns="http://schemas.microsoft.com/2003/10/Serialization/">
  <xs:element name="anyType" nillable="true" type="xs:anyType"/>
  <xs:element name="anyURI" nillable="true" type="xs:anyURI"/>
  <xs:element name="base64Binary" nillable="true" type="xs:base64Binary"/>
  <xs:element name="boolean" nillable="true" type="xs:boolean"/>
  <xs:element name="byte" nillable="true" type="xs:byte"/>
  <xs:element name="dateTime" nillable="true" type="xs:dateTime"/>
  <xs:element name="decimal" nillable="true" type="xs:decimal"/>
  <xs:element name="double" nillable="true" type="xs:double"/>
  <xs:element name="float" nillable="true" type="xs:float"/>
  <xs:element name="int" nillable="true" type="xs:int"/>
  <xs:element name="long" nillable="true" type="xs:long"/>
  <xs:element name="QName" nillable="true" type="xs:QName"/>
  <xs:element name="short" nillable="true" type="xs:short"/>
  <xs:element name="string" nillable="true" type="xs:string"/>
  <xs:element name="unsignedByte" nillable="true" type="xs:unsignedByte"/>
  <xs:element name="unsignedInt" nillable="true" type="xs:unsignedInt"/>
  <xs:element name="unsignedLong" nillable="true" type="xs:unsignedLong"/>
  <xs:element name="unsignedShort" nillable="true" type="xs:unsignedShort"/>
  <xs:element name="char" nillable="true" type="tns:char"/>
  <xs:simpleType name="char">
    <xs:restriction base="xs:int"/>
  </xs:simpleType>
  <xs:element name="duration" nillable="true" type="tns:duration"/>
  <xs:simpleType name="duration">
    <xs:restriction base="xs:duration">
      <xs:pattern value="\-?P(\d*D)?(T(\d*H)?(\d*M)?(\d*(\.\d*)?S)?)?"/>
      <xs:minInclusive value="-P10675199DT2H48M5.4775808S"/>
      <xs:maxInclusive value="P10675199DT2H48M5.4775807S"/>
    </xs:restriction>
  </xs:simpleType>
  <xs:element name="guid" nillable="true" type="tns:guid"/>
  <xs:simpleType name="guid">
    <xs:restriction base="xs:string">
      <xs:pattern value="[\da-fA-F]{8}-[\da-fA-F]{4}-[\da-fA-F]{4}-[\da-fA-F]{4}-[\da-fA-F]{12}"/>
    </xs:restriction>
  </xs:simpleType>
  <xs:attribute name="FactoryType" type="xs:QName"/>
  <xs:attribute name="Id" type="xs:ID"/>
  <xs:attribute name="Ref" type="xs:IDREF"/>
</xs:schema>]]></con:content><con:type>http://www.w3.org/2001/XMLSchema</con:type></con:part></con:definitionCache><con:endpoints><con:endpoint>http://rtc-web:7074/HighwaySBWinMSSQLWcfService</con:endpoint></con:endpoints><con:operation id="626f562d-bba0-496d-94dc-ff0bf7c43496" isOneWay="false" action="http://tempuri.org/IServiceBusInterop/AddNewEvntType" name="AddNewEvntType" bindingOperationName="AddNewEvntType" type="Request-Response" inputName="" receivesAttachments="false" sendsAttachments="false" anonymous="optional"><con:settings/><con:call id="afc9ef4c-93a1-44f1-bbd3-fbe4f9848465" name="Request 1" useWsAddressing="true"><con:settings/><con:encoding>UTF-8</con:encoding><con:endpoint>http://rtc-web:7074/HighwaySBWinMSSQLWcfService</con:endpoint><con:request><![CDATA[<soap:Envelope xmlns:soap="http://www.w3.org/2003/05/soap-envelope" xmlns:tem="http://tempuri.org/" xmlns:iis="http://schemas.datacontract.org/2004/07/IIS.Persona.ServiceBus.Objects">\r
   <soap:Header/>\r
   <soap:Body>\r
      <tem:AddNewEvntType>\r
         <!--Optional:-->\r
         <tem:evntType>\r
            <!--Optional:-->\r
            <iis:comment>?</iis:comment>\r
            <!--Optional:-->\r
            <iis:id>?</iis:id>\r
            <!--Optional:-->\r
            <iis:name>?</iis:name>\r
         </tem:evntType>\r
      </tem:AddNewEvntType>\r
   </soap:Body>\r
</soap:Envelope>]]></con:request><con:credentials><con:authType>No Authorization</con:authType></con:credentials><con:jmsConfig JMSDeliveryMode="PERSISTENT"/><con:jmsPropertyConfig/><con:wsaConfig mustUnderstand="NONE" version="200508" action="http://tempuri.org/IServiceBusInterop/AddNewEvntType"/><con:wsrmConfig version="1.2"/></con:call></con:operation><con:operation id="644bee4e-e126-4dfe-9978-7805fc2f4ce7" isOneWay="false" action="http://tempuri.org/IServiceBusInterop/AddNewMsgType" name="AddNewMsgType" bindingOperationName="AddNewMsgType" type="Request-Response" inputName="" receivesAttachments="false" sendsAttachments="false" anonymous="optional"><con:settings/><con:call id="df0dff00-5e70-4c5e-a57d-3e24fff96449" name="Request 1" useWsAddressing="true"><con:settings/><con:encoding>UTF-8</con:encoding><con:endpoint>http://rtc-web:7074/HighwaySBWinMSSQLWcfService</con:endpoint><con:request><![CDATA[<soap:Envelope xmlns:soap="http://www.w3.org/2003/05/soap-envelope" xmlns:tem="http://tempuri.org/" xmlns:iis="http://schemas.datacontract.org/2004/07/IIS.Persona.ServiceBus.Objects">\r
   <soap:Header/>\r
   <soap:Body>\r
      <tem:AddNewMsgType>\r
         <!--Optional:-->\r
         <tem:msgType>\r
            <!--Optional:-->\r
            <iis:comment>?</iis:comment>\r
            <!--Optional:-->\r
            <iis:id>?</iis:id>\r
            <!--Optional:-->\r
            <iis:name>?</iis:name>\r
         </tem:msgType>\r
      </tem:AddNewMsgType>\r
   </soap:Body>\r
</soap:Envelope>]]></con:request><con:wsaConfig mustUnderstand="NONE" version="200508" action="http://tempuri.org/IServiceBusInterop/AddNewMsgType"/></con:call></con:operation><con:operation id="de874229-954a-45dd-9786-52c886cb8277" isOneWay="false" action="http://tempuri.org/IServiceBusInterop/GetEvntTypesFromBus" name="GetEvntTypesFromBus" bindingOperationName="GetEvntTypesFromBus" type="Request-Response" inputName="" receivesAttachments="false" sendsAttachments="false" anonymous="optional"><con:settings/><con:call id="174d0d34-bdbd-439e-8f68-ae8bd31e647b" name="Request 1" useWsAddressing="true"><con:settings/><con:encoding>UTF-8</con:encoding><con:endpoint>http://rtc-web:7074/HighwaySBWinMSSQLWcfService</con:endpoint><con:request><![CDATA[<soap:Envelope xmlns:soap="http://www.w3.org/2003/05/soap-envelope" xmlns:tem="http://tempuri.org/">\r
   <soap:Header/>\r
   <soap:Body>\r
      <tem:GetEvntTypesFromBus>\r
         <!--Optional:-->\r
         <tem:ClientID>?</tem:ClientID>\r
      </tem:GetEvntTypesFromBus>\r
   </soap:Body>\r
</soap:Envelope>]]></con:request><con:wsaConfig mustUnderstand="NONE" version="200508" action="http://tempuri.org/IServiceBusInterop/GetEvntTypesFromBus"/></con:call></con:operation><con:operation id="06f0d787-65f6-4fd1-a9f9-ed429c1f9644" isOneWay="false" action="http://tempuri.org/IServiceBusInterop/GetMsgTypesFromBus" name="GetMsgTypesFromBus" bindingOperationName="GetMsgTypesFromBus" type="Request-Response" inputName="" receivesAttachments="false" sendsAttachments="false" anonymous="optional"><con:settings/><con:call id="6cfa755d-2687-47fb-93a0-f69067dcbc91" name="Request 1" useWsAddressing="true"><con:settings/><con:encoding>UTF-8</con:encoding><con:endpoint>http://rtc-web:7074/HighwaySBWinMSSQLWcfService</con:endpoint><con:request><![CDATA[<soap:Envelope xmlns:soap="http://www.w3.org/2003/05/soap-envelope" xmlns:tem="http://tempuri.org/">\r
   <soap:Header/>\r
   <soap:Body>\r
      <tem:GetMsgTypesFromBus>\r
         <!--Optional:-->\r
         <tem:ClientID>?</tem:ClientID>\r
      </tem:GetMsgTypesFromBus>\r
   </soap:Body>\r
</soap:Envelope>]]></con:request><con:wsaConfig mustUnderstand="NONE" version="200508" action="http://tempuri.org/IServiceBusInterop/GetMsgTypesFromBus"/></con:call></con:operation><con:operation id="5754422e-064f-479a-b1d7-f02fbfff2bef" isOneWay="false" action="http://tempuri.org/IServiceBusInterop/UpdateClientSubscribesForEvnts" name="UpdateClientSubscribesForEvnts" bindingOperationName="UpdateClientSubscribesForEvnts" type="Request-Response" inputName="" receivesAttachments="false" sendsAttachments="false" anonymous="optional"><con:settings/><con:call id="f16d941b-c65d-42c4-a872-3b8a206eb637" name="Request 1" useWsAddressing="true"><con:settings/><con:encoding>UTF-8</con:encoding><con:endpoint>http://rtc-web:7074/HighwaySBWinMSSQLWcfService</con:endpoint><con:request><![CDATA[<soap:Envelope xmlns:soap="http://www.w3.org/2003/05/soap-envelope" xmlns:tem="http://tempuri.org/">\r
   <soap:Header/>\r
   <soap:Body>\r
      <tem:UpdateClientSubscribesForEvnts>\r
         <!--Optional:-->\r
         <tem:ClientID>?</tem:ClientID>\r
      </tem:UpdateClientSubscribesForEvnts>\r
   </soap:Body>\r
</soap:Envelope>]]></con:request><con:wsaConfig mustUnderstand="NONE" version="200508" action="http://tempuri.org/IServiceBusInterop/UpdateClientSubscribesForEvnts"/></con:call></con:operation><con:operation id="98d59f55-cf3d-4e48-a21e-167f972fd466" isOneWay="false" action="http://tempuri.org/IServiceBusInterop/UpdateClientSubscribesForMsgs" name="UpdateClientSubscribesForMsgs" bindingOperationName="UpdateClientSubscribesForMsgs" type="Request-Response" inputName="" receivesAttachments="false" sendsAttachments="false" anonymous="optional"><con:settings/><con:call id="eb2ee131-e994-4d5d-992a-1d459ad14696" name="Request 1" useWsAddressing="true"><con:settings/><con:encoding>UTF-8</con:encoding><con:endpoint>http://rtc-web:7074/HighwaySBWinMSSQLWcfService</con:endpoint><con:request><![CDATA[<soap:Envelope xmlns:soap="http://www.w3.org/2003/05/soap-envelope" xmlns:tem="http://tempuri.org/">\r
   <soap:Header/>\r
   <soap:Body>\r
      <tem:UpdateClientSubscribesForMsgs>\r
         <!--Optional:-->\r
         <tem:ClientID>?</tem:ClientID>\r
      </tem:UpdateClientSubscribesForMsgs>\r
   </soap:Body>\r
</soap:Envelope>]]></con:request><con:wsaConfig mustUnderstand="NONE" version="200508" action="http://tempuri.org/IServiceBusInterop/UpdateClientSubscribesForMsgs"/></con:call></con:operation></con:interface><con:interface xsi:type="con:WsdlInterface" id="d67c419e-2b32-4a03-b3ef-ce5f27bb04e6" wsaVersion="200508" name="ICallbackSubscriber" type="wsdl" bindingName="{http://tempuri.org/}WSHttpBinding_ICallbackSubscriber" soapVersion="1_2" anonymous="optional" definition="http://tempuri.org/HighwaySBRecipientCallback?wsdl" xmlns:xsi="http://www.w3.org/2001/XMLSchema-instance"><con:settings/><con:definitionCache type="TEXT" rootPart="http://dis-riep:1234/RcsSbListener?singleWsdl"><con:part><con:url>http://dis-riep:1234/RcsSbListener?singleWsdl</con:url><con:content><![CDATA[<wsdl:definitions name="SbListener" targetNamespace="http://tempuri.org/" xmlns:wsdl="http://schemas.xmlsoap.org/wsdl/" xmlns:wsap="http://schemas.xmlsoap.org/ws/2004/08/addressing/policy" xmlns:wsa10="http://www.w3.org/2005/08/addressing" xmlns:tns="http://tempuri.org/" xmlns:msc="http://schemas.microsoft.com/ws/2005/12/wsdl/contract" xmlns:soapenc="http://schemas.xmlsoap.org/soap/encoding/" xmlns:wsx="http://schemas.xmlsoap.org/ws/2004/09/mex" xmlns:soap="http://schemas.xmlsoap.org/wsdl/soap/" xmlns:wsam="http://www.w3.org/2007/05/addressing/metadata" xmlns:wsa="http://schemas.xmlsoap.org/ws/2004/08/addressing" xmlns:wsp="http://schemas.xmlsoap.org/ws/2004/09/policy" xmlns:wsaw="http://www.w3.org/2006/05/addressing/wsdl" xmlns:soap12="http://schemas.xmlsoap.org/wsdl/soap12/" xmlns:wsu="http://docs.oasis-open.org/wss/2004/01/oasis-200401-wss-wssecurity-utility-1.0.xsd" xmlns:xsd="http://www.w3.org/2001/XMLSchema">
  <wsp:Policy wsu:Id="WSHttpBinding_ICallbackSubscriber_policy">
    <wsp:ExactlyOne>
      <wsp:All>
        <wsaw:UsingAddressing/>
      </wsp:All>
    </wsp:ExactlyOne>
  </wsp:Policy>
  <wsdl:types>
    <xs:schema elementFormDefault="qualified" targetNamespace="http://tempuri.org/" xmlns:xs="http://www.w3.org/2001/XMLSchema">
      <xs:import namespace="http://schemas.datacontract.org/2004/07/IIS.Persona.ServiceBus.Objects"/>
      <xs:element name="AcceptMessage">
        <xs:complexType>
          <xs:sequence>
            <xs:element minOccurs="0" name="msg" nillable="true" type="q1:MessageFromESB" xmlns:q1="http://schemas.datacontract.org/2004/07/IIS.Persona.ServiceBus.Objects"/>
          </xs:sequence>
        </xs:complexType>
      </xs:element>
      <xs:element name="AcceptMessageResponse">
        <xs:complexType>
          <xs:sequence/>
        </xs:complexType>
      </xs:element>
      <xs:element name="GetSourceId">
        <xs:complexType>
          <xs:sequence/>
        </xs:complexType>
      </xs:element>
      <xs:element name="GetSourceIdResponse">
        <xs:complexType>
          <xs:sequence>
            <xs:element minOccurs="0" name="GetSourceIdResult" nillable="true" type="xs:string"/>
          </xs:sequence>
        </xs:complexType>
      </xs:element>
      <xs:element name="RiseEvent">
        <xs:complexType>
          <xs:sequence>
            <xs:element minOccurs="0" name="ИдТипаСобытия" nillable="true" type="xs:string"/>
          </xs:sequence>
        </xs:complexType>
      </xs:element>
      <xs:element name="RiseEventResponse">
        <xs:complexType>
          <xs:sequence/>
        </xs:complexType>
      </xs:element>
    </xs:schema>
    <xs:schema attributeFormDefault="qualified" elementFormDefault="qualified" targetNamespace="http://schemas.microsoft.com/2003/10/Serialization/" xmlns:xs="http://www.w3.org/2001/XMLSchema" xmlns:tns="http://schemas.microsoft.com/2003/10/Serialization/">
      <xs:element name="anyType" nillable="true" type="xs:anyType"/>
      <xs:element name="anyURI" nillable="true" type="xs:anyURI"/>
      <xs:element name="base64Binary" nillable="true" type="xs:base64Binary"/>
      <xs:element name="boolean" nillable="true" type="xs:boolean"/>
      <xs:element name="byte" nillable="true" type="xs:byte"/>
      <xs:element name="dateTime" nillable="true" type="xs:dateTime"/>
      <xs:element name="decimal" nillable="true" type="xs:decimal"/>
      <xs:element name="double" nillable="true" type="xs:double"/>
      <xs:element name="float" nillable="true" type="xs:float"/>
      <xs:element name="int" nillable="true" type="xs:int"/>
      <xs:element name="long" nillable="true" type="xs:long"/>
      <xs:element name="QName" nillable="true" type="xs:QName"/>
      <xs:element name="short" nillable="true" type="xs:short"/>
      <xs:element name="string" nillable="true" type="xs:string"/>
      <xs:element name="unsignedByte" nillable="true" type="xs:unsignedByte"/>
      <xs:element name="unsignedInt" nillable="true" type="xs:unsignedInt"/>
      <xs:element name="unsignedLong" nillable="true" type="xs:unsignedLong"/>
      <xs:element name="unsignedShort" nillable="true" type="xs:unsignedShort"/>
      <xs:element name="char" nillable="true" type="tns:char"/>
      <xs:simpleType name="char">
        <xs:restriction base="xs:int"/>
      </xs:simpleType>
      <xs:element name="duration" nillable="true" type="tns:duration"/>
      <xs:simpleType name="duration">
        <xs:restriction base="xs:duration">
          <xs:pattern value="\-?P(\d*D)?(T(\d*H)?(\d*M)?(\d*(\.\d*)?S)?)?"/>
          <xs:minInclusive value="-P10675199DT2H48M5.4775808S"/>
          <xs:maxInclusive value="P10675199DT2H48M5.4775807S"/>
        </xs:restriction>
      </xs:simpleType>
      <xs:element name="guid" nillable="true" type="tns:guid"/>
      <xs:simpleType name="guid">
        <xs:restriction base="xs:string">
          <xs:pattern value="[\da-fA-F]{8}-[\da-fA-F]{4}-[\da-fA-F]{4}-[\da-fA-F]{4}-[\da-fA-F]{12}"/>
        </xs:restriction>
      </xs:simpleType>
      <xs:attribute name="FactoryType" type="xs:QName"/>
      <xs:attribute name="Id" type="xs:ID"/>
      <xs:attribute name="Ref" type="xs:IDREF"/>
    </xs:schema>
    <xs:schema elementFormDefault="qualified" targetNamespace="http://schemas.datacontract.org/2004/07/IIS.Persona.ServiceBus.Objects" xmlns:xs="http://www.w3.org/2001/XMLSchema" xmlns:tns="http://schemas.datacontract.org/2004/07/IIS.Persona.ServiceBus.Objects">
      <xs:import namespace="http://schemas.microsoft.com/2003/10/Serialization/Arrays"/>
      <xs:complexType name="MessageFromESB">
        <xs:sequence>
          <xs:element minOccurs="0" name="Attachment" nillable="true" type="xs:base64Binary"/>
          <xs:element minOccurs="0" name="Body" nillable="true" type="xs:string"/>
          <xs:element minOccurs="0" name="GroupID" nillable="true" type="xs:string"/>
          <xs:element minOccurs="0" name="MessageFormingTime" type="xs:dateTime"/>
          <xs:element minOccurs="0" name="MessageTypeID" nillable="true" type="xs:string"/>
          <xs:element minOccurs="0" name="SenderName" nillable="true" type="xs:string"/>
          <xs:element minOccurs="0" name="Tags" nillable="true" type="q1:ArrayOfKeyValueOfstringstring" xmlns:q1="http://schemas.microsoft.com/2003/10/Serialization/Arrays"/>
        </xs:sequence>
      </xs:complexType>
      <xs:element name="MessageFromESB" nillable="true" type="tns:MessageFromESB"/>
    </xs:schema>
    <xs:schema elementFormDefault="qualified" targetNamespace="http://schemas.microsoft.com/2003/10/Serialization/Arrays" xmlns:xs="http://www.w3.org/2001/XMLSchema" xmlns:tns="http://schemas.microsoft.com/2003/10/Serialization/Arrays">
      <xs:complexType name="ArrayOfKeyValueOfstringstring">
        <xs:annotation>
          <xs:appinfo>
            <IsDictionary xmlns="http://schemas.microsoft.com/2003/10/Serialization/">true</IsDictionary>
          </xs:appinfo>
        </xs:annotation>
        <xs:sequence>
          <xs:element minOccurs="0" maxOccurs="unbounded" name="KeyValueOfstringstring">
            <xs:complexType>
              <xs:sequence>
                <xs:element name="Key" nillable="true" type="xs:string"/>
                <xs:element name="Value" nillable="true" type="xs:string"/>
              </xs:sequence>
            </xs:complexType>
          </xs:element>
        </xs:sequence>
      </xs:complexType>
      <xs:element name="ArrayOfKeyValueOfstringstring" nillable="true" type="tns:ArrayOfKeyValueOfstringstring"/>
    </xs:schema>
  </wsdl:types>
  <wsdl:message name="ICallbackSubscriber_AcceptMessage_InputMessage">
    <wsdl:part name="parameters" element="tns:AcceptMessage"/>
  </wsdl:message>
  <wsdl:message name="ICallbackSubscriber_AcceptMessage_OutputMessage">
    <wsdl:part name="parameters" element="tns:AcceptMessageResponse"/>
  </wsdl:message>
  <wsdl:message name="ICallbackSubscriber_GetSourceId_InputMessage">
    <wsdl:part name="parameters" element="tns:GetSourceId"/>
  </wsdl:message>
  <wsdl:message name="ICallbackSubscriber_GetSourceId_OutputMessage">
    <wsdl:part name="parameters" element="tns:GetSourceIdResponse"/>
  </wsdl:message>
  <wsdl:message name="ICallbackSubscriber_RiseEvent_InputMessage">
    <wsdl:part name="parameters" element="tns:RiseEvent"/>
  </wsdl:message>
  <wsdl:message name="ICallbackSubscriber_RiseEvent_OutputMessage">
    <wsdl:part name="parameters" element="tns:RiseEventResponse"/>
  </wsdl:message>
  <wsdl:portType name="ICallbackSubscriber">
    <wsdl:operation name="AcceptMessage">
      <wsdl:input wsaw:Action="http://tempuri.org/ICallbackSubscriber/AcceptMessage" message="tns:ICallbackSubscriber_AcceptMessage_InputMessage"/>
      <wsdl:output wsaw:Action="http://tempuri.org/ICallbackSubscriber/AcceptMessageResponse" message="tns:ICallbackSubscriber_AcceptMessage_OutputMessage"/>
    </wsdl:operation>
    <wsdl:operation name="GetSourceId">
      <wsdl:input wsaw:Action="http://tempuri.org/ICallbackSubscriber/GetSourceId" message="tns:ICallbackSubscriber_GetSourceId_InputMessage"/>
      <wsdl:output wsaw:Action="http://tempuri.org/ICallbackSubscriber/GetSourceIdResponse" message="tns:ICallbackSubscriber_GetSourceId_OutputMessage"/>
    </wsdl:operation>
    <wsdl:operation name="RiseEvent">
      <wsdl:input wsaw:Action="http://tempuri.org/ICallbackSubscriber/RiseEvent" message="tns:ICallbackSubscriber_RiseEvent_InputMessage"/>
      <wsdl:output wsaw:Action="http://tempuri.org/ICallbackSubscriber/RiseEventResponse" message="tns:ICallbackSubscriber_RiseEvent_OutputMessage"/>
    </wsdl:operation>
  </wsdl:portType>
  <wsdl:binding name="WSHttpBinding_ICallbackSubscriber" type="tns:ICallbackSubscriber">
    <wsp:PolicyReference URI="#WSHttpBinding_ICallbackSubscriber_policy"/>
    <soap12:binding transport="http://schemas.xmlsoap.org/soap/http"/>
    <wsdl:operation name="AcceptMessage">
      <soap12:operation soapAction="http://tempuri.org/ICallbackSubscriber/AcceptMessage" style="document"/>
      <wsdl:input>
        <soap12:body use="literal"/>
      </wsdl:input>
      <wsdl:output>
        <soap12:body use="literal"/>
      </wsdl:output>
    </wsdl:operation>
    <wsdl:operation name="GetSourceId">
      <soap12:operation soapAction="http://tempuri.org/ICallbackSubscriber/GetSourceId" style="document"/>
      <wsdl:input>
        <soap12:body use="literal"/>
      </wsdl:input>
      <wsdl:output>
        <soap12:body use="literal"/>
      </wsdl:output>
    </wsdl:operation>
    <wsdl:operation name="RiseEvent">
      <soap12:operation soapAction="http://tempuri.org/ICallbackSubscriber/RiseEvent" style="document"/>
      <wsdl:input>
        <soap12:body use="literal"/>
      </wsdl:input>
      <wsdl:output>
        <soap12:body use="literal"/>
      </wsdl:output>
    </wsdl:operation>
  </wsdl:binding>
  <wsdl:service name="SbListener">
    <wsdl:port name="WSHttpBinding_ICallbackSubscriber" binding="tns:WSHttpBinding_ICallbackSubscriber">
      <soap12:address location="http://localhost:1234/RcsSbListener"/>
      <wsa10:EndpointReference>
        <wsa10:Address>http://localhost:1234/RcsSbListener</wsa10:Address>
      </wsa10:EndpointReference>
    </wsdl:port>
  </wsdl:service>
</wsdl:definitions>]]></con:content><con:type>http://schemas.xmlsoap.org/wsdl/</con:type></con:part></con:definitionCache><con:endpoints><con:endpoint>http://localhost:1234/RcsSbListener</con:endpoint></con:endpoints><con:operation id="d31e7ec3-1501-47b6-82fd-943604239e47" isOneWay="false" action="http://tempuri.org/ICallbackSubscriber/AcceptMessage" name="AcceptMessage" bindingOperationName="AcceptMessage" type="Request-Response" inputName="" receivesAttachments="false" sendsAttachments="false" anonymous="optional"><con:settings/><con:call id="f626f698-189d-4ddc-97ee-fd1c134726a6" name="Request 1" useWsAddressing="true"><con:settings><con:setting id="com.eviware.soapui.impl.wsdl.WsdlRequest@request-headers">&lt;xml-fragment/></con:setting></con:settings><con:encoding>UTF-8</con:encoding><con:endpoint>http://ics-kk12726:2525/CallbackClient</con:endpoint><con:request><![CDATA[<soap:Envelope xmlns:soap="http://www.w3.org/2003/05/soap-envelope" xmlns:tem="http://tempuri.org/" xmlns:iis="http://schemas.datacontract.org/2004/07/IIS.Persona.ServiceBus.Objects" xmlns:arr="http://schemas.microsoft.com/2003/10/Serialization/Arrays">\r
   <soap:Header/>\r
   <soap:Body>\r
      <tem:AcceptMessage>\r
         <!--Optional:-->\r
         <tem:msg>\r
            <!--Optional:-->\r
            <iis:Attachment>cid:794770344962</iis:Attachment>\r
            <!--Optional:-->\r
            <iis:Body>?</iis:Body>\r
            <!--Optional:-->\r
            <iis:GroupID>?</iis:GroupID>\r
            <!--Optional:-->\r
            <iis:MessageFormingTime>?</iis:MessageFormingTime>\r
            <!--Optional:-->\r
            <iis:MessageTypeID>?</iis:MessageTypeID>\r
            <!--Optional:-->\r
            <iis:SenderName>?</iis:SenderName>\r
            <!--Optional:-->\r
            <iis:Tags>\r
               <!--Zero or more repetitions:-->\r
               <arr:KeyValueOfstringstring>\r
                  <arr:Key>?</arr:Key>\r
                  <arr:Value>?</arr:Value>\r
               </arr:KeyValueOfstringstring>\r
            </iis:Tags>\r
         </tem:msg>\r
      </tem:AcceptMessage>\r
   </soap:Body>\r
</soap:Envelope>]]></con:request><con:credentials><con:authType>No Authorization</con:authType></con:credentials><con:jmsConfig JMSDeliveryMode="PERSISTENT"/><con:jmsPropertyConfig/><con:wsaConfig mustUnderstand="NONE" version="200508" action="http://tempuri.org/ICallbackSubscriber/AcceptMessage"/><con:wsrmConfig version="1.2"/></con:call></con:operation><con:operation id="d88e4a5e-c18f-4fd3-a2fb-e2de210762dc" isOneWay="false" action="http://tempuri.org/ICallbackSubscriber/GetSourceId" name="GetSourceId" bindingOperationName="GetSourceId" type="Request-Response" inputName="" receivesAttachments="false" sendsAttachments="false" anonymous="optional"><con:settings/><con:call id="f3ae5489-3328-4a99-871f-6062f96cebb2" name="Request 1" useWsAddressing="true"><con:settings/><con:encoding>UTF-8</con:encoding><con:endpoint>http://localhost:1234/RcsSbListener</con:endpoint><con:request><![CDATA[<soap:Envelope xmlns:soap="http://www.w3.org/2003/05/soap-envelope" xmlns:tem="http://tempuri.org/">\r
   <soap:Header/>\r
   <soap:Body>\r
      <tem:GetSourceId/>\r
   </soap:Body>\r
</soap:Envelope>]]></con:request><con:credentials><con:authType>No Authorization</con:authType></con:credentials><con:jmsConfig JMSDeliveryMode="PERSISTENT"/><con:jmsPropertyConfig/><con:wsaConfig mustUnderstand="NONE" version="200508" action="http://tempuri.org/ICallbackSubscriber/GetSourceId"/><con:wsrmConfig version="1.2"/></con:call></con:operation><con:operation id="65b2d4f2-1ae7-4d26-8e6a-16692b77ecfc" isOneWay="false" action="http://tempuri.org/ICallbackSubscriber/RiseEvent" name="RiseEvent" bindingOperationName="RiseEvent" type="Request-Response" inputName="" receivesAttachments="false" sendsAttachments="false" anonymous="optional"><con:settings/><con:call id="3703d0a1-ef1d-4789-98e9-165f716b26cf" name="Request 1" useWsAddressing="true"><con:settings/><con:encoding>UTF-8</con:encoding><con:endpoint>http://localhost:1234/RcsSbListener</con:endpoint><con:request><![CDATA[<soap:Envelope xmlns:soap="http://www.w3.org/2003/05/soap-envelope" xmlns:tem="http://tempuri.org/">\r
   <soap:Header/>\r
   <soap:Body>\r
      <tem:RiseEvent>\r
         <!--Optional:-->\r
         <tem:ИдТипаСобытия>?</tem:ИдТипаСобытия>\r
      </tem:RiseEvent>\r
   </soap:Body>\r
</soap:Envelope>]]></con:request><con:credentials><con:authType>No Authorization</con:authType></con:credentials><con:jmsConfig JMSDeliveryMode="PERSISTENT"/><con:jmsPropertyConfig/><con:wsaConfig mustUnderstand="NONE" version="200508" action="http://tempuri.org/ICallbackSubscriber/RiseEvent"/><con:wsrmConfig version="1.2"/></con:call></con:operation></con:interface><con:testSuite id="03fd3982-e352-4cb5-a74d-3bb6673a229c" name="WinMSSQL"><con:description/><con:settings/><con:runType>SEQUENTIAL</con:runType><con:testCase id="f399f958-db98-440f-a664-3c86e637b7d0" failOnError="true" failTestCaseOnErrors="true" keepSession="false" maxResults="0" name="FullTests" searchProperties="true"><con:description/><con:settings/><con:testStep type="request" name="IsUp" id="636e204a-4a51-404b-a98e-827d9f1c6825"><con:settings/><con:config xsi:type="con:RequestStep" xmlns:xsi="http://www.w3.org/2001/XMLSchema-instance"><con:interface>SBService</con:interface><con:operation>IsUp</con:operation><con:request name="IsUp" id="be422863-fabb-4fe8-97fe-29bf3c5cf7df" useWsAddressing="true"><con:settings><con:setting id="com.eviware.soapui.impl.wsdl.WsdlRequest@request-headers">&lt;xml-fragment/></con:setting></con:settings><con:encoding>UTF-8</con:encoding><con:endpoint>${#TestSuite#HighwaySBWcfServiceAddress}</con:endpoint><con:request><![CDATA[<soap:Envelope xmlns:soap="http://www.w3.org/2003/05/soap-envelope" xmlns:tem="http://tempuri.org/">\r
   <soap:Header/>\r
   <soap:Body>\r
      <tem:IsUp/>\r
   </soap:Body>\r
</soap:Envelope>]]></con:request><con:assertion type="SOAP Response" id="0580d109-9c8a-4bc0-b813-35cabd572267"/><con:assertion type="Schema Compliance" id="a5d11114-3fd9-4046-9bf6-fbca7ff4645e"><con:configuration/></con:assertion><con:assertion type="SOAP Fault Assertion" id="9e65bdb8-2d57-4a35-a32e-081ed9c23fd7"/><con:assertion type="XPath Match" id="6d0596fe-e9b4-47f4-9977-14fb63c23c38" name="XPath Match"><con:configuration><path>declare namespace ns1='http://tempuri.org/';
//ns1:IsUpResult</path><content>true</content><allowWildcards>false</allowWildcards><ignoreNamspaceDifferences>false</ignoreNamspaceDifferences><ignoreComments>false</ignoreComments></con:configuration></con:assertion><con:credentials><con:authType>No Authorization</con:authType></con:credentials><con:jmsConfig JMSDeliveryMode="PERSISTENT"/><con:jmsPropertyConfig/><con:wsaConfig mustUnderstand="NONE" version="200508" addDefaultTo="true" addDefaultAction="true"/><con:wsrmConfig version="1.2"/></con:request></con:config></con:testStep><con:testStep type="calltestcase" name="CreateTestData" id="7bf2fcd4-eb0c-40e0-8230-af4502ab704b"><con:settings/><con:config xsi:type="con:RunTestCaseStep" xmlns:xsi="http://www.w3.org/2001/XMLSchema-instance"><con:targetTestCase>de4ac1c6-353d-4304-805f-21b1cc519eae</con:targetTestCase><con:properties><con:property><con:name>SenderTestClientID</con:name><con:value/></con:property><con:property><con:name>SenderTestClientName</con:name><con:value/></con:property><con:property><con:name>MessageTestTypeID</con:name><con:value/></con:property><con:property><con:name>MessageTestTypeName</con:name><con:value/></con:property><con:property><con:name>RecipientTestClientID</con:name><con:value/></con:property><con:property><con:name>RecipientTestClientName</con:name><con:value/></con:property><con:property><con:name>EventTestTypeID</con:name><con:value/></con:property><con:property><con:name>EventTestTypeName</con:name><con:value/></con:property><con:property><con:name>CallbackRecipientTestClientID</con:name><con:value/></con:property><con:property><con:name>CallbackRecipientTestClientName</con:name><con:value/></con:property><con:property><con:name>CallbackRecipientTestClientAddress</con:name><con:value/></con:property></con:properties><con:returnProperties><con:entry/><con:entry>SenderTestClientID</con:entry><con:entry>SenderTestClientName</con:entry><con:entry>MessageTestTypeID</con:entry><con:entry>MessageTestTypeName</con:entry><con:entry>RecipientTestClientID</con:entry><con:entry>RecipientTestClientName</con:entry><con:entry>EventTestTypeID</con:entry><con:entry>EventTestTypeName</con:entry><con:entry>CallbackRecipientTestClientID</con:entry><con:entry>CallbackRecipientTestClientName</con:entry><con:entry>CallbackRecipientTestClientAddress</con:entry></con:returnProperties><con:runMode>SINGLETON_AND_FAIL</con:runMode></con:config></con:testStep><con:testStep type="groovy" name="FillProperties" id="4b2a616e-69fe-4700-9b06-8fd750619c76"><con:settings/><con:config><script>def createTC = testRunner.testCase.testSteps["CreateTestData"];
def manageTC = testRunner.testCase.testSteps["TestOtherManageOperations"];
def sendingTC = testRunner.testCase.testSteps["TestSendingOperations"];
def otherGettingTC = testRunner.testCase.testSteps["TestOtherGettingOperations"];
def gettingTC = testRunner.testCase.testSteps["TestGettingOperations"];
def deleteTC = testRunner.testCase.testSteps["DeleteTestData"];

manageTC.setPropertyValue("RecipientTestClientID", createTC.getPropertyValue("RecipientTestClientID"));
manageTC.setPropertyValue("CallbackRecipientTestClientID", createTC.getPropertyValue("CallbackRecipientTestClientID"));
manageTC.setPropertyValue("MessageTestTypeID", createTC.getPropertyValue("MessageTestTypeID"));
manageTC.setPropertyValue("EventTestTypeID", createTC.getPropertyValue("EventTestTypeID"));

sendingTC.setPropertyValue("SenderTestClientID", createTC.getPropertyValue("SenderTestClientID"));
sendingTC.setPropertyValue("MessageTestTypeID", createTC.getPropertyValue("MessageTestTypeID"));
sendingTC.setPropertyValue("EventTestTypeID", createTC.getPropertyValue("EventTestTypeID"));

otherGettingTC.setPropertyValue("RecipientTestClientID", createTC.getPropertyValue("RecipientTestClientID"));
otherGettingTC.setPropertyValue("MessageTestTypeID", createTC.getPropertyValue("MessageTestTypeID"));
otherGettingTC.setPropertyValue("EventTestTypeID", createTC.getPropertyValue("EventTestTypeID"));

gettingTC.setPropertyValue("RecipientTestClientID", createTC.getPropertyValue("RecipientTestClientID"));
gettingTC.setPropertyValue("MessageTestTypeID", createTC.getPropertyValue("MessageTestTypeID"));
gettingTC.setPropertyValue("EventTestTypeID", createTC.getPropertyValue("EventTestTypeID"));

deleteTC.setPropertyValue("SenderTestClientID", createTC.getPropertyValue("SenderTestClientID"));
deleteTC.setPropertyValue("RecipientTestClientID", createTC.getPropertyValue("RecipientTestClientID"));
deleteTC.setPropertyValue("CallbackRecipientTestClientID", createTC.getPropertyValue("CallbackRecipientTestClientID"));
deleteTC.setPropertyValue("RecipientTestClientName", createTC.getPropertyValue("RecipientTestClientName"));
deleteTC.setPropertyValue("CallbackRecipientTestClientName", createTC.getPropertyValue("CallbackRecipientTestClientName"));
deleteTC.setPropertyValue("MessageTestTypeName", createTC.getPropertyValue("MessageTestTypeName"));
deleteTC.setPropertyValue("EventTestTypeName", createTC.getPropertyValue("EventTestTypeName"));
</script></con:config></con:testStep><con:testStep type="calltestcase" name="TestOtherManageOperations" id="d84c8e3d-6139-43ab-8d78-98d0a0a83c2c"><con:settings/><con:config xsi:type="con:RunTestCaseStep" ignoreEmptyProperties="true" xmlns:xsi="http://www.w3.org/2001/XMLSchema-instance"><con:targetTestCase>84a2ad0e-966f-4ba0-b321-a8e293974f9b</con:targetTestCase><con:properties><con:property><con:name>RecipientTestClientID</con:name><con:value/></con:property><con:property><con:name>CallbackRecipientTestClientID</con:name><con:value/></con:property><con:property><con:name>MessageTestTypeID</con:name><con:value/></con:property><con:property><con:name>EventTestTypeID</con:name><con:value/></con:property><con:property><con:name>CurrentDate</con:name><con:value/></con:property></con:properties><con:returnProperties/><con:runMode>SINGLETON_AND_FAIL</con:runMode></con:config></con:testStep><con:testStep type="groovy" name="RunCallbackRecipient" id="56c16eef-91b0-477a-b43e-dd5bb0c53771"><con:settings/><con:config><script>def mockService = testRunner.testCase.testSuite.project.mockServices["CallbackRecipient"];

mockService.setPropertyValue("PriorityMessageReceived", "false");
mockService.setPropertyValue("TaggedMessageReceived", "false");
mockService.setPropertyValue("FirstGroupMessageReceived", "false");
mockService.setPropertyValue("LastGroupMessageReceived", "false");
mockService.setPropertyValue("MessageReceived", "false");
mockService.setPropertyValue("UnknownMessageReceived", "false");

mockService.start();
</script></con:config></con:testStep><con:testStep type="delay" name="WaitingRunCallbackRecipient" id="138bef32-dded-4eac-8687-86ea13f83eed"><con:settings/><con:config><delay>1000</delay></con:config></con:testStep><con:testStep type="calltestcase" name="TestSendingOperations" id="3ad643c4-af90-4beb-b2a7-0e7a5d0e72b1"><con:settings/><con:config xsi:type="con:RunTestCaseStep" ignoreEmptyProperties="true" xmlns:xsi="http://www.w3.org/2001/XMLSchema-instance"><con:targetTestCase>866575e2-f0b9-474a-bfd2-8cf0e9a312af</con:targetTestCase><con:properties><con:property><con:name>SenderTestClientID</con:name><con:value/></con:property><con:property><con:name>MessageTestTypeID</con:name><con:value/></con:property><con:property><con:name>EventTestTypeID</con:name><con:value/></con:property><con:property><con:name>CurrentDate</con:name><con:value/></con:property></con:properties><con:returnProperties/><con:runMode>SINGLETON_AND_FAIL</con:runMode></con:config></con:testStep><con:testStep type="calltestcase" name="TestOtherGettingOperations" id="1fd66a7b-c155-4190-84c3-8f1a0a4d8b5a"><con:settings/><con:config xsi:type="con:RunTestCaseStep" ignoreEmptyProperties="true" xmlns:xsi="http://www.w3.org/2001/XMLSchema-instance"><con:targetTestCase>0fc1cf47-0f80-41c7-8a7d-120fd577a9dd</con:targetTestCase><con:properties><con:property><con:name>RecipientTestClientID</con:name><con:value/></con:property><con:property><con:name>MessageTestTypeID</con:name><con:value/></con:property><con:property><con:name>EventTestTypeID</con:name><con:value/></con:property><con:property><con:name>CurrentDate</con:name><con:value/></con:property></con:properties><con:returnProperties/><con:runMode>SINGLETON_AND_FAIL</con:runMode></con:config></con:testStep><con:testStep type="calltestcase" name="TestGettingOperations" id="7f512283-bde8-4688-8bd2-ab3f7a7277b7"><con:settings/><con:config xsi:type="con:RunTestCaseStep" ignoreEmptyProperties="true" xmlns:xsi="http://www.w3.org/2001/XMLSchema-instance"><con:targetTestCase>78a34b88-9d41-43b3-ab2b-4fb1bec46c95</con:targetTestCase><con:properties><con:property><con:name>RecipientTestClientID</con:name><con:value/></con:property><con:property><con:name>MessageTestTypeID</con:name><con:value/></con:property><con:property><con:name>EventTestTypeID</con:name><con:value/></con:property><con:property><con:name>CurrentDate</con:name><con:value/></con:property></con:properties><con:returnProperties/><con:runMode>SINGLETON_AND_FAIL</con:runMode></con:config></con:testStep><con:testStep type="delay" name="WaitingMessageDelivery" id="bf68be1d-5b4b-4c11-aac1-858c239fe677"><con:settings/><con:config><delay>1000</delay></con:config></con:testStep><con:testStep type="request" name="GetCurrentMessageCountForCallbackRecipient" id="82f0b264-743c-4506-b1fc-b15201a22c00"><con:settings/><con:config xsi:type="con:RequestStep" xmlns:xsi="http://www.w3.org/2001/XMLSchema-instance"><con:interface>SBService</con:interface><con:operation>GetCurrentMessageCount</con:operation><con:request name="GetCurrentMessageCountForCallbackRecipient" id="e9d56f80-82f2-43ba-870e-ce1609b54a28" useWsAddressing="true"><con:settings><con:setting id="com.eviware.soapui.impl.wsdl.WsdlRequest@request-headers">&lt;xml-fragment/></con:setting></con:settings><con:encoding>UTF-8</con:encoding><con:endpoint>${#TestSuite#HighwaySBWcfServiceAddress}</con:endpoint><con:request><![CDATA[<soap:Envelope xmlns:soap="http://www.w3.org/2003/05/soap-envelope" xmlns:tem="http://tempuri.org/">\r
   <soap:Header/>\r
   <soap:Body>\r
      <tem:GetCurrentMessageCount>\r
         <tem:ClientID>${CreateTestData#CallbackRecipientTestClientID}</tem:ClientID>\r
      </tem:GetCurrentMessageCount>\r
   </soap:Body>\r
</soap:Envelope>]]></con:request><con:assertion type="SOAP Response" id="3b90598b-a4f1-47a8-8686-f0d71f216fe7"/><con:assertion type="Schema Compliance" id="1516fafd-0d44-4de9-b321-3dda43a151a1"><con:configuration/></con:assertion><con:assertion type="SOAP Fault Assertion" id="125c9c53-535f-4172-9d48-311b3b75887f"/><con:credentials><con:authType>No Authorization</con:authType></con:credentials><con:jmsConfig JMSDeliveryMode="PERSISTENT"/><con:jmsPropertyConfig/><con:wsaConfig mustUnderstand="NONE" version="200508" addDefaultAction="true" addDefaultTo="true"/><con:wsrmConfig version="1.2"/></con:request></con:config></con:testStep><con:testStep type="groovy" name="CheckMessageCountForCallbackRecipient" id="01d57ee1-2055-4941-b39e-214ae8346efe"><con:settings/><con:config><script>def response = testRunner.testCase.testSteps["GetCurrentMessageCountForCallbackRecipient"].getPropertyValue("Response");
def xmlResponse = new com.eviware.soapui.support.XmlHolder(response);
def count = new Integer(xmlResponse["//*:GetCurrentMessageCountResult"]);
if (count > 0) testRunner.gotoStepByName("WaitingMessageDelivery");
</script></con:config></con:testStep><con:testStep type="groovy" name="CheckCallbackRecipient" id="589b4da0-15c4-41f5-a6e4-289fa9b4adf2"><con:settings/><con:config><script>def mockRunner = testRunner.testCase.testSuite.project.mockServices["CallbackRecipient"].getMockRunner();

mockRunner.stop();

assert mockRunner.mockService.getPropertyValue("PriorityMessageReceived") == "true";
assert mockRunner.mockService.getPropertyValue("TaggedMessageReceived") == "true";
assert mockRunner.mockService.getPropertyValue("FirstGroupMessageReceived") == "true" || mockRunner.mockService.getPropertyValue("LastGroupMessageReceived") == "true";
assert mockRunner.mockService.getPropertyValue("MessageReceived") == "true";
assert mockRunner.mockService.getPropertyValue("UnknownMessageReceived") == "false";
</script></con:config></con:testStep><con:testStep type="calltestcase" name="DeleteTestData" id="e1f1b09c-24e6-49c0-9000-4c985f950dee"><con:settings/><con:config xsi:type="con:RunTestCaseStep" ignoreEmptyProperties="true" xmlns:xsi="http://www.w3.org/2001/XMLSchema-instance"><con:targetTestCase>7f09dd43-c9f1-4599-abd0-e334cd86abb0</con:targetTestCase><con:properties><con:property><con:name>SenderTestClientID</con:name><con:value/></con:property><con:property><con:name>RecipientTestClientID</con:name><con:value/></con:property><con:property><con:name>CallbackRecipientTestClientID</con:name><con:value/></con:property><con:property><con:name>RecipientTestClientName</con:name><con:value/></con:property><con:property><con:name>CallbackRecipientTestClientName</con:name><con:value/></con:property><con:property><con:name>MessageTestTypeName</con:name><con:value/></con:property><con:property><con:name>EventTestTypeName</con:name><con:value/></con:property></con:properties><con:returnProperties/><con:runMode>SINGLETON_AND_FAIL</con:runMode></con:config></con:testStep><con:testStep type="manualTestStep" name="Final" id="a0e8dce6-501b-4a3a-aa65-d714f867bbbc"><con:description>Тестирование завершено.</con:description><con:settings/><con:config xsi:type="con:ManualTestStep" xmlns:xsi="http://www.w3.org/2001/XMLSchema-instance"/></con:testStep><con:properties/></con:testCase><con:testCase id="de4ac1c6-353d-4304-805f-21b1cc519eae" failOnError="true" failTestCaseOnErrors="true" keepSession="false" maxResults="0" name="CreateTestData" searchProperties="true"><con:settings/><con:testStep type="groovy" name="InitProperties" id="7a69fe73-98d9-4bcf-a025-c800c37dfb85"><con:settings/><con:config><script>def mockService = testRunner.testCase.testSuite.project.mockServices["CallbackRecipient"];
def callbackAddress = "http://" + mockService.getHost() + ":" + mockService.getPort() + mockService.getPath();
def currentDate = new Date().format("yyyy-MM-dd");

testRunner.testCase.setPropertyValue("SenderTestClientID", java.util.UUID.randomUUID().toString());
testRunner.testCase.setPropertyValue("SenderTestClientName", "Тестовый клиент отправитель (" + currentDate + ")");
testRunner.testCase.setPropertyValue("MessageTestTypeID", java.util.UUID.randomUUID().toString());
testRunner.testCase.setPropertyValue("MessageTestTypeName", "Тестовый тип сообщений (" + currentDate + ")");
testRunner.testCase.setPropertyValue("EventTestTypeID", java.util.UUID.randomUUID().toString());
testRunner.testCase.setPropertyValue("EventTestTypeName", "Тестовый тип событий (" + currentDate + ")");
testRunner.testCase.setPropertyValue("RecipientTestClientID", java.util.UUID.randomUUID().toString());
testRunner.testCase.setPropertyValue("RecipientTestClientName", "Тестовый клиент получатель (" + currentDate + ")");
testRunner.testCase.setPropertyValue("CallbackRecipientTestClientID", java.util.UUID.randomUUID().toString());
testRunner.testCase.setPropertyValue("CallbackRecipientTestClientName", "Тестовый клиент получатель с Callback (" + currentDate + ")");
testRunner.testCase.setPropertyValue("CallbackRecipientTestClientAddress", callbackAddress);
</script></con:config></con:testStep><con:testStep type="request" name="SenderTestClient" id="cef43100-a389-4946-a841-6b47eae05795"><con:settings/><con:config xsi:type="con:RequestStep" xmlns:xsi="http://www.w3.org/2001/XMLSchema-instance"><con:interface>SBService</con:interface><con:operation>CreateClient</con:operation><con:request name="SenderTestClient" id="b2a395e6-5f60-47d8-9277-481203f77a75" useWsAddressing="true"><con:settings><con:setting id="com.eviware.soapui.impl.wsdl.WsdlRequest@request-headers">&lt;xml-fragment/></con:setting></con:settings><con:encoding>UTF-8</con:encoding><con:endpoint>${#TestSuite#HighwaySBWcfServiceAddress}</con:endpoint><con:request><![CDATA[<soap:Envelope xmlns:soap="http://www.w3.org/2003/05/soap-envelope" xmlns:tem="http://tempuri.org/">
   <soap:Header/>
   <soap:Body>
      <tem:CreateClient>
         <tem:clientId>${#TestCase#SenderTestClientID}</tem:clientId>
         <tem:name>${#TestCase#SenderTestClientName}</tem:name>
      </tem:CreateClient>
   </soap:Body>
</soap:Envelope>]]></con:request><con:assertion type="SOAP Response" id="def62eb7-c613-4403-844d-c978f9dbcf5f"/><con:assertion type="Schema Compliance" id="7ada28e3-89e9-48fe-872f-6af33f36a16c"><con:configuration/></con:assertion><con:assertion type="SOAP Fault Assertion" id="3507dc1d-2270-4114-85b5-0e756310c67c"/><con:credentials><con:authType>No Authorization</con:authType></con:credentials><con:jmsConfig JMSDeliveryMode="PERSISTENT"/><con:jmsPropertyConfig/><con:wsaConfig mustUnderstand="NONE" version="200508" addDefaultTo="true" addDefaultAction="true" action=""/><con:wsrmConfig version="1.2"/></con:request></con:config></con:testStep><con:testStep type="request" name="MessageTestType" id="01280432-22aa-4d5a-9a9d-7b2ac18dda70"><con:settings/><con:config xsi:type="con:RequestStep" xmlns:xsi="http://www.w3.org/2001/XMLSchema-instance"><con:interface>SBInterop</con:interface><con:operation>AddNewMsgType</con:operation><con:request name="MessageTestType" id="1f95cb88-a06a-4f3d-a789-b48c827d3c72" useWsAddressing="true"><con:settings><con:setting id="com.eviware.soapui.impl.wsdl.WsdlRequest@request-headers">&lt;xml-fragment/></con:setting></con:settings><con:encoding>UTF-8</con:encoding><con:endpoint>${#TestSuite#HighwaySBWcfServiceAddress}</con:endpoint><con:request><![CDATA[<soap:Envelope xmlns:soap="http://www.w3.org/2003/05/soap-envelope" xmlns:tem="http://tempuri.org/" xmlns:iis="http://schemas.datacontract.org/2004/07/IIS.Persona.ServiceBus.Objects">\r
   <soap:Header/>\r
   <soap:Body>\r
      <tem:AddNewMsgType>\r
         <tem:msgType>\r
            <iis:id>${#TestCase#MessageTestTypeID}</iis:id>\r
            <iis:name>${#TestCase#MessageTestTypeName}</iis:name>\r
         </tem:msgType>\r
      </tem:AddNewMsgType>\r
   </soap:Body>\r
</soap:Envelope>]]></con:request><con:assertion type="SOAP Response" id="28b0c32e-ffa8-405e-99e4-389310f0d08b"/><con:assertion type="Schema Compliance" id="3e4c7d4e-8e34-40ad-8d1a-c5b47d90c80d"><con:configuration/></con:assertion><con:assertion type="SOAP Fault Assertion" id="c7a308b5-7250-4037-893c-9d3127a355ab"/><con:credentials><con:authType>No Authorization</con:authType></con:credentials><con:jmsConfig JMSDeliveryMode="PERSISTENT"/><con:jmsPropertyConfig/><con:wsaConfig mustUnderstand="NONE" version="200508" addDefaultTo="true" addDefaultAction="true"/><con:wsrmConfig version="1.2"/></con:request></con:config></con:testStep><con:testStep type="request" name="EventTestType" id="bb9cde08-7050-49c4-a23d-450c13072aa8"><con:settings/><con:config xsi:type="con:RequestStep" xmlns:xsi="http://www.w3.org/2001/XMLSchema-instance"><con:interface>SBInterop</con:interface><con:operation>AddNewEvntType</con:operation><con:request name="EventTestType" id="5176d6dd-7e09-49a4-af7c-88db02120c6c" useWsAddressing="true"><con:settings><con:setting id="com.eviware.soapui.impl.wsdl.WsdlRequest@request-headers">&lt;xml-fragment/></con:setting></con:settings><con:encoding>UTF-8</con:encoding><con:endpoint>${#TestSuite#HighwaySBWcfServiceAddress}</con:endpoint><con:request><![CDATA[<soap:Envelope xmlns:soap="http://www.w3.org/2003/05/soap-envelope" xmlns:tem="http://tempuri.org/" xmlns:iis="http://schemas.datacontract.org/2004/07/IIS.Persona.ServiceBus.Objects">\r
   <soap:Header/>\r
   <soap:Body>\r
      <tem:AddNewEvntType>\r
         <tem:evntType>\r
            <iis:id>${#TestCase#EventTestTypeID}</iis:id>\r
            <iis:name>${#TestCase#EventTestTypeName}</iis:name>\r
         </tem:evntType>\r
      </tem:AddNewEvntType>\r
   </soap:Body>\r
</soap:Envelope>]]></con:request><con:assertion type="SOAP Response" id="0facab40-dd59-49b8-902c-bacf7a5ffa09"/><con:assertion type="Schema Compliance" id="1b57f909-891a-4c40-b8fc-4f3dc7a6ae41"><con:configuration/></con:assertion><con:assertion type="SOAP Fault Assertion" id="cb412ddc-5098-4bea-8330-d83d6a485598"/><con:credentials><con:authType>No Authorization</con:authType></con:credentials><con:jmsConfig JMSDeliveryMode="PERSISTENT"/><con:jmsPropertyConfig/><con:wsaConfig mustUnderstand="NONE" version="200508" addDefaultAction="true" addDefaultTo="true"/><con:wsrmConfig version="1.2"/></con:request></con:config></con:testStep><con:testStep type="request" name="RecipientTestClient" id="ea955145-dd7a-4108-88d4-d6dd70e001bf"><con:settings/><con:config xsi:type="con:RequestStep" xmlns:xsi="http://www.w3.org/2001/XMLSchema-instance"><con:interface>SBService</con:interface><con:operation>CreateClient</con:operation><con:request name="RecipientTestClient" id="4ee1751d-3c60-46c1-9f8d-1b7c861a21f6" useWsAddressing="true"><con:settings><con:setting id="com.eviware.soapui.impl.wsdl.WsdlRequest@request-headers">&lt;xml-fragment/></con:setting></con:settings><con:encoding>UTF-8</con:encoding><con:endpoint>${#TestSuite#HighwaySBWcfServiceAddress}</con:endpoint><con:request><![CDATA[<soap:Envelope xmlns:soap="http://www.w3.org/2003/05/soap-envelope" xmlns:tem="http://tempuri.org/">\r
   <soap:Header/>\r
   <soap:Body>\r
      <tem:CreateClient>\r
         <tem:clientId>${#TestCase#RecipientTestClientID}</tem:clientId>\r
         <tem:name>${#TestCase#RecipientTestClientName}</tem:name>\r
      </tem:CreateClient>\r
   </soap:Body>\r
</soap:Envelope>]]></con:request><con:assertion type="SOAP Response" id="ac4a01e8-d3e2-44e3-8e7a-de4ace330f12"/><con:assertion type="Schema Compliance" id="67d7ce74-2deb-4dd7-a73d-7253a0bcacdd"><con:configuration/></con:assertion><con:assertion type="SOAP Fault Assertion" id="5d147796-0b05-4cde-8b5c-fc37a01c858e"/><con:credentials><con:authType>No Authorization</con:authType></con:credentials><con:jmsConfig JMSDeliveryMode="PERSISTENT"/><con:jmsPropertyConfig/><con:wsaConfig mustUnderstand="NONE" version="200508" addDefaultTo="true" addDefaultAction="true"/><con:wsrmConfig version="1.2"/></con:request></con:config></con:testStep><con:testStep type="request" name="CallbackRecipientTestClient" id="97cfa9d8-b206-47ff-a552-88c3b3b82027"><con:settings/><con:config xsi:type="con:RequestStep" xmlns:xsi="http://www.w3.org/2001/XMLSchema-instance"><con:interface>SBService</con:interface><con:operation>CreateClient</con:operation><con:request name="CallbackRecipientTestClient" id="ce894d96-499e-45e0-aebf-46bc5cb723bb" useWsAddressing="true"><con:settings><con:setting id="com.eviware.soapui.impl.wsdl.WsdlRequest@request-headers">&lt;xml-fragment/></con:setting></con:settings><con:encoding>UTF-8</con:encoding><con:endpoint>${#TestSuite#HighwaySBWcfServiceAddress}</con:endpoint><con:request><![CDATA[<soap:Envelope xmlns:soap="http://www.w3.org/2003/05/soap-envelope" xmlns:tem="http://tempuri.org/">\r
   <soap:Header/>\r
   <soap:Body>\r
      <tem:CreateClient>\r
         <tem:clientId>${#TestCase#CallbackRecipientTestClientID}</tem:clientId>\r
         <tem:name>${#TestCase#CallbackRecipientTestClientName}</tem:name>\r
         <tem:address>${#TestCase#CallbackRecipientTestClientAddress}</tem:address>\r
      </tem:CreateClient>\r
   </soap:Body>\r
</soap:Envelope>]]></con:request><con:assertion type="SOAP Response" id="56e5efcd-c755-43ab-b563-2a88dfee0e7e"/><con:assertion type="Schema Compliance" id="db5fa963-8831-409c-a97c-4f711abd7111"><con:configuration/></con:assertion><con:assertion type="SOAP Fault Assertion" id="8117a7d6-99cd-470c-8f79-9649056cae90"/><con:credentials><con:authType>No Authorization</con:authType></con:credentials><con:jmsConfig JMSDeliveryMode="PERSISTENT"/><con:jmsPropertyConfig/><con:wsaConfig mustUnderstand="NONE" version="200508" addDefaultAction="true" addDefaultTo="true"/><con:wsrmConfig version="1.2"/></con:request></con:config></con:testStep><con:testStep type="request" name="SubscribeClientForMessageCallback" id="5c4430c8-7ecb-4b0a-899a-691651419397"><con:settings/><con:config xsi:type="con:RequestStep" xmlns:xsi="http://www.w3.org/2001/XMLSchema-instance"><con:interface>SBService</con:interface><con:operation>SubscribeClientForMessageCallback</con:operation><con:request name="SubscribeClientForMessageCallback" id="2dcd01b7-875c-4496-b1c5-6584345d4023" useWsAddressing="true"><con:settings><con:setting id="com.eviware.soapui.impl.wsdl.WsdlRequest@request-headers">&lt;xml-fragment/></con:setting></con:settings><con:encoding>UTF-8</con:encoding><con:endpoint>${#TestSuite#HighwaySBWcfServiceAddress}</con:endpoint><con:request><![CDATA[<soap:Envelope xmlns:soap="http://www.w3.org/2003/05/soap-envelope" xmlns:tem="http://tempuri.org/">\r
   <soap:Header/>\r
   <soap:Body>\r
      <tem:SubscribeClientForMessageCallback>\r
         <tem:ClientID>${#TestCase#CallbackRecipientTestClientID}</tem:ClientID>\r\r
         <tem:MessageTypeID>${#TestCase#MessageTestTypeID}</tem:MessageTypeID>\r
      </tem:SubscribeClientForMessageCallback>\r
   </soap:Body>\r
</soap:Envelope>]]></con:request><con:assertion type="SOAP Response" id="b1ae4900-3d7e-4edb-b8d0-fe9158230516"/><con:assertion type="Schema Compliance" id="822110be-4cff-4a7a-a8f8-454fb10fd07e"><con:configuration/></con:assertion><con:assertion type="SOAP Fault Assertion" id="a9f26669-0ce0-49f6-b76f-d349121941cb"/><con:credentials><con:authType>No Authorization</con:authType></con:credentials><con:jmsConfig JMSDeliveryMode="PERSISTENT"/><con:jmsPropertyConfig/><con:wsaConfig mustUnderstand="NONE" version="200508" addDefaultAction="true" addDefaultTo="true"/><con:wsrmConfig version="1.2"/></con:request></con:config></con:testStep><con:testStep type="request" name="SubscribeClientForEventCallback" id="6ddede73-ad9e-4c63-915b-d035c7590c1e" disabled="true"><con:settings/><con:config xsi:type="con:RequestStep" xmlns:xsi="http://www.w3.org/2001/XMLSchema-instance"><con:interface>SBService</con:interface><con:operation>SubscribeClientForEventCallback</con:operation><con:request name="SubscribeClientForEventCallback" id="6c73b145-ff97-4cf1-ba4d-00d72f532f34" useWsAddressing="true"><con:settings><con:setting id="com.eviware.soapui.impl.wsdl.WsdlRequest@request-headers">&lt;xml-fragment/></con:setting></con:settings><con:encoding>UTF-8</con:encoding><con:endpoint>${#TestSuite#HighwaySBWcfServiceAddress}</con:endpoint><con:request><![CDATA[<soap:Envelope xmlns:soap="http://www.w3.org/2003/05/soap-envelope" xmlns:tem="http://tempuri.org/">\r
   <soap:Header/>\r
   <soap:Body>\r
      <tem:SubscribeClientForEventCallback>\r\r
         <tem:ClientID>${#TestCase#CallbackRecipientTestClientID}</tem:ClientID>\r
         <tem:EventTypeID>${#TestCase#EventTestTypeID}</tem:EventTypeID>\r
      </tem:SubscribeClientForEventCallback>\r
   </soap:Body>\r
</soap:Envelope>]]></con:request><con:assertion type="SOAP Response" id="7f94d383-3609-4e8c-b51a-39eaaec8b7a4"/><con:assertion type="Schema Compliance" id="bf4307a8-d1de-47b5-a2a3-24a0edc1daaf"><con:configuration/></con:assertion><con:assertion type="SOAP Fault Assertion" id="ff1e4910-ca1e-453e-a4cf-f19f5e84df63"/><con:credentials><con:authType>No Authorization</con:authType></con:credentials><con:jmsConfig JMSDeliveryMode="PERSISTENT"/><con:jmsPropertyConfig/><con:wsaConfig mustUnderstand="NONE" version="200508" addDefaultAction="true" addDefaultTo="true"/><con:wsrmConfig version="1.2"/></con:request></con:config></con:testStep><con:testStep type="manualTestStep" name="ManuallyCreating" id="49d191a6-0ffd-4002-9e77-dbd44f49c44a"><con:description>Зайдите в административное приложение:
${#TestSuite#AdminAppURL}

Клиенту "${#TestCase#SenderTestClientName}"
Разрешите отправку сообщений следующих типов:
"${#TestCase#MessageTestTypeName}"
"${#TestCase#EventTestTypeName}"

Клиенту "${#TestCase#RecipientTestClientName}"
Создайте подписки без callback на следующие типы сообщений:
"${#TestCase#MessageTestTypeName}"
"${#TestCase#EventTestTypeName}"
</con:description><con:settings/><con:config xsi:type="con:ManualTestStep" xmlns:xsi="http://www.w3.org/2001/XMLSchema-instance"><con:expectedResult>Разрешения добавлены.
Подписки созданы.
</con:expectedResult></con:config></con:testStep><con:properties><con:property><con:name>SenderTestClientID</con:name><con:value/></con:property><con:property><con:name>SenderTestClientName</con:name><con:value/></con:property><con:property><con:name>MessageTestTypeID</con:name><con:value/></con:property><con:property><con:name>MessageTestTypeName</con:name><con:value/></con:property><con:property><con:name>RecipientTestClientID</con:name><con:value/></con:property><con:property><con:name>RecipientTestClientName</con:name><con:value/></con:property><con:property><con:name>EventTestTypeID</con:name><con:value/></con:property><con:property><con:name>EventTestTypeName</con:name><con:value/></con:property><con:property><con:name>CallbackRecipientTestClientID</con:name><con:value/></con:property><con:property><con:name>CallbackRecipientTestClientName</con:name><con:value/></con:property><con:property><con:name>CallbackRecipientTestClientAddress</con:name><con:value/></con:property></con:properties></con:testCase><con:testCase id="84a2ad0e-966f-4ba0-b321-a8e293974f9b" failOnError="true" failTestCaseOnErrors="true" keepSession="false" maxResults="0" name="TestOtherManageOperations" searchProperties="true"><con:settings/><con:testStep type="delay" name="JustWaiting" id="566c411b-918e-43f9-b6cb-add747e9dfae"><con:settings/><con:config><delay>1000</delay></con:config></con:testStep><con:testStep type="request" name="UpdateClientSubscribesForEvntsForRecipient" id="84002df6-43b4-425f-98fb-552f70492675"><con:settings/><con:config xsi:type="con:RequestStep" xmlns:xsi="http://www.w3.org/2001/XMLSchema-instance"><con:interface>SBInterop</con:interface><con:operation>UpdateClientSubscribesForEvnts</con:operation><con:request name="UpdateClientSubscribesForEvntsForRecipient" id="91b99525-3201-4425-91f4-3cde8622a1ae" useWsAddressing="true"><con:settings><con:setting id="com.eviware.soapui.impl.wsdl.WsdlRequest@request-headers">&lt;xml-fragment/></con:setting></con:settings><con:encoding>UTF-8</con:encoding><con:endpoint>${#TestSuite#HighwaySBWcfServiceAddress}</con:endpoint><con:request><![CDATA[<soap:Envelope xmlns:soap="http://www.w3.org/2003/05/soap-envelope" xmlns:tem="http://tempuri.org/">\r
   <soap:Header/>\r
   <soap:Body>\r
      <tem:UpdateClientSubscribesForEvnts>\r
         <tem:ClientID>${#TestCase#RecipientTestClientID}</tem:ClientID>\r
      </tem:UpdateClientSubscribesForEvnts>\r
   </soap:Body>\r
</soap:Envelope>]]></con:request><con:assertion type="SOAP Response" id="8a69f98d-acdd-4cab-9beb-c6d045c853e6"/><con:assertion type="Schema Compliance" id="b9196222-9095-485f-a589-2db027a3c5c2"><con:configuration/></con:assertion><con:assertion type="SOAP Fault Assertion" id="979d67e0-2368-4057-9292-85e49cf801ab"/><con:credentials><con:authType>No Authorization</con:authType></con:credentials><con:jmsConfig JMSDeliveryMode="PERSISTENT"/><con:jmsPropertyConfig/><con:wsaConfig mustUnderstand="NONE" version="200508" addDefaultAction="true" addDefaultTo="true"/><con:wsrmConfig version="1.2"/></con:request></con:config></con:testStep><con:testStep type="request" name="UpdateClientSubscribesForMsgsForRecipient" id="be16d332-fb02-437e-8bd9-a392d2ff05a9"><con:settings/><con:config xsi:type="con:RequestStep" xmlns:xsi="http://www.w3.org/2001/XMLSchema-instance"><con:interface>SBInterop</con:interface><con:operation>UpdateClientSubscribesForMsgs</con:operation><con:request name="UpdateClientSubscribesForMsgsForRecipient" id="a4c65166-493d-4b25-aeb2-46ba6c9828e6" useWsAddressing="true"><con:settings><con:setting id="com.eviware.soapui.impl.wsdl.WsdlRequest@request-headers">&lt;xml-fragment/></con:setting></con:settings><con:encoding>UTF-8</con:encoding><con:endpoint>${#TestSuite#HighwaySBWcfServiceAddress}</con:endpoint><con:request><![CDATA[<soap:Envelope xmlns:soap="http://www.w3.org/2003/05/soap-envelope" xmlns:tem="http://tempuri.org/">\r
   <soap:Header/>\r
   <soap:Body>\r
      <tem:UpdateClientSubscribesForMsgs>\r
         <tem:ClientID>${#TestCase#RecipientTestClientID}</tem:ClientID>\r
      </tem:UpdateClientSubscribesForMsgs>\r
   </soap:Body>\r
</soap:Envelope>]]></con:request><con:assertion type="SOAP Response" id="9ba06a9e-4348-416a-acf7-95270ded921b"/><con:assertion type="Schema Compliance" id="7a24351b-ddb6-445f-961a-cebc149173da"><con:configuration/></con:assertion><con:assertion type="SOAP Fault Assertion" id="aca17b4e-4661-4a59-8810-16b5514b876f"/><con:credentials><con:authType>No Authorization</con:authType></con:credentials><con:jmsConfig JMSDeliveryMode="PERSISTENT"/><con:jmsPropertyConfig/><con:wsaConfig mustUnderstand="NONE" version="200508" addDefaultAction="true" addDefaultTo="true"/><con:wsrmConfig version="1.2"/></con:request></con:config></con:testStep><con:testStep type="request" name="UpdateClientSubscribesForMsgsForCallbackRecipient" id="55f19edf-6fa8-4eac-91fc-a3546bbfff19"><con:settings/><con:config xsi:type="con:RequestStep" xmlns:xsi="http://www.w3.org/2001/XMLSchema-instance"><con:interface>SBInterop</con:interface><con:operation>UpdateClientSubscribesForMsgs</con:operation><con:request name="UpdateClientSubscribesForMsgsForCallbackRecipient" id="21befc2f-7888-4f94-a2b2-44246e4f456a" useWsAddressing="true"><con:settings><con:setting id="com.eviware.soapui.impl.wsdl.WsdlRequest@request-headers">&lt;xml-fragment/></con:setting></con:settings><con:encoding>UTF-8</con:encoding><con:endpoint>${#TestSuite#HighwaySBWcfServiceAddress}</con:endpoint><con:request><![CDATA[<soap:Envelope xmlns:soap="http://www.w3.org/2003/05/soap-envelope" xmlns:tem="http://tempuri.org/">\r
   <soap:Header/>\r
   <soap:Body>\r
      <tem:UpdateClientSubscribesForMsgs>\r
         <tem:ClientID>${#TestCase#CallbackRecipientTestClientID}</tem:ClientID>\r
      </tem:UpdateClientSubscribesForMsgs>\r
   </soap:Body>\r
</soap:Envelope>]]></con:request><con:assertion type="SOAP Response" id="246a9081-36b1-4f32-aa2e-05be0c079eca"/><con:assertion type="Schema Compliance" id="4bff4c49-aec1-466d-ac3b-483bad4cb6fa"><con:configuration/></con:assertion><con:assertion type="SOAP Fault Assertion" id="f03a29fd-5e89-46bf-907d-53f8720e466f"/><con:credentials><con:authType>No Authorization</con:authType></con:credentials><con:jmsConfig JMSDeliveryMode="PERSISTENT"/><con:jmsPropertyConfig/><con:wsaConfig mustUnderstand="NONE" version="200508" addDefaultAction="true" addDefaultTo="true"/><con:wsrmConfig version="1.2"/></con:request></con:config></con:testStep><con:testStep type="request" name="UpdateClientSubscribesForEvntsForCallbackRecipient" id="45473f11-278b-4e7a-a218-992699b77106" disabled="true"><con:settings/><con:config xsi:type="con:RequestStep" xmlns:xsi="http://www.w3.org/2001/XMLSchema-instance"><con:interface>SBInterop</con:interface><con:operation>UpdateClientSubscribesForEvnts</con:operation><con:request name="UpdateClientSubscribesForEvntsForCallbackRecipient" id="02dafca0-3126-473e-bd9e-2b8a7ad1fc2b" useWsAddressing="true"><con:settings><con:setting id="com.eviware.soapui.impl.wsdl.WsdlRequest@request-headers">&lt;xml-fragment/></con:setting></con:settings><con:encoding>UTF-8</con:encoding><con:endpoint>${#TestSuite#HighwaySBWcfServiceAddress}</con:endpoint><con:request><![CDATA[<soap:Envelope xmlns:soap="http://www.w3.org/2003/05/soap-envelope" xmlns:tem="http://tempuri.org/">\r
   <soap:Header/>\r
   <soap:Body>\r
      <tem:UpdateClientSubscribesForEvnts>\r
         <tem:ClientID>${#TestCase#CallbackRecipientTestClientID}</tem:ClientID>\r
      </tem:UpdateClientSubscribesForEvnts>\r
   </soap:Body>\r
</soap:Envelope>]]></con:request><con:assertion type="SOAP Response" id="206aa87d-a633-4bbe-9d0f-84d924d98011"/><con:assertion type="Schema Compliance" id="c1afd05c-43ae-4da3-8d87-624935dafe10"><con:configuration/></con:assertion><con:assertion type="SOAP Fault Assertion" id="24ad31a1-74c6-4197-abfa-876f7c75d30c"/><con:credentials><con:authType>No Authorization</con:authType></con:credentials><con:jmsConfig JMSDeliveryMode="PERSISTENT"/><con:jmsPropertyConfig/><con:wsaConfig mustUnderstand="NONE" version="200508" addDefaultAction="true" addDefaultTo="true"/><con:wsrmConfig version="1.2"/></con:request></con:config></con:testStep><con:testStep type="request" name="GetEvntTypesFromBusForRecipient" id="6e617743-4cd4-4b3b-94c4-a5aa252409cf"><con:settings/><con:config xsi:type="con:RequestStep" xmlns:xsi="http://www.w3.org/2001/XMLSchema-instance"><con:interface>SBInterop</con:interface><con:operation>GetEvntTypesFromBus</con:operation><con:request name="GetEvntTypesFromBusForRecipient" id="02545b2a-1850-4c72-a2df-3666c8dbf1c3" useWsAddressing="true"><con:settings><con:setting id="com.eviware.soapui.impl.wsdl.WsdlRequest@request-headers">&lt;xml-fragment/></con:setting></con:settings><con:encoding>UTF-8</con:encoding><con:endpoint>${#TestSuite#HighwaySBWcfServiceAddress}</con:endpoint><con:request><![CDATA[<soap:Envelope xmlns:soap="http://www.w3.org/2003/05/soap-envelope" xmlns:tem="http://tempuri.org/">\r
   <soap:Header/>\r
   <soap:Body>\r
      <tem:GetEvntTypesFromBus>\r
         <tem:ClientID>${#TestCase#RecipientTestClientID}</tem:ClientID>\r
      </tem:GetEvntTypesFromBus>\r
   </soap:Body>\r
</soap:Envelope>]]></con:request><con:assertion type="SOAP Response" id="ffdbd307-1846-4c7e-b4c6-3f1939ee7023"/><con:assertion type="Schema Compliance" id="f00a2cab-d463-4e02-858f-d7ac90a4cd56"><con:configuration/></con:assertion><con:assertion type="SOAP Fault Assertion" id="55c9135a-9eb4-449d-a1f2-8e26c01eff10"/><con:credentials><con:authType>No Authorization</con:authType></con:credentials><con:jmsConfig JMSDeliveryMode="PERSISTENT"/><con:jmsPropertyConfig/><con:wsaConfig mustUnderstand="NONE" version="200508" addDefaultAction="true" addDefaultTo="true"/><con:wsrmConfig version="1.2"/></con:request></con:config></con:testStep><con:testStep type="request" name="GetMsgTypesFromBusForRecipient" id="9d50c9d7-a6f5-4956-a9f6-6bf1adf047c9"><con:settings/><con:config xsi:type="con:RequestStep" xmlns:xsi="http://www.w3.org/2001/XMLSchema-instance"><con:interface>SBInterop</con:interface><con:operation>GetMsgTypesFromBus</con:operation><con:request name="GetMsgTypesFromBusForRecipient" id="73ea1c76-8bd5-4aa6-8bc2-587bcd2a0322" useWsAddressing="true"><con:settings><con:setting id="com.eviware.soapui.impl.wsdl.WsdlRequest@request-headers">&lt;xml-fragment/></con:setting></con:settings><con:encoding>UTF-8</con:encoding><con:endpoint>${#TestSuite#HighwaySBWcfServiceAddress}</con:endpoint><con:request><![CDATA[<soap:Envelope xmlns:soap="http://www.w3.org/2003/05/soap-envelope" xmlns:tem="http://tempuri.org/">\r
   <soap:Header/>\r
   <soap:Body>\r
      <tem:GetMsgTypesFromBus>\r
         <tem:ClientID>${#TestCase#RecipientTestClientID}</tem:ClientID>\r
      </tem:GetMsgTypesFromBus>\r
   </soap:Body>\r
</soap:Envelope>]]></con:request><con:assertion type="SOAP Response" id="4ea51059-3137-4f5e-b128-f7fd8ea059bb"/><con:assertion type="Schema Compliance" id="ad081661-a2a7-4fc5-baf4-b750d09830cc"><con:configuration/></con:assertion><con:assertion type="SOAP Fault Assertion" id="7c5f27df-5dea-4a1a-99bd-27d25bb71aa4"/><con:credentials><con:authType>No Authorization</con:authType></con:credentials><con:jmsConfig JMSDeliveryMode="PERSISTENT"/><con:jmsPropertyConfig/><con:wsaConfig mustUnderstand="NONE" version="200508" addDefaultAction="true" addDefaultTo="true"/><con:wsrmConfig version="1.2"/></con:request></con:config></con:testStep><con:testStep type="request" name="GetMsgTypesFromBusForCallbackRecipient" id="08d19e2c-4196-43c9-b0ad-4c86e22a8f1e"><con:settings/><con:config xsi:type="con:RequestStep" xmlns:xsi="http://www.w3.org/2001/XMLSchema-instance"><con:interface>SBInterop</con:interface><con:operation>GetMsgTypesFromBus</con:operation><con:request name="GetMsgTypesFromBusForCallbackRecipient" id="75e7ae9b-39c4-45b0-86a8-8851c6f6b4f9" useWsAddressing="true"><con:settings><con:setting id="com.eviware.soapui.impl.wsdl.WsdlRequest@request-headers">&lt;xml-fragment/></con:setting></con:settings><con:encoding>UTF-8</con:encoding><con:endpoint>${#TestSuite#HighwaySBWcfServiceAddress}</con:endpoint><con:request><![CDATA[<soap:Envelope xmlns:soap="http://www.w3.org/2003/05/soap-envelope" xmlns:tem="http://tempuri.org/">\r
   <soap:Header/>\r
   <soap:Body>\r
      <tem:GetMsgTypesFromBus>\r
         <tem:ClientID>${#TestCase#CallbackRecipientTestClientID}</tem:ClientID>\r
      </tem:GetMsgTypesFromBus>\r
   </soap:Body>\r
</soap:Envelope>]]></con:request><con:assertion type="SOAP Response" id="3dfb810d-6ccb-45e3-9a1e-f12bbab9eb1a"/><con:assertion type="Schema Compliance" id="baa921ee-a86e-4674-8867-762f4c017c8b"><con:configuration/></con:assertion><con:assertion type="SOAP Fault Assertion" id="8cc033fb-8db2-4ca9-ad31-2aaabe0fb2fd"/><con:credentials><con:authType>No Authorization</con:authType></con:credentials><con:jmsConfig JMSDeliveryMode="PERSISTENT"/><con:jmsPropertyConfig/><con:wsaConfig mustUnderstand="NONE" version="200508" addDefaultAction="true" addDefaultTo="true"/><con:wsrmConfig version="1.2"/></con:request></con:config></con:testStep><con:testStep type="request" name="GetEvntTypesFromBusForCallbackRecipient" id="2140ee44-47bb-4c8c-ad30-16185642b064" disabled="true"><con:settings/><con:config xsi:type="con:RequestStep" xmlns:xsi="http://www.w3.org/2001/XMLSchema-instance"><con:interface>SBInterop</con:interface><con:operation>GetEvntTypesFromBus</con:operation><con:request name="GetEvntTypesFromBusForCallbackRecipient" id="fe523cb0-a5e0-4610-8ca6-36e8315aa415" useWsAddressing="true"><con:settings><con:setting id="com.eviware.soapui.impl.wsdl.WsdlRequest@request-headers">&lt;xml-fragment/></con:setting></con:settings><con:encoding>UTF-8</con:encoding><con:endpoint>${#TestSuite#HighwaySBWcfServiceAddress}</con:endpoint><con:request><![CDATA[<soap:Envelope xmlns:soap="http://www.w3.org/2003/05/soap-envelope" xmlns:tem="http://tempuri.org/">\r
   <soap:Header/>\r
   <soap:Body>\r
      <tem:GetEvntTypesFromBus>\r
         <tem:ClientID>${#TestCase#CallbackRecipientTestClientID}</tem:ClientID>\r
      </tem:GetEvntTypesFromBus>\r
   </soap:Body>\r
</soap:Envelope>]]></con:request><con:assertion type="SOAP Response" id="55a4e177-b6bf-45ef-af78-77f12de21627"/><con:assertion type="Schema Compliance" id="b19c2a4c-2abb-4080-a72c-b3a4a2708c19"><con:configuration/></con:assertion><con:assertion type="SOAP Fault Assertion" id="4a61af7a-7e16-43ea-ae31-73cc7a756bef"/><con:assertion type="XQuery Match" id="8bb27625-4830-4f9f-a438-5184846da648" name="ResultCheck"><con:configuration><path><![CDATA[declare namespace b='http://schemas.datacontract.org/2004/07/IIS.Persona.ServiceBus.Objects';
<result>
{
for $eventType in //b:NameCommentStruct
order by $eventType/b:name
return <eventType><id>{data($eventType/b:id/text())}</id><name>{data($eventType/b:name/text())}</name></eventType>
}
</result>]]></path><content><![CDATA[<result>
  <eventType>
    <id>${#TestCase#EventTestTypeID}</id>
    <name>Тестовый тип событий (${#TestCase#CurrentDate})</name>
  </eventType>
  <eventType>
    <id>${#TestCase#MessageTestTypeID}</id>
    <name>Тестовый тип сообщений (${#TestCase#CurrentDate})</name>
  </eventType>
</result>]]></content><allowWildcards>false</allowWildcards><ignoreNamspaceDifferences>false</ignoreNamspaceDifferences><ignoreComments>false</ignoreComments></con:configuration></con:assertion><con:credentials><con:authType>No Authorization</con:authType></con:credentials><con:jmsConfig JMSDeliveryMode="PERSISTENT"/><con:jmsPropertyConfig/><con:wsaConfig mustUnderstand="NONE" version="200508" addDefaultAction="true" addDefaultTo="true"/><con:wsrmConfig version="1.2"/></con:request></con:config></con:testStep><con:testStep type="groovy" name="CheckSubscribes" id="2a7d3b59-3b95-4b80-9e56-fe5aeb195a24"><con:settings/><con:config><script>import com.eviware.soapui.support.XmlHolder;

def evntTypesForRecipient = new XmlHolder(testRunner.testCase.testSteps["GetEvntTypesFromBusForRecipient"].getPropertyValue("Response"));
def msgTypesForRecipient = new XmlHolder(testRunner.testCase.testSteps["GetMsgTypesFromBusForRecipient"].getPropertyValue("Response"));
def msgTypesForCallbackRecipient = new XmlHolder(testRunner.testCase.testSteps["GetMsgTypesFromBusForCallbackRecipient"].getPropertyValue("Response"));

def count = evntTypesForRecipient["//*:NameCommentStruct"].length;
count += msgTypesForRecipient["//*:NameCommentStruct"].length;

if (msgTypesForCallbackRecipient["//*:id"] == testRunner.testCase.getPropertyValue("MessageTestTypeID")) {
	count++;
}

if (count &lt; 5) testRunner.gotoStepByName("JustWaiting");
</script></con:config></con:testStep><con:setupScript>testRunner.testCase.setPropertyValue("CurrentDate", new Date().format("yyyy-MM-dd"));</con:setupScript><con:properties><con:property><con:name>RecipientTestClientID</con:name><con:value/></con:property><con:property><con:name>CallbackRecipientTestClientID</con:name><con:value/></con:property><con:property><con:name>MessageTestTypeID</con:name><con:value/></con:property><con:property><con:name>EventTestTypeID</con:name><con:value/></con:property><con:property><con:name>CurrentDate</con:name><con:value/></con:property></con:properties></con:testCase><con:testCase id="866575e2-f0b9-474a-bfd2-8cf0e9a312af" failOnError="true" failTestCaseOnErrors="true" keepSession="false" maxResults="0" name="TestSendingOperations" searchProperties="true"><con:settings/><con:testStep type="request" name="SendMessageToESB" id="3e90428d-21eb-4fb2-95be-14d893813d99"><con:settings/><con:config xsi:type="con:RequestStep" xmlns:xsi="http://www.w3.org/2001/XMLSchema-instance"><con:interface>SBService</con:interface><con:operation>SendMessageToESB</con:operation><con:request name="SendMessageToESB" id="4f948463-79b3-4549-9e65-b9f0162fe158" useWsAddressing="true"><con:settings><con:setting id="com.eviware.soapui.impl.wsdl.WsdlRequest@request-headers">&lt;xml-fragment/></con:setting></con:settings><con:encoding>UTF-8</con:encoding><con:endpoint>${#TestSuite#HighwaySBWcfServiceAddress}</con:endpoint><con:request><![CDATA[<soap:Envelope xmlns:soap="http://www.w3.org/2003/05/soap-envelope" xmlns:tem="http://tempuri.org/" xmlns:iis="http://schemas.datacontract.org/2004/07/IIS.Persona.ServiceBus.Objects" xmlns:arr="http://schemas.microsoft.com/2003/10/Serialization/Arrays">\r
   <soap:Header/>\r
   <soap:Body>\r
      <tem:SendMessageToESB>\r
         <tem:message>\r
            <iis:Attachment>SGVsbG8sIHdvcmxkIQ==</iis:Attachment>\r
            <iis:Body>Сообщение. Тестирование ${#TestCase#CurrentDate}.</iis:Body>\r
            <iis:ClientID>${#TestCase#SenderTestClientID}</iis:ClientID>\r
            <iis:MessageTypeID>${#TestCase#MessageTestTypeID}</iis:MessageTypeID>\r
         </tem:message>\r
      </tem:SendMessageToESB>\r
   </soap:Body>\r
</soap:Envelope>]]></con:request><con:assertion type="SOAP Response" id="571066e5-5068-45dc-bda6-d852fb78e8e7"/><con:assertion type="Schema Compliance" id="b29bf525-9f18-44d5-8025-ff50da29c54d"><con:configuration/></con:assertion><con:assertion type="SOAP Fault Assertion" id="36763f19-f9f9-4492-9de4-7bcbba236c79"/><con:credentials><con:authType>No Authorization</con:authType></con:credentials><con:jmsConfig JMSDeliveryMode="PERSISTENT"/><con:jmsPropertyConfig/><con:wsaConfig mustUnderstand="NONE" version="200508" addDefaultAction="true" addDefaultTo="true"/><con:wsrmConfig version="1.2"/></con:request></con:config></con:testStep><con:testStep type="request" name="SendMessageToESBWithTags" id="3c67eaeb-7e3d-45aa-86ab-cb15cc73ac6b"><con:settings/><con:config xsi:type="con:RequestStep" xmlns:xsi="http://www.w3.org/2001/XMLSchema-instance"><con:interface>SBService</con:interface><con:operation>SendMessageToESB</con:operation><con:request name="SendMessageToESBWithTags" id="80319b57-5ee7-41f3-a1ce-29a7bdf9f6dc" useWsAddressing="true"><con:settings><con:setting id="com.eviware.soapui.impl.wsdl.WsdlRequest@request-headers">&lt;xml-fragment/></con:setting></con:settings><con:encoding>UTF-8</con:encoding><con:endpoint>${#TestSuite#HighwaySBWcfServiceAddress}</con:endpoint><con:request><![CDATA[<soap:Envelope xmlns:soap="http://www.w3.org/2003/05/soap-envelope" xmlns:tem="http://tempuri.org/" xmlns:iis="http://schemas.datacontract.org/2004/07/IIS.Persona.ServiceBus.Objects" xmlns:arr="http://schemas.microsoft.com/2003/10/Serialization/Arrays">\r
   <soap:Header/>\r
   <soap:Body>\r
      <tem:SendMessageToESB>\r
         <tem:message>\r
            <iis:Body>Сообщение с тегами. Тестирование ${#TestCase#CurrentDate}.</iis:Body>\r
            <iis:ClientID>${#TestCase#SenderTestClientID}</iis:ClientID>\r
            <iis:MessageTypeID>${#TestCase#MessageTestTypeID}</iis:MessageTypeID>\r
            <iis:Tags>\r
               <arr:KeyValueOfstringstring>\r
                  <arr:Key>Цвет</arr:Key>\r
                  <arr:Value>Черный</arr:Value>\r
               </arr:KeyValueOfstringstring>\r
               <arr:KeyValueOfstringstring>
                  <arr:Key>Имя</arr:Key>
                  <arr:Value>Джек</arr:Value>
               </arr:KeyValueOfstringstring>
            </iis:Tags>\r
         </tem:message>\r
      </tem:SendMessageToESB>\r
   </soap:Body>\r
</soap:Envelope>]]></con:request><con:assertion type="SOAP Response" id="f5dc5038-610c-4b9e-ad67-e2dc62853195"/><con:assertion type="Schema Compliance" id="64396daf-ae5a-4bf3-ab9c-04ed3f105ec6"><con:configuration/></con:assertion><con:assertion type="SOAP Fault Assertion" id="11faf498-80a3-46e5-8012-27e7b0dbb870"/><con:credentials><con:authType>No Authorization</con:authType></con:credentials><con:jmsConfig JMSDeliveryMode="PERSISTENT"/><con:jmsPropertyConfig/><con:wsaConfig mustUnderstand="NONE" version="200508" addDefaultAction="true" addDefaultTo="true"/><con:wsrmConfig version="1.2"/></con:request></con:config></con:testStep><con:testStep type="request" name="SendMessageToESBWithPriority" id="6ac81cb6-6601-40a4-b38d-d6d9ae24da5e"><con:settings/><con:config xsi:type="con:RequestStep" xmlns:xsi="http://www.w3.org/2001/XMLSchema-instance"><con:interface>SBService</con:interface><con:operation>SendMessageToESB</con:operation><con:request name="SendMessageToESBWithPriority" id="a36830f8-d90b-4651-b7ec-d13f2aaaeac9" useWsAddressing="true"><con:settings><con:setting id="com.eviware.soapui.impl.wsdl.WsdlRequest@request-headers">&lt;xml-fragment/></con:setting></con:settings><con:encoding>UTF-8</con:encoding><con:endpoint>${#TestSuite#HighwaySBWcfServiceAddress}</con:endpoint><con:request><![CDATA[<soap:Envelope xmlns:soap="http://www.w3.org/2003/05/soap-envelope" xmlns:tem="http://tempuri.org/" xmlns:iis="http://schemas.datacontract.org/2004/07/IIS.Persona.ServiceBus.Objects" xmlns:arr="http://schemas.microsoft.com/2003/10/Serialization/Arrays">\r
   <soap:Header/>\r
   <soap:Body>\r
      <tem:SendMessageToESB>\r
         <tem:message>\r
            <iis:Body>Приоритетное сообщение. Тестирование ${#TestCase#CurrentDate}.</iis:Body>\r
            <iis:ClientID>${#TestCase#SenderTestClientID}</iis:ClientID>\r
            <iis:MessageTypeID>${#TestCase#MessageTestTypeID}</iis:MessageTypeID>\r
            <iis:Priority>5</iis:Priority>\r
         </tem:message>\r
      </tem:SendMessageToESB>\r
   </soap:Body>\r
</soap:Envelope>]]></con:request><con:assertion type="SOAP Response" id="7486d2fe-7ba1-438d-82ff-c0a71c833e48"/><con:assertion type="Schema Compliance" id="50d6ce5c-3ed0-48d6-835e-19a4c46a0129"><con:configuration/></con:assertion><con:assertion type="SOAP Fault Assertion" id="39461bd1-bad1-4316-bbad-81adce7db78e"/><con:credentials><con:authType>No Authorization</con:authType></con:credentials><con:jmsConfig JMSDeliveryMode="PERSISTENT"/><con:jmsPropertyConfig/><con:wsaConfig mustUnderstand="NONE" version="200508" addDefaultTo="true" addDefaultAction="true"/><con:wsrmConfig version="1.2"/></con:request></con:config></con:testStep><con:testStep type="request" name="SendUndeliveredMessageToESBWithUseGroup" id="d1ac8d23-f0be-4cec-be78-604f1a12376a"><con:settings/><con:config xsi:type="con:RequestStep" xmlns:xsi="http://www.w3.org/2001/XMLSchema-instance"><con:interface>SBService</con:interface><con:operation>SendMessageToESBWithUseGroup</con:operation><con:request name="SendUndeliveredMessageToESBWithUseGroup" id="b729b4e5-f40d-4272-8262-fc72dce14f5e" useWsAddressing="true"><con:settings><con:setting id="com.eviware.soapui.impl.wsdl.WsdlRequest@request-headers">&lt;xml-fragment/></con:setting></con:settings><con:encoding>UTF-8</con:encoding><con:endpoint>${#TestSuite#HighwaySBWcfServiceAddress}</con:endpoint><con:request><![CDATA[<soap:Envelope xmlns:soap="http://www.w3.org/2003/05/soap-envelope" xmlns:tem="http://tempuri.org/" xmlns:iis="http://schemas.datacontract.org/2004/07/IIS.Persona.ServiceBus.Objects" xmlns:arr="http://schemas.microsoft.com/2003/10/Serialization/Arrays">\r
   <soap:Header/>\r
   <soap:Body>\r
      <tem:SendMessageToESBWithUseGroup>
         <tem:message>\r
            <iis:Body>Сообщение которое будет затерто. Тестирование ${#TestCase#CurrentDate}.</iis:Body>\r
            <iis:ClientID>${#TestCase#SenderTestClientID}</iis:ClientID>\r
            <iis:MessageTypeID>${#TestCase#MessageTestTypeID}</iis:MessageTypeID>\r
         </tem:message>\r
         <tem:groupName>Сообщения с группой</tem:groupName>\r
      </tem:SendMessageToESBWithUseGroup>\r
   </soap:Body>\r
</soap:Envelope>]]></con:request><con:assertion type="SOAP Response" id="59c83c61-3d38-48c4-9c82-9df30b266583"/><con:assertion type="Schema Compliance" id="c03cd1d4-c242-4f6b-b20a-08fad4c43ada"><con:configuration/></con:assertion><con:assertion type="SOAP Fault Assertion" id="5dc36e41-da36-4021-ad72-578c7f63c409"/><con:credentials><con:authType>No Authorization</con:authType></con:credentials><con:jmsConfig JMSDeliveryMode="PERSISTENT"/><con:jmsPropertyConfig/><con:wsaConfig mustUnderstand="NONE" version="200508" addDefaultAction="true" addDefaultTo="true"/><con:wsrmConfig version="1.2"/></con:request></con:config></con:testStep><con:testStep type="request" name="SendDeliveredMessageToESBWithUseGroup" id="837aa517-a50d-4675-9ac6-c3d1113a20eb"><con:settings/><con:config xsi:type="con:RequestStep" xmlns:xsi="http://www.w3.org/2001/XMLSchema-instance"><con:interface>SBService</con:interface><con:operation>SendMessageToESBWithUseGroup</con:operation><con:request name="SendDeliveredMessageToESBWithUseGroup" id="c9944ad4-ee6c-4159-88e9-120b7d3308ed" useWsAddressing="true"><con:settings><con:setting id="com.eviware.soapui.impl.wsdl.WsdlRequest@request-headers">&lt;xml-fragment/></con:setting></con:settings><con:encoding>UTF-8</con:encoding><con:endpoint>${#TestSuite#HighwaySBWcfServiceAddress}</con:endpoint><con:request><![CDATA[<soap:Envelope xmlns:soap="http://www.w3.org/2003/05/soap-envelope" xmlns:tem="http://tempuri.org/" xmlns:iis="http://schemas.datacontract.org/2004/07/IIS.Persona.ServiceBus.Objects" xmlns:arr="http://schemas.microsoft.com/2003/10/Serialization/Arrays">\r
   <soap:Header/>\r
   <soap:Body>\r
      <tem:SendMessageToESBWithUseGroup>\r
         <tem:message>\r
            <iis:Body>Это сообщение затирает предыдущее сообщение с группой. Тестирование ${#TestCase#CurrentDate}.</iis:Body>\r
            <iis:ClientID>${#TestCase#SenderTestClientID}</iis:ClientID>\r
            <iis:MessageTypeID>${#TestCase#MessageTestTypeID}</iis:MessageTypeID>\r
         </tem:message>\r
         <tem:groupName>Сообщения с группой</tem:groupName>\r
      </tem:SendMessageToESBWithUseGroup>\r
   </soap:Body>\r
</soap:Envelope>]]></con:request><con:assertion type="SOAP Response" id="938f3b08-6bda-44af-8588-666fcc28fd11"/><con:assertion type="Schema Compliance" id="c16d3d0d-b371-4e8a-b304-a7f187fb3fb6"><con:configuration/></con:assertion><con:assertion type="SOAP Fault Assertion" id="9057ff57-a56c-4892-8a5e-8c297182e35f"/><con:credentials><con:authType>No Authorization</con:authType></con:credentials><con:jmsConfig JMSDeliveryMode="PERSISTENT"/><con:jmsPropertyConfig/><con:wsaConfig mustUnderstand="NONE" version="200508" addDefaultAction="true" addDefaultTo="true"/><con:wsrmConfig version="1.2"/></con:request></con:config></con:testStep><con:testStep type="request" name="RiseEventOnESB" id="9676f855-38e2-4128-96d9-8a531712b129"><con:settings/><con:config xsi:type="con:RequestStep" xmlns:xsi="http://www.w3.org/2001/XMLSchema-instance"><con:interface>SBService</con:interface><con:operation>RiseEventOnESB</con:operation><con:request name="RiseEventOnESB" id="bce9e693-06a5-4cdc-ba99-9ea1c35e3486" useWsAddressing="true"><con:settings><con:setting id="com.eviware.soapui.impl.wsdl.WsdlRequest@request-headers">&lt;xml-fragment/></con:setting></con:settings><con:encoding>UTF-8</con:encoding><con:endpoint>${#TestSuite#HighwaySBWcfServiceAddress}</con:endpoint><con:request><![CDATA[<soap:Envelope xmlns:soap="http://www.w3.org/2003/05/soap-envelope" xmlns:tem="http://tempuri.org/">\r
   <soap:Header/>\r
   <soap:Body>\r
      <tem:RiseEventOnESB>\r
         <tem:ClientID>${#TestCase#SenderTestClientID}</tem:ClientID>\r
         <tem:EventTypeID>${#TestCase#EventTestTypeID}</tem:EventTypeID>\r
      </tem:RiseEventOnESB>\r
   </soap:Body>\r
</soap:Envelope>]]></con:request><con:assertion type="SOAP Response" id="847d59fb-5e3a-4155-894a-cdff207c8cdb"/><con:assertion type="Schema Compliance" id="71916217-757d-46dc-95c9-2c9c847e23fd"><con:configuration/></con:assertion><con:assertion type="SOAP Fault Assertion" id="47bfdd42-8ce5-4160-b563-b138df5a40f1"/><con:credentials><con:authType>No Authorization</con:authType></con:credentials><con:jmsConfig JMSDeliveryMode="PERSISTENT"/><con:jmsPropertyConfig/><con:wsaConfig mustUnderstand="NONE" version="200508" addDefaultAction="true" addDefaultTo="true"/><con:wsrmConfig version="1.2"/></con:request></con:config></con:testStep><con:setupScript>testRunner.testCase.setPropertyValue("CurrentDate", new Date().format("yyyy-MM-dd"));</con:setupScript><con:properties><con:property><con:name>SenderTestClientID</con:name><con:value/></con:property><con:property><con:name>MessageTestTypeID</con:name><con:value/></con:property><con:property><con:name>EventTestTypeID</con:name><con:value/></con:property><con:property><con:name>CurrentDate</con:name><con:value/></con:property></con:properties></con:testCase><con:testCase id="0fc1cf47-0f80-41c7-8a7d-120fd577a9dd" failOnError="true" failTestCaseOnErrors="true" keepSession="false" maxResults="0" name="TestOtherGettingOperations" searchProperties="true"><con:settings/><con:testStep type="request" name="GetCurrentMessageCount" id="dec433d1-feb7-4154-8699-77a92f27182b"><con:settings/><con:config xsi:type="con:RequestStep" xmlns:xsi="http://www.w3.org/2001/XMLSchema-instance"><con:interface>SBService</con:interface><con:operation>GetCurrentMessageCount</con:operation><con:request name="GetCurrentMessageCount" id="eaacae56-904b-4253-859c-1b3b9e2d914c" useWsAddressing="true"><con:settings><con:setting id="com.eviware.soapui.impl.wsdl.WsdlRequest@request-headers">&lt;xml-fragment/></con:setting></con:settings><con:encoding>UTF-8</con:encoding><con:endpoint>${#TestSuite#HighwaySBWcfServiceAddress}</con:endpoint><con:request><![CDATA[<soap:Envelope xmlns:soap="http://www.w3.org/2003/05/soap-envelope" xmlns:tem="http://tempuri.org/">\r
   <soap:Header/>\r
   <soap:Body>\r
      <tem:GetCurrentMessageCount>\r
         <tem:ClientID>${#TestCase#RecipientTestClientID}</tem:ClientID>\r
      </tem:GetCurrentMessageCount>\r
   </soap:Body>\r
</soap:Envelope>]]></con:request><con:assertion type="SOAP Response" id="621937a4-5f7e-4c60-816c-e20a5794602d"/><con:assertion type="Schema Compliance" id="e39be9aa-b42c-477c-acac-96458bf2980d"><con:configuration/></con:assertion><con:assertion type="SOAP Fault Assertion" id="8f890d26-d677-458a-9afa-827657a398bb"/><con:assertion type="XPath Match" id="51498fc4-584b-441a-887b-f57daf6ced47" name="ResultCheck"><con:configuration><path>declare namespace ns1='http://tempuri.org/';
//ns1:GetCurrentMessageCountResult</path><content>5</content><allowWildcards>false</allowWildcards><ignoreNamspaceDifferences>false</ignoreNamspaceDifferences><ignoreComments>false</ignoreComments></con:configuration></con:assertion><con:credentials><con:authType>No Authorization</con:authType></con:credentials><con:jmsConfig JMSDeliveryMode="PERSISTENT"/><con:jmsPropertyConfig/><con:wsaConfig mustUnderstand="NONE" version="200508" addDefaultAction="true" addDefaultTo="true"/><con:wsrmConfig version="1.2"/></con:request></con:config></con:testStep><con:testStep type="request" name="GetCurrentThisTypeMessageCount" id="53b0b95b-c066-4f3e-aee2-4bab5cb1157b"><con:settings/><con:config xsi:type="con:RequestStep" xmlns:xsi="http://www.w3.org/2001/XMLSchema-instance"><con:interface>SBService</con:interface><con:operation>GetCurrentThisTypeMessageCount</con:operation><con:request name="GetCurrentThisTypeMessageCount" id="2011bdd4-4196-4654-9823-c640dc8543f4" useWsAddressing="true"><con:settings><con:setting id="com.eviware.soapui.impl.wsdl.WsdlRequest@request-headers">&lt;xml-fragment/></con:setting></con:settings><con:encoding>UTF-8</con:encoding><con:endpoint>${#TestSuite#HighwaySBWcfServiceAddress}</con:endpoint><con:request><![CDATA[<soap:Envelope xmlns:soap="http://www.w3.org/2003/05/soap-envelope" xmlns:tem="http://tempuri.org/">\r
   <soap:Header/>\r
   <soap:Body>\r
      <tem:GetCurrentThisTypeMessageCount>\r
         <tem:ClientID>${#TestCase#RecipientTestClientID}</tem:ClientID>\r
         <tem:MessageTypeID>${#TestCase#MessageTestTypeID}</tem:MessageTypeID>\r
      </tem:GetCurrentThisTypeMessageCount>\r
   </soap:Body>\r
</soap:Envelope>]]></con:request><con:assertion type="SOAP Response" id="954dc011-5c80-4130-a098-7e984e4ddbaa"/><con:assertion type="Schema Compliance" id="adc2604a-1489-4c42-9d0a-f66fc2a5cb93"><con:configuration/></con:assertion><con:assertion type="SOAP Fault Assertion" id="95ab9c02-8502-44dd-a338-c2291ac1d06a"/><con:assertion type="XPath Match" id="eee66d40-a43b-4df1-b0f2-3f316df3347d" name="ResultCheck"><con:configuration><path>declare namespace ns1='http://tempuri.org/';
//ns1:GetCurrentThisTypeMessageCountResult</path><content>4</content><allowWildcards>false</allowWildcards><ignoreNamspaceDifferences>false</ignoreNamspaceDifferences><ignoreComments>false</ignoreComments></con:configuration></con:assertion><con:credentials><con:authType>No Authorization</con:authType></con:credentials><con:jmsConfig JMSDeliveryMode="PERSISTENT"/><con:jmsPropertyConfig/><con:wsaConfig mustUnderstand="NONE" version="200508" addDefaultAction="true" addDefaultTo="true"/><con:wsrmConfig version="1.2"/></con:request></con:config></con:testStep><con:testStep type="request" name="GetMessageInfo" id="6229a855-5f95-4fc9-9a0b-5d9803477be8"><con:settings/><con:config xsi:type="con:RequestStep" xmlns:xsi="http://www.w3.org/2001/XMLSchema-instance"><con:interface>SBService</con:interface><con:operation>GetMessageInfo</con:operation><con:request name="GetMessageInfo" id="1817e547-d139-4a5e-93bb-24d12cbbc4cf" useWsAddressing="true"><con:settings><con:setting id="com.eviware.soapui.impl.wsdl.WsdlRequest@request-headers">&lt;xml-fragment/></con:setting></con:settings><con:encoding>UTF-8</con:encoding><con:endpoint>${#TestSuite#HighwaySBWcfServiceAddress}</con:endpoint><con:request><![CDATA[<soap:Envelope xmlns:soap="http://www.w3.org/2003/05/soap-envelope" xmlns:tem="http://tempuri.org/">\r
   <soap:Header/>\r
   <soap:Body>\r
      <tem:GetMessageInfo>\r
         <tem:clientId>${#TestCase#RecipientTestClientID}</tem:clientId>\r
         <tem:messageTypeId>${#TestCase#MessageTestTypeID}</tem:messageTypeId>\r
      </tem:GetMessageInfo>\r
   </soap:Body>\r
</soap:Envelope>]]></con:request><con:assertion type="SOAP Response" id="e978aab6-d645-47aa-901a-ae0c7fce3f70"/><con:assertion type="Schema Compliance" id="8f142041-1062-4b4c-9dd1-0a467518b164"><con:configuration/></con:assertion><con:assertion type="SOAP Fault Assertion" id="730e0bb9-228d-4f20-be7d-48df29e0bfda"/><con:assertion type="XPath Match" id="16b39097-9bdc-414e-a390-8954508c7ce4" name="PriorityCheck"><con:configuration><path>declare namespace b='http://schemas.datacontract.org/2004/07/IIS.Persona.ServiceBus.Objects';
//b:Priority</path><content>5</content><allowWildcards>false</allowWildcards><ignoreNamspaceDifferences>false</ignoreNamspaceDifferences><ignoreComments>false</ignoreComments></con:configuration></con:assertion><con:assertion type="XPath Match" id="4af74055-58ba-4453-9d6e-e313c5b6c371" name="FormingTimeCheck"><con:configuration><path>declare namespace b='http://schemas.datacontract.org/2004/07/IIS.Persona.ServiceBus.Objects';
//b:FormingTime</path><content>${#TestCase#CurrentDate}T*</content><allowWildcards>true</allowWildcards><ignoreNamspaceDifferences>false</ignoreNamspaceDifferences><ignoreComments>false</ignoreComments></con:configuration></con:assertion><con:credentials><con:authType>No Authorization</con:authType></con:credentials><con:jmsConfig JMSDeliveryMode="PERSISTENT"/><con:jmsPropertyConfig/><con:wsaConfig mustUnderstand="NONE" version="200508" addDefaultAction="true" addDefaultTo="true"/><con:wsrmConfig version="1.2"/></con:request></con:config></con:testStep><con:testStep type="request" name="GetMessageInfoWithTags" id="042d6b6d-09be-40d1-a228-206ffb47995e" disabled="true"><con:settings/><con:config xsi:type="con:RequestStep" xmlns:xsi="http://www.w3.org/2001/XMLSchema-instance"><con:interface>SBService</con:interface><con:operation>GetMessageInfoWithTags</con:operation><con:request name="GetMessageInfoWithTags" id="d0d26ce4-e22b-4434-89fc-8fead706b294" useWsAddressing="true"><con:settings><con:setting id="com.eviware.soapui.impl.wsdl.WsdlRequest@request-headers">&lt;xml-fragment/></con:setting></con:settings><con:encoding>UTF-8</con:encoding><con:endpoint>${#TestSuite#HighwaySBWcfServiceAddress}</con:endpoint><con:request><![CDATA[<soap:Envelope xmlns:soap="http://www.w3.org/2003/05/soap-envelope" xmlns:tem="http://tempuri.org/" xmlns:arr="http://schemas.microsoft.com/2003/10/Serialization/Arrays">\r
   <soap:Header/>\r
   <soap:Body>\r
      <tem:GetMessageInfoWithTags>\r
         <tem:clientId>${#TestCase#RecipientTestClientID}</tem:clientId>\r
         <tem:messageTypeId>${#TestCase#MessageTestTypeID}</tem:messageTypeId>\r
         <tem:tags>\r
            <arr:string>Цвет</arr:string>\r
            <arr:string>Имя</arr:string>
         </tem:tags>\r
      </tem:GetMessageInfoWithTags>\r
   </soap:Body>\r
</soap:Envelope>]]></con:request><con:assertion type="SOAP Response" id="ac17f0b3-bdf3-4b0e-a3c6-d2fe473898c2"/><con:assertion type="Schema Compliance" id="dd8a6e77-1d43-47d4-8122-acdd628cdb60"><con:configuration/></con:assertion><con:assertion type="SOAP Fault Assertion" id="5abad208-80f4-48b4-83d2-55586886cafb"/><con:credentials><con:authType>No Authorization</con:authType></con:credentials><con:jmsConfig JMSDeliveryMode="PERSISTENT"/><con:jmsPropertyConfig/><con:wsaConfig mustUnderstand="NONE" version="200508" addDefaultAction="true" addDefaultTo="true"/><con:wsrmConfig version="1.2"/></con:request></con:config></con:testStep><con:testStep type="request" name="GetMessageInfoWithGroup" id="15810427-b5b8-416c-bf95-3b49dd63efd2"><con:settings/><con:config xsi:type="con:RequestStep" xmlns:xsi="http://www.w3.org/2001/XMLSchema-instance"><con:interface>SBService</con:interface><con:operation>GetMessageInfoWithGroup</con:operation><con:request name="GetMessageInfoWithGroup" id="71e0fcdc-cce6-498a-8510-726b2e7344ea" useWsAddressing="true"><con:settings><con:setting id="com.eviware.soapui.impl.wsdl.WsdlRequest@request-headers">&lt;xml-fragment/></con:setting></con:settings><con:encoding>UTF-8</con:encoding><con:endpoint>${#TestSuite#HighwaySBWcfServiceAddress}</con:endpoint><con:request><![CDATA[<soap:Envelope xmlns:soap="http://www.w3.org/2003/05/soap-envelope" xmlns:tem="http://tempuri.org/">\r
   <soap:Header/>\r
   <soap:Body>\r
      <tem:GetMessageInfoWithGroup>\r
         <tem:clientId>${#TestCase#RecipientTestClientID}</tem:clientId>\r
         <tem:messageTypeId>${#TestCase#MessageTestTypeID}</tem:messageTypeId>\r
         <tem:groupName>Сообщения с группой</tem:groupName>\r
      </tem:GetMessageInfoWithGroup>\r
   </soap:Body>\r
</soap:Envelope>]]></con:request><con:assertion type="SOAP Response" id="f2fc6165-9cb2-4d2c-b715-f69c3370612e"/><con:assertion type="Schema Compliance" id="b8f1174b-6fc5-4f62-8bf8-53caf053d424"><con:configuration/></con:assertion><con:assertion type="SOAP Fault Assertion" id="c03aaabc-5f84-4881-8365-52e4db32d6e6"/><con:assertion type="XPath Match" id="ad04b994-32c5-467b-8c71-e8a3b286bf61" name="PriorityCheck"><con:configuration><path>declare namespace b='http://schemas.datacontract.org/2004/07/IIS.Persona.ServiceBus.Objects';
//b:Priority</path><content>0</content><allowWildcards>false</allowWildcards><ignoreNamspaceDifferences>false</ignoreNamspaceDifferences><ignoreComments>false</ignoreComments></con:configuration></con:assertion><con:assertion type="XPath Match" id="6683e314-76e4-48b9-b489-aa52fc103b1d" name="FormingTimeCheck"><con:configuration><path>declare namespace b='http://schemas.datacontract.org/2004/07/IIS.Persona.ServiceBus.Objects';
//b:FormingTime</path><content>${#TestCase#CurrentDate}T*</content><allowWildcards>true</allowWildcards><ignoreNamspaceDifferences>false</ignoreNamspaceDifferences><ignoreComments>false</ignoreComments></con:configuration></con:assertion><con:credentials><con:authType>No Authorization</con:authType></con:credentials><con:jmsConfig JMSDeliveryMode="PERSISTENT"/><con:jmsPropertyConfig/><con:wsaConfig mustUnderstand="NONE" version="200508" addDefaultAction="true" addDefaultTo="true"/><con:wsrmConfig version="1.2"/></con:request></con:config></con:testStep><con:setupScript>testRunner.testCase.setPropertyValue("CurrentDate", new Date().format("yyyy-MM-dd"));</con:setupScript><con:properties><con:property><con:name>RecipientTestClientID</con:name><con:value/></con:property><con:property><con:name>MessageTestTypeID</con:name><con:value/></con:property><con:property><con:name>EventTestTypeID</con:name><con:value/></con:property><con:property><con:name>CurrentDate</con:name><con:value/></con:property></con:properties></con:testCase><con:testCase id="78a34b88-9d41-43b3-ab2b-4fb1bec46c95" failOnError="true" failTestCaseOnErrors="true" keepSession="false" maxResults="0" name="TestGettingOperations" searchProperties="true"><con:settings/><con:testStep type="request" name="GetMessageFromESBWithPriority" id="893d96b6-0df7-4cae-a44e-08884fc88cec"><con:settings/><con:config xsi:type="con:RequestStep" xmlns:xsi="http://www.w3.org/2001/XMLSchema-instance"><con:interface>SBService</con:interface><con:operation>GetMessageFromESB</con:operation><con:request name="GetMessageFromESBWithPriority" id="c887b20c-d75a-409e-a01f-8eb79625ce92" useWsAddressing="true"><con:settings><con:setting id="com.eviware.soapui.impl.wsdl.WsdlRequest@request-headers">&lt;xml-fragment/></con:setting></con:settings><con:encoding>UTF-8</con:encoding><con:endpoint>${#TestSuite#HighwaySBWcfServiceAddress}</con:endpoint><con:request><![CDATA[<soap:Envelope xmlns:soap="http://www.w3.org/2003/05/soap-envelope" xmlns:tem="http://tempuri.org/">\r
   <soap:Header/>\r
   <soap:Body>\r
      <tem:GetMessageFromESB>\r
         <tem:ClientID>${#TestCase#RecipientTestClientID}</tem:ClientID>\r
         <tem:MessageTypeID>${#TestCase#MessageTestTypeID}</tem:MessageTypeID>\r
      </tem:GetMessageFromESB>\r
   </soap:Body>\r
</soap:Envelope>]]></con:request><con:assertion type="SOAP Response" id="678e2af4-caeb-4fd1-98d0-ee724e1f5c9f"/><con:assertion type="Schema Compliance" id="2a501601-d4a5-4143-a25e-df47491b82e4"><con:configuration/></con:assertion><con:assertion type="SOAP Fault Assertion" id="3145644a-6066-41f0-9797-bdb212536947"/><con:assertion type="XPath Match" id="ab0d22aa-077a-4dc3-ac57-5672b96fb896" name="BodyCheck"><con:configuration><path>declare namespace b='http://schemas.datacontract.org/2004/07/IIS.Persona.ServiceBus.Objects';
//b:Body</path><content>Приоритетное сообщение. Тестирование ${#TestCase#CurrentDate}.</content><allowWildcards>false</allowWildcards><ignoreNamspaceDifferences>false</ignoreNamspaceDifferences><ignoreComments>false</ignoreComments></con:configuration></con:assertion><con:credentials><con:authType>No Authorization</con:authType></con:credentials><con:jmsConfig JMSDeliveryMode="PERSISTENT"/><con:jmsPropertyConfig/><con:wsaConfig mustUnderstand="NONE" version="200508" addDefaultAction="true" addDefaultTo="true"/><con:wsrmConfig version="1.2"/></con:request></con:config></con:testStep><con:testStep type="request" name="GetMessageWithTagsFromESB" id="fb9e1a1c-bdfb-4cc1-ad75-484c6121acdd"><con:settings/><con:config xsi:type="con:RequestStep" xmlns:xsi="http://www.w3.org/2001/XMLSchema-instance"><con:interface>SBService</con:interface><con:operation>GetMessageWithTagsFromESB</con:operation><con:request name="GetMessageWithTagsFromESB" id="331e23d3-0e43-4df4-9e11-2327cd94eaaf" useWsAddressing="true"><con:settings><con:setting id="com.eviware.soapui.impl.wsdl.WsdlRequest@request-headers">&lt;xml-fragment/></con:setting></con:settings><con:encoding>UTF-8</con:encoding><con:endpoint>${#TestSuite#HighwaySBWcfServiceAddress}</con:endpoint><con:request><![CDATA[<soap:Envelope xmlns:soap="http://www.w3.org/2003/05/soap-envelope" xmlns:tem="http://tempuri.org/" xmlns:arr="http://schemas.microsoft.com/2003/10/Serialization/Arrays">\r
   <soap:Header/>\r
   <soap:Body>\r
      <tem:GetMessageWithTagsFromESB>\r
         <tem:clientId>${#TestCase#RecipientTestClientID}</tem:clientId>\r
         <tem:messageTypeId>${#TestCase#MessageTestTypeID}</tem:messageTypeId>\r
         <tem:tags>\r
            <arr:string>Цвет</arr:string>\r
            <arr:string>Имя</arr:string>
         </tem:tags>\r
      </tem:GetMessageWithTagsFromESB>\r
   </soap:Body>\r
</soap:Envelope>]]></con:request><con:assertion type="SOAP Response" id="c1b4d248-457d-481d-a5a1-9fbb7e7464d8"/><con:assertion type="Schema Compliance" id="cf7ef7bd-e583-4daf-9b66-53a03c870b2d"><con:configuration/></con:assertion><con:assertion type="SOAP Fault Assertion" id="76eedd23-c499-44b1-86ba-4760fba988e8"/><con:assertion type="XPath Match" id="4fddfa00-75d5-4306-8a87-5d240a538957" name="BodyCheck"><con:configuration><path>declare namespace b='http://schemas.datacontract.org/2004/07/IIS.Persona.ServiceBus.Objects';
//b:Body</path><content>Сообщение с тегами. Тестирование ${#TestCase#CurrentDate}.</content><allowWildcards>false</allowWildcards><ignoreNamspaceDifferences>false</ignoreNamspaceDifferences><ignoreComments>false</ignoreComments></con:configuration></con:assertion><con:credentials><con:authType>No Authorization</con:authType></con:credentials><con:jmsConfig JMSDeliveryMode="PERSISTENT"/><con:jmsPropertyConfig/><con:wsaConfig mustUnderstand="NONE" version="200508" addDefaultAction="true" addDefaultTo="true"/><con:wsrmConfig version="1.2"/></con:request></con:config></con:testStep><con:testStep type="request" name="GetMessageWithGroupFromESB" id="fa456bed-cc80-4413-9a9e-c2deb9016d2e"><con:settings/><con:config xsi:type="con:RequestStep" xmlns:xsi="http://www.w3.org/2001/XMLSchema-instance"><con:interface>SBService</con:interface><con:operation>GetMessageWithGroupFromESB</con:operation><con:request name="GetMessageWithGroupFromESB" id="f891bdbe-6be3-438f-922a-d818d2297038" useWsAddressing="true"><con:settings><con:setting id="com.eviware.soapui.impl.wsdl.WsdlRequest@request-headers">&lt;xml-fragment/></con:setting></con:settings><con:encoding>UTF-8</con:encoding><con:endpoint>${#TestSuite#HighwaySBWcfServiceAddress}</con:endpoint><con:request><![CDATA[<soap:Envelope xmlns:soap="http://www.w3.org/2003/05/soap-envelope" xmlns:tem="http://tempuri.org/">\r
   <soap:Header/>\r
   <soap:Body>\r
      <tem:GetMessageWithGroupFromESB>\r
         <tem:ClientID>${#TestCase#RecipientTestClientID}</tem:ClientID>\r
         <tem:MessageTypeID>${#TestCase#MessageTestTypeID}</tem:MessageTypeID>\r
         <tem:groupName>Сообщения с группой</tem:groupName>\r
      </tem:GetMessageWithGroupFromESB>\r
   </soap:Body>\r
</soap:Envelope>]]></con:request><con:assertion type="SOAP Response" id="82bae64e-2047-4ff5-b876-48017290480a"/><con:assertion type="Schema Compliance" id="54c819d3-5e03-4889-8867-d6881a3bda7f"><con:configuration/></con:assertion><con:assertion type="SOAP Fault Assertion" id="15bc0182-1f23-4563-8418-9e8894f4b6fe"/><con:assertion type="XPath Match" id="ca56975d-0032-4f65-bb89-afc3d01b48a6" name="BodyCheck"><con:configuration><path>declare namespace b='http://schemas.datacontract.org/2004/07/IIS.Persona.ServiceBus.Objects';
//b:Body</path><content>Это сообщение затирает предыдущее сообщение с группой. Тестирование ${#TestCase#CurrentDate}.</content><allowWildcards>false</allowWildcards><ignoreNamspaceDifferences>false</ignoreNamspaceDifferences><ignoreComments>false</ignoreComments></con:configuration></con:assertion><con:credentials><con:authType>No Authorization</con:authType></con:credentials><con:jmsConfig JMSDeliveryMode="PERSISTENT"/><con:jmsPropertyConfig/><con:wsaConfig mustUnderstand="NONE" version="200508" addDefaultTo="true" addDefaultAction="true"/><con:wsrmConfig version="1.2"/></con:request></con:config></con:testStep><con:testStep type="request" name="GetMessageFromESB" id="7a6c7fab-507f-4f6d-be52-f3484b7ba03a"><con:settings/><con:config xsi:type="con:RequestStep" xmlns:xsi="http://www.w3.org/2001/XMLSchema-instance"><con:interface>SBService</con:interface><con:operation>GetMessageFromESB</con:operation><con:request name="GetMessageFromESB" id="08845de3-bc7d-4c5f-9880-76472ff840f7" useWsAddressing="true"><con:settings><con:setting id="com.eviware.soapui.impl.wsdl.WsdlRequest@request-headers">&lt;xml-fragment/></con:setting></con:settings><con:encoding>UTF-8</con:encoding><con:endpoint>${#TestSuite#HighwaySBWcfServiceAddress}</con:endpoint><con:request><![CDATA[<soap:Envelope xmlns:soap="http://www.w3.org/2003/05/soap-envelope" xmlns:tem="http://tempuri.org/">\r
   <soap:Header/>\r
   <soap:Body>\r
      <tem:GetMessageFromESB>\r
         <tem:ClientID>${#TestCase#RecipientTestClientID}</tem:ClientID>\r
         <tem:MessageTypeID>${#TestCase#MessageTestTypeID}</tem:MessageTypeID>\r
      </tem:GetMessageFromESB>\r
   </soap:Body>\r
</soap:Envelope>]]></con:request><con:assertion type="SOAP Response" id="3e943cd3-3d68-47f9-b229-47b3c833a7f1"/><con:assertion type="Schema Compliance" id="ea1e714e-17bc-49aa-913b-c5a86dec6694"><con:configuration/></con:assertion><con:assertion type="SOAP Fault Assertion" id="d078065e-35b2-4bd8-9c4f-b3443e6ce6b8"/><con:assertion type="XPath Match" id="360ccabf-c454-4930-b1c2-07bd85dc60a8" name="BodyCheck"><con:configuration><path>declare namespace b='http://schemas.datacontract.org/2004/07/IIS.Persona.ServiceBus.Objects';
//b:Body</path><content>Сообщение. Тестирование ${#TestCase#CurrentDate}.</content><allowWildcards>false</allowWildcards><ignoreNamspaceDifferences>false</ignoreNamspaceDifferences><ignoreComments>false</ignoreComments></con:configuration></con:assertion><con:assertion type="XPath Match" id="2c64ee55-5c4d-42e2-9bb9-dec184d00c37" name="AttachmentCheck"><con:configuration><path>declare namespace b='http://schemas.datacontract.org/2004/07/IIS.Persona.ServiceBus.Objects';
//b:Attachment</path><content>SGVsbG8sIHdvcmxkIQ==</content><allowWildcards>false</allowWildcards><ignoreNamspaceDifferences>false</ignoreNamspaceDifferences><ignoreComments>false</ignoreComments></con:configuration></con:assertion><con:credentials><con:authType>No Authorization</con:authType></con:credentials><con:jmsConfig JMSDeliveryMode="PERSISTENT"/><con:jmsPropertyConfig/><con:wsaConfig mustUnderstand="NONE" version="200508" addDefaultTo="true" addDefaultAction="true"/><con:wsrmConfig version="1.2"/></con:request></con:config></con:testStep><con:testStep type="request" name="DoesEventRisenTrue" id="ba9d1fc3-2072-4f38-9f69-f70e6dbf9770"><con:settings/><con:config xsi:type="con:RequestStep" xmlns:xsi="http://www.w3.org/2001/XMLSchema-instance"><con:interface>SBService</con:interface><con:operation>DoesEventRisen</con:operation><con:request name="DoesEventRisenTrue" id="bf692882-e61a-4228-8d1d-7214457c6e83" useWsAddressing="true"><con:settings><con:setting id="com.eviware.soapui.impl.wsdl.WsdlRequest@request-headers">&lt;xml-fragment/></con:setting></con:settings><con:encoding>UTF-8</con:encoding><con:endpoint>${#TestSuite#HighwaySBWcfServiceAddress}</con:endpoint><con:request><![CDATA[<soap:Envelope xmlns:soap="http://www.w3.org/2003/05/soap-envelope" xmlns:tem="http://tempuri.org/">\r
   <soap:Header/>\r
   <soap:Body>\r
      <tem:DoesEventRisen>\r
         <tem:ClientID>${#TestCase#RecipientTestClientID}</tem:ClientID>\r
         <tem:EventTypeID>${#TestCase#EventTestTypeID}</tem:EventTypeID>\r
      </tem:DoesEventRisen>\r
   </soap:Body>\r
</soap:Envelope>]]></con:request><con:assertion type="SOAP Response" id="41d12ba6-b6e3-4787-8ca4-9b870cf4b491"/><con:assertion type="Schema Compliance" id="5be2d253-76e9-49c8-b9f6-36d2f36edc4c"><con:configuration/></con:assertion><con:assertion type="SOAP Fault Assertion" id="f138c235-8c22-4a5a-beab-c65db09a29e1"/><con:assertion type="XPath Match" id="0ec34d28-10f4-4587-b034-ea93579f2f58" name="ResultCheck"><con:configuration><path>declare namespace ns1='http://tempuri.org/';
//ns1:DoesEventRisenResult</path><content>true</content><allowWildcards>false</allowWildcards><ignoreNamspaceDifferences>false</ignoreNamspaceDifferences><ignoreComments>false</ignoreComments></con:configuration></con:assertion><con:credentials><con:authType>No Authorization</con:authType></con:credentials><con:jmsConfig JMSDeliveryMode="PERSISTENT"/><con:jmsPropertyConfig/><con:wsaConfig mustUnderstand="NONE" version="200508" addDefaultTo="true" addDefaultAction="true"/><con:wsrmConfig version="1.2"/></con:request></con:config></con:testStep><con:testStep type="request" name="HackDeleteEvent" id="811ce482-0a27-4129-a764-8c447c4b3dff"><con:settings/><con:config xsi:type="con:RequestStep" xmlns:xsi="http://www.w3.org/2001/XMLSchema-instance"><con:interface>SBService</con:interface><con:operation>GetMessageFromESB</con:operation><con:request name="HackDeleteEvent" id="d35fac14-3165-4299-9f6d-6be1043cc0bb" useWsAddressing="true"><con:settings><con:setting id="com.eviware.soapui.impl.wsdl.WsdlRequest@request-headers">&lt;xml-fragment/></con:setting></con:settings><con:encoding>UTF-8</con:encoding><con:endpoint>${#TestSuite#HighwaySBWcfServiceAddress}</con:endpoint><con:request><![CDATA[<soap:Envelope xmlns:soap="http://www.w3.org/2003/05/soap-envelope" xmlns:tem="http://tempuri.org/">\r
   <soap:Header/>\r
   <soap:Body>\r
      <tem:GetMessageFromESB>\r
         <tem:ClientID>${#TestCase#RecipientTestClientID}</tem:ClientID>\r
         <tem:MessageTypeID>${#TestCase#EventTestTypeID}</tem:MessageTypeID>\r
      </tem:GetMessageFromESB>\r
   </soap:Body>\r
</soap:Envelope>]]></con:request><con:assertion type="SOAP Response" id="e9d7cc47-f8a2-4049-b103-66c7b7b3e07a"/><con:assertion type="Schema Compliance" id="9dd15d91-4896-4746-a581-94a746fb41a0"><con:configuration/></con:assertion><con:assertion type="SOAP Fault Assertion" id="913a3f67-38fe-468e-a43b-d4030706298a"/><con:credentials><con:authType>No Authorization</con:authType></con:credentials><con:jmsConfig JMSDeliveryMode="PERSISTENT"/><con:jmsPropertyConfig/><con:wsaConfig mustUnderstand="NONE" version="200508" addDefaultTo="true" addDefaultAction="true"/><con:wsrmConfig version="1.2"/></con:request></con:config></con:testStep><con:testStep type="request" name="DoesEventRisenFalse" id="19007776-cce0-41db-ad0c-99a3ddd62173"><con:settings/><con:config xsi:type="con:RequestStep" xmlns:xsi="http://www.w3.org/2001/XMLSchema-instance"><con:interface>SBService</con:interface><con:operation>DoesEventRisen</con:operation><con:request name="DoesEventRisenFalse" id="824765d7-3a51-4881-bc72-85faaeb83d64" useWsAddressing="true"><con:settings><con:setting id="com.eviware.soapui.impl.wsdl.WsdlRequest@request-headers">&lt;xml-fragment/></con:setting></con:settings><con:encoding>UTF-8</con:encoding><con:endpoint>${#TestSuite#HighwaySBWcfServiceAddress}</con:endpoint><con:request><![CDATA[<soap:Envelope xmlns:soap="http://www.w3.org/2003/05/soap-envelope" xmlns:tem="http://tempuri.org/">\r
   <soap:Header/>\r
   <soap:Body>\r
      <tem:DoesEventRisen>\r\r
         <tem:ClientID>${#TestCase#RecipientTestClientID}</tem:ClientID>\r
         <tem:EventTypeID>${#TestCase#EventTestTypeID}</tem:EventTypeID>\r
      </tem:DoesEventRisen>\r
   </soap:Body>\r
</soap:Envelope>]]></con:request><con:assertion type="SOAP Response" id="e9463620-77e2-4414-8d24-6d830689300b"/><con:assertion type="Schema Compliance" id="e9b6abff-1eae-4086-9062-068854a4b842"><con:configuration/></con:assertion><con:assertion type="SOAP Fault Assertion" id="1bda2def-424b-4c1d-a449-4b41bf7540fc"/><con:assertion type="XPath Match" id="ee196a25-c177-4e14-88cd-b7cb2a50400b" name="ResultCheck"><con:configuration><path>declare namespace ns1='http://tempuri.org/';
//ns1:DoesEventRisenResult</path><content>false</content><allowWildcards>false</allowWildcards><ignoreNamspaceDifferences>false</ignoreNamspaceDifferences><ignoreComments>false</ignoreComments></con:configuration></con:assertion><con:credentials><con:authType>No Authorization</con:authType></con:credentials><con:jmsConfig JMSDeliveryMode="PERSISTENT"/><con:jmsPropertyConfig/><con:wsaConfig mustUnderstand="NONE" version="200508" addDefaultTo="true" addDefaultAction="true"/><con:wsrmConfig version="1.2"/></con:request></con:config></con:testStep><con:setupScript>testRunner.testCase.setPropertyValue("CurrentDate", new Date().format("yyyy-MM-dd"));</con:setupScript><con:properties><con:property><con:name>RecipientTestClientID</con:name><con:value/></con:property><con:property><con:name>MessageTestTypeID</con:name><con:value/></con:property><con:property><con:name>EventTestTypeID</con:name><con:value/></con:property><con:property><con:name>CurrentDate</con:name><con:value/></con:property></con:properties></con:testCase><con:testCase id="7f09dd43-c9f1-4599-abd0-e334cd86abb0" failOnError="true" failTestCaseOnErrors="true" keepSession="false" maxResults="0" name="DeleteTestData" searchProperties="true"><con:settings/><con:testStep type="manualTestStep" name="DeleteStatSettings" id="e19f70b1-88d0-4bd5-9d30-4aa21225521e"><con:description>Удалите настройки регистрации статистики для подписок:
${#TestCase#RecipientTestClientName} : ${#TestCase#MessageTestTypeName}
${#TestCase#RecipientTestClientName} : ${#TestCase#EventTestTypeName}
${#TestCase#CallbackRecipientTestClientName} : ${#TestCase#MessageTestTypeName}</con:description><con:settings/><con:config xsi:type="con:ManualTestStep" xmlns:xsi="http://www.w3.org/2001/XMLSchema-instance"><con:expectedResult>Настройки регистрации удалены.</con:expectedResult></con:config></con:testStep><con:testStep type="request" name="DeleteSenderTestClient" id="cc4168f1-8e2b-4b56-86dd-a23d7e5d87c7"><con:settings/><con:config xsi:type="con:RequestStep" xmlns:xsi="http://www.w3.org/2001/XMLSchema-instance"><con:interface>SBService</con:interface><con:operation>DeleteClient</con:operation><con:request name="DeleteSenderTestClient" id="3f0792eb-a1a0-4e9f-a259-02f6cb9ed57f" useWsAddressing="true"><con:settings><con:setting id="com.eviware.soapui.impl.wsdl.WsdlRequest@request-headers">&lt;xml-fragment/></con:setting></con:settings><con:encoding>UTF-8</con:encoding><con:endpoint>${#TestSuite#HighwaySBWcfServiceAddress}</con:endpoint><con:request><![CDATA[<soap:Envelope xmlns:soap="http://www.w3.org/2003/05/soap-envelope" xmlns:tem="http://tempuri.org/">\r
   <soap:Header/>\r
   <soap:Body>\r
      <tem:DeleteClient>\r
         <tem:clientId>${#TestCase#SenderTestClientID}</tem:clientId>\r
      </tem:DeleteClient>\r
   </soap:Body>\r
</soap:Envelope>]]></con:request><con:assertion type="SOAP Response" id="f665d568-1309-434d-969e-175f57221dd9"/><con:assertion type="Schema Compliance" id="6574c82b-7cf1-4920-a67f-03667f94632b"><con:configuration/></con:assertion><con:assertion type="SOAP Fault Assertion" id="c7361e43-7f7b-4608-bb65-154bddf7a2b3"/><con:credentials><con:authType>No Authorization</con:authType></con:credentials><con:jmsConfig JMSDeliveryMode="PERSISTENT"/><con:jmsPropertyConfig/><con:wsaConfig mustUnderstand="NONE" version="200508" addDefaultAction="true" addDefaultTo="true"/><con:wsrmConfig version="1.2"/></con:request></con:config></con:testStep><con:testStep type="request" name="DeleteRecipientTestClient" id="2a705cfd-0186-4ce8-a258-f0b4dd2fc53b"><con:settings/><con:config xsi:type="con:RequestStep" xmlns:xsi="http://www.w3.org/2001/XMLSchema-instance"><con:interface>SBService</con:interface><con:operation>DeleteClient</con:operation><con:request name="DeleteRecipientTestClient" id="f85abaeb-d9f6-4cf9-9867-03084efdcdbd" useWsAddressing="true"><con:settings><con:setting id="com.eviware.soapui.impl.wsdl.WsdlRequest@request-headers">&lt;xml-fragment/></con:setting></con:settings><con:encoding>UTF-8</con:encoding><con:endpoint>${#TestSuite#HighwaySBWcfServiceAddress}</con:endpoint><con:request><![CDATA[<soap:Envelope xmlns:soap="http://www.w3.org/2003/05/soap-envelope" xmlns:tem="http://tempuri.org/">\r
   <soap:Header/>\r
   <soap:Body>\r
      <tem:DeleteClient>\r
         <tem:clientId>${#TestCase#RecipientTestClientID}</tem:clientId>\r
      </tem:DeleteClient>\r
   </soap:Body>\r
</soap:Envelope>]]></con:request><con:assertion type="SOAP Response" id="efff4590-a52e-4df4-a791-42c977f0332a"/><con:assertion type="Schema Compliance" id="00bfe1d7-9099-436c-9a60-c2d8414ebbbf"><con:configuration/></con:assertion><con:assertion type="SOAP Fault Assertion" id="9d577a4f-8240-4a22-b164-26e32febd19d"/><con:credentials><con:authType>No Authorization</con:authType></con:credentials><con:jmsConfig JMSDeliveryMode="PERSISTENT"/><con:jmsPropertyConfig/><con:wsaConfig mustUnderstand="NONE" version="200508" addDefaultAction="true" addDefaultTo="true"/><con:wsrmConfig version="1.2"/></con:request></con:config></con:testStep><con:testStep type="request" name="DeleteCallbackRecipientTestClient" id="ff1630ce-99b0-4d14-88b5-2d00f3e1527b"><con:settings/><con:config xsi:type="con:RequestStep" xmlns:xsi="http://www.w3.org/2001/XMLSchema-instance"><con:interface>SBService</con:interface><con:operation>DeleteClient</con:operation><con:request name="DeleteCallbackRecipientTestClient" id="870b2e56-848f-4b15-9cdb-90ceeace77d9" useWsAddressing="true"><con:settings><con:setting id="com.eviware.soapui.impl.wsdl.WsdlRequest@request-headers">&lt;xml-fragment/></con:setting></con:settings><con:encoding>UTF-8</con:encoding><con:endpoint>${#TestSuite#HighwaySBWcfServiceAddress}</con:endpoint><con:request><![CDATA[<soap:Envelope xmlns:soap="http://www.w3.org/2003/05/soap-envelope" xmlns:tem="http://tempuri.org/">\r
   <soap:Header/>\r
   <soap:Body>\r
      <tem:DeleteClient>\r
         <tem:clientId>${#TestCase#CallbackRecipientTestClientID}</tem:clientId>\r
      </tem:DeleteClient>\r
   </soap:Body>\r
</soap:Envelope>]]></con:request><con:assertion type="SOAP Response" id="006e728a-64d0-45ed-b9af-7139f47c38f5"/><con:assertion type="Schema Compliance" id="52ad0e78-eb11-40b6-b90f-90e3d80f87da"><con:configuration/></con:assertion><con:assertion type="SOAP Fault Assertion" id="aa2f0adc-9e28-4576-a092-02b152ea8cca"/><con:credentials><con:authType>No Authorization</con:authType></con:credentials><con:jmsConfig JMSDeliveryMode="PERSISTENT"/><con:jmsPropertyConfig/><con:wsaConfig mustUnderstand="NONE" version="200508" addDefaultAction="true" addDefaultTo="true"/><con:wsrmConfig version="1.2"/></con:request></con:config></con:testStep><con:testStep type="manualTestStep" name="DeleteMessageTypes" id="9c9cf222-b76b-44dd-9e85-e02315d3fd8b"><con:description>Удалите следующие типы сообщений:
${#TestCase#MessageTestTypeName}
${#TestCase#EventTestTypeName}</con:description><con:settings/><con:config xsi:type="con:ManualTestStep" xmlns:xsi="http://www.w3.org/2001/XMLSchema-instance"><con:expectedResult>Типы сообщений удалены.</con:expectedResult></con:config></con:testStep><con:setupScript/><con:properties><con:property><con:name>SenderTestClientID</con:name><con:value/></con:property><con:property><con:name>RecipientTestClientID</con:name><con:value/></con:property><con:property><con:name>CallbackRecipientTestClientID</con:name><con:value/></con:property><con:property><con:name>RecipientTestClientName</con:name><con:value/></con:property><con:property><con:name>CallbackRecipientTestClientName</con:name><con:value/></con:property><con:property><con:name>MessageTestTypeName</con:name><con:value/></con:property><con:property><con:name>EventTestTypeName</con:name><con:value/></con:property></con:properties></con:testCase><con:properties><con:property><con:name>HighwaySBWcfServiceAddress</con:name><con:value>http://rtc-web:7074/HighwaySBWinMSSQLWcfService</con:value></con:property><con:property><con:name>AdminAppURL</con:name><con:value>http://rtc-web:8084/</con:value></con:property></con:properties></con:testSuite><con:testSuite id="831dd592-5038-427d-a924-363153792992" name="WinPostgreSQL"><con:description/><con:settings/><con:runType>SEQUENTIAL</con:runType><con:testCase id="b842e5cd-a72c-4b73-9505-c832e305b696" failOnError="true" failTestCaseOnErrors="true" keepSession="false" maxResults="0" name="FullTests" searchProperties="true"><con:description/><con:settings/><con:testStep type="request" name="IsUp" id="a33366dc-7c41-41fb-b412-75ded6ee6073"><con:settings/><con:config xsi:type="con:RequestStep" xmlns:xsi="http://www.w3.org/2001/XMLSchema-instance"><con:interface>SBService</con:interface><con:operation>IsUp</con:operation><con:request name="IsUp" id="be422863-fabb-4fe8-97fe-29bf3c5cf7df" useWsAddressing="true"><con:settings><con:setting id="com.eviware.soapui.impl.wsdl.WsdlRequest@request-headers">&lt;xml-fragment/></con:setting></con:settings><con:encoding>UTF-8</con:encoding><con:endpoint>${#TestSuite#HighwaySBWcfServiceAddress}</con:endpoint><con:request><![CDATA[<soap:Envelope xmlns:soap="http://www.w3.org/2003/05/soap-envelope" xmlns:tem="http://tempuri.org/">\r
   <soap:Header/>\r
   <soap:Body>\r
      <tem:IsUp/>\r
   </soap:Body>\r
</soap:Envelope>]]></con:request><con:assertion type="SOAP Response" id="0580d109-9c8a-4bc0-b813-35cabd572267"/><con:assertion type="Schema Compliance" id="a5d11114-3fd9-4046-9bf6-fbca7ff4645e"><con:configuration/></con:assertion><con:assertion type="SOAP Fault Assertion" id="9e65bdb8-2d57-4a35-a32e-081ed9c23fd7"/><con:assertion type="XPath Match" id="6d0596fe-e9b4-47f4-9977-14fb63c23c38" name="XPath Match"><con:configuration><path>declare namespace ns1='http://tempuri.org/';
//ns1:IsUpResult</path><content>true</content><allowWildcards>false</allowWildcards><ignoreNamspaceDifferences>false</ignoreNamspaceDifferences><ignoreComments>false</ignoreComments></con:configuration></con:assertion><con:credentials><con:authType>No Authorization</con:authType></con:credentials><con:jmsConfig JMSDeliveryMode="PERSISTENT"/><con:jmsPropertyConfig/><con:wsaConfig mustUnderstand="NONE" version="200508" addDefaultTo="true" addDefaultAction="true"/><con:wsrmConfig version="1.2"/></con:request></con:config></con:testStep><con:testStep type="calltestcase" name="CreateTestData" id="c87ffb40-01d5-41f2-97d3-b1f913533429"><con:settings/><con:config xsi:type="con:RunTestCaseStep" xmlns:xsi="http://www.w3.org/2001/XMLSchema-instance"><con:targetTestCase>d1a0f20d-69ab-4168-a60f-430c9117d84e</con:targetTestCase><con:properties><con:property><con:name>SenderTestClientID</con:name><con:value/></con:property><con:property><con:name>SenderTestClientName</con:name><con:value/></con:property><con:property><con:name>MessageTestTypeID</con:name><con:value/></con:property><con:property><con:name>MessageTestTypeName</con:name><con:value/></con:property><con:property><con:name>RecipientTestClientID</con:name><con:value/></con:property><con:property><con:name>RecipientTestClientName</con:name><con:value/></con:property><con:property><con:name>EventTestTypeID</con:name><con:value/></con:property><con:property><con:name>EventTestTypeName</con:name><con:value/></con:property><con:property><con:name>CallbackRecipientTestClientID</con:name><con:value/></con:property><con:property><con:name>CallbackRecipientTestClientName</con:name><con:value/></con:property><con:property><con:name>CallbackRecipientTestClientAddress</con:name><con:value/></con:property></con:properties><con:returnProperties><con:entry/><con:entry>SenderTestClientID</con:entry><con:entry>SenderTestClientName</con:entry><con:entry>MessageTestTypeID</con:entry><con:entry>MessageTestTypeName</con:entry><con:entry>RecipientTestClientID</con:entry><con:entry>RecipientTestClientName</con:entry><con:entry>EventTestTypeID</con:entry><con:entry>EventTestTypeName</con:entry><con:entry>CallbackRecipientTestClientID</con:entry><con:entry>CallbackRecipientTestClientName</con:entry><con:entry>CallbackRecipientTestClientAddress</con:entry></con:returnProperties><con:runMode>SINGLETON_AND_FAIL</con:runMode></con:config></con:testStep><con:testStep type="groovy" name="FillProperties" id="4ea4c180-5df9-4c07-8de8-9f00e828fee6"><con:settings/><con:config><script>def createTC = testRunner.testCase.testSteps["CreateTestData"];
def manageTC = testRunner.testCase.testSteps["TestOtherManageOperations"];
def sendingTC = testRunner.testCase.testSteps["TestSendingOperations"];
def otherGettingTC = testRunner.testCase.testSteps["TestOtherGettingOperations"];
def gettingTC = testRunner.testCase.testSteps["TestGettingOperations"];
def deleteTC = testRunner.testCase.testSteps["DeleteTestData"];

manageTC.setPropertyValue("RecipientTestClientID", createTC.getPropertyValue("RecipientTestClientID"));
manageTC.setPropertyValue("CallbackRecipientTestClientID", createTC.getPropertyValue("CallbackRecipientTestClientID"));
manageTC.setPropertyValue("MessageTestTypeID", createTC.getPropertyValue("MessageTestTypeID"));
manageTC.setPropertyValue("EventTestTypeID", createTC.getPropertyValue("EventTestTypeID"));

sendingTC.setPropertyValue("SenderTestClientID", createTC.getPropertyValue("SenderTestClientID"));
sendingTC.setPropertyValue("MessageTestTypeID", createTC.getPropertyValue("MessageTestTypeID"));
sendingTC.setPropertyValue("EventTestTypeID", createTC.getPropertyValue("EventTestTypeID"));

otherGettingTC.setPropertyValue("RecipientTestClientID", createTC.getPropertyValue("RecipientTestClientID"));
otherGettingTC.setPropertyValue("MessageTestTypeID", createTC.getPropertyValue("MessageTestTypeID"));
otherGettingTC.setPropertyValue("EventTestTypeID", createTC.getPropertyValue("EventTestTypeID"));

gettingTC.setPropertyValue("RecipientTestClientID", createTC.getPropertyValue("RecipientTestClientID"));
gettingTC.setPropertyValue("MessageTestTypeID", createTC.getPropertyValue("MessageTestTypeID"));
gettingTC.setPropertyValue("EventTestTypeID", createTC.getPropertyValue("EventTestTypeID"));

deleteTC.setPropertyValue("SenderTestClientID", createTC.getPropertyValue("SenderTestClientID"));
deleteTC.setPropertyValue("RecipientTestClientID", createTC.getPropertyValue("RecipientTestClientID"));
deleteTC.setPropertyValue("CallbackRecipientTestClientID", createTC.getPropertyValue("CallbackRecipientTestClientID"));
deleteTC.setPropertyValue("RecipientTestClientName", createTC.getPropertyValue("RecipientTestClientName"));
deleteTC.setPropertyValue("CallbackRecipientTestClientName", createTC.getPropertyValue("CallbackRecipientTestClientName"));
deleteTC.setPropertyValue("MessageTestTypeName", createTC.getPropertyValue("MessageTestTypeName"));
deleteTC.setPropertyValue("EventTestTypeName", createTC.getPropertyValue("EventTestTypeName"));
</script></con:config></con:testStep><con:testStep type="calltestcase" name="TestOtherManageOperations" id="b95ad353-3589-45e5-baef-06c696096245"><con:settings/><con:config xsi:type="con:RunTestCaseStep" ignoreEmptyProperties="true" xmlns:xsi="http://www.w3.org/2001/XMLSchema-instance"><con:targetTestCase>8f3aeb38-ce3f-4be7-ae78-970355fa40d4</con:targetTestCase><con:properties><con:property><con:name>RecipientTestClientID</con:name><con:value/></con:property><con:property><con:name>CallbackRecipientTestClientID</con:name><con:value/></con:property><con:property><con:name>MessageTestTypeID</con:name><con:value/></con:property><con:property><con:name>EventTestTypeID</con:name><con:value/></con:property><con:property><con:name>CurrentDate</con:name><con:value/></con:property></con:properties><con:returnProperties/><con:runMode>SINGLETON_AND_FAIL</con:runMode></con:config></con:testStep><con:testStep type="groovy" name="RunCallbackRecipient" id="bf1e915c-3e57-4df3-9de9-93ee76fd59af"><con:settings/><con:config><script>def mockService = testRunner.testCase.testSuite.project.mockServices["CallbackRecipient"];

mockService.setPropertyValue("PriorityMessageReceived", "false");
mockService.setPropertyValue("TaggedMessageReceived", "false");
mockService.setPropertyValue("FirstGroupMessageReceived", "false");
mockService.setPropertyValue("LastGroupMessageReceived", "false");
mockService.setPropertyValue("MessageReceived", "false");
mockService.setPropertyValue("UnknownMessageReceived", "false");

mockService.start();
</script></con:config></con:testStep><con:testStep type="delay" name="WaitingRunCallbackRecipient" id="38c01f47-d3bf-4252-8f04-1814323732e4"><con:settings/><con:config><delay>1000</delay></con:config></con:testStep><con:testStep type="calltestcase" name="TestSendingOperations" id="b7864c9d-5e91-44d4-9442-88b0169d7465"><con:settings/><con:config xsi:type="con:RunTestCaseStep" ignoreEmptyProperties="true" xmlns:xsi="http://www.w3.org/2001/XMLSchema-instance"><con:targetTestCase>8829e684-7bcb-42da-91dc-b5a2263a4338</con:targetTestCase><con:properties><con:property><con:name>SenderTestClientID</con:name><con:value/></con:property><con:property><con:name>MessageTestTypeID</con:name><con:value/></con:property><con:property><con:name>EventTestTypeID</con:name><con:value/></con:property><con:property><con:name>CurrentDate</con:name><con:value/></con:property></con:properties><con:returnProperties/><con:runMode>SINGLETON_AND_FAIL</con:runMode></con:config></con:testStep><con:testStep type="calltestcase" name="TestOtherGettingOperations" id="b29a7aab-79e6-498e-89a8-09e38b9d6bd6"><con:settings/><con:config xsi:type="con:RunTestCaseStep" ignoreEmptyProperties="true" xmlns:xsi="http://www.w3.org/2001/XMLSchema-instance"><con:targetTestCase>24b30d72-deae-4ae7-9839-2061d46ac149</con:targetTestCase><con:properties><con:property><con:name>RecipientTestClientID</con:name><con:value/></con:property><con:property><con:name>MessageTestTypeID</con:name><con:value/></con:property><con:property><con:name>EventTestTypeID</con:name><con:value/></con:property><con:property><con:name>CurrentDate</con:name><con:value/></con:property></con:properties><con:returnProperties/><con:runMode>SINGLETON_AND_FAIL</con:runMode></con:config></con:testStep><con:testStep type="calltestcase" name="TestGettingOperations" id="50d3c3cf-17e7-4397-acbd-7cf7e8bc6eb9"><con:settings/><con:config xsi:type="con:RunTestCaseStep" ignoreEmptyProperties="true" xmlns:xsi="http://www.w3.org/2001/XMLSchema-instance"><con:targetTestCase>cdd39a07-71ca-4c8f-8c84-cabc971574f0</con:targetTestCase><con:properties><con:property><con:name>RecipientTestClientID</con:name><con:value/></con:property><con:property><con:name>MessageTestTypeID</con:name><con:value/></con:property><con:property><con:name>EventTestTypeID</con:name><con:value/></con:property><con:property><con:name>CurrentDate</con:name><con:value/></con:property></con:properties><con:returnProperties/><con:runMode>SINGLETON_AND_FAIL</con:runMode></con:config></con:testStep><con:testStep type="delay" name="WaitingMessageDelivery" id="8c868db4-871a-43c1-9347-3af6983a5ed6"><con:settings/><con:config><delay>1000</delay></con:config></con:testStep><con:testStep type="request" name="GetCurrentMessageCountForCallbackRecipient" id="b739d2e2-879b-49b6-afd2-c4e77208c16a"><con:settings/><con:config xsi:type="con:RequestStep" xmlns:xsi="http://www.w3.org/2001/XMLSchema-instance"><con:interface>SBService</con:interface><con:operation>GetCurrentMessageCount</con:operation><con:request name="GetCurrentMessageCountForCallbackRecipient" id="e9d56f80-82f2-43ba-870e-ce1609b54a28" useWsAddressing="true"><con:settings><con:setting id="com.eviware.soapui.impl.wsdl.WsdlRequest@request-headers">&lt;xml-fragment/></con:setting></con:settings><con:encoding>UTF-8</con:encoding><con:endpoint>${#TestSuite#HighwaySBWcfServiceAddress}</con:endpoint><con:request><![CDATA[<soap:Envelope xmlns:soap="http://www.w3.org/2003/05/soap-envelope" xmlns:tem="http://tempuri.org/">\r
   <soap:Header/>\r
   <soap:Body>\r
      <tem:GetCurrentMessageCount>\r
         <tem:ClientID>${CreateTestData#CallbackRecipientTestClientID}</tem:ClientID>\r
      </tem:GetCurrentMessageCount>\r
   </soap:Body>\r
</soap:Envelope>]]></con:request><con:assertion type="SOAP Response" id="3b90598b-a4f1-47a8-8686-f0d71f216fe7"/><con:assertion type="Schema Compliance" id="1516fafd-0d44-4de9-b321-3dda43a151a1"><con:configuration/></con:assertion><con:assertion type="SOAP Fault Assertion" id="125c9c53-535f-4172-9d48-311b3b75887f"/><con:credentials><con:authType>No Authorization</con:authType></con:credentials><con:jmsConfig JMSDeliveryMode="PERSISTENT"/><con:jmsPropertyConfig/><con:wsaConfig mustUnderstand="NONE" version="200508" addDefaultAction="true" addDefaultTo="true"/><con:wsrmConfig version="1.2"/></con:request></con:config></con:testStep><con:testStep type="groovy" name="CheckMessageCountForCallbackRecipient" id="1c541ea0-2fbe-4535-8f46-a8211ffd9f01"><con:settings/><con:config><script>def response = testRunner.testCase.testSteps["GetCurrentMessageCountForCallbackRecipient"].getPropertyValue("Response");
def xmlResponse = new com.eviware.soapui.support.XmlHolder(response);
def count = new Integer(xmlResponse["//*:GetCurrentMessageCountResult"]);
if (count > 0) testRunner.gotoStepByName("WaitingMessageDelivery");
</script></con:config></con:testStep><con:testStep type="groovy" name="CheckCallbackRecipient" id="b0b42ba5-435d-45a2-93ff-063421850954"><con:settings/><con:config><script>def mockRunner = testRunner.testCase.testSuite.project.mockServices["CallbackRecipient"].getMockRunner();

mockRunner.stop();

assert mockRunner.mockService.getPropertyValue("PriorityMessageReceived") == "true";
assert mockRunner.mockService.getPropertyValue("TaggedMessageReceived") == "true";
assert mockRunner.mockService.getPropertyValue("FirstGroupMessageReceived") == "true" || mockRunner.mockService.getPropertyValue("LastGroupMessageReceived") == "true";
assert mockRunner.mockService.getPropertyValue("MessageReceived") == "true";
assert mockRunner.mockService.getPropertyValue("UnknownMessageReceived") == "false";
</script></con:config></con:testStep><con:testStep type="calltestcase" name="DeleteTestData" id="ad83d8a2-800b-48cb-b2cf-f78631df4076"><con:settings/><con:config xsi:type="con:RunTestCaseStep" ignoreEmptyProperties="true" xmlns:xsi="http://www.w3.org/2001/XMLSchema-instance"><con:targetTestCase>7079077e-63af-4ece-bb01-449515e91eb6</con:targetTestCase><con:properties><con:property><con:name>SenderTestClientID</con:name><con:value/></con:property><con:property><con:name>RecipientTestClientID</con:name><con:value/></con:property><con:property><con:name>CallbackRecipientTestClientID</con:name><con:value/></con:property><con:property><con:name>RecipientTestClientName</con:name><con:value/></con:property><con:property><con:name>CallbackRecipientTestClientName</con:name><con:value/></con:property><con:property><con:name>MessageTestTypeName</con:name><con:value/></con:property><con:property><con:name>EventTestTypeName</con:name><con:value/></con:property></con:properties><con:returnProperties/><con:runMode>SINGLETON_AND_FAIL</con:runMode></con:config></con:testStep><con:testStep type="manualTestStep" name="Final" id="f707fe26-5c0c-4f3f-b748-1426a60e2f0d"><con:description>Тестирование завершено.</con:description><con:settings/><con:config xsi:type="con:ManualTestStep" xmlns:xsi="http://www.w3.org/2001/XMLSchema-instance"/></con:testStep><con:properties/></con:testCase><con:testCase id="d1a0f20d-69ab-4168-a60f-430c9117d84e" failOnError="true" failTestCaseOnErrors="true" keepSession="false" maxResults="0" name="CreateTestData" searchProperties="true"><con:settings/><con:testStep type="groovy" name="InitProperties" id="c3a6a30a-967c-4cca-bea9-d0a83209bd88"><con:settings/><con:config><script>def mockService = testRunner.testCase.testSuite.project.mockServices["CallbackRecipient"];
def callbackAddress = "http://" + mockService.getHost() + ":" + mockService.getPort() + mockService.getPath();
def currentDate = new Date().format("yyyy-MM-dd");

testRunner.testCase.setPropertyValue("SenderTestClientID", java.util.UUID.randomUUID().toString());
testRunner.testCase.setPropertyValue("SenderTestClientName", "Тестовый клиент отправитель (" + currentDate + ")");
testRunner.testCase.setPropertyValue("MessageTestTypeID", java.util.UUID.randomUUID().toString());
testRunner.testCase.setPropertyValue("MessageTestTypeName", "Тестовый тип сообщений (" + currentDate + ")");
testRunner.testCase.setPropertyValue("EventTestTypeID", java.util.UUID.randomUUID().toString());
testRunner.testCase.setPropertyValue("EventTestTypeName", "Тестовый тип событий (" + currentDate + ")");
testRunner.testCase.setPropertyValue("RecipientTestClientID", java.util.UUID.randomUUID().toString());
testRunner.testCase.setPropertyValue("RecipientTestClientName", "Тестовый клиент получатель (" + currentDate + ")");
testRunner.testCase.setPropertyValue("CallbackRecipientTestClientID", java.util.UUID.randomUUID().toString());
testRunner.testCase.setPropertyValue("CallbackRecipientTestClientName", "Тестовый клиент получатель с Callback (" + currentDate + ")");
testRunner.testCase.setPropertyValue("CallbackRecipientTestClientAddress", callbackAddress);
</script></con:config></con:testStep><con:testStep type="request" name="SenderTestClient" id="63d62a4e-693a-4ee0-a544-64625c2794e9"><con:settings/><con:config xsi:type="con:RequestStep" xmlns:xsi="http://www.w3.org/2001/XMLSchema-instance"><con:interface>SBService</con:interface><con:operation>CreateClient</con:operation><con:request name="SenderTestClient" id="b2a395e6-5f60-47d8-9277-481203f77a75" useWsAddressing="true"><con:settings><con:setting id="com.eviware.soapui.impl.wsdl.WsdlRequest@request-headers">&lt;xml-fragment/></con:setting></con:settings><con:encoding>UTF-8</con:encoding><con:endpoint>${#TestSuite#HighwaySBWcfServiceAddress}</con:endpoint><con:request><![CDATA[<soap:Envelope xmlns:soap="http://www.w3.org/2003/05/soap-envelope" xmlns:tem="http://tempuri.org/">
   <soap:Header/>
   <soap:Body>
      <tem:CreateClient>
         <tem:clientId>${#TestCase#SenderTestClientID}</tem:clientId>
         <tem:name>${#TestCase#SenderTestClientName}</tem:name>
      </tem:CreateClient>
   </soap:Body>
</soap:Envelope>]]></con:request><con:assertion type="SOAP Response" id="def62eb7-c613-4403-844d-c978f9dbcf5f"/><con:assertion type="Schema Compliance" id="7ada28e3-89e9-48fe-872f-6af33f36a16c"><con:configuration/></con:assertion><con:assertion type="SOAP Fault Assertion" id="3507dc1d-2270-4114-85b5-0e756310c67c"/><con:credentials><con:authType>No Authorization</con:authType></con:credentials><con:jmsConfig JMSDeliveryMode="PERSISTENT"/><con:jmsPropertyConfig/><con:wsaConfig mustUnderstand="NONE" version="200508" addDefaultTo="true" addDefaultAction="true" action=""/><con:wsrmConfig version="1.2"/></con:request></con:config></con:testStep><con:testStep type="request" name="MessageTestType" id="c7ae27db-3c32-45b5-95ce-9433f68753fe"><con:settings/><con:config xsi:type="con:RequestStep" xmlns:xsi="http://www.w3.org/2001/XMLSchema-instance"><con:interface>SBInterop</con:interface><con:operation>AddNewMsgType</con:operation><con:request name="MessageTestType" id="1f95cb88-a06a-4f3d-a789-b48c827d3c72" useWsAddressing="true"><con:settings><con:setting id="com.eviware.soapui.impl.wsdl.WsdlRequest@request-headers">&lt;xml-fragment/></con:setting></con:settings><con:encoding>UTF-8</con:encoding><con:endpoint>${#TestSuite#HighwaySBWcfServiceAddress}</con:endpoint><con:request><![CDATA[<soap:Envelope xmlns:soap="http://www.w3.org/2003/05/soap-envelope" xmlns:tem="http://tempuri.org/" xmlns:iis="http://schemas.datacontract.org/2004/07/IIS.Persona.ServiceBus.Objects">\r
   <soap:Header/>\r
   <soap:Body>\r
      <tem:AddNewMsgType>\r
         <tem:msgType>\r
            <iis:id>${#TestCase#MessageTestTypeID}</iis:id>\r
            <iis:name>${#TestCase#MessageTestTypeName}</iis:name>\r
         </tem:msgType>\r
      </tem:AddNewMsgType>\r
   </soap:Body>\r
</soap:Envelope>]]></con:request><con:assertion type="SOAP Response" id="28b0c32e-ffa8-405e-99e4-389310f0d08b"/><con:assertion type="Schema Compliance" id="3e4c7d4e-8e34-40ad-8d1a-c5b47d90c80d"><con:configuration/></con:assertion><con:assertion type="SOAP Fault Assertion" id="c7a308b5-7250-4037-893c-9d3127a355ab"/><con:credentials><con:authType>No Authorization</con:authType></con:credentials><con:jmsConfig JMSDeliveryMode="PERSISTENT"/><con:jmsPropertyConfig/><con:wsaConfig mustUnderstand="NONE" version="200508" addDefaultTo="true" addDefaultAction="true"/><con:wsrmConfig version="1.2"/></con:request></con:config></con:testStep><con:testStep type="request" name="EventTestType" id="6d629b46-1fb7-4c01-8c57-457368601048"><con:settings/><con:config xsi:type="con:RequestStep" xmlns:xsi="http://www.w3.org/2001/XMLSchema-instance"><con:interface>SBInterop</con:interface><con:operation>AddNewEvntType</con:operation><con:request name="EventTestType" id="5176d6dd-7e09-49a4-af7c-88db02120c6c" useWsAddressing="true"><con:settings><con:setting id="com.eviware.soapui.impl.wsdl.WsdlRequest@request-headers">&lt;xml-fragment/></con:setting></con:settings><con:encoding>UTF-8</con:encoding><con:endpoint>${#TestSuite#HighwaySBWcfServiceAddress}</con:endpoint><con:request><![CDATA[<soap:Envelope xmlns:soap="http://www.w3.org/2003/05/soap-envelope" xmlns:tem="http://tempuri.org/" xmlns:iis="http://schemas.datacontract.org/2004/07/IIS.Persona.ServiceBus.Objects">\r
   <soap:Header/>\r
   <soap:Body>\r
      <tem:AddNewEvntType>\r
         <tem:evntType>\r
            <iis:id>${#TestCase#EventTestTypeID}</iis:id>\r
            <iis:name>${#TestCase#EventTestTypeName}</iis:name>\r
         </tem:evntType>\r
      </tem:AddNewEvntType>\r
   </soap:Body>\r
</soap:Envelope>]]></con:request><con:assertion type="SOAP Response" id="0facab40-dd59-49b8-902c-bacf7a5ffa09"/><con:assertion type="Schema Compliance" id="1b57f909-891a-4c40-b8fc-4f3dc7a6ae41"><con:configuration/></con:assertion><con:assertion type="SOAP Fault Assertion" id="cb412ddc-5098-4bea-8330-d83d6a485598"/><con:credentials><con:authType>No Authorization</con:authType></con:credentials><con:jmsConfig JMSDeliveryMode="PERSISTENT"/><con:jmsPropertyConfig/><con:wsaConfig mustUnderstand="NONE" version="200508" addDefaultAction="true" addDefaultTo="true"/><con:wsrmConfig version="1.2"/></con:request></con:config></con:testStep><con:testStep type="request" name="RecipientTestClient" id="fd19c275-5b8f-4fba-bdea-955324f504a0"><con:settings/><con:config xsi:type="con:RequestStep" xmlns:xsi="http://www.w3.org/2001/XMLSchema-instance"><con:interface>SBService</con:interface><con:operation>CreateClient</con:operation><con:request name="RecipientTestClient" id="4ee1751d-3c60-46c1-9f8d-1b7c861a21f6" useWsAddressing="true"><con:settings><con:setting id="com.eviware.soapui.impl.wsdl.WsdlRequest@request-headers">&lt;xml-fragment/></con:setting></con:settings><con:encoding>UTF-8</con:encoding><con:endpoint>${#TestSuite#HighwaySBWcfServiceAddress}</con:endpoint><con:request><![CDATA[<soap:Envelope xmlns:soap="http://www.w3.org/2003/05/soap-envelope" xmlns:tem="http://tempuri.org/">\r
   <soap:Header/>\r
   <soap:Body>\r
      <tem:CreateClient>\r
         <tem:clientId>${#TestCase#RecipientTestClientID}</tem:clientId>\r
         <tem:name>${#TestCase#RecipientTestClientName}</tem:name>\r
      </tem:CreateClient>\r
   </soap:Body>\r
</soap:Envelope>]]></con:request><con:assertion type="SOAP Response" id="ac4a01e8-d3e2-44e3-8e7a-de4ace330f12"/><con:assertion type="Schema Compliance" id="67d7ce74-2deb-4dd7-a73d-7253a0bcacdd"><con:configuration/></con:assertion><con:assertion type="SOAP Fault Assertion" id="5d147796-0b05-4cde-8b5c-fc37a01c858e"/><con:credentials><con:authType>No Authorization</con:authType></con:credentials><con:jmsConfig JMSDeliveryMode="PERSISTENT"/><con:jmsPropertyConfig/><con:wsaConfig mustUnderstand="NONE" version="200508" addDefaultTo="true" addDefaultAction="true"/><con:wsrmConfig version="1.2"/></con:request></con:config></con:testStep><con:testStep type="request" name="CallbackRecipientTestClient" id="d420a809-7d78-40e4-bff0-c9bd1470b5af"><con:settings/><con:config xsi:type="con:RequestStep" xmlns:xsi="http://www.w3.org/2001/XMLSchema-instance"><con:interface>SBService</con:interface><con:operation>CreateClient</con:operation><con:request name="CallbackRecipientTestClient" id="ce894d96-499e-45e0-aebf-46bc5cb723bb" useWsAddressing="true"><con:settings><con:setting id="com.eviware.soapui.impl.wsdl.WsdlRequest@request-headers">&lt;xml-fragment/></con:setting></con:settings><con:encoding>UTF-8</con:encoding><con:endpoint>${#TestSuite#HighwaySBWcfServiceAddress}</con:endpoint><con:request><![CDATA[<soap:Envelope xmlns:soap="http://www.w3.org/2003/05/soap-envelope" xmlns:tem="http://tempuri.org/">\r
   <soap:Header/>\r
   <soap:Body>\r
      <tem:CreateClient>\r
         <tem:clientId>${#TestCase#CallbackRecipientTestClientID}</tem:clientId>\r
         <tem:name>${#TestCase#CallbackRecipientTestClientName}</tem:name>\r
         <tem:address>${#TestCase#CallbackRecipientTestClientAddress}</tem:address>\r
      </tem:CreateClient>\r
   </soap:Body>\r
</soap:Envelope>]]></con:request><con:assertion type="SOAP Response" id="56e5efcd-c755-43ab-b563-2a88dfee0e7e"/><con:assertion type="Schema Compliance" id="db5fa963-8831-409c-a97c-4f711abd7111"><con:configuration/></con:assertion><con:assertion type="SOAP Fault Assertion" id="8117a7d6-99cd-470c-8f79-9649056cae90"/><con:credentials><con:authType>No Authorization</con:authType></con:credentials><con:jmsConfig JMSDeliveryMode="PERSISTENT"/><con:jmsPropertyConfig/><con:wsaConfig mustUnderstand="NONE" version="200508" addDefaultAction="true" addDefaultTo="true"/><con:wsrmConfig version="1.2"/></con:request></con:config></con:testStep><con:testStep type="request" name="SubscribeClientForMessageCallback" id="f4187e76-ba0c-4d53-8319-f855801d09e1"><con:settings/><con:config xsi:type="con:RequestStep" xmlns:xsi="http://www.w3.org/2001/XMLSchema-instance"><con:interface>SBService</con:interface><con:operation>SubscribeClientForMessageCallback</con:operation><con:request name="SubscribeClientForMessageCallback" id="2dcd01b7-875c-4496-b1c5-6584345d4023" useWsAddressing="true"><con:settings><con:setting id="com.eviware.soapui.impl.wsdl.WsdlRequest@request-headers">&lt;xml-fragment/></con:setting></con:settings><con:encoding>UTF-8</con:encoding><con:endpoint>${#TestSuite#HighwaySBWcfServiceAddress}</con:endpoint><con:request><![CDATA[<soap:Envelope xmlns:soap="http://www.w3.org/2003/05/soap-envelope" xmlns:tem="http://tempuri.org/">\r
   <soap:Header/>\r
   <soap:Body>\r
      <tem:SubscribeClientForMessageCallback>\r
         <tem:ClientID>${#TestCase#CallbackRecipientTestClientID}</tem:ClientID>\r\r
         <tem:MessageTypeID>${#TestCase#MessageTestTypeID}</tem:MessageTypeID>\r
      </tem:SubscribeClientForMessageCallback>\r
   </soap:Body>\r
</soap:Envelope>]]></con:request><con:assertion type="SOAP Response" id="b1ae4900-3d7e-4edb-b8d0-fe9158230516"/><con:assertion type="Schema Compliance" id="822110be-4cff-4a7a-a8f8-454fb10fd07e"><con:configuration/></con:assertion><con:assertion type="SOAP Fault Assertion" id="a9f26669-0ce0-49f6-b76f-d349121941cb"/><con:credentials><con:authType>No Authorization</con:authType></con:credentials><con:jmsConfig JMSDeliveryMode="PERSISTENT"/><con:jmsPropertyConfig/><con:wsaConfig mustUnderstand="NONE" version="200508" addDefaultAction="true" addDefaultTo="true"/><con:wsrmConfig version="1.2"/></con:request></con:config></con:testStep><con:testStep type="request" name="SubscribeClientForEventCallback" id="fc7ca8da-7b8e-4c0d-b535-6e4ff6db751d" disabled="true"><con:settings/><con:config xsi:type="con:RequestStep" xmlns:xsi="http://www.w3.org/2001/XMLSchema-instance"><con:interface>SBService</con:interface><con:operation>SubscribeClientForEventCallback</con:operation><con:request name="SubscribeClientForEventCallback" id="6c73b145-ff97-4cf1-ba4d-00d72f532f34" useWsAddressing="true"><con:settings><con:setting id="com.eviware.soapui.impl.wsdl.WsdlRequest@request-headers">&lt;xml-fragment/></con:setting></con:settings><con:encoding>UTF-8</con:encoding><con:endpoint>${#TestSuite#HighwaySBWcfServiceAddress}</con:endpoint><con:request><![CDATA[<soap:Envelope xmlns:soap="http://www.w3.org/2003/05/soap-envelope" xmlns:tem="http://tempuri.org/">\r
   <soap:Header/>\r
   <soap:Body>\r
      <tem:SubscribeClientForEventCallback>\r\r
         <tem:ClientID>${#TestCase#CallbackRecipientTestClientID}</tem:ClientID>\r
         <tem:EventTypeID>${#TestCase#EventTestTypeID}</tem:EventTypeID>\r
      </tem:SubscribeClientForEventCallback>\r
   </soap:Body>\r
</soap:Envelope>]]></con:request><con:assertion type="SOAP Response" id="7f94d383-3609-4e8c-b51a-39eaaec8b7a4"/><con:assertion type="Schema Compliance" id="bf4307a8-d1de-47b5-a2a3-24a0edc1daaf"><con:configuration/></con:assertion><con:assertion type="SOAP Fault Assertion" id="ff1e4910-ca1e-453e-a4cf-f19f5e84df63"/><con:credentials><con:authType>No Authorization</con:authType></con:credentials><con:jmsConfig JMSDeliveryMode="PERSISTENT"/><con:jmsPropertyConfig/><con:wsaConfig mustUnderstand="NONE" version="200508" addDefaultAction="true" addDefaultTo="true"/><con:wsrmConfig version="1.2"/></con:request></con:config></con:testStep><con:testStep type="manualTestStep" name="ManuallyCreating" id="7305f1bc-d9b5-4bda-be9d-6f7a709d763d"><con:description>Зайдите в административное приложение:
${#TestSuite#AdminAppURL}

Клиенту "${#TestCase#SenderTestClientName}"
Разрешите отправку сообщений следующих типов:
"${#TestCase#MessageTestTypeName}"
"${#TestCase#EventTestTypeName}"

Клиенту "${#TestCase#RecipientTestClientName}"
Создайте подписки без callback на следующие типы сообщений:
"${#TestCase#MessageTestTypeName}"
"${#TestCase#EventTestTypeName}"
</con:description><con:settings/><con:config xsi:type="con:ManualTestStep" xmlns:xsi="http://www.w3.org/2001/XMLSchema-instance"><con:expectedResult>Разрешения добавлены.
Подписки созданы.
</con:expectedResult></con:config></con:testStep><con:properties><con:property><con:name>SenderTestClientID</con:name><con:value/></con:property><con:property><con:name>SenderTestClientName</con:name><con:value/></con:property><con:property><con:name>MessageTestTypeID</con:name><con:value/></con:property><con:property><con:name>MessageTestTypeName</con:name><con:value/></con:property><con:property><con:name>RecipientTestClientID</con:name><con:value/></con:property><con:property><con:name>RecipientTestClientName</con:name><con:value/></con:property><con:property><con:name>EventTestTypeID</con:name><con:value/></con:property><con:property><con:name>EventTestTypeName</con:name><con:value/></con:property><con:property><con:name>CallbackRecipientTestClientID</con:name><con:value/></con:property><con:property><con:name>CallbackRecipientTestClientName</con:name><con:value/></con:property><con:property><con:name>CallbackRecipientTestClientAddress</con:name><con:value/></con:property></con:properties></con:testCase><con:testCase id="8f3aeb38-ce3f-4be7-ae78-970355fa40d4" failOnError="true" failTestCaseOnErrors="true" keepSession="false" maxResults="0" name="TestOtherManageOperations" searchProperties="true"><con:settings/><con:testStep type="delay" name="JustWaiting" id="10b47286-aa23-4b6c-9427-fd5e84b46ab2"><con:settings/><con:config><delay>1000</delay></con:config></con:testStep><con:testStep type="request" name="UpdateClientSubscribesForEvntsForRecipient" id="b09debf8-d947-4d40-b6c1-ccb5fc472748"><con:settings/><con:config xsi:type="con:RequestStep" xmlns:xsi="http://www.w3.org/2001/XMLSchema-instance"><con:interface>SBInterop</con:interface><con:operation>UpdateClientSubscribesForEvnts</con:operation><con:request name="UpdateClientSubscribesForEvntsForRecipient" id="91b99525-3201-4425-91f4-3cde8622a1ae" useWsAddressing="true"><con:settings><con:setting id="com.eviware.soapui.impl.wsdl.WsdlRequest@request-headers">&lt;xml-fragment/></con:setting></con:settings><con:encoding>UTF-8</con:encoding><con:endpoint>${#TestSuite#HighwaySBWcfServiceAddress}</con:endpoint><con:request><![CDATA[<soap:Envelope xmlns:soap="http://www.w3.org/2003/05/soap-envelope" xmlns:tem="http://tempuri.org/">\r
   <soap:Header/>\r
   <soap:Body>\r
      <tem:UpdateClientSubscribesForEvnts>\r
         <tem:ClientID>${#TestCase#RecipientTestClientID}</tem:ClientID>\r
      </tem:UpdateClientSubscribesForEvnts>\r
   </soap:Body>\r
</soap:Envelope>]]></con:request><con:assertion type="SOAP Response" id="8a69f98d-acdd-4cab-9beb-c6d045c853e6"/><con:assertion type="Schema Compliance" id="b9196222-9095-485f-a589-2db027a3c5c2"><con:configuration/></con:assertion><con:assertion type="SOAP Fault Assertion" id="979d67e0-2368-4057-9292-85e49cf801ab"/><con:credentials><con:authType>No Authorization</con:authType></con:credentials><con:jmsConfig JMSDeliveryMode="PERSISTENT"/><con:jmsPropertyConfig/><con:wsaConfig mustUnderstand="NONE" version="200508" addDefaultAction="true" addDefaultTo="true"/><con:wsrmConfig version="1.2"/></con:request></con:config></con:testStep><con:testStep type="request" name="UpdateClientSubscribesForMsgsForRecipient" id="d0f3b6eb-3384-499a-916f-dd1ab912f310"><con:settings/><con:config xsi:type="con:RequestStep" xmlns:xsi="http://www.w3.org/2001/XMLSchema-instance"><con:interface>SBInterop</con:interface><con:operation>UpdateClientSubscribesForMsgs</con:operation><con:request name="UpdateClientSubscribesForMsgsForRecipient" id="a4c65166-493d-4b25-aeb2-46ba6c9828e6" useWsAddressing="true"><con:settings><con:setting id="com.eviware.soapui.impl.wsdl.WsdlRequest@request-headers">&lt;xml-fragment/></con:setting></con:settings><con:encoding>UTF-8</con:encoding><con:endpoint>${#TestSuite#HighwaySBWcfServiceAddress}</con:endpoint><con:request><![CDATA[<soap:Envelope xmlns:soap="http://www.w3.org/2003/05/soap-envelope" xmlns:tem="http://tempuri.org/">\r
   <soap:Header/>\r
   <soap:Body>\r
      <tem:UpdateClientSubscribesForMsgs>\r
         <tem:ClientID>${#TestCase#RecipientTestClientID}</tem:ClientID>\r
      </tem:UpdateClientSubscribesForMsgs>\r
   </soap:Body>\r
</soap:Envelope>]]></con:request><con:assertion type="SOAP Response" id="9ba06a9e-4348-416a-acf7-95270ded921b"/><con:assertion type="Schema Compliance" id="7a24351b-ddb6-445f-961a-cebc149173da"><con:configuration/></con:assertion><con:assertion type="SOAP Fault Assertion" id="aca17b4e-4661-4a59-8810-16b5514b876f"/><con:credentials><con:authType>No Authorization</con:authType></con:credentials><con:jmsConfig JMSDeliveryMode="PERSISTENT"/><con:jmsPropertyConfig/><con:wsaConfig mustUnderstand="NONE" version="200508" addDefaultAction="true" addDefaultTo="true"/><con:wsrmConfig version="1.2"/></con:request></con:config></con:testStep><con:testStep type="request" name="UpdateClientSubscribesForMsgsForCallbackRecipient" id="6398f462-2087-467c-892a-cb78e7102a92"><con:settings/><con:config xsi:type="con:RequestStep" xmlns:xsi="http://www.w3.org/2001/XMLSchema-instance"><con:interface>SBInterop</con:interface><con:operation>UpdateClientSubscribesForMsgs</con:operation><con:request name="UpdateClientSubscribesForMsgsForCallbackRecipient" id="21befc2f-7888-4f94-a2b2-44246e4f456a" useWsAddressing="true"><con:settings><con:setting id="com.eviware.soapui.impl.wsdl.WsdlRequest@request-headers">&lt;xml-fragment/></con:setting></con:settings><con:encoding>UTF-8</con:encoding><con:endpoint>${#TestSuite#HighwaySBWcfServiceAddress}</con:endpoint><con:request><![CDATA[<soap:Envelope xmlns:soap="http://www.w3.org/2003/05/soap-envelope" xmlns:tem="http://tempuri.org/">\r
   <soap:Header/>\r
   <soap:Body>\r
      <tem:UpdateClientSubscribesForMsgs>\r
         <tem:ClientID>${#TestCase#CallbackRecipientTestClientID}</tem:ClientID>\r
      </tem:UpdateClientSubscribesForMsgs>\r
   </soap:Body>\r
</soap:Envelope>]]></con:request><con:assertion type="SOAP Response" id="246a9081-36b1-4f32-aa2e-05be0c079eca"/><con:assertion type="Schema Compliance" id="4bff4c49-aec1-466d-ac3b-483bad4cb6fa"><con:configuration/></con:assertion><con:assertion type="SOAP Fault Assertion" id="f03a29fd-5e89-46bf-907d-53f8720e466f"/><con:credentials><con:authType>No Authorization</con:authType></con:credentials><con:jmsConfig JMSDeliveryMode="PERSISTENT"/><con:jmsPropertyConfig/><con:wsaConfig mustUnderstand="NONE" version="200508" addDefaultAction="true" addDefaultTo="true"/><con:wsrmConfig version="1.2"/></con:request></con:config></con:testStep><con:testStep type="request" name="UpdateClientSubscribesForEvntsForCallbackRecipient" id="5c9f1749-362d-444f-a204-1ba050c955fb" disabled="true"><con:settings/><con:config xsi:type="con:RequestStep" xmlns:xsi="http://www.w3.org/2001/XMLSchema-instance"><con:interface>SBInterop</con:interface><con:operation>UpdateClientSubscribesForEvnts</con:operation><con:request name="UpdateClientSubscribesForEvntsForCallbackRecipient" id="02dafca0-3126-473e-bd9e-2b8a7ad1fc2b" useWsAddressing="true"><con:settings><con:setting id="com.eviware.soapui.impl.wsdl.WsdlRequest@request-headers">&lt;xml-fragment/></con:setting></con:settings><con:encoding>UTF-8</con:encoding><con:endpoint>${#TestSuite#HighwaySBWcfServiceAddress}</con:endpoint><con:request><![CDATA[<soap:Envelope xmlns:soap="http://www.w3.org/2003/05/soap-envelope" xmlns:tem="http://tempuri.org/">\r
   <soap:Header/>\r
   <soap:Body>\r
      <tem:UpdateClientSubscribesForEvnts>\r
         <tem:ClientID>${#TestCase#CallbackRecipientTestClientID}</tem:ClientID>\r
      </tem:UpdateClientSubscribesForEvnts>\r
   </soap:Body>\r
</soap:Envelope>]]></con:request><con:assertion type="SOAP Response" id="206aa87d-a633-4bbe-9d0f-84d924d98011"/><con:assertion type="Schema Compliance" id="c1afd05c-43ae-4da3-8d87-624935dafe10"><con:configuration/></con:assertion><con:assertion type="SOAP Fault Assertion" id="24ad31a1-74c6-4197-abfa-876f7c75d30c"/><con:credentials><con:authType>No Authorization</con:authType></con:credentials><con:jmsConfig JMSDeliveryMode="PERSISTENT"/><con:jmsPropertyConfig/><con:wsaConfig mustUnderstand="NONE" version="200508" addDefaultAction="true" addDefaultTo="true"/><con:wsrmConfig version="1.2"/></con:request></con:config></con:testStep><con:testStep type="request" name="GetEvntTypesFromBusForRecipient" id="bca2a93f-9e8f-45b8-bde8-01e619b92259"><con:settings/><con:config xsi:type="con:RequestStep" xmlns:xsi="http://www.w3.org/2001/XMLSchema-instance"><con:interface>SBInterop</con:interface><con:operation>GetEvntTypesFromBus</con:operation><con:request name="GetEvntTypesFromBusForRecipient" id="02545b2a-1850-4c72-a2df-3666c8dbf1c3" useWsAddressing="true"><con:settings><con:setting id="com.eviware.soapui.impl.wsdl.WsdlRequest@request-headers">&lt;xml-fragment/></con:setting></con:settings><con:encoding>UTF-8</con:encoding><con:endpoint>${#TestSuite#HighwaySBWcfServiceAddress}</con:endpoint><con:request><![CDATA[<soap:Envelope xmlns:soap="http://www.w3.org/2003/05/soap-envelope" xmlns:tem="http://tempuri.org/">\r
   <soap:Header/>\r
   <soap:Body>\r
      <tem:GetEvntTypesFromBus>\r
         <tem:ClientID>${#TestCase#RecipientTestClientID}</tem:ClientID>\r
      </tem:GetEvntTypesFromBus>\r
   </soap:Body>\r
</soap:Envelope>]]></con:request><con:assertion type="SOAP Response" id="ffdbd307-1846-4c7e-b4c6-3f1939ee7023"/><con:assertion type="Schema Compliance" id="f00a2cab-d463-4e02-858f-d7ac90a4cd56"><con:configuration/></con:assertion><con:assertion type="SOAP Fault Assertion" id="55c9135a-9eb4-449d-a1f2-8e26c01eff10"/><con:credentials><con:authType>No Authorization</con:authType></con:credentials><con:jmsConfig JMSDeliveryMode="PERSISTENT"/><con:jmsPropertyConfig/><con:wsaConfig mustUnderstand="NONE" version="200508" addDefaultAction="true" addDefaultTo="true"/><con:wsrmConfig version="1.2"/></con:request></con:config></con:testStep><con:testStep type="request" name="GetMsgTypesFromBusForRecipient" id="490c11cc-19e4-4501-8359-ead0e96e25d0"><con:settings/><con:config xsi:type="con:RequestStep" xmlns:xsi="http://www.w3.org/2001/XMLSchema-instance"><con:interface>SBInterop</con:interface><con:operation>GetMsgTypesFromBus</con:operation><con:request name="GetMsgTypesFromBusForRecipient" id="73ea1c76-8bd5-4aa6-8bc2-587bcd2a0322" useWsAddressing="true"><con:settings><con:setting id="com.eviware.soapui.impl.wsdl.WsdlRequest@request-headers">&lt;xml-fragment/></con:setting></con:settings><con:encoding>UTF-8</con:encoding><con:endpoint>${#TestSuite#HighwaySBWcfServiceAddress}</con:endpoint><con:request><![CDATA[<soap:Envelope xmlns:soap="http://www.w3.org/2003/05/soap-envelope" xmlns:tem="http://tempuri.org/">\r
   <soap:Header/>\r
   <soap:Body>\r
      <tem:GetMsgTypesFromBus>\r
         <tem:ClientID>${#TestCase#RecipientTestClientID}</tem:ClientID>\r
      </tem:GetMsgTypesFromBus>\r
   </soap:Body>\r
</soap:Envelope>]]></con:request><con:assertion type="SOAP Response" id="4ea51059-3137-4f5e-b128-f7fd8ea059bb"/><con:assertion type="Schema Compliance" id="ad081661-a2a7-4fc5-baf4-b750d09830cc"><con:configuration/></con:assertion><con:assertion type="SOAP Fault Assertion" id="7c5f27df-5dea-4a1a-99bd-27d25bb71aa4"/><con:credentials><con:authType>No Authorization</con:authType></con:credentials><con:jmsConfig JMSDeliveryMode="PERSISTENT"/><con:jmsPropertyConfig/><con:wsaConfig mustUnderstand="NONE" version="200508" addDefaultAction="true" addDefaultTo="true"/><con:wsrmConfig version="1.2"/></con:request></con:config></con:testStep><con:testStep type="request" name="GetMsgTypesFromBusForCallbackRecipient" id="c0b4c449-940a-49ad-9f3e-b5c347a407ce"><con:settings/><con:config xsi:type="con:RequestStep" xmlns:xsi="http://www.w3.org/2001/XMLSchema-instance"><con:interface>SBInterop</con:interface><con:operation>GetMsgTypesFromBus</con:operation><con:request name="GetMsgTypesFromBusForCallbackRecipient" id="75e7ae9b-39c4-45b0-86a8-8851c6f6b4f9" useWsAddressing="true"><con:settings><con:setting id="com.eviware.soapui.impl.wsdl.WsdlRequest@request-headers">&lt;xml-fragment/></con:setting></con:settings><con:encoding>UTF-8</con:encoding><con:endpoint>${#TestSuite#HighwaySBWcfServiceAddress}</con:endpoint><con:request><![CDATA[<soap:Envelope xmlns:soap="http://www.w3.org/2003/05/soap-envelope" xmlns:tem="http://tempuri.org/">\r
   <soap:Header/>\r
   <soap:Body>\r
      <tem:GetMsgTypesFromBus>\r
         <tem:ClientID>${#TestCase#CallbackRecipientTestClientID}</tem:ClientID>\r
      </tem:GetMsgTypesFromBus>\r
   </soap:Body>\r
</soap:Envelope>]]></con:request><con:assertion type="SOAP Response" id="3dfb810d-6ccb-45e3-9a1e-f12bbab9eb1a"/><con:assertion type="Schema Compliance" id="baa921ee-a86e-4674-8867-762f4c017c8b"><con:configuration/></con:assertion><con:assertion type="SOAP Fault Assertion" id="8cc033fb-8db2-4ca9-ad31-2aaabe0fb2fd"/><con:credentials><con:authType>No Authorization</con:authType></con:credentials><con:jmsConfig JMSDeliveryMode="PERSISTENT"/><con:jmsPropertyConfig/><con:wsaConfig mustUnderstand="NONE" version="200508" addDefaultAction="true" addDefaultTo="true"/><con:wsrmConfig version="1.2"/></con:request></con:config></con:testStep><con:testStep type="request" name="GetEvntTypesFromBusForCallbackRecipient" id="94ada1c1-2f58-46cb-bf46-b33461667266" disabled="true"><con:settings/><con:config xsi:type="con:RequestStep" xmlns:xsi="http://www.w3.org/2001/XMLSchema-instance"><con:interface>SBInterop</con:interface><con:operation>GetEvntTypesFromBus</con:operation><con:request name="GetEvntTypesFromBusForCallbackRecipient" id="fe523cb0-a5e0-4610-8ca6-36e8315aa415" useWsAddressing="true"><con:settings><con:setting id="com.eviware.soapui.impl.wsdl.WsdlRequest@request-headers">&lt;xml-fragment/></con:setting></con:settings><con:encoding>UTF-8</con:encoding><con:endpoint>${#TestSuite#HighwaySBWcfServiceAddress}</con:endpoint><con:request><![CDATA[<soap:Envelope xmlns:soap="http://www.w3.org/2003/05/soap-envelope" xmlns:tem="http://tempuri.org/">\r
   <soap:Header/>\r
   <soap:Body>\r
      <tem:GetEvntTypesFromBus>\r
         <tem:ClientID>${#TestCase#CallbackRecipientTestClientID}</tem:ClientID>\r
      </tem:GetEvntTypesFromBus>\r
   </soap:Body>\r
</soap:Envelope>]]></con:request><con:assertion type="SOAP Response" id="55a4e177-b6bf-45ef-af78-77f12de21627"/><con:assertion type="Schema Compliance" id="b19c2a4c-2abb-4080-a72c-b3a4a2708c19"><con:configuration/></con:assertion><con:assertion type="SOAP Fault Assertion" id="4a61af7a-7e16-43ea-ae31-73cc7a756bef"/><con:assertion type="XQuery Match" id="8bb27625-4830-4f9f-a438-5184846da648" name="ResultCheck"><con:configuration><path><![CDATA[declare namespace b='http://schemas.datacontract.org/2004/07/IIS.Persona.ServiceBus.Objects';
<result>
{
for $eventType in //b:NameCommentStruct
order by $eventType/b:name
return <eventType><id>{data($eventType/b:id/text())}</id><name>{data($eventType/b:name/text())}</name></eventType>
}
</result>]]></path><content><![CDATA[<result>
  <eventType>
    <id>${#TestCase#EventTestTypeID}</id>
    <name>Тестовый тип событий (${#TestCase#CurrentDate})</name>
  </eventType>
  <eventType>
    <id>${#TestCase#MessageTestTypeID}</id>
    <name>Тестовый тип сообщений (${#TestCase#CurrentDate})</name>
  </eventType>
</result>]]></content><allowWildcards>false</allowWildcards><ignoreNamspaceDifferences>false</ignoreNamspaceDifferences><ignoreComments>false</ignoreComments></con:configuration></con:assertion><con:credentials><con:authType>No Authorization</con:authType></con:credentials><con:jmsConfig JMSDeliveryMode="PERSISTENT"/><con:jmsPropertyConfig/><con:wsaConfig mustUnderstand="NONE" version="200508" addDefaultAction="true" addDefaultTo="true"/><con:wsrmConfig version="1.2"/></con:request></con:config></con:testStep><con:testStep type="groovy" name="CheckSubscribes" id="8ad21d9c-db6b-47e5-a38e-d8a6422916fb"><con:settings/><con:config><script>import com.eviware.soapui.support.XmlHolder;

def evntTypesForRecipient = new XmlHolder(testRunner.testCase.testSteps["GetEvntTypesFromBusForRecipient"].getPropertyValue("Response"));
def msgTypesForRecipient = new XmlHolder(testRunner.testCase.testSteps["GetMsgTypesFromBusForRecipient"].getPropertyValue("Response"));
def msgTypesForCallbackRecipient = new XmlHolder(testRunner.testCase.testSteps["GetMsgTypesFromBusForCallbackRecipient"].getPropertyValue("Response"));

def count = evntTypesForRecipient["//*:NameCommentStruct"].length;
count += msgTypesForRecipient["//*:NameCommentStruct"].length;

if (msgTypesForCallbackRecipient["//*:id"] == testRunner.testCase.getPropertyValue("MessageTestTypeID")) {
	count++;
}

if (count &lt; 5) testRunner.gotoStepByName("JustWaiting");
</script></con:config></con:testStep><con:setupScript>testRunner.testCase.setPropertyValue("CurrentDate", new Date().format("yyyy-MM-dd"));</con:setupScript><con:properties><con:property><con:name>RecipientTestClientID</con:name><con:value/></con:property><con:property><con:name>CallbackRecipientTestClientID</con:name><con:value/></con:property><con:property><con:name>MessageTestTypeID</con:name><con:value/></con:property><con:property><con:name>EventTestTypeID</con:name><con:value/></con:property><con:property><con:name>CurrentDate</con:name><con:value/></con:property></con:properties></con:testCase><con:testCase id="8829e684-7bcb-42da-91dc-b5a2263a4338" failOnError="true" failTestCaseOnErrors="true" keepSession="false" maxResults="0" name="TestSendingOperations" searchProperties="true"><con:settings/><con:testStep type="request" name="SendMessageToESB" id="389f836d-950b-4bea-964c-269447d2cf04"><con:settings/><con:config xsi:type="con:RequestStep" xmlns:xsi="http://www.w3.org/2001/XMLSchema-instance"><con:interface>SBService</con:interface><con:operation>SendMessageToESB</con:operation><con:request name="SendMessageToESB" id="4f948463-79b3-4549-9e65-b9f0162fe158" useWsAddressing="true"><con:settings><con:setting id="com.eviware.soapui.impl.wsdl.WsdlRequest@request-headers">&lt;xml-fragment/></con:setting></con:settings><con:encoding>UTF-8</con:encoding><con:endpoint>${#TestSuite#HighwaySBWcfServiceAddress}</con:endpoint><con:request><![CDATA[<soap:Envelope xmlns:soap="http://www.w3.org/2003/05/soap-envelope" xmlns:tem="http://tempuri.org/" xmlns:iis="http://schemas.datacontract.org/2004/07/IIS.Persona.ServiceBus.Objects" xmlns:arr="http://schemas.microsoft.com/2003/10/Serialization/Arrays">\r
   <soap:Header/>\r
   <soap:Body>\r
      <tem:SendMessageToESB>\r
         <tem:message>\r
            <iis:Attachment>SGVsbG8sIHdvcmxkIQ==</iis:Attachment>\r
            <iis:Body>Сообщение. Тестирование ${#TestCase#CurrentDate}.</iis:Body>\r
            <iis:ClientID>${#TestCase#SenderTestClientID}</iis:ClientID>\r
            <iis:MessageTypeID>${#TestCase#MessageTestTypeID}</iis:MessageTypeID>\r
         </tem:message>\r
      </tem:SendMessageToESB>\r
   </soap:Body>\r
</soap:Envelope>]]></con:request><con:assertion type="SOAP Response" id="571066e5-5068-45dc-bda6-d852fb78e8e7"/><con:assertion type="Schema Compliance" id="b29bf525-9f18-44d5-8025-ff50da29c54d"><con:configuration/></con:assertion><con:assertion type="SOAP Fault Assertion" id="36763f19-f9f9-4492-9de4-7bcbba236c79"/><con:credentials><con:authType>No Authorization</con:authType></con:credentials><con:jmsConfig JMSDeliveryMode="PERSISTENT"/><con:jmsPropertyConfig/><con:wsaConfig mustUnderstand="NONE" version="200508" addDefaultAction="true" addDefaultTo="true"/><con:wsrmConfig version="1.2"/></con:request></con:config></con:testStep><con:testStep type="request" name="SendMessageToESBWithTags" id="858bca76-5f46-4789-afea-e5e3c9def042"><con:settings/><con:config xsi:type="con:RequestStep" xmlns:xsi="http://www.w3.org/2001/XMLSchema-instance"><con:interface>SBService</con:interface><con:operation>SendMessageToESB</con:operation><con:request name="SendMessageToESBWithTags" id="80319b57-5ee7-41f3-a1ce-29a7bdf9f6dc" useWsAddressing="true"><con:settings><con:setting id="com.eviware.soapui.impl.wsdl.WsdlRequest@request-headers">&lt;xml-fragment/></con:setting></con:settings><con:encoding>UTF-8</con:encoding><con:endpoint>${#TestSuite#HighwaySBWcfServiceAddress}</con:endpoint><con:request><![CDATA[<soap:Envelope xmlns:soap="http://www.w3.org/2003/05/soap-envelope" xmlns:tem="http://tempuri.org/" xmlns:iis="http://schemas.datacontract.org/2004/07/IIS.Persona.ServiceBus.Objects" xmlns:arr="http://schemas.microsoft.com/2003/10/Serialization/Arrays">\r
   <soap:Header/>\r
   <soap:Body>\r
      <tem:SendMessageToESB>\r
         <tem:message>\r
            <iis:Body>Сообщение с тегами. Тестирование ${#TestCase#CurrentDate}.</iis:Body>\r
            <iis:ClientID>${#TestCase#SenderTestClientID}</iis:ClientID>\r
            <iis:MessageTypeID>${#TestCase#MessageTestTypeID}</iis:MessageTypeID>\r
            <iis:Tags>\r
               <arr:KeyValueOfstringstring>\r
                  <arr:Key>Цвет</arr:Key>\r
                  <arr:Value>Черный</arr:Value>\r
               </arr:KeyValueOfstringstring>\r
               <arr:KeyValueOfstringstring>
                  <arr:Key>Имя</arr:Key>
                  <arr:Value>Джек</arr:Value>
               </arr:KeyValueOfstringstring>
            </iis:Tags>\r
         </tem:message>\r
      </tem:SendMessageToESB>\r
   </soap:Body>\r
</soap:Envelope>]]></con:request><con:assertion type="SOAP Response" id="f5dc5038-610c-4b9e-ad67-e2dc62853195"/><con:assertion type="Schema Compliance" id="64396daf-ae5a-4bf3-ab9c-04ed3f105ec6"><con:configuration/></con:assertion><con:assertion type="SOAP Fault Assertion" id="11faf498-80a3-46e5-8012-27e7b0dbb870"/><con:credentials><con:authType>No Authorization</con:authType></con:credentials><con:jmsConfig JMSDeliveryMode="PERSISTENT"/><con:jmsPropertyConfig/><con:wsaConfig mustUnderstand="NONE" version="200508" addDefaultAction="true" addDefaultTo="true"/><con:wsrmConfig version="1.2"/></con:request></con:config></con:testStep><con:testStep type="request" name="SendMessageToESBWithPriority" id="aca8b9da-2adb-44bb-b7db-d2ff8036053c"><con:settings/><con:config xsi:type="con:RequestStep" xmlns:xsi="http://www.w3.org/2001/XMLSchema-instance"><con:interface>SBService</con:interface><con:operation>SendMessageToESB</con:operation><con:request name="SendMessageToESBWithPriority" id="a36830f8-d90b-4651-b7ec-d13f2aaaeac9" useWsAddressing="true"><con:settings><con:setting id="com.eviware.soapui.impl.wsdl.WsdlRequest@request-headers">&lt;xml-fragment/></con:setting></con:settings><con:encoding>UTF-8</con:encoding><con:endpoint>${#TestSuite#HighwaySBWcfServiceAddress}</con:endpoint><con:request><![CDATA[<soap:Envelope xmlns:soap="http://www.w3.org/2003/05/soap-envelope" xmlns:tem="http://tempuri.org/" xmlns:iis="http://schemas.datacontract.org/2004/07/IIS.Persona.ServiceBus.Objects" xmlns:arr="http://schemas.microsoft.com/2003/10/Serialization/Arrays">\r
   <soap:Header/>\r
   <soap:Body>\r
      <tem:SendMessageToESB>\r
         <tem:message>\r
            <iis:Body>Приоритетное сообщение. Тестирование ${#TestCase#CurrentDate}.</iis:Body>\r
            <iis:ClientID>${#TestCase#SenderTestClientID}</iis:ClientID>\r
            <iis:MessageTypeID>${#TestCase#MessageTestTypeID}</iis:MessageTypeID>\r
            <iis:Priority>5</iis:Priority>\r
         </tem:message>\r
      </tem:SendMessageToESB>\r
   </soap:Body>\r
</soap:Envelope>]]></con:request><con:assertion type="SOAP Response" id="7486d2fe-7ba1-438d-82ff-c0a71c833e48"/><con:assertion type="Schema Compliance" id="50d6ce5c-3ed0-48d6-835e-19a4c46a0129"><con:configuration/></con:assertion><con:assertion type="SOAP Fault Assertion" id="39461bd1-bad1-4316-bbad-81adce7db78e"/><con:credentials><con:authType>No Authorization</con:authType></con:credentials><con:jmsConfig JMSDeliveryMode="PERSISTENT"/><con:jmsPropertyConfig/><con:wsaConfig mustUnderstand="NONE" version="200508" addDefaultTo="true" addDefaultAction="true"/><con:wsrmConfig version="1.2"/></con:request></con:config></con:testStep><con:testStep type="request" name="SendUndeliveredMessageToESBWithUseGroup" id="6b16ad00-7649-4752-82cc-b835ecd12db1"><con:settings/><con:config xsi:type="con:RequestStep" xmlns:xsi="http://www.w3.org/2001/XMLSchema-instance"><con:interface>SBService</con:interface><con:operation>SendMessageToESBWithUseGroup</con:operation><con:request name="SendUndeliveredMessageToESBWithUseGroup" id="b729b4e5-f40d-4272-8262-fc72dce14f5e" useWsAddressing="true"><con:settings><con:setting id="com.eviware.soapui.impl.wsdl.WsdlRequest@request-headers">&lt;xml-fragment/></con:setting></con:settings><con:encoding>UTF-8</con:encoding><con:endpoint>${#TestSuite#HighwaySBWcfServiceAddress}</con:endpoint><con:request><![CDATA[<soap:Envelope xmlns:soap="http://www.w3.org/2003/05/soap-envelope" xmlns:tem="http://tempuri.org/" xmlns:iis="http://schemas.datacontract.org/2004/07/IIS.Persona.ServiceBus.Objects" xmlns:arr="http://schemas.microsoft.com/2003/10/Serialization/Arrays">\r
   <soap:Header/>\r
   <soap:Body>\r
      <tem:SendMessageToESBWithUseGroup>
         <tem:message>\r
            <iis:Body>Сообщение которое будет затерто. Тестирование ${#TestCase#CurrentDate}.</iis:Body>\r
            <iis:ClientID>${#TestCase#SenderTestClientID}</iis:ClientID>\r
            <iis:MessageTypeID>${#TestCase#MessageTestTypeID}</iis:MessageTypeID>\r
         </tem:message>\r
         <tem:groupName>Сообщения с группой</tem:groupName>\r
      </tem:SendMessageToESBWithUseGroup>\r
   </soap:Body>\r
</soap:Envelope>]]></con:request><con:assertion type="SOAP Response" id="59c83c61-3d38-48c4-9c82-9df30b266583"/><con:assertion type="Schema Compliance" id="c03cd1d4-c242-4f6b-b20a-08fad4c43ada"><con:configuration/></con:assertion><con:assertion type="SOAP Fault Assertion" id="5dc36e41-da36-4021-ad72-578c7f63c409"/><con:credentials><con:authType>No Authorization</con:authType></con:credentials><con:jmsConfig JMSDeliveryMode="PERSISTENT"/><con:jmsPropertyConfig/><con:wsaConfig mustUnderstand="NONE" version="200508" addDefaultAction="true" addDefaultTo="true"/><con:wsrmConfig version="1.2"/></con:request></con:config></con:testStep><con:testStep type="request" name="SendDeliveredMessageToESBWithUseGroup" id="1654276e-d3ef-4425-b559-35195670a44c"><con:settings/><con:config xsi:type="con:RequestStep" xmlns:xsi="http://www.w3.org/2001/XMLSchema-instance"><con:interface>SBService</con:interface><con:operation>SendMessageToESBWithUseGroup</con:operation><con:request name="SendDeliveredMessageToESBWithUseGroup" id="c9944ad4-ee6c-4159-88e9-120b7d3308ed" useWsAddressing="true"><con:settings><con:setting id="com.eviware.soapui.impl.wsdl.WsdlRequest@request-headers">&lt;xml-fragment/></con:setting></con:settings><con:encoding>UTF-8</con:encoding><con:endpoint>${#TestSuite#HighwaySBWcfServiceAddress}</con:endpoint><con:request><![CDATA[<soap:Envelope xmlns:soap="http://www.w3.org/2003/05/soap-envelope" xmlns:tem="http://tempuri.org/" xmlns:iis="http://schemas.datacontract.org/2004/07/IIS.Persona.ServiceBus.Objects" xmlns:arr="http://schemas.microsoft.com/2003/10/Serialization/Arrays">\r
   <soap:Header/>\r
   <soap:Body>\r
      <tem:SendMessageToESBWithUseGroup>\r
         <tem:message>\r
            <iis:Body>Это сообщение затирает предыдущее сообщение с группой. Тестирование ${#TestCase#CurrentDate}.</iis:Body>\r
            <iis:ClientID>${#TestCase#SenderTestClientID}</iis:ClientID>\r
            <iis:MessageTypeID>${#TestCase#MessageTestTypeID}</iis:MessageTypeID>\r
         </tem:message>\r
         <tem:groupName>Сообщения с группой</tem:groupName>\r
      </tem:SendMessageToESBWithUseGroup>\r
   </soap:Body>\r
</soap:Envelope>]]></con:request><con:assertion type="SOAP Response" id="938f3b08-6bda-44af-8588-666fcc28fd11"/><con:assertion type="Schema Compliance" id="c16d3d0d-b371-4e8a-b304-a7f187fb3fb6"><con:configuration/></con:assertion><con:assertion type="SOAP Fault Assertion" id="9057ff57-a56c-4892-8a5e-8c297182e35f"/><con:credentials><con:authType>No Authorization</con:authType></con:credentials><con:jmsConfig JMSDeliveryMode="PERSISTENT"/><con:jmsPropertyConfig/><con:wsaConfig mustUnderstand="NONE" version="200508" addDefaultAction="true" addDefaultTo="true"/><con:wsrmConfig version="1.2"/></con:request></con:config></con:testStep><con:testStep type="request" name="RiseEventOnESB" id="71b4832c-2fff-493c-a962-b3d1c485e0c7"><con:settings/><con:config xsi:type="con:RequestStep" xmlns:xsi="http://www.w3.org/2001/XMLSchema-instance"><con:interface>SBService</con:interface><con:operation>RiseEventOnESB</con:operation><con:request name="RiseEventOnESB" id="bce9e693-06a5-4cdc-ba99-9ea1c35e3486" useWsAddressing="true"><con:settings><con:setting id="com.eviware.soapui.impl.wsdl.WsdlRequest@request-headers">&lt;xml-fragment/></con:setting></con:settings><con:encoding>UTF-8</con:encoding><con:endpoint>${#TestSuite#HighwaySBWcfServiceAddress}</con:endpoint><con:request><![CDATA[<soap:Envelope xmlns:soap="http://www.w3.org/2003/05/soap-envelope" xmlns:tem="http://tempuri.org/">\r
   <soap:Header/>\r
   <soap:Body>\r
      <tem:RiseEventOnESB>\r
         <tem:ClientID>${#TestCase#SenderTestClientID}</tem:ClientID>\r
         <tem:EventTypeID>${#TestCase#EventTestTypeID}</tem:EventTypeID>\r
      </tem:RiseEventOnESB>\r
   </soap:Body>\r
</soap:Envelope>]]></con:request><con:assertion type="SOAP Response" id="847d59fb-5e3a-4155-894a-cdff207c8cdb"/><con:assertion type="Schema Compliance" id="71916217-757d-46dc-95c9-2c9c847e23fd"><con:configuration/></con:assertion><con:assertion type="SOAP Fault Assertion" id="47bfdd42-8ce5-4160-b563-b138df5a40f1"/><con:credentials><con:authType>No Authorization</con:authType></con:credentials><con:jmsConfig JMSDeliveryMode="PERSISTENT"/><con:jmsPropertyConfig/><con:wsaConfig mustUnderstand="NONE" version="200508" addDefaultAction="true" addDefaultTo="true"/><con:wsrmConfig version="1.2"/></con:request></con:config></con:testStep><con:setupScript>testRunner.testCase.setPropertyValue("CurrentDate", new Date().format("yyyy-MM-dd"));</con:setupScript><con:properties><con:property><con:name>SenderTestClientID</con:name><con:value/></con:property><con:property><con:name>MessageTestTypeID</con:name><con:value/></con:property><con:property><con:name>EventTestTypeID</con:name><con:value/></con:property><con:property><con:name>CurrentDate</con:name><con:value/></con:property></con:properties></con:testCase><con:testCase id="24b30d72-deae-4ae7-9839-2061d46ac149" failOnError="true" failTestCaseOnErrors="true" keepSession="false" maxResults="0" name="TestOtherGettingOperations" searchProperties="true"><con:settings/><con:testStep type="request" name="GetCurrentMessageCount" id="c27f484a-8f01-4b2c-9ecd-08a3aaafaf7a"><con:settings/><con:config xsi:type="con:RequestStep" xmlns:xsi="http://www.w3.org/2001/XMLSchema-instance"><con:interface>SBService</con:interface><con:operation>GetCurrentMessageCount</con:operation><con:request name="GetCurrentMessageCount" id="eaacae56-904b-4253-859c-1b3b9e2d914c" useWsAddressing="true"><con:settings><con:setting id="com.eviware.soapui.impl.wsdl.WsdlRequest@request-headers">&lt;xml-fragment/></con:setting></con:settings><con:encoding>UTF-8</con:encoding><con:endpoint>${#TestSuite#HighwaySBWcfServiceAddress}</con:endpoint><con:request><![CDATA[<soap:Envelope xmlns:soap="http://www.w3.org/2003/05/soap-envelope" xmlns:tem="http://tempuri.org/">\r
   <soap:Header/>\r
   <soap:Body>\r
      <tem:GetCurrentMessageCount>\r
         <tem:ClientID>${#TestCase#RecipientTestClientID}</tem:ClientID>\r
      </tem:GetCurrentMessageCount>\r
   </soap:Body>\r
</soap:Envelope>]]></con:request><con:assertion type="SOAP Response" id="621937a4-5f7e-4c60-816c-e20a5794602d"/><con:assertion type="Schema Compliance" id="e39be9aa-b42c-477c-acac-96458bf2980d"><con:configuration/></con:assertion><con:assertion type="SOAP Fault Assertion" id="8f890d26-d677-458a-9afa-827657a398bb"/><con:assertion type="XPath Match" id="51498fc4-584b-441a-887b-f57daf6ced47" name="ResultCheck"><con:configuration><path>declare namespace ns1='http://tempuri.org/';
//ns1:GetCurrentMessageCountResult</path><content>5</content><allowWildcards>false</allowWildcards><ignoreNamspaceDifferences>false</ignoreNamspaceDifferences><ignoreComments>false</ignoreComments></con:configuration></con:assertion><con:credentials><con:authType>No Authorization</con:authType></con:credentials><con:jmsConfig JMSDeliveryMode="PERSISTENT"/><con:jmsPropertyConfig/><con:wsaConfig mustUnderstand="NONE" version="200508" addDefaultAction="true" addDefaultTo="true"/><con:wsrmConfig version="1.2"/></con:request></con:config></con:testStep><con:testStep type="request" name="GetCurrentThisTypeMessageCount" id="a2417cf2-b34c-4ca7-9d74-fc9298385d51"><con:settings/><con:config xsi:type="con:RequestStep" xmlns:xsi="http://www.w3.org/2001/XMLSchema-instance"><con:interface>SBService</con:interface><con:operation>GetCurrentThisTypeMessageCount</con:operation><con:request name="GetCurrentThisTypeMessageCount" id="2011bdd4-4196-4654-9823-c640dc8543f4" useWsAddressing="true"><con:settings><con:setting id="com.eviware.soapui.impl.wsdl.WsdlRequest@request-headers">&lt;xml-fragment/></con:setting></con:settings><con:encoding>UTF-8</con:encoding><con:endpoint>${#TestSuite#HighwaySBWcfServiceAddress}</con:endpoint><con:request><![CDATA[<soap:Envelope xmlns:soap="http://www.w3.org/2003/05/soap-envelope" xmlns:tem="http://tempuri.org/">\r
   <soap:Header/>\r
   <soap:Body>\r
      <tem:GetCurrentThisTypeMessageCount>\r
         <tem:ClientID>${#TestCase#RecipientTestClientID}</tem:ClientID>\r
         <tem:MessageTypeID>${#TestCase#MessageTestTypeID}</tem:MessageTypeID>\r
      </tem:GetCurrentThisTypeMessageCount>\r
   </soap:Body>\r
</soap:Envelope>]]></con:request><con:assertion type="SOAP Response" id="954dc011-5c80-4130-a098-7e984e4ddbaa"/><con:assertion type="Schema Compliance" id="adc2604a-1489-4c42-9d0a-f66fc2a5cb93"><con:configuration/></con:assertion><con:assertion type="SOAP Fault Assertion" id="95ab9c02-8502-44dd-a338-c2291ac1d06a"/><con:assertion type="XPath Match" id="eee66d40-a43b-4df1-b0f2-3f316df3347d" name="ResultCheck"><con:configuration><path>declare namespace ns1='http://tempuri.org/';
//ns1:GetCurrentThisTypeMessageCountResult</path><content>4</content><allowWildcards>false</allowWildcards><ignoreNamspaceDifferences>false</ignoreNamspaceDifferences><ignoreComments>false</ignoreComments></con:configuration></con:assertion><con:credentials><con:authType>No Authorization</con:authType></con:credentials><con:jmsConfig JMSDeliveryMode="PERSISTENT"/><con:jmsPropertyConfig/><con:wsaConfig mustUnderstand="NONE" version="200508" addDefaultAction="true" addDefaultTo="true"/><con:wsrmConfig version="1.2"/></con:request></con:config></con:testStep><con:testStep type="request" name="GetMessageInfo" id="3ef584b1-4334-4042-be8c-dddaf74a29b9"><con:settings/><con:config xsi:type="con:RequestStep" xmlns:xsi="http://www.w3.org/2001/XMLSchema-instance"><con:interface>SBService</con:interface><con:operation>GetMessageInfo</con:operation><con:request name="GetMessageInfo" id="1817e547-d139-4a5e-93bb-24d12cbbc4cf" useWsAddressing="true"><con:settings><con:setting id="com.eviware.soapui.impl.wsdl.WsdlRequest@request-headers">&lt;xml-fragment/></con:setting></con:settings><con:encoding>UTF-8</con:encoding><con:endpoint>${#TestSuite#HighwaySBWcfServiceAddress}</con:endpoint><con:request><![CDATA[<soap:Envelope xmlns:soap="http://www.w3.org/2003/05/soap-envelope" xmlns:tem="http://tempuri.org/">\r
   <soap:Header/>\r
   <soap:Body>\r
      <tem:GetMessageInfo>\r
         <tem:clientId>${#TestCase#RecipientTestClientID}</tem:clientId>\r
         <tem:messageTypeId>${#TestCase#MessageTestTypeID}</tem:messageTypeId>\r
      </tem:GetMessageInfo>\r
   </soap:Body>\r
</soap:Envelope>]]></con:request><con:assertion type="SOAP Response" id="e978aab6-d645-47aa-901a-ae0c7fce3f70"/><con:assertion type="Schema Compliance" id="8f142041-1062-4b4c-9dd1-0a467518b164"><con:configuration/></con:assertion><con:assertion type="SOAP Fault Assertion" id="730e0bb9-228d-4f20-be7d-48df29e0bfda"/><con:assertion type="XPath Match" id="16b39097-9bdc-414e-a390-8954508c7ce4" name="PriorityCheck"><con:configuration><path>declare namespace b='http://schemas.datacontract.org/2004/07/IIS.Persona.ServiceBus.Objects';
//b:Priority</path><content>5</content><allowWildcards>false</allowWildcards><ignoreNamspaceDifferences>false</ignoreNamspaceDifferences><ignoreComments>false</ignoreComments></con:configuration></con:assertion><con:assertion type="XPath Match" id="4af74055-58ba-4453-9d6e-e313c5b6c371" name="FormingTimeCheck"><con:configuration><path>declare namespace b='http://schemas.datacontract.org/2004/07/IIS.Persona.ServiceBus.Objects';
//b:FormingTime</path><content>${#TestCase#CurrentDate}T*</content><allowWildcards>true</allowWildcards><ignoreNamspaceDifferences>false</ignoreNamspaceDifferences><ignoreComments>false</ignoreComments></con:configuration></con:assertion><con:credentials><con:authType>No Authorization</con:authType></con:credentials><con:jmsConfig JMSDeliveryMode="PERSISTENT"/><con:jmsPropertyConfig/><con:wsaConfig mustUnderstand="NONE" version="200508" addDefaultAction="true" addDefaultTo="true"/><con:wsrmConfig version="1.2"/></con:request></con:config></con:testStep><con:testStep type="request" name="GetMessageInfoWithTags" id="db466755-72d7-411b-b772-39aaa7eb0245" disabled="true"><con:settings/><con:config xsi:type="con:RequestStep" xmlns:xsi="http://www.w3.org/2001/XMLSchema-instance"><con:interface>SBService</con:interface><con:operation>GetMessageInfoWithTags</con:operation><con:request name="GetMessageInfoWithTags" id="d0d26ce4-e22b-4434-89fc-8fead706b294" useWsAddressing="true"><con:settings><con:setting id="com.eviware.soapui.impl.wsdl.WsdlRequest@request-headers">&lt;xml-fragment/></con:setting></con:settings><con:encoding>UTF-8</con:encoding><con:endpoint>${#TestSuite#HighwaySBWcfServiceAddress}</con:endpoint><con:request><![CDATA[<soap:Envelope xmlns:soap="http://www.w3.org/2003/05/soap-envelope" xmlns:tem="http://tempuri.org/" xmlns:arr="http://schemas.microsoft.com/2003/10/Serialization/Arrays">\r
   <soap:Header/>\r
   <soap:Body>\r
      <tem:GetMessageInfoWithTags>\r
         <tem:clientId>${#TestCase#RecipientTestClientID}</tem:clientId>\r
         <tem:messageTypeId>${#TestCase#MessageTestTypeID}</tem:messageTypeId>\r
         <tem:tags>\r
            <arr:string>Цвет</arr:string>\r
            <arr:string>Имя</arr:string>
         </tem:tags>\r
      </tem:GetMessageInfoWithTags>\r
   </soap:Body>\r
</soap:Envelope>]]></con:request><con:assertion type="SOAP Response" id="ac17f0b3-bdf3-4b0e-a3c6-d2fe473898c2"/><con:assertion type="Schema Compliance" id="dd8a6e77-1d43-47d4-8122-acdd628cdb60"><con:configuration/></con:assertion><con:assertion type="SOAP Fault Assertion" id="5abad208-80f4-48b4-83d2-55586886cafb"/><con:credentials><con:authType>No Authorization</con:authType></con:credentials><con:jmsConfig JMSDeliveryMode="PERSISTENT"/><con:jmsPropertyConfig/><con:wsaConfig mustUnderstand="NONE" version="200508" addDefaultAction="true" addDefaultTo="true"/><con:wsrmConfig version="1.2"/></con:request></con:config></con:testStep><con:testStep type="request" name="GetMessageInfoWithGroup" id="2d860f58-40dd-44f5-82c5-03b9df765eee"><con:settings/><con:config xsi:type="con:RequestStep" xmlns:xsi="http://www.w3.org/2001/XMLSchema-instance"><con:interface>SBService</con:interface><con:operation>GetMessageInfoWithGroup</con:operation><con:request name="GetMessageInfoWithGroup" id="71e0fcdc-cce6-498a-8510-726b2e7344ea" useWsAddressing="true"><con:settings><con:setting id="com.eviware.soapui.impl.wsdl.WsdlRequest@request-headers">&lt;xml-fragment/></con:setting></con:settings><con:encoding>UTF-8</con:encoding><con:endpoint>${#TestSuite#HighwaySBWcfServiceAddress}</con:endpoint><con:request><![CDATA[<soap:Envelope xmlns:soap="http://www.w3.org/2003/05/soap-envelope" xmlns:tem="http://tempuri.org/">\r
   <soap:Header/>\r
   <soap:Body>\r
      <tem:GetMessageInfoWithGroup>\r
         <tem:clientId>${#TestCase#RecipientTestClientID}</tem:clientId>\r
         <tem:messageTypeId>${#TestCase#MessageTestTypeID}</tem:messageTypeId>\r
         <tem:groupName>Сообщения с группой</tem:groupName>\r
      </tem:GetMessageInfoWithGroup>\r
   </soap:Body>\r
</soap:Envelope>]]></con:request><con:assertion type="SOAP Response" id="f2fc6165-9cb2-4d2c-b715-f69c3370612e"/><con:assertion type="Schema Compliance" id="b8f1174b-6fc5-4f62-8bf8-53caf053d424"><con:configuration/></con:assertion><con:assertion type="SOAP Fault Assertion" id="c03aaabc-5f84-4881-8365-52e4db32d6e6"/><con:assertion type="XPath Match" id="ad04b994-32c5-467b-8c71-e8a3b286bf61" name="PriorityCheck"><con:configuration><path>declare namespace b='http://schemas.datacontract.org/2004/07/IIS.Persona.ServiceBus.Objects';
//b:Priority</path><content>0</content><allowWildcards>false</allowWildcards><ignoreNamspaceDifferences>false</ignoreNamspaceDifferences><ignoreComments>false</ignoreComments></con:configuration></con:assertion><con:assertion type="XPath Match" id="6683e314-76e4-48b9-b489-aa52fc103b1d" name="FormingTimeCheck"><con:configuration><path>declare namespace b='http://schemas.datacontract.org/2004/07/IIS.Persona.ServiceBus.Objects';
//b:FormingTime</path><content>${#TestCase#CurrentDate}T*</content><allowWildcards>true</allowWildcards><ignoreNamspaceDifferences>false</ignoreNamspaceDifferences><ignoreComments>false</ignoreComments></con:configuration></con:assertion><con:credentials><con:authType>No Authorization</con:authType></con:credentials><con:jmsConfig JMSDeliveryMode="PERSISTENT"/><con:jmsPropertyConfig/><con:wsaConfig mustUnderstand="NONE" version="200508" addDefaultAction="true" addDefaultTo="true"/><con:wsrmConfig version="1.2"/></con:request></con:config></con:testStep><con:setupScript>testRunner.testCase.setPropertyValue("CurrentDate", new Date().format("yyyy-MM-dd"));</con:setupScript><con:properties><con:property><con:name>RecipientTestClientID</con:name><con:value/></con:property><con:property><con:name>MessageTestTypeID</con:name><con:value/></con:property><con:property><con:name>EventTestTypeID</con:name><con:value/></con:property><con:property><con:name>CurrentDate</con:name><con:value/></con:property></con:properties></con:testCase><con:testCase id="cdd39a07-71ca-4c8f-8c84-cabc971574f0" failOnError="true" failTestCaseOnErrors="true" keepSession="false" maxResults="0" name="TestGettingOperations" searchProperties="true"><con:settings/><con:testStep type="request" name="GetMessageFromESBWithPriority" id="cfc90e5a-152d-49df-9334-c620d9522333"><con:settings/><con:config xsi:type="con:RequestStep" xmlns:xsi="http://www.w3.org/2001/XMLSchema-instance"><con:interface>SBService</con:interface><con:operation>GetMessageFromESB</con:operation><con:request name="GetMessageFromESBWithPriority" id="c887b20c-d75a-409e-a01f-8eb79625ce92" useWsAddressing="true"><con:settings><con:setting id="com.eviware.soapui.impl.wsdl.WsdlRequest@request-headers">&lt;xml-fragment/></con:setting></con:settings><con:encoding>UTF-8</con:encoding><con:endpoint>${#TestSuite#HighwaySBWcfServiceAddress}</con:endpoint><con:request><![CDATA[<soap:Envelope xmlns:soap="http://www.w3.org/2003/05/soap-envelope" xmlns:tem="http://tempuri.org/">\r
   <soap:Header/>\r
   <soap:Body>\r
      <tem:GetMessageFromESB>\r
         <tem:ClientID>${#TestCase#RecipientTestClientID}</tem:ClientID>\r
         <tem:MessageTypeID>${#TestCase#MessageTestTypeID}</tem:MessageTypeID>\r
      </tem:GetMessageFromESB>\r
   </soap:Body>\r
</soap:Envelope>]]></con:request><con:assertion type="SOAP Response" id="678e2af4-caeb-4fd1-98d0-ee724e1f5c9f"/><con:assertion type="Schema Compliance" id="2a501601-d4a5-4143-a25e-df47491b82e4"><con:configuration/></con:assertion><con:assertion type="SOAP Fault Assertion" id="3145644a-6066-41f0-9797-bdb212536947"/><con:assertion type="XPath Match" id="ab0d22aa-077a-4dc3-ac57-5672b96fb896" name="BodyCheck"><con:configuration><path>declare namespace b='http://schemas.datacontract.org/2004/07/IIS.Persona.ServiceBus.Objects';
//b:Body</path><content>Приоритетное сообщение. Тестирование ${#TestCase#CurrentDate}.</content><allowWildcards>false</allowWildcards><ignoreNamspaceDifferences>false</ignoreNamspaceDifferences><ignoreComments>false</ignoreComments></con:configuration></con:assertion><con:credentials><con:authType>No Authorization</con:authType></con:credentials><con:jmsConfig JMSDeliveryMode="PERSISTENT"/><con:jmsPropertyConfig/><con:wsaConfig mustUnderstand="NONE" version="200508" addDefaultAction="true" addDefaultTo="true"/><con:wsrmConfig version="1.2"/></con:request></con:config></con:testStep><con:testStep type="request" name="GetMessageWithTagsFromESB" id="47f9713a-c4a4-4219-aa53-33d5aaef4880"><con:settings/><con:config xsi:type="con:RequestStep" xmlns:xsi="http://www.w3.org/2001/XMLSchema-instance"><con:interface>SBService</con:interface><con:operation>GetMessageWithTagsFromESB</con:operation><con:request name="GetMessageWithTagsFromESB" id="331e23d3-0e43-4df4-9e11-2327cd94eaaf" useWsAddressing="true"><con:settings><con:setting id="com.eviware.soapui.impl.wsdl.WsdlRequest@request-headers">&lt;xml-fragment/></con:setting></con:settings><con:encoding>UTF-8</con:encoding><con:endpoint>${#TestSuite#HighwaySBWcfServiceAddress}</con:endpoint><con:request><![CDATA[<soap:Envelope xmlns:soap="http://www.w3.org/2003/05/soap-envelope" xmlns:tem="http://tempuri.org/" xmlns:arr="http://schemas.microsoft.com/2003/10/Serialization/Arrays">\r
   <soap:Header/>\r
   <soap:Body>\r
      <tem:GetMessageWithTagsFromESB>\r
         <tem:clientId>${#TestCase#RecipientTestClientID}</tem:clientId>\r
         <tem:messageTypeId>${#TestCase#MessageTestTypeID}</tem:messageTypeId>\r
         <tem:tags>\r
            <arr:string>Цвет</arr:string>\r
            <arr:string>Имя</arr:string>
         </tem:tags>\r
      </tem:GetMessageWithTagsFromESB>\r
   </soap:Body>\r
</soap:Envelope>]]></con:request><con:assertion type="SOAP Response" id="c1b4d248-457d-481d-a5a1-9fbb7e7464d8"/><con:assertion type="Schema Compliance" id="cf7ef7bd-e583-4daf-9b66-53a03c870b2d"><con:configuration/></con:assertion><con:assertion type="SOAP Fault Assertion" id="76eedd23-c499-44b1-86ba-4760fba988e8"/><con:assertion type="XPath Match" id="4fddfa00-75d5-4306-8a87-5d240a538957" name="BodyCheck"><con:configuration><path>declare namespace b='http://schemas.datacontract.org/2004/07/IIS.Persona.ServiceBus.Objects';
//b:Body</path><content>Сообщение с тегами. Тестирование ${#TestCase#CurrentDate}.</content><allowWildcards>false</allowWildcards><ignoreNamspaceDifferences>false</ignoreNamspaceDifferences><ignoreComments>false</ignoreComments></con:configuration></con:assertion><con:credentials><con:authType>No Authorization</con:authType></con:credentials><con:jmsConfig JMSDeliveryMode="PERSISTENT"/><con:jmsPropertyConfig/><con:wsaConfig mustUnderstand="NONE" version="200508" addDefaultAction="true" addDefaultTo="true"/><con:wsrmConfig version="1.2"/></con:request></con:config></con:testStep><con:testStep type="request" name="GetMessageWithGroupFromESB" id="5e80cf42-7b82-42d3-be70-7ceb811639f5"><con:settings/><con:config xsi:type="con:RequestStep" xmlns:xsi="http://www.w3.org/2001/XMLSchema-instance"><con:interface>SBService</con:interface><con:operation>GetMessageWithGroupFromESB</con:operation><con:request name="GetMessageWithGroupFromESB" id="f891bdbe-6be3-438f-922a-d818d2297038" useWsAddressing="true"><con:settings><con:setting id="com.eviware.soapui.impl.wsdl.WsdlRequest@request-headers">&lt;xml-fragment/></con:setting></con:settings><con:encoding>UTF-8</con:encoding><con:endpoint>${#TestSuite#HighwaySBWcfServiceAddress}</con:endpoint><con:request><![CDATA[<soap:Envelope xmlns:soap="http://www.w3.org/2003/05/soap-envelope" xmlns:tem="http://tempuri.org/">\r
   <soap:Header/>\r
   <soap:Body>\r
      <tem:GetMessageWithGroupFromESB>\r
         <tem:ClientID>${#TestCase#RecipientTestClientID}</tem:ClientID>\r
         <tem:MessageTypeID>${#TestCase#MessageTestTypeID}</tem:MessageTypeID>\r
         <tem:groupName>Сообщения с группой</tem:groupName>\r
      </tem:GetMessageWithGroupFromESB>\r
   </soap:Body>\r
</soap:Envelope>]]></con:request><con:assertion type="SOAP Response" id="82bae64e-2047-4ff5-b876-48017290480a"/><con:assertion type="Schema Compliance" id="54c819d3-5e03-4889-8867-d6881a3bda7f"><con:configuration/></con:assertion><con:assertion type="SOAP Fault Assertion" id="15bc0182-1f23-4563-8418-9e8894f4b6fe"/><con:assertion type="XPath Match" id="ca56975d-0032-4f65-bb89-afc3d01b48a6" name="BodyCheck"><con:configuration><path>declare namespace b='http://schemas.datacontract.org/2004/07/IIS.Persona.ServiceBus.Objects';
//b:Body</path><content>Это сообщение затирает предыдущее сообщение с группой. Тестирование ${#TestCase#CurrentDate}.</content><allowWildcards>false</allowWildcards><ignoreNamspaceDifferences>false</ignoreNamspaceDifferences><ignoreComments>false</ignoreComments></con:configuration></con:assertion><con:credentials><con:authType>No Authorization</con:authType></con:credentials><con:jmsConfig JMSDeliveryMode="PERSISTENT"/><con:jmsPropertyConfig/><con:wsaConfig mustUnderstand="NONE" version="200508" addDefaultTo="true" addDefaultAction="true"/><con:wsrmConfig version="1.2"/></con:request></con:config></con:testStep><con:testStep type="request" name="GetMessageFromESB" id="70e6fd64-adb4-4d9d-866f-e1e5f6d91a52"><con:settings/><con:config xsi:type="con:RequestStep" xmlns:xsi="http://www.w3.org/2001/XMLSchema-instance"><con:interface>SBService</con:interface><con:operation>GetMessageFromESB</con:operation><con:request name="GetMessageFromESB" id="08845de3-bc7d-4c5f-9880-76472ff840f7" useWsAddressing="true"><con:settings><con:setting id="com.eviware.soapui.impl.wsdl.WsdlRequest@request-headers">&lt;xml-fragment/></con:setting></con:settings><con:encoding>UTF-8</con:encoding><con:endpoint>${#TestSuite#HighwaySBWcfServiceAddress}</con:endpoint><con:request><![CDATA[<soap:Envelope xmlns:soap="http://www.w3.org/2003/05/soap-envelope" xmlns:tem="http://tempuri.org/">\r
   <soap:Header/>\r
   <soap:Body>\r
      <tem:GetMessageFromESB>\r
         <tem:ClientID>${#TestCase#RecipientTestClientID}</tem:ClientID>\r
         <tem:MessageTypeID>${#TestCase#MessageTestTypeID}</tem:MessageTypeID>\r
      </tem:GetMessageFromESB>\r
   </soap:Body>\r
</soap:Envelope>]]></con:request><con:assertion type="SOAP Response" id="3e943cd3-3d68-47f9-b229-47b3c833a7f1"/><con:assertion type="Schema Compliance" id="ea1e714e-17bc-49aa-913b-c5a86dec6694"><con:configuration/></con:assertion><con:assertion type="SOAP Fault Assertion" id="d078065e-35b2-4bd8-9c4f-b3443e6ce6b8"/><con:assertion type="XPath Match" id="360ccabf-c454-4930-b1c2-07bd85dc60a8" name="BodyCheck"><con:configuration><path>declare namespace b='http://schemas.datacontract.org/2004/07/IIS.Persona.ServiceBus.Objects';
//b:Body</path><content>Сообщение. Тестирование ${#TestCase#CurrentDate}.</content><allowWildcards>false</allowWildcards><ignoreNamspaceDifferences>false</ignoreNamspaceDifferences><ignoreComments>false</ignoreComments></con:configuration></con:assertion><con:assertion type="XPath Match" id="2c64ee55-5c4d-42e2-9bb9-dec184d00c37" name="AttachmentCheck"><con:configuration><path>declare namespace b='http://schemas.datacontract.org/2004/07/IIS.Persona.ServiceBus.Objects';
//b:Attachment</path><content>SGVsbG8sIHdvcmxkIQ==</content><allowWildcards>false</allowWildcards><ignoreNamspaceDifferences>false</ignoreNamspaceDifferences><ignoreComments>false</ignoreComments></con:configuration></con:assertion><con:credentials><con:authType>No Authorization</con:authType></con:credentials><con:jmsConfig JMSDeliveryMode="PERSISTENT"/><con:jmsPropertyConfig/><con:wsaConfig mustUnderstand="NONE" version="200508" addDefaultTo="true" addDefaultAction="true"/><con:wsrmConfig version="1.2"/></con:request></con:config></con:testStep><con:testStep type="request" name="DoesEventRisenTrue" id="b13db2a5-9a9a-4570-9f9c-02aeb5cf65e8"><con:settings/><con:config xsi:type="con:RequestStep" xmlns:xsi="http://www.w3.org/2001/XMLSchema-instance"><con:interface>SBService</con:interface><con:operation>DoesEventRisen</con:operation><con:request name="DoesEventRisenTrue" id="bf692882-e61a-4228-8d1d-7214457c6e83" useWsAddressing="true"><con:settings><con:setting id="com.eviware.soapui.impl.wsdl.WsdlRequest@request-headers">&lt;xml-fragment/></con:setting></con:settings><con:encoding>UTF-8</con:encoding><con:endpoint>${#TestSuite#HighwaySBWcfServiceAddress}</con:endpoint><con:request><![CDATA[<soap:Envelope xmlns:soap="http://www.w3.org/2003/05/soap-envelope" xmlns:tem="http://tempuri.org/">\r
   <soap:Header/>\r
   <soap:Body>\r
      <tem:DoesEventRisen>\r
         <tem:ClientID>${#TestCase#RecipientTestClientID}</tem:ClientID>\r
         <tem:EventTypeID>${#TestCase#EventTestTypeID}</tem:EventTypeID>\r
      </tem:DoesEventRisen>\r
   </soap:Body>\r
</soap:Envelope>]]></con:request><con:assertion type="SOAP Response" id="41d12ba6-b6e3-4787-8ca4-9b870cf4b491"/><con:assertion type="Schema Compliance" id="5be2d253-76e9-49c8-b9f6-36d2f36edc4c"><con:configuration/></con:assertion><con:assertion type="SOAP Fault Assertion" id="f138c235-8c22-4a5a-beab-c65db09a29e1"/><con:assertion type="XPath Match" id="0ec34d28-10f4-4587-b034-ea93579f2f58" name="ResultCheck"><con:configuration><path>declare namespace ns1='http://tempuri.org/';
//ns1:DoesEventRisenResult</path><content>true</content><allowWildcards>false</allowWildcards><ignoreNamspaceDifferences>false</ignoreNamspaceDifferences><ignoreComments>false</ignoreComments></con:configuration></con:assertion><con:credentials><con:authType>No Authorization</con:authType></con:credentials><con:jmsConfig JMSDeliveryMode="PERSISTENT"/><con:jmsPropertyConfig/><con:wsaConfig mustUnderstand="NONE" version="200508" addDefaultTo="true" addDefaultAction="true"/><con:wsrmConfig version="1.2"/></con:request></con:config></con:testStep><con:testStep type="request" name="HackDeleteEvent" id="4fb2b110-c376-4562-bddb-d4e100da8ae9"><con:settings/><con:config xsi:type="con:RequestStep" xmlns:xsi="http://www.w3.org/2001/XMLSchema-instance"><con:interface>SBService</con:interface><con:operation>GetMessageFromESB</con:operation><con:request name="HackDeleteEvent" id="d35fac14-3165-4299-9f6d-6be1043cc0bb" useWsAddressing="true"><con:settings><con:setting id="com.eviware.soapui.impl.wsdl.WsdlRequest@request-headers">&lt;xml-fragment/></con:setting></con:settings><con:encoding>UTF-8</con:encoding><con:endpoint>${#TestSuite#HighwaySBWcfServiceAddress}</con:endpoint><con:request><![CDATA[<soap:Envelope xmlns:soap="http://www.w3.org/2003/05/soap-envelope" xmlns:tem="http://tempuri.org/">\r
   <soap:Header/>\r
   <soap:Body>\r
      <tem:GetMessageFromESB>\r
         <tem:ClientID>${#TestCase#RecipientTestClientID}</tem:ClientID>\r
         <tem:MessageTypeID>${#TestCase#EventTestTypeID}</tem:MessageTypeID>\r
      </tem:GetMessageFromESB>\r
   </soap:Body>\r
</soap:Envelope>]]></con:request><con:assertion type="SOAP Response" id="e9d7cc47-f8a2-4049-b103-66c7b7b3e07a"/><con:assertion type="Schema Compliance" id="9dd15d91-4896-4746-a581-94a746fb41a0"><con:configuration/></con:assertion><con:assertion type="SOAP Fault Assertion" id="913a3f67-38fe-468e-a43b-d4030706298a"/><con:credentials><con:authType>No Authorization</con:authType></con:credentials><con:jmsConfig JMSDeliveryMode="PERSISTENT"/><con:jmsPropertyConfig/><con:wsaConfig mustUnderstand="NONE" version="200508" addDefaultTo="true" addDefaultAction="true"/><con:wsrmConfig version="1.2"/></con:request></con:config></con:testStep><con:testStep type="request" name="DoesEventRisenFalse" id="20de9fa5-e862-4889-ba8e-2b2a81ed3515"><con:settings/><con:config xsi:type="con:RequestStep" xmlns:xsi="http://www.w3.org/2001/XMLSchema-instance"><con:interface>SBService</con:interface><con:operation>DoesEventRisen</con:operation><con:request name="DoesEventRisenFalse" id="824765d7-3a51-4881-bc72-85faaeb83d64" useWsAddressing="true"><con:settings><con:setting id="com.eviware.soapui.impl.wsdl.WsdlRequest@request-headers">&lt;xml-fragment/></con:setting></con:settings><con:encoding>UTF-8</con:encoding><con:endpoint>${#TestSuite#HighwaySBWcfServiceAddress}</con:endpoint><con:request><![CDATA[<soap:Envelope xmlns:soap="http://www.w3.org/2003/05/soap-envelope" xmlns:tem="http://tempuri.org/">\r
   <soap:Header/>\r
   <soap:Body>\r
      <tem:DoesEventRisen>\r\r
         <tem:ClientID>${#TestCase#RecipientTestClientID}</tem:ClientID>\r
         <tem:EventTypeID>${#TestCase#EventTestTypeID}</tem:EventTypeID>\r
      </tem:DoesEventRisen>\r
   </soap:Body>\r
</soap:Envelope>]]></con:request><con:assertion type="SOAP Response" id="e9463620-77e2-4414-8d24-6d830689300b"/><con:assertion type="Schema Compliance" id="e9b6abff-1eae-4086-9062-068854a4b842"><con:configuration/></con:assertion><con:assertion type="SOAP Fault Assertion" id="1bda2def-424b-4c1d-a449-4b41bf7540fc"/><con:assertion type="XPath Match" id="ee196a25-c177-4e14-88cd-b7cb2a50400b" name="ResultCheck"><con:configuration><path>declare namespace ns1='http://tempuri.org/';
//ns1:DoesEventRisenResult</path><content>false</content><allowWildcards>false</allowWildcards><ignoreNamspaceDifferences>false</ignoreNamspaceDifferences><ignoreComments>false</ignoreComments></con:configuration></con:assertion><con:credentials><con:authType>No Authorization</con:authType></con:credentials><con:jmsConfig JMSDeliveryMode="PERSISTENT"/><con:jmsPropertyConfig/><con:wsaConfig mustUnderstand="NONE" version="200508" addDefaultTo="true" addDefaultAction="true"/><con:wsrmConfig version="1.2"/></con:request></con:config></con:testStep><con:setupScript>testRunner.testCase.setPropertyValue("CurrentDate", new Date().format("yyyy-MM-dd"));</con:setupScript><con:properties><con:property><con:name>RecipientTestClientID</con:name><con:value/></con:property><con:property><con:name>MessageTestTypeID</con:name><con:value/></con:property><con:property><con:name>EventTestTypeID</con:name><con:value/></con:property><con:property><con:name>CurrentDate</con:name><con:value/></con:property></con:properties></con:testCase><con:testCase id="7079077e-63af-4ece-bb01-449515e91eb6" failOnError="true" failTestCaseOnErrors="true" keepSession="false" maxResults="0" name="DeleteTestData" searchProperties="true"><con:settings/><con:testStep type="manualTestStep" name="DeleteStatSettings" id="7f435aa6-376c-4f10-a008-6dd6a4e544de"><con:description>Удалите настройки регистрации статистики для подписок:
${#TestCase#RecipientTestClientName} : ${#TestCase#MessageTestTypeName}
${#TestCase#RecipientTestClientName} : ${#TestCase#EventTestTypeName}
${#TestCase#CallbackRecipientTestClientName} : ${#TestCase#MessageTestTypeName}</con:description><con:settings/><con:config xsi:type="con:ManualTestStep" xmlns:xsi="http://www.w3.org/2001/XMLSchema-instance"><con:expectedResult>Настройки регистрации удалены.</con:expectedResult></con:config></con:testStep><con:testStep type="request" name="DeleteSenderTestClient" id="9b02dae6-11b0-4426-af8c-c499da5a9468"><con:settings/><con:config xsi:type="con:RequestStep" xmlns:xsi="http://www.w3.org/2001/XMLSchema-instance"><con:interface>SBService</con:interface><con:operation>DeleteClient</con:operation><con:request name="DeleteSenderTestClient" id="3f0792eb-a1a0-4e9f-a259-02f6cb9ed57f" useWsAddressing="true"><con:settings><con:setting id="com.eviware.soapui.impl.wsdl.WsdlRequest@request-headers">&lt;xml-fragment/></con:setting></con:settings><con:encoding>UTF-8</con:encoding><con:endpoint>${#TestSuite#HighwaySBWcfServiceAddress}</con:endpoint><con:request><![CDATA[<soap:Envelope xmlns:soap="http://www.w3.org/2003/05/soap-envelope" xmlns:tem="http://tempuri.org/">\r
   <soap:Header/>\r
   <soap:Body>\r
      <tem:DeleteClient>\r
         <tem:clientId>${#TestCase#SenderTestClientID}</tem:clientId>\r
      </tem:DeleteClient>\r
   </soap:Body>\r
</soap:Envelope>]]></con:request><con:assertion type="SOAP Response" id="f665d568-1309-434d-969e-175f57221dd9"/><con:assertion type="Schema Compliance" id="6574c82b-7cf1-4920-a67f-03667f94632b"><con:configuration/></con:assertion><con:assertion type="SOAP Fault Assertion" id="c7361e43-7f7b-4608-bb65-154bddf7a2b3"/><con:credentials><con:authType>No Authorization</con:authType></con:credentials><con:jmsConfig JMSDeliveryMode="PERSISTENT"/><con:jmsPropertyConfig/><con:wsaConfig mustUnderstand="NONE" version="200508" addDefaultAction="true" addDefaultTo="true"/><con:wsrmConfig version="1.2"/></con:request></con:config></con:testStep><con:testStep type="request" name="DeleteRecipientTestClient" id="891807bf-d204-4a3d-bffb-ac172d8fe033"><con:settings/><con:config xsi:type="con:RequestStep" xmlns:xsi="http://www.w3.org/2001/XMLSchema-instance"><con:interface>SBService</con:interface><con:operation>DeleteClient</con:operation><con:request name="DeleteRecipientTestClient" id="f85abaeb-d9f6-4cf9-9867-03084efdcdbd" useWsAddressing="true"><con:settings><con:setting id="com.eviware.soapui.impl.wsdl.WsdlRequest@request-headers">&lt;xml-fragment/></con:setting></con:settings><con:encoding>UTF-8</con:encoding><con:endpoint>${#TestSuite#HighwaySBWcfServiceAddress}</con:endpoint><con:request><![CDATA[<soap:Envelope xmlns:soap="http://www.w3.org/2003/05/soap-envelope" xmlns:tem="http://tempuri.org/">\r
   <soap:Header/>\r
   <soap:Body>\r
      <tem:DeleteClient>\r
         <tem:clientId>${#TestCase#RecipientTestClientID}</tem:clientId>\r
      </tem:DeleteClient>\r
   </soap:Body>\r
</soap:Envelope>]]></con:request><con:assertion type="SOAP Response" id="efff4590-a52e-4df4-a791-42c977f0332a"/><con:assertion type="Schema Compliance" id="00bfe1d7-9099-436c-9a60-c2d8414ebbbf"><con:configuration/></con:assertion><con:assertion type="SOAP Fault Assertion" id="9d577a4f-8240-4a22-b164-26e32febd19d"/><con:credentials><con:authType>No Authorization</con:authType></con:credentials><con:jmsConfig JMSDeliveryMode="PERSISTENT"/><con:jmsPropertyConfig/><con:wsaConfig mustUnderstand="NONE" version="200508" addDefaultAction="true" addDefaultTo="true"/><con:wsrmConfig version="1.2"/></con:request></con:config></con:testStep><con:testStep type="request" name="DeleteCallbackRecipientTestClient" id="c9c9c67c-7cf4-4c25-bb77-de181cdb902c"><con:settings/><con:config xsi:type="con:RequestStep" xmlns:xsi="http://www.w3.org/2001/XMLSchema-instance"><con:interface>SBService</con:interface><con:operation>DeleteClient</con:operation><con:request name="DeleteCallbackRecipientTestClient" id="870b2e56-848f-4b15-9cdb-90ceeace77d9" useWsAddressing="true"><con:settings><con:setting id="com.eviware.soapui.impl.wsdl.WsdlRequest@request-headers">&lt;xml-fragment/></con:setting></con:settings><con:encoding>UTF-8</con:encoding><con:endpoint>${#TestSuite#HighwaySBWcfServiceAddress}</con:endpoint><con:request><![CDATA[<soap:Envelope xmlns:soap="http://www.w3.org/2003/05/soap-envelope" xmlns:tem="http://tempuri.org/">\r
   <soap:Header/>\r
   <soap:Body>\r
      <tem:DeleteClient>\r
         <tem:clientId>${#TestCase#CallbackRecipientTestClientID}</tem:clientId>\r
      </tem:DeleteClient>\r
   </soap:Body>\r
</soap:Envelope>]]></con:request><con:assertion type="SOAP Response" id="006e728a-64d0-45ed-b9af-7139f47c38f5"/><con:assertion type="Schema Compliance" id="52ad0e78-eb11-40b6-b90f-90e3d80f87da"><con:configuration/></con:assertion><con:assertion type="SOAP Fault Assertion" id="aa2f0adc-9e28-4576-a092-02b152ea8cca"/><con:credentials><con:authType>No Authorization</con:authType></con:credentials><con:jmsConfig JMSDeliveryMode="PERSISTENT"/><con:jmsPropertyConfig/><con:wsaConfig mustUnderstand="NONE" version="200508" addDefaultAction="true" addDefaultTo="true"/><con:wsrmConfig version="1.2"/></con:request></con:config></con:testStep><con:testStep type="manualTestStep" name="DeleteMessageTypes" id="4309a517-2ade-4ee8-88de-8133c7eb17b2"><con:description>Удалите следующие типы сообщений:
${#TestCase#MessageTestTypeName}
${#TestCase#EventTestTypeName}</con:description><con:settings/><con:config xsi:type="con:ManualTestStep" xmlns:xsi="http://www.w3.org/2001/XMLSchema-instance"><con:expectedResult>Типы сообщений удалены.</con:expectedResult></con:config></con:testStep><con:setupScript/><con:properties><con:property><con:name>SenderTestClientID</con:name><con:value/></con:property><con:property><con:name>RecipientTestClientID</con:name><con:value/></con:property><con:property><con:name>CallbackRecipientTestClientID</con:name><con:value/></con:property><con:property><con:name>RecipientTestClientName</con:name><con:value/></con:property><con:property><con:name>CallbackRecipientTestClientName</con:name><con:value/></con:property><con:property><con:name>MessageTestTypeName</con:name><con:value/></con:property><con:property><con:name>EventTestTypeName</con:name><con:value/></con:property></con:properties></con:testCase><con:properties><con:property><con:name>HighwaySBWcfServiceAddress</con:name><con:value>http://rtc-web:7076/HighwaySBWinPostgreSQLWcfService</con:value></con:property><con:property><con:name>AdminAppURL</con:name><con:value>http://rtc-web:8086/</con:value></con:property></con:properties></con:testSuite><con:testSuite id="4f3fe183-5c81-4fce-9844-78d8d42e9d44" name="HighLoad"><con:settings/><con:runType>SEQUENTIAL</con:runType><con:testCase id="6fdcc88f-24da-41ea-b91c-36e752637b7b" failOnError="true" failTestCaseOnErrors="true" keepSession="false" maxResults="0" name="FullTestingCycle" searchProperties="true"><con:settings/><con:testStep type="request" name="IsUp" id="e8ee75b2-eb56-4e8f-9845-ffb3caa57281"><con:settings/><con:config xsi:type="con:RequestStep" xmlns:xsi="http://www.w3.org/2001/XMLSchema-instance"><con:interface>SBService</con:interface><con:operation>IsUp</con:operation><con:request name="IsUp" id="a5b3c6d6-c1ef-418e-bee9-a44d58ff1f3e" useWsAddressing="true"><con:settings><con:setting id="com.eviware.soapui.impl.wsdl.WsdlRequest@request-headers">&lt;xml-fragment/></con:setting></con:settings><con:encoding>UTF-8</con:encoding><con:endpoint>${#TestSuite#HighwaySBWcfServiceAddress}</con:endpoint><con:request><![CDATA[<soap:Envelope xmlns:soap="http://www.w3.org/2003/05/soap-envelope" xmlns:tem="http://tempuri.org/">\r
   <soap:Header/>\r
   <soap:Body>\r
      <tem:IsUp/>\r
   </soap:Body>\r
</soap:Envelope>]]></con:request><con:assertion type="SOAP Response" id="08a4061a-c649-49a9-a93c-b7e4ec5de3d6"/><con:assertion type="Schema Compliance" id="fc3556b0-8f4f-4f75-8e9d-70a1972cc7f3"><con:configuration/></con:assertion><con:assertion type="SOAP Fault Assertion" id="c8ea735e-bb38-42d3-8e69-1f5cdab304a6"/><con:credentials><con:authType>No Authorization</con:authType></con:credentials><con:jmsConfig JMSDeliveryMode="PERSISTENT"/><con:jmsPropertyConfig/><con:wsaConfig mustUnderstand="NONE" version="200508" addDefaultAction="true" addDefaultTo="true"/><con:wsrmConfig version="1.2"/></con:request></con:config></con:testStep><con:testStep type="calltestcase" name="CreateOrUpdateSubscribes" id="6d8cf762-4ded-470f-90ea-77a970e8e6ca"><con:settings/><con:config xsi:type="con:RunTestCaseStep" ignoreEmptyProperties="true" xmlns:xsi="http://www.w3.org/2001/XMLSchema-instance"><con:targetTestCase>99af78d8-c9f0-4dec-aceb-4b1595b83a8a</con:targetTestCase><con:properties><con:property><con:name>DidUpdate</con:name></con:property></con:properties><con:returnProperties/><con:runMode>SINGLETON_AND_FAIL</con:runMode></con:config></con:testStep><con:testStep type="groovy" name="RunCallbackRecipient" id="ba2074db-53f3-45c5-95ea-e068e965d712"><con:settings/><con:config><script>def mockService = testRunner.testCase.testSuite.project.mockServices["HighLoadCallbackRecipient"];

def properties = mockService.getPropertyNames();
for (propertyName in properties)
	mockService.removeProperty(propertyName);

mockService.start();
</script></con:config></con:testStep><con:testStep type="delay" name="WaitingRunCallbackRecipient" id="97e4ff84-23a4-42e5-b052-62ea2e3ec646"><con:settings/><con:config><delay>5000</delay></con:config></con:testStep><con:testStep type="calltestcase" name="TryKillHighwaySB" id="0af16df0-b2c5-4c4b-9110-520c3c2fb892"><con:settings/><con:config xsi:type="con:RunTestCaseStep" ignoreEmptyProperties="true" xmlns:xsi="http://www.w3.org/2001/XMLSchema-instance"><con:targetTestCase>ddba43a0-3d6c-4a03-a895-e1d0471ac519</con:targetTestCase><con:properties><con:property><con:name>SendedMessageCount</con:name><con:value/></con:property><con:property><con:name>MaxSendMessageCount</con:name></con:property></con:properties><con:returnProperties><con:entry>SendedMessageCount</con:entry><con:entry>MaxSendedMessageCount</con:entry></con:returnProperties><con:runMode>SINGLETON_AND_FAIL</con:runMode></con:config></con:testStep><con:testStep type="calltestcase" name="WaitingResurrectionHighwaySB" id="3b7695d7-3a4a-4143-9fa2-9ebfd1af56dd"><con:settings/><con:config xsi:type="con:RunTestCaseStep" ignoreEmptyProperties="true" xmlns:xsi="http://www.w3.org/2001/XMLSchema-instance"><con:targetTestCase>ac2f5479-90be-4daa-9cac-b9609373e580</con:targetTestCase><con:properties><con:property><con:name>WaitingCount</con:name></con:property><con:property><con:name>MaxWaitingCount</con:name></con:property></con:properties><con:returnProperties/><con:runMode>SINGLETON_AND_FAIL</con:runMode></con:config></con:testStep><con:testStep type="calltestcase" name="WaitingMessageDelivery" id="8418d375-3f78-428a-98dc-1e6012da3d51"><con:settings/><con:config xsi:type="con:RunTestCaseStep" ignoreEmptyProperties="true" xmlns:xsi="http://www.w3.org/2001/XMLSchema-instance"><con:targetTestCase>12fd65ea-2dc1-428d-8d01-e9b916e2c5b2</con:targetTestCase><con:properties><con:property><con:name>WaitingCount</con:name></con:property><con:property><con:name>MaxWaitingCount</con:name></con:property></con:properties><con:returnProperties/><con:runMode>SINGLETON_AND_FAIL</con:runMode></con:config></con:testStep><con:testStep type="groovy" name="CheckCallbackRecipient" id="7f4fe5d5-852f-462d-b3d6-6e48119d6bac"><con:settings/><con:config><script>def mockService = testRunner.testCase.testSuite.project.mockServices["HighLoadCallbackRecipient"];
def killTC = testRunner.testCase.testSteps["TryKillHighwaySB"];

mockService.getMockRunner().stop();
assert mockService.getPropertyCount().toString() == killTC.getPropertyValue("SendedMessageCount");
</script></con:config></con:testStep><con:properties/></con:testCase><con:testCase id="99af78d8-c9f0-4dec-aceb-4b1595b83a8a" failOnError="true" failTestCaseOnErrors="true" keepSession="false" maxResults="0" name="CreateOrUpdateSubscribes" searchProperties="true"><con:settings/><con:testStep type="request" name="GetMsgTypesFromBus" id="9f24e230-6cfe-464d-9f9c-12c318326ed3"><con:settings/><con:config xsi:type="con:RequestStep" xmlns:xsi="http://www.w3.org/2001/XMLSchema-instance"><con:interface>SBInterop</con:interface><con:operation>GetMsgTypesFromBus</con:operation><con:request name="GetMsgTypesFromBus" id="e5414e0e-6258-4fda-9276-ddc87420c9c0" useWsAddressing="true"><con:settings><con:setting id="com.eviware.soapui.impl.wsdl.WsdlRequest@request-headers">&lt;xml-fragment/></con:setting></con:settings><con:encoding>UTF-8</con:encoding><con:endpoint>${#TestSuite#HighwaySBWcfServiceAddress}</con:endpoint><con:request><![CDATA[<soap:Envelope xmlns:soap="http://www.w3.org/2003/05/soap-envelope" xmlns:tem="http://tempuri.org/">\r
   <soap:Header/>\r
   <soap:Body>\r
      <tem:GetMsgTypesFromBus>\r
         <tem:ClientID>${#TestSuite#HighLoadRecipientTestClientID}</tem:ClientID>\r
      </tem:GetMsgTypesFromBus>\r
   </soap:Body>\r
</soap:Envelope>]]></con:request><con:assertion type="SOAP Response" id="46307459-8f32-4d6d-8ba6-9431184f83f1"/><con:assertion type="Schema Compliance" id="19043bee-646b-4248-838c-6f657c0bc904"><con:configuration/></con:assertion><con:assertion type="SOAP Fault Assertion" id="cf627f09-9108-4cd2-a5d5-896a348b7a4f"/><con:credentials><con:authType>No Authorization</con:authType></con:credentials><con:jmsConfig JMSDeliveryMode="PERSISTENT"/><con:jmsPropertyConfig/><con:wsaConfig mustUnderstand="NONE" version="200508" addDefaultTo="true" addDefaultAction="true"/><con:wsrmConfig version="1.2"/></con:request></con:config></con:testStep><con:testStep type="groovy" name="CheckMessageTypes" id="4af45da6-1c85-461f-a07e-42de64610f57"><con:settings/><con:config><script>import com.eviware.soapui.support.XmlHolder;

def msgTypes = new XmlHolder(testRunner.testCase.testSteps["GetMsgTypesFromBus"].getPropertyValue("Response"));

if (msgTypes["//*:id"] == testRunner.testCase.testSuite.getPropertyValue("HighLoadMessageTestTypeID")) {
	testRunner.gotoStepByName("Exit");
} else if (testRunner.testCase.getPropertyValue("DidUpdate") == "false") {
	testRunner.testCase.setPropertyValue("DidUpdate", "true");
	testRunner.gotoStepByName("UpdateClientSubscribesForMsgs");
} else {
	testRunner.gotoStepByName("SubscribeClientForMessageCallback");
}
</script></con:config></con:testStep><con:testStep type="request" name="UpdateClientSubscribesForMsgs" id="ab6f170a-77bd-4577-a6eb-8e7c3772b97f"><con:settings/><con:config xsi:type="con:RequestStep" xmlns:xsi="http://www.w3.org/2001/XMLSchema-instance"><con:interface>SBInterop</con:interface><con:operation>UpdateClientSubscribesForMsgs</con:operation><con:request name="UpdateClientSubscribesForMsgs" id="9ffb5c94-3bd1-48ef-9881-6bd968e384e4" useWsAddressing="true"><con:settings><con:setting id="com.eviware.soapui.impl.wsdl.WsdlRequest@request-headers">&lt;xml-fragment/></con:setting></con:settings><con:encoding>UTF-8</con:encoding><con:endpoint>${#TestSuite#HighwaySBWcfServiceAddress}</con:endpoint><con:request><![CDATA[<soap:Envelope xmlns:soap="http://www.w3.org/2003/05/soap-envelope" xmlns:tem="http://tempuri.org/">\r
   <soap:Header/>\r
   <soap:Body>\r
      <tem:UpdateClientSubscribesForMsgs>\r
         <tem:ClientID>${#TestSuite#HighLoadRecipientTestClientID}</tem:ClientID>\r
      </tem:UpdateClientSubscribesForMsgs>\r
   </soap:Body>\r
</soap:Envelope>]]></con:request><con:assertion type="SOAP Response" id="f9ae0eb1-188f-40dc-a0a8-0435de925465"/><con:assertion type="Schema Compliance" id="7da4a00c-497b-4fd8-9fde-53d3df4733a1"><con:configuration/></con:assertion><con:assertion type="SOAP Fault Assertion" id="313f3bed-c244-4199-a440-882dd11d8c70"/><con:credentials><con:authType>No Authorization</con:authType></con:credentials><con:jmsConfig JMSDeliveryMode="PERSISTENT"/><con:jmsPropertyConfig/><con:wsaConfig mustUnderstand="NONE" version="200508" addDefaultTo="true" addDefaultAction="true"/><con:wsrmConfig version="1.2"/></con:request></con:config></con:testStep><con:testStep type="delay" name="WaitingCacheUpdate" id="145c0e31-7c78-474d-a32f-51f00d1f3695"><con:settings/><con:config><delay>60000</delay></con:config></con:testStep><con:testStep type="goto" name="CheckAfterUpdate" id="2a5f54e4-bc13-40d9-bb14-85166f77f3b3"><con:settings/><con:config xsi:type="con:GotoStep" xmlns:xsi="http://www.w3.org/2001/XMLSchema-instance"><con:condition><con:name>Condition</con:name><con:type>XPATH</con:type><con:expression>exists(//*:UpdateClientSubscribesForMsgsResponse)</con:expression><con:targetStep>GetMsgTypesFromBus</con:targetStep></con:condition></con:config></con:testStep><con:testStep type="request" name="SubscribeClientForMessageCallback" id="12665f22-1cb8-47f1-9710-dd4bd2b20179"><con:settings/><con:config xsi:type="con:RequestStep" xmlns:xsi="http://www.w3.org/2001/XMLSchema-instance"><con:interface>SBService</con:interface><con:operation>SubscribeClientForMessageCallback</con:operation><con:request name="SubscribeClientForMessageCallback" id="e4b96c27-63ac-44be-811b-b579304b5ec6" useWsAddressing="true"><con:settings><con:setting id="com.eviware.soapui.impl.wsdl.WsdlRequest@request-headers">&lt;xml-fragment/></con:setting></con:settings><con:encoding>UTF-8</con:encoding><con:endpoint>${#TestSuite#HighwaySBWcfServiceAddress}</con:endpoint><con:request><![CDATA[<soap:Envelope xmlns:soap="http://www.w3.org/2003/05/soap-envelope" xmlns:tem="http://tempuri.org/">\r
   <soap:Header/>\r
   <soap:Body>\r
      <tem:SubscribeClientForMessageCallback>\r
         <tem:ClientID>${#TestSuite#HighLoadRecipientTestClientID}</tem:ClientID>\r
         <tem:MessageTypeID>${#TestSuite#HighLoadMessageTestTypeID}</tem:MessageTypeID>\r
      </tem:SubscribeClientForMessageCallback>\r
   </soap:Body>\r
</soap:Envelope>]]></con:request><con:assertion type="SOAP Response" id="ad2adbb5-2471-4aa9-afba-1dec269a97fb"/><con:assertion type="Schema Compliance" id="2504c350-7401-4cc6-9cfd-b8b85f60278f"><con:configuration/></con:assertion><con:assertion type="SOAP Fault Assertion" id="61ca565e-0a46-4388-9251-01a459c7c793"/><con:credentials><con:authType>No Authorization</con:authType></con:credentials><con:jmsConfig JMSDeliveryMode="PERSISTENT"/><con:jmsPropertyConfig/><con:wsaConfig mustUnderstand="NONE" version="200508" addDefaultTo="true" addDefaultAction="true"/><con:wsrmConfig version="1.2"/></con:request></con:config></con:testStep><con:testStep type="goto" name="CheckAfterSubscribe" id="4f4ab8eb-f1be-4019-9e7d-f411f2671917"><con:settings/><con:config xsi:type="con:GotoStep" xmlns:xsi="http://www.w3.org/2001/XMLSchema-instance"><con:condition><con:name>Condition</con:name><con:type>XPATH</con:type><con:expression>exists(//*:SubscribeClientForMessageCallbackResponse)</con:expression><con:targetStep>GetMsgTypesFromBus</con:targetStep></con:condition></con:config></con:testStep><con:testStep type="delay" name="Exit" id="3cef1023-a091-4745-8689-a7bef1d7ea2e"><con:settings/><con:config><delay>1000</delay></con:config></con:testStep><con:setupScript>testRunner.testCase.setPropertyValue("DidUpdate", "false");</con:setupScript><con:properties><con:property><con:name>DidUpdate</con:name><con:value>false</con:value></con:property></con:properties></con:testCase><con:testCase id="ddba43a0-3d6c-4a03-a895-e1d0471ac519" failOnError="true" failTestCaseOnErrors="true" keepSession="false" maxResults="0" name="TryKillHighwaySB" searchProperties="true"><con:settings/><con:testStep type="request" name="SendMessageToESB" id="9a16696c-3089-4ef0-9147-4c6e7d5e1195"><con:settings/><con:config xsi:type="con:RequestStep" xmlns:xsi="http://www.w3.org/2001/XMLSchema-instance"><con:interface>SBService</con:interface><con:operation>SendMessageToESB</con:operation><con:request name="SendMessageToESB" id="b6164bb5-917f-4196-bf09-b17f082856f8" useWsAddressing="true"><con:settings><con:setting id="com.eviware.soapui.impl.wsdl.WsdlRequest@request-headers">&lt;xml-fragment/></con:setting></con:settings><con:encoding>UTF-8</con:encoding><con:endpoint>${#TestSuite#HighwaySBWcfServiceAddress}</con:endpoint><con:request><![CDATA[<soap:Envelope xmlns:soap="http://www.w3.org/2003/05/soap-envelope" xmlns:tem="http://tempuri.org/" xmlns:iis="http://schemas.datacontract.org/2004/07/IIS.Persona.ServiceBus.Objects" xmlns:arr="http://schemas.microsoft.com/2003/10/Serialization/Arrays">\r
   <soap:Header/>\r
   <soap:Body>\r
      <tem:SendMessageToESB>\r
         <tem:message>\r
            <!--<iis:Attachment></iis:Attachment>-->
            <iis:Body>Сообщение №${#TestCase#SendedMessageCount}.</iis:Body>\r
            <iis:ClientID>${#TestSuite#HighLoadSenderTestClientID}</iis:ClientID>\r
            <iis:MessageTypeID>${#TestSuite#HighLoadMessageTestTypeID}</iis:MessageTypeID>\r
         </tem:message>\r
      </tem:SendMessageToESB>\r
   </soap:Body>\r
</soap:Envelope>]]></con:request><con:credentials><con:authType>No Authorization</con:authType></con:credentials><con:jmsConfig JMSDeliveryMode="PERSISTENT"/><con:jmsPropertyConfig/><con:wsaConfig mustUnderstand="NONE" version="200508" addDefaultTo="true" addDefaultAction="true"/><con:wsrmConfig version="1.2"/></con:request></con:config></con:testStep><con:testStep type="delay" name="Delay" id="189c1feb-8e7c-4281-bad5-41acf5b0d369" disabled="true"><con:settings/><con:config><delay>1000</delay></con:config></con:testStep><con:testStep type="groovy" name="EvenSend" id="99a9738c-29b0-4873-ac28-b0aa3cf9e797"><con:settings/><con:config><script>def response = testRunner.testCase.testSteps["SendMessageToESB"].getPropertyValue("Response");
def sendedMessageCount = new Integer(testRunner.testCase.getPropertyValue("SendedMessageCount"));
def maxSendMessageCount = new Integer(testRunner.testCase.getPropertyValue("MaxSendMessageCount"));
def messageAccepted = false;

try {
	new com.eviware.soapui.support.XmlHolder(response);
	messageAccepted = true;
} catch (e) {}

if (messageAccepted &amp;&amp; sendedMessageCount &lt; maxSendMessageCount) {
	testRunner.testCase.setPropertyValue("SendedMessageCount", (++sendedMessageCount).toString());
	testRunner.gotoStepByName("SendMessageToESB");
} else if (messageAccepted || sendedMessageCount > maxSendMessageCount) {
	assert true == false;
}
</script></con:config></con:testStep><con:setupScript>testRunner.testCase.setPropertyValue("SendedMessageCount", "1");</con:setupScript><con:properties><con:property><con:name>SendedMessageCount</con:name><con:value>1</con:value></con:property><con:property><con:name>MaxSendMessageCount</con:name><con:value>2500</con:value></con:property></con:properties></con:testCase><con:testCase id="ac2f5479-90be-4daa-9cac-b9609373e580" failOnError="true" failTestCaseOnErrors="true" keepSession="false" maxResults="0" name="WaitingResurrectionHighwaySB" searchProperties="true"><con:settings/><con:testStep type="delay" name="JustWaiting" id="b37adfa9-609e-4099-beba-f4c3a327b867"><con:settings/><con:config><delay>10000</delay></con:config></con:testStep><con:testStep type="request" name="IsUp" id="9c0b0e5e-de4d-4fd1-aa17-2833fa51cd3e"><con:settings/><con:config xsi:type="con:RequestStep" xmlns:xsi="http://www.w3.org/2001/XMLSchema-instance"><con:interface>SBService</con:interface><con:operation>IsUp</con:operation><con:request name="IsUp" id="0c66e57b-1acb-40ed-a6d0-1bf923586232" useWsAddressing="true"><con:settings><con:setting id="com.eviware.soapui.impl.wsdl.WsdlRequest@request-headers">&lt;xml-fragment/></con:setting></con:settings><con:encoding>UTF-8</con:encoding><con:endpoint>${#TestSuite#HighwaySBWcfServiceAddress}</con:endpoint><con:request><![CDATA[<soap:Envelope xmlns:soap="http://www.w3.org/2003/05/soap-envelope" xmlns:tem="http://tempuri.org/">\r
   <soap:Header/>\r
   <soap:Body>\r
      <tem:IsUp/>\r
   </soap:Body>\r
</soap:Envelope>]]></con:request><con:credentials><con:authType>No Authorization</con:authType></con:credentials><con:jmsConfig JMSDeliveryMode="PERSISTENT"/><con:jmsPropertyConfig/><con:wsaConfig mustUnderstand="NONE" version="200508" addDefaultTo="true" addDefaultAction="true"/><con:wsrmConfig version="1.2"/></con:request></con:config></con:testStep><con:testStep type="groovy" name="CheckStatusHighwaySB" id="5688ec4c-31ed-4dff-b6c8-def8f745695e"><con:settings/><con:config><script>def response = testRunner.testCase.testSteps["IsUp"].getPropertyValue("Response");
def waitingCount = new Integer(testRunner.testCase.getPropertyValue("WaitingCount"));
def maxWaitingCount = new Integer(testRunner.testCase.getPropertyValue("MaxWaitingCount"));
def isAlive = false;

try {
	def xmlHolder = new com.eviware.soapui.support.XmlHolder(response);
	isAlive = xmlHolder["//*:IsUpResult"] == "true";
} catch (e) {}

if (!isAlive &amp;&amp; waitingCount &lt; maxWaitingCount) {
	testRunner.testCase.setPropertyValue("WaitingCount", (++waitingCount).toString());
	testRunner.gotoStepByName("JustWaiting");
} else if (!isAlive) {
	assert true == false;
}
</script></con:config></con:testStep><con:setupScript>testRunner.testCase.setPropertyValue("WaitingCount", "1");</con:setupScript><con:properties><con:property><con:name>WaitingCount</con:name><con:value>1</con:value></con:property><con:property><con:name>MaxWaitingCount</con:name><con:value>10</con:value></con:property></con:properties></con:testCase><con:testCase id="12fd65ea-2dc1-428d-8d01-e9b916e2c5b2" failOnError="true" failTestCaseOnErrors="true" keepSession="false" maxResults="0" name="WaitingMessageDelivery" searchProperties="true"><con:settings/><con:testStep type="delay" name="WaitingMessageDelivery" id="526e35cf-7709-4d24-bd96-aa26e346a4b0"><con:settings/><con:config><delay>60000</delay></con:config></con:testStep><con:testStep type="request" name="GetCurrentThisTypeMessageCount" id="3e42f104-5614-4508-bf21-98cd44175b79"><con:settings/><con:config xsi:type="con:RequestStep" xmlns:xsi="http://www.w3.org/2001/XMLSchema-instance"><con:interface>SBService</con:interface><con:operation>GetCurrentThisTypeMessageCount</con:operation><con:request name="GetCurrentThisTypeMessageCount" id="88d9dff8-8770-4de1-943a-9dd0af24a6a7" useWsAddressing="true"><con:settings><con:setting id="com.eviware.soapui.impl.wsdl.WsdlRequest@request-headers">&lt;xml-fragment/></con:setting></con:settings><con:encoding>UTF-8</con:encoding><con:endpoint>${#TestSuite#HighwaySBWcfServiceAddress}</con:endpoint><con:request><![CDATA[<soap:Envelope xmlns:soap="http://www.w3.org/2003/05/soap-envelope" xmlns:tem="http://tempuri.org/">\r
   <soap:Header/>\r
   <soap:Body>\r
      <tem:GetCurrentThisTypeMessageCount>\r
         <tem:ClientID>${#TestSuite#HighLoadRecipientTestClientID}</tem:ClientID>\r
         <tem:MessageTypeID>${#TestSuite#HighLoadMessageTestTypeID}</tem:MessageTypeID>\r
      </tem:GetCurrentThisTypeMessageCount>\r
   </soap:Body>\r
</soap:Envelope>]]></con:request><con:assertion type="SOAP Response" id="e7f5bcfe-b8df-4e9b-8cd4-bbb0b5203710"/><con:assertion type="Schema Compliance" id="928a94e3-b730-4e22-a4f9-4bb0658bb27a"><con:configuration/></con:assertion><con:assertion type="SOAP Fault Assertion" id="ef6e0317-5aa1-4e9a-8b24-41af1f10907d"/><con:credentials><con:authType>No Authorization</con:authType></con:credentials><con:jmsConfig JMSDeliveryMode="PERSISTENT"/><con:jmsPropertyConfig/><con:wsaConfig mustUnderstand="NONE" version="200508" addDefaultTo="true" addDefaultAction="true"/><con:wsrmConfig version="1.2"/></con:request></con:config></con:testStep><con:testStep type="request" name="UpdateClientSubscribesForMsgs" id="6937562e-3240-4462-b12a-0cb7f452efea"><con:settings/><con:config xsi:type="con:RequestStep" xmlns:xsi="http://www.w3.org/2001/XMLSchema-instance"><con:interface>SBInterop</con:interface><con:operation>UpdateClientSubscribesForMsgs</con:operation><con:request name="UpdateClientSubscribesForMsgs" id="30923afd-fda2-4461-a45b-b1a7886bbff2" useWsAddressing="true"><con:settings><con:setting id="com.eviware.soapui.impl.wsdl.WsdlRequest@request-headers">&lt;xml-fragment/></con:setting></con:settings><con:encoding>UTF-8</con:encoding><con:endpoint>${#TestSuite#HighwaySBWcfServiceAddress}</con:endpoint><con:request><![CDATA[<soap:Envelope xmlns:soap="http://www.w3.org/2003/05/soap-envelope" xmlns:tem="http://tempuri.org/">\r
   <soap:Header/>\r
   <soap:Body>\r
      <tem:UpdateClientSubscribesForMsgs>\r
         <tem:ClientID>${#TestSuite#HighLoadRecipientTestClientID}</tem:ClientID>\r
      </tem:UpdateClientSubscribesForMsgs>\r
   </soap:Body>\r
</soap:Envelope>]]></con:request><con:assertion type="SOAP Response" id="71035602-38dc-4c61-b048-73441bf7c1bb"/><con:assertion type="Schema Compliance" id="292feec6-47b3-4849-bffb-bfb1a8cd9539"><con:configuration/></con:assertion><con:assertion type="SOAP Fault Assertion" id="2cfae114-dbe7-45a3-8eb5-5bd4e1bdc033"/><con:credentials><con:authType>No Authorization</con:authType></con:credentials><con:jmsConfig JMSDeliveryMode="PERSISTENT"/><con:jmsPropertyConfig/><con:wsaConfig mustUnderstand="NONE" version="200508" addDefaultTo="true" addDefaultAction="true"/><con:wsrmConfig version="1.2"/></con:request></con:config></con:testStep><con:testStep type="groovy" name="CheckMessageCount" id="43dbfcae-00c5-4477-a095-02bea19881a9"><con:settings/><con:config><script>def response = testRunner.testCase.testSteps["GetCurrentThisTypeMessageCount"].getPropertyValue("Response");
def waitingCount = new Integer(testRunner.testCase.getPropertyValue("WaitingCount"));
def maxWaitingCount = new Integer(testRunner.testCase.getPropertyValue("MaxWaitingCount"));
def xmlResponse = new com.eviware.soapui.support.XmlHolder(response);
def count = new Integer(xmlResponse["//*:GetCurrentThisTypeMessageCountResult"]);

if (count > 0 &amp;&amp; waitingCount &lt; maxWaitingCount) {
	testRunner.testCase.setPropertyValue("WaitingCount", (++waitingCount).toString());
	testRunner.gotoStepByName("WaitingMessageDelivery");
} else if (count > 0) {
	assert true == false;
}
</script></con:config></con:testStep><con:setupScript>testRunner.testCase.setPropertyValue("WaitingCount", "1");</con:setupScript><con:properties><con:property><con:name>WaitingCount</con:name><con:value>1</con:value></con:property><con:property><con:name>MaxWaitingCount</con:name><con:value>10</con:value></con:property></con:properties></con:testCase><con:properties><con:property><con:name>HighwaySBWcfServiceAddress</con:name><con:value>http://rtc-web:7074/HighwaySBWinMSSQLWcfService</con:value></con:property><con:property><con:name>HighLoadSenderTestClientID</con:name><con:value>{ba7b4f4c-735f-4e1d-9041-5ed664c597c3}</con:value></con:property><con:property><con:name>HighLoadMessageTestTypeID</con:name><con:value>{73c22d2d-9472-41db-bf59-6d542734904d}</con:value></con:property><con:property><con:name>HighLoadRecipientTestClientID</con:name><con:value>{e67d2477-f3d9-40b3-915e-c07a16a9b496}</con:value></con:property></con:properties></con:testSuite><con:mockService id="653134ad-b295-4006-b771-801130d2a028" port="2525" path="/CallbackClient" host="ics-kk12726" name="CallbackRecipient" bindToHostOnly="false" docroot=""><con:settings><con:setting id="com.eviware.soapui.impl.wsdl.mock.WsdlMockService@require-soap-action">false</con:setting></con:settings><con:startScript/><con:properties><con:property><con:name>PriorityMessageReceived</con:name><con:value/></con:property><con:property><con:name>TaggedMessageReceived</con:name><con:value/></con:property><con:property><con:name>FirstGroupMessageReceived</con:name><con:value/></con:property><con:property><con:name>LastGroupMessageReceived</con:name><con:value/></con:property><con:property><con:name>MessageReceived</con:name><con:value/></con:property><con:property><con:name>UnknownMessageReceived</con:name><con:value/></con:property></con:properties><con:onRequestScript>def currentDate = new Date().format("yyyy-MM-dd");
def request = new com.eviware.soapui.support.XmlHolder(mockRequest.requestContent);

request.namespaces["b"] = "http://schemas.datacontract.org/2004/07/IIS.Persona.ServiceBus.Objects";

switch (request["//b:Body"]) {
	case "Приоритетное сообщение. Тестирование ${currentDate}.":
		mockRunner.mockService.setPropertyValue("PriorityMessageReceived", "true");
		break;
	case "Сообщение с тегами. Тестирование ${currentDate}.":
		mockRunner.mockService.setPropertyValue("TaggedMessageReceived", "true");
		break;
	case "Сообщение которое будет затерто. Тестирование ${currentDate}.":
		mockRunner.mockService.setPropertyValue("FirstGroupMessageReceived", "true");
		break;
	case "Это сообщение затирает предыдущее сообщение с группой. Тестирование ${currentDate}.":
		mockRunner.mockService.setPropertyValue("LastGroupMessageReceived", "true");
		break;
	case "Сообщение. Тестирование ${currentDate}.":
		mockRunner.mockService.setPropertyValue("MessageReceived", "true");
		break;
	default:
		mockRunner.mockService.setPropertyValue("UnknownMessageReceived", "true");
		break;
}
</con:onRequestScript><con:mockOperation name="AcceptMessage" id="60f14236-9335-4ed9-9758-c6299dbdbfc4" interface="ICallbackSubscriber" operation="AcceptMessage"><con:settings/><con:defaultResponse>OkResponse</con:defaultResponse><con:dispatchStyle>SEQUENCE</con:dispatchStyle><con:response name="OkResponse" id="89488660-6588-4d89-a100-1037566575fa" httpResponseStatus="200" encoding="UTF-8" useWsAddressing="true"><con:settings/><con:responseContent><![CDATA[<soap:Envelope xmlns:soap="http://www.w3.org/2003/05/soap-envelope" xmlns:tem="http://tempuri.org/">
   <soap:Header/>
   <soap:Body>
      <tem:AcceptMessageResponse/>
   </soap:Body>
</soap:Envelope>]]></con:responseContent><con:wsaConfig mustUnderstand="NONE" version="200508" action="http://tempuri.org/ICallbackSubscriber/AcceptMessageResponse" addDefaultAction="true" addDefaultTo="true"/></con:response><con:dispatchConfig/></con:mockOperation></con:mockService><con:mockService id="37c7f7cf-b6bf-4a30-a41d-def47a364afd" port="3535" path="/HighLoadCallbackRecipient" host="ics-kk12726" name="HighLoadCallbackRecipient" bindToHostOnly="false" docroot=""><con:settings><con:setting id="com.eviware.soapui.impl.wsdl.mock.WsdlMockService@require-soap-action">false</con:setting></con:settings><con:properties/><con:onRequestScript>def request = new com.eviware.soapui.support.XmlHolder(mockRequest.requestContent);
request.namespaces["b"] = "http://schemas.datacontract.org/2004/07/IIS.Persona.ServiceBus.Objects";

mockRunner.mockService.setPropertyValue(request["//b:Body"], "true");

sleep(60000);
</con:onRequestScript><con:afterRequestScript/><con:mockOperation name="AcceptMessage" id="1dfafb07-e3c4-4509-8374-f88764a14a2c" interface="ICallbackSubscriber" operation="AcceptMessage"><con:settings/><con:defaultResponse>OkResponse</con:defaultResponse><con:dispatchStyle>SEQUENCE</con:dispatchStyle><con:response name="OkResponse" id="cebedde1-42b0-43ad-a912-0602503c6805" httpResponseStatus="200" encoding="UTF-8" useWsAddressing="true"><con:settings/><con:responseContent><![CDATA[<soap:Envelope xmlns:soap="http://www.w3.org/2003/05/soap-envelope" xmlns:tem="http://tempuri.org/">
   <soap:Header/>
   <soap:Body>
      <tem:AcceptMessageResponse/>
   </soap:Body>
</soap:Envelope>]]></con:responseContent><con:wsaConfig mustUnderstand="NONE" version="200508" action="http://tempuri.org/ICallbackSubscriber/AcceptMessageResponse" addDefaultTo="true" addDefaultAction="true"/></con:response><con:dispatchConfig/></con:mockOperation></con:mockService><con:properties/><con:wssContainer/><con:oAuth2ProfileContainer/><con:oAuth1ProfileContainer/><con:sensitiveInformation/></con:soapui-project>